#
# A fatal error has been detected by the Java Runtime Environment:
#
#  EXCEPTION_ACCESS_VIOLATION (0xc0000005) at pc=0x000001eabf650830, pid=33068, tid=29712
#
# JRE version: OpenJDK Runtime Environment (15.0+36) (build 15+36-1562)
# Java VM: OpenJDK 64-Bit Server VM (15+36-1562, mixed mode, tiered, compressed oops, g1 gc, windows-amd64)
# Problematic frame:
# j  javax.servlet.http.HttpServletRequestWrapper._getHttpServletRequest()Ljavax/servlet/http/HttpServletRequest;+1
#
# No core dump will be written. Minidumps are not enabled by default on client versions of Windows
#
# If you would like to submit a bug report, please visit:
#   https://bugreport.java.com/bugreport/crash.jsp
#

---------------  S U M M A R Y ------------

Command Line: -Dcom.sun.management.jmxremote -Dcom.sun.management.jmxremote.port=56002 -Dcom.sun.management.jmxremote.authenticate=false -Dcom.sun.management.jmxremote.ssl=false -Djava.rmi.server.hostname=localhost -Dspring.jmx.enabled=true -Dspring.application.admin.enabled=true -XX:TieredStopAtLevel=1 -Dspring.boot.project.name=form_update-1 -Dfile.encoding=UTF-8 -XX:+ShowCodeDetailsInExceptionMessages -agentpath:C:\Program Files\SentinelOne\Sentinel Agent 24.1.5.277\SentinelJava64.dll=extendedCapabilities com.example.demo.FormUpdate1Application --spring.output.ansi.enabled=always

Host: Intel(R) Core(TM) i9-14900, 32 cores, 15G,  Windows 10 , 64 bit Build 26100 (10.0.26100.3775)
Time: Thu Apr 24 16:52:11 2025 India Standard Time elapsed time: 264.184949 seconds (0d 0h 4m 24s)

---------------  T H R E A D  ---------------

Current thread (0x000001eae1e9d090):  JavaThread "http-nio-8081-exec-7" daemon [_thread_in_Java, id=29712, stack(0x0000007e8f100000,0x0000007e8f200000)]

Stack: [0x0000007e8f100000,0x0000007e8f200000],  sp=0x0000007e8f1fbb58,  free space=1006k
Native frames: (J=compiled Java code, j=interpreted, Vv=VM code, C=native code)
C  0x000001eabf650830


siginfo: EXCEPTION_ACCESS_VIOLATION (0xc0000005), reading address 0x000000007f6c2a48


Register to memory mapping:

RIP=0x000001eabf650830 is at code_begin+272 in an Interpreter codelet
checkcast  192 checkcast  [0x000001eabf650720, 0x000001eabf650980]  608 bytes
RAX=0x00000008004250d0 is a pointer to class: 
javax.servlet.http.HttpServletRequest {0x00000008004250d8}
RBX=0x0 is NULL
RCX=0x000001eae37c0650 is pointing into metadata
RDX=0x000000007f6c2a40 is an unknown value
RSP=0x0000007e8f1fbb58 is pointing into the stack for thread: 0x000001eae1e9d090
RBP=0x0000007e8f1fbba0 is pointing into the stack for thread: 0x000001eae1e9d090
RSI=0x0000000000000001 is an unknown value
RDI=0x0000007e8f1fc050 is pointing into the stack for thread: 0x000001eae1e9d090
R8 =0x0000007e8f1fc060 is pointing into the stack for thread: 0x000001eae1e9d090
R9 =0x0000000000000001 is an unknown value
R10=0x00007ffe220511c0 jvm.dll
R11=0x000001eac0b81dc0 is at entry_point+32 in (nmethod*)0x000001eac0b81c10
R12=0x0 is NULL
R13=0x000001eae37c08dc is pointing into metadata
R14=0x0000007e8f1fbbb0 is pointing into the stack for thread: 0x000001eae1e9d090
R15=0x000001eae1e9d090 is a thread


Registers:
RAX=0x00000008004250d0, RBX=0x0000000000000000, RCX=0x000001eae37c0650, RDX=0x000000007f6c2a40
RSP=0x0000007e8f1fbb58, RBP=0x0000007e8f1fbba0, RSI=0x0000000000000001, RDI=0x0000007e8f1fc050
R8 =0x0000007e8f1fc060, R9 =0x0000000000000001, R10=0x00007ffe220511c0, R11=0x000001eac0b81dc0
R12=0x0000000000000000, R13=0x000001eae37c08dc, R14=0x0000007e8f1fbbb0, R15=0x000001eae1e9d090
RIP=0x000001eabf650830, EFLAGS=0x0000000000010246

Top of Stack: (sp=0x0000007e8f1fbb58)
0x0000007e8f1fbb58:   0000007e8f1fbb58 000001eae37c08d9
0x0000007e8f1fbb68:   0000007e8f1fbbb0 000001eae37c2928
0x0000007e8f1fbb78:   0000000000000000 0000000708183660
0x0000007e8f1fbb88:   000001eae37c08f8 0000000000000000
0x0000007e8f1fbb98:   0000007e8f1fbbb0 0000007e8f1fbc00
0x0000007e8f1fbba8:   000001eabf639ee0 00007ffe8dc87b74
0x0000007e8f1fbbb8:   0000007e8f1fbbb8 000001eae37c0ae9
0x0000007e8f1fbbc8:   0000007e8f1fbc18 000001eae37c2928
0x0000007e8f1fbbd8:   000001eae4e53a00 0000000708183660
0x0000007e8f1fbbe8:   000001eae37c0b18 0000007e8f1fbbb0
0x0000007e8f1fbbf8:   0000007e8f1fbc10 0000007e8f1fbdf0
0x0000007e8f1fbc08:   000001eabf630f90 000000071481cf18
0x0000007e8f1fbc18:   00007ffe8dc87b74 000001eab99a0000
0x0000007e8f1fbc28:   000000000000001c 0000000000000010
0x0000007e8f1fbc38:   0000007e00000000 000001eae1e9d090
0x0000007e8f1fbc48:   000000000000000a 0000007e8f1fbe50 

Instructions: (pc=0x000001eabf650830)
0x000001eabf650730:   49 08 48 8b 49 08 48 8b 51 08 41 0f b7 5d 01 0f
0x000001eabf650740:   cb c1 eb 10 80 7c 1a 04 07 0f 84 d0 00 00 00 50
0x000001eabf650750:   e8 05 00 00 00 e9 aa 00 00 00 48 8d 44 24 08 4c
0x000001eabf650760:   89 6d c0 49 8b cf c5 f8 77 49 89 af 18 03 00 00
0x000001eabf650770:   49 89 87 08 03 00 00 48 83 ec 20 f7 c4 0f 00 00
0x000001eabf650780:   00 0f 84 1a 00 00 00 48 83 ec 08 49 ba 00 c1 8e
0x000001eabf650790:   21 fe 7f 00 00 41 ff d2 48 83 c4 08 e9 0d 00 00
0x000001eabf6507a0:   00 49 ba 00 c1 8e 21 fe 7f 00 00 41 ff d2 48 83
0x000001eabf6507b0:   c4 20 49 ba 00 00 00 00 00 00 00 00 4d 89 97 08
0x000001eabf6507c0:   03 00 00 49 ba 00 00 00 00 00 00 00 00 4d 89 97
0x000001eabf6507d0:   18 03 00 00 49 ba 00 00 00 00 00 00 00 00 4d 89
0x000001eabf6507e0:   97 10 03 00 00 c5 f8 77 49 81 7f 08 00 00 00 00
0x000001eabf6507f0:   0f 84 05 00 00 00 e9 85 06 fe ff 4c 8b 6d c0 4c
0x000001eabf650800:   8b 75 c8 c3 49 8b 87 68 03 00 00 49 ba 00 00 00
0x000001eabf650810:   00 00 00 00 00 4d 89 97 68 03 00 00 5a eb 11 48
0x000001eabf650820:   8b d0 66 8b 5c d9 48 48 8b 49 28 48 8b 44 d9 08
0x000001eabf650830:   8b 5a 08 49 ba 00 00 00 00 08 00 00 00 49 03 da
0x000001eabf650840:   48 8b 4d d8 48 85 c9 0f 84 8a 00 00 00 48 8b 79
0x000001eabf650850:   18 48 3b fb 0f 85 0f 00 00 00 48 83 41 20 01 48
0x000001eabf650860:   83 59 20 00 e9 66 00 00 00 48 85 ff 0f 84 37 00
0x000001eabf650870:   00 00 48 8b 79 28 48 3b fb 0f 85 0f 00 00 00 48
0x000001eabf650880:   83 41 30 01 48 83 59 30 00 e9 41 00 00 00 48 85
0x000001eabf650890:   ff 0f 85 38 00 00 00 48 89 59 28 bf 01 00 00 00
0x000001eabf6508a0:   48 89 79 30 e9 26 00 00 00 48 3b 59 28 0f 85 0f
0x000001eabf6508b0:   00 00 00 48 83 41 30 01 48 83 59 30 00 e9 0d 00
0x000001eabf6508c0:   00 00 48 89 59 18 bf 01 00 00 00 48 89 79 20 48
0x000001eabf6508d0:   83 c1 38 48 89 4d d8 48 3b d8 0f 84 5b 00 00 00
0x000001eabf6508e0:   8b 48 14 48 3b 04 0b 0f 84 4e 00 00 00 83 f9 20
0x000001eabf6508f0:   0f 85 22 00 00 00 50 48 8b c0 57 48 8b 7b 28 8b
0x000001eabf650900:   0f 48 83 c7 08 48 85 c0 f2 48 af 5f 58 75 09 48
0x000001eabf650910:   89 43 20 e9 23 00 00 00 48 8b 4d d8 48 85 c9 0f
0x000001eabf650920:   84 10 00 00 00 48 83 41 d0 ff 0f 88 05 00 00 00 


Stack slot to memory mapping:
stack at sp + 0 slots: 0x0000007e8f1fbb58 is pointing into the stack for thread: 0x000001eae1e9d090
stack at sp + 1 slots: 0x000001eae37c08d9 is pointing into metadata
stack at sp + 2 slots: 0x0000007e8f1fbbb0 is pointing into the stack for thread: 0x000001eae1e9d090
stack at sp + 3 slots: 0x000001eae37c2928 is pointing into metadata
stack at sp + 4 slots: 0x0 is NULL
stack at sp + 5 slots: 0x0000000708183660 is an oop: java.lang.Class 
{0x0000000708183660} - klass: 'java/lang/Class'
stack at sp + 6 slots: {method} {0x000001eae37c0900} '_getHttpServletRequest' '()Ljavax/servlet/http/HttpServletRequest;' in 'javax/servlet/http/HttpServletRequestWrapper'
stack at sp + 7 slots: 0x0 is NULL

checkcast  192 checkcast  [0x000001eabf650720, 0x000001eabf650980]  608 bytes
[MachCode]
  0x000001eabf650720: 5848 85c0 | 0f84 1902 | 0000 488b | 4de8 488b | 4908 488b | 4908 488b | 5108 410f | b75d 010f 
  0x000001eabf650740: cbc1 eb10 | 807c 1a04 | 070f 84d0 | 0000 0050 | e805 0000 | 00e9 aa00 | 0000 488d | 4424 084c 
  0x000001eabf650760: 896d c049 | 8bcf c5f8 | 7749 89af | 1803 0000 | 4989 8708 | 0300 0048 | 83ec 20f7 | c40f 0000 
  0x000001eabf650780: 000f 841a | 0000 0048 | 83ec 0849 | ba00 c18e | 21fe 7f00 | 0041 ffd2 | 4883 c408 | e90d 0000 
  0x000001eabf6507a0: 0049 ba00 | c18e 21fe | 7f00 0041 | ffd2 4883 | c420 49ba | 0000 0000 | 0000 0000 | 4d89 9708 
  0x000001eabf6507c0: 0300 0049 | ba00 0000 | 0000 0000 | 004d 8997 | 1803 0000 | 49ba 0000 | 0000 0000 | 0000 4d89 
  0x000001eabf6507e0: 9710 0300 | 00c5 f877 | 4981 7f08 | 0000 0000 | 0f84 0500 | 0000 e985 | 06fe ff4c | 8b6d c04c 
  0x000001eabf650800: 8b75 c8c3 | 498b 8768 | 0300 0049 | ba00 0000 | 0000 0000 | 004d 8997 | 6803 0000 | 5aeb 1148 
  0x000001eabf650820: 8bd0 668b | 5cd9 4848 | 8b49 2848 | 8b44 d908 | 8b5a 0849 | ba00 0000 | 0008 0000 | 0049 03da 
  0x000001eabf650840: 488b 4dd8 | 4885 c90f | 848a 0000 | 0048 8b79 | 1848 3bfb | 0f85 0f00 | 0000 4883 | 4120 0148 
  0x000001eabf650860: 8359 2000 | e966 0000 | 0048 85ff | 0f84 3700 | 0000 488b | 7928 483b | fb0f 850f | 0000 0048 
  0x000001eabf650880: 8341 3001 | 4883 5930 | 00e9 4100 | 0000 4885 | ff0f 8538 | 0000 0048 | 8959 28bf | 0100 0000 
  0x000001eabf6508a0: 4889 7930 | e926 0000 | 0048 3b59 | 280f 850f | 0000 0048 | 8341 3001 | 4883 5930 | 00e9 0d00 
  0x000001eabf6508c0: 0000 4889 | 5918 bf01 | 0000 0048 | 8979 2048 | 83c1 3848 | 894d d848 | 3bd8 0f84 | 5b00 0000 
  0x000001eabf6508e0: 8b48 1448 | 3b04 0b0f | 844e 0000 | 0083 f920 | 0f85 2200 | 0000 5048 | 8bc0 5748 | 8b7b 288b 
  0x000001eabf650900: 0f48 83c7 | 0848 85c0 | f248 af5f | 5875 0948 | 8943 20e9 | 2300 0000 | 488b 4dd8 | 4885 c90f 
  0x000001eabf650920: 8410 0000 | 0048 8341 | d0ff 0f88 | 0500 0000 | 4883 41d0 | 0152 e962 | d1fe ff48 | 8bc2 e919 
  0x000001eabf650940: 0000 0048 | 8b4d d848 | 85c9 0f84 | 0c00 0000 | 8049 0101 | 4883 c138 | 4889 4dd8 | 410f b65d 
  0x000001eabf650960: 0349 83c5 | 0349 bac0 | 1105 22fe | 7f00 0041 | ff24 da0f | 1f44 0000 | 0000 0000 | 0000 0000 
[/MachCode]

---------------  P R O C E S S  ---------------

Threads class SMR info:
_java_thread_list=0x000001eadfb60bd0, length=34, elements={
0x000001eaddac4030, 0x000001eaddac6e90, 0x000001eaddaae240, 0x000001eaddaaf090,
0x000001eaddb022d0, 0x000001eaddb049c0, 0x000001eaddb06680, 0x000001eaddc75060,
0x000001eaddc75a00, 0x000001eaddc77bb0, 0x000001eaddc75530, 0x000001eaddc78080,
0x000001eadedb5f00, 0x000001eadedb46f0, 0x000001eadedb4220, 0x000001eadedb8a50,
0x000001eadedb5090, 0x000001eadedb8f20, 0x000001eadedb98c0, 0x000001eadedb93f0,
0x000001eadedbb0d0, 0x000001eadedbb5a0, 0x000001eadedbba70, 0x000001eae1e9b880,
0x000001eae1e9c6f0, 0x000001eae1e9cbc0, 0x000001eae1e9b3b0, 0x000001eae1e9d090,
0x000001eae1e9c220, 0x000001eae1e9aee0, 0x000001eae1e9d560, 0x000001eae1e9e3d0,
0x000001eae1e9e8a0, 0x000001eae1e9bd50
}

Java Threads: ( => current thread )
  0x000001eaddac4030 JavaThread "Reference Handler" daemon [_thread_blocked, id=33016, stack(0x0000007e8c000000,0x0000007e8c100000)]
  0x000001eaddac6e90 JavaThread "Finalizer" daemon [_thread_blocked, id=39784, stack(0x0000007e8c100000,0x0000007e8c200000)]
  0x000001eaddaae240 JavaThread "Signal Dispatcher" daemon [_thread_blocked, id=41280, stack(0x0000007e8c200000,0x0000007e8c300000)]
  0x000001eaddaaf090 JavaThread "Attach Listener" daemon [_thread_blocked, id=35124, stack(0x0000007e8c300000,0x0000007e8c400000)]
  0x000001eaddb022d0 JavaThread "Service Thread" daemon [_thread_blocked, id=20624, stack(0x0000007e8c400000,0x0000007e8c500000)]
  0x000001eaddb049c0 JavaThread "C1 CompilerThread0" daemon [_thread_blocked, id=21860, stack(0x0000007e8c500000,0x0000007e8c600000)]
  0x000001eaddb06680 JavaThread "Sweeper thread" daemon [_thread_blocked, id=39220, stack(0x0000007e8c600000,0x0000007e8c700000)]
  0x000001eaddc75060 JavaThread "Common-Cleaner" daemon [_thread_blocked, id=31736, stack(0x0000007e8c700000,0x0000007e8c800000)]
  0x000001eaddc75a00 JavaThread "Notification Thread" daemon [_thread_blocked, id=16648, stack(0x0000007e8c800000,0x0000007e8c900000)]
  0x000001eaddc77bb0 JavaThread "RMI TCP Accept-0" daemon [_thread_in_native, id=37860, stack(0x0000007e8c900000,0x0000007e8ca00000)]
  0x000001eaddc75530 JavaThread "RMI TCP Accept-56002" daemon [_thread_in_native, id=6868, stack(0x0000007e8ca00000,0x0000007e8cb00000)]
  0x000001eaddc78080 JavaThread "RMI TCP Accept-0" daemon [_thread_in_native, id=19304, stack(0x0000007e8cb00000,0x0000007e8cc00000)]
  0x000001eadedb5f00 JavaThread "RMI Scheduler(0)" daemon [_thread_blocked, id=17496, stack(0x0000007e8d500000,0x0000007e8d600000)]
  0x000001eadedb46f0 JavaThread "RMI TCP Connection(idle)" daemon [_thread_blocked, id=32212, stack(0x0000007e8d600000,0x0000007e8d700000)]
  0x000001eadedb4220 JavaThread "JMX server connection timeout 35" daemon [_thread_blocked, id=26492, stack(0x0000007e8d700000,0x0000007e8d800000)]
  0x000001eadedb8a50 JavaThread "Catalina-utility-1" [_thread_blocked, id=35472, stack(0x0000007e8d800000,0x0000007e8d900000)]
  0x000001eadedb5090 JavaThread "Catalina-utility-2" [_thread_blocked, id=38092, stack(0x0000007e8e000000,0x0000007e8e100000)]
  0x000001eadedb8f20 JavaThread "container-0" [_thread_blocked, id=9084, stack(0x0000007e8e100000,0x0000007e8e200000)]
  0x000001eadedb98c0 JavaThread "mysql-cj-abandoned-connection-cleanup" daemon [_thread_blocked, id=27324, stack(0x0000007e8e200000,0x0000007e8e300000)]
  0x000001eadedb93f0 JavaThread "HikariPool-1 housekeeper" daemon [_thread_blocked, id=36128, stack(0x0000007e8e800000,0x0000007e8e900000)]
  0x000001eadedbb0d0 JavaThread "File Watcher" daemon [_thread_blocked, id=22632, stack(0x0000007e8ea00000,0x0000007e8eb00000)]
  0x000001eadedbb5a0 JavaThread "http-nio-8081-exec-1" daemon [_thread_blocked, id=26888, stack(0x0000007e8eb00000,0x0000007e8ec00000)]
  0x000001eadedbba70 JavaThread "http-nio-8081-exec-2" daemon [_thread_blocked, id=17828, stack(0x0000007e8ec00000,0x0000007e8ed00000)]
  0x000001eae1e9b880 JavaThread "http-nio-8081-exec-3" daemon [_thread_blocked, id=7916, stack(0x0000007e8ed00000,0x0000007e8ee00000)]
  0x000001eae1e9c6f0 JavaThread "http-nio-8081-exec-4" daemon [_thread_blocked, id=9080, stack(0x0000007e8ee00000,0x0000007e8ef00000)]
  0x000001eae1e9cbc0 JavaThread "http-nio-8081-exec-5" daemon [_thread_blocked, id=23524, stack(0x0000007e8ef00000,0x0000007e8f000000)]
  0x000001eae1e9b3b0 JavaThread "http-nio-8081-exec-6" daemon [_thread_blocked, id=20524, stack(0x0000007e8f000000,0x0000007e8f100000)]
=>0x000001eae1e9d090 JavaThread "http-nio-8081-exec-7" daemon [_thread_in_Java, id=29712, stack(0x0000007e8f100000,0x0000007e8f200000)]
  0x000001eae1e9c220 JavaThread "http-nio-8081-exec-8" daemon [_thread_blocked, id=11364, stack(0x0000007e8f200000,0x0000007e8f300000)]
  0x000001eae1e9aee0 JavaThread "http-nio-8081-exec-9" daemon [_thread_blocked, id=8188, stack(0x0000007e8f300000,0x0000007e8f400000)]
  0x000001eae1e9d560 JavaThread "http-nio-8081-exec-10" daemon [_thread_blocked, id=3676, stack(0x0000007e8f400000,0x0000007e8f500000)]
  0x000001eae1e9e3d0 JavaThread "http-nio-8081-Poller" daemon [_thread_in_native, id=16160, stack(0x0000007e8f500000,0x0000007e8f600000)]
  0x000001eae1e9e8a0 JavaThread "http-nio-8081-Acceptor" daemon [_thread_in_native, id=28012, stack(0x0000007e8f600000,0x0000007e8f700000)]
  0x000001eae1e9bd50 JavaThread "DestroyJavaVM" [_thread_blocked, id=17820, stack(0x0000007e8b900000,0x0000007e8ba00000)]

Other Threads:
  0x000001eadda94240 VMThread "VM Thread" [stack: 0x0000007e8bf00000,0x0000007e8c000000] [id=32700]
  0x000001eade300950 WatcherThread [stack: 0x0000007e8cc00000,0x0000007e8cd00000] [id=40508]
  0x000001eabbcb8340 GCTaskThread "GC Thread#0" [stack: 0x0000007e8ba00000,0x0000007e8bb00000] [id=41108]
  0x000001eaddcc6eb0 GCTaskThread "GC Thread#1" [stack: 0x0000007e8cd00000,0x0000007e8ce00000] [id=36176]
  0x000001eadec54c80 GCTaskThread "GC Thread#2" [stack: 0x0000007e8ce00000,0x0000007e8cf00000] [id=41616]
  0x000001eadec552e0 GCTaskThread "GC Thread#3" [stack: 0x0000007e8cf00000,0x0000007e8d000000] [id=31680]
  0x000001eadec53c90 GCTaskThread "GC Thread#4" [stack: 0x0000007e8d000000,0x0000007e8d100000] [id=40504]
  0x000001eadec55610 GCTaskThread "GC Thread#5" [stack: 0x0000007e8d100000,0x0000007e8d200000] [id=6804]
  0x000001eadec542f0 GCTaskThread "GC Thread#6" [stack: 0x0000007e8d900000,0x0000007e8da00000] [id=9980]
  0x000001eadec55940 GCTaskThread "GC Thread#7" [stack: 0x0000007e8da00000,0x0000007e8db00000] [id=30160]
  0x000001eadf53b780 GCTaskThread "GC Thread#8" [stack: 0x0000007e8e300000,0x0000007e8e400000] [id=19468]
  0x000001eadf53bab0 GCTaskThread "GC Thread#9" [stack: 0x0000007e8e400000,0x0000007e8e500000] [id=29652]
  0x000001eadf53c110 GCTaskThread "GC Thread#10" [stack: 0x0000007e8e500000,0x0000007e8e600000] [id=22568]
  0x000001eae1725030 GCTaskThread "GC Thread#11" [stack: 0x0000007e8e600000,0x0000007e8e700000] [id=37684]
  0x000001eabbcc8db0 ConcurrentGCThread "G1 Main Marker" [stack: 0x0000007e8bb00000,0x0000007e8bc00000] [id=19724]
  0x000001eabbccc830 ConcurrentGCThread "G1 Conc#0" [stack: 0x0000007e8bc00000,0x0000007e8bd00000] [id=20356]
  0x000001eadec53960 ConcurrentGCThread "G1 Conc#1" [stack: 0x0000007e8db00000,0x0000007e8dc00000] [id=40908]
  0x000001eadec54fb0 ConcurrentGCThread "G1 Conc#2" [stack: 0x0000007e8dc00000,0x0000007e8dd00000] [id=23164]
  0x000001eadec53630 ConcurrentGCThread "G1 Conc#3" [stack: 0x0000007e8dd00000,0x0000007e8de00000] [id=33600]
  0x000001eadec52fd0 ConcurrentGCThread "G1 Conc#4" [stack: 0x0000007e8de00000,0x0000007e8df00000] [id=22256]
  0x000001eadec54620 ConcurrentGCThread "G1 Conc#5" [stack: 0x0000007e8df00000,0x0000007e8e000000] [id=27928]
  0x000001ead98364e0 ConcurrentGCThread "G1 Refine#0" [stack: 0x0000007e8bd00000,0x0000007e8be00000] [id=37116]
  0x000001ead983ce60 ConcurrentGCThread "G1 Young RemSet Sampling" [stack: 0x0000007e8be00000,0x0000007e8bf00000] [id=19444]

Threads with active compile tasks:

VM state: not at safepoint (normal execution)

VM Mutex/Monitor currently owned by a thread: None

Heap address: 0x0000000704e00000, size: 4018 MB, Compressed Oops mode: Zero based, Oop shift amount: 3
CDS disabled.
Compressed class space mapped at: 0x0000000800000000-0x0000000840000000, size: 1073741824
Narrow klass base: 0x0000000800000000, Narrow klass shift: 0, Narrow klass range: 0x40000000

GC Precious Log:
 CPUs: 32 total, 32 available
 Memory: 16070M
 Large Page Support: Disabled
 NUMA Support: Disabled
 Compressed Oops: Enabled (Zero based)
 Heap Region Size: 2M
 Heap Min Capacity: 8M
 Heap Initial Capacity: 252M
 Heap Max Capacity: 4018M
 Pre-touch: Disabled
 Parallel Workers: 23
 Concurrent Workers: 6
 Concurrent Refinement Workers: 23
 Periodic GC: Disabled

Heap:
 garbage-first heap   total 129024K, used 45350K [0x0000000704e00000, 0x0000000800000000)
  region size 2048K, 12 young (24576K), 3 survivors (6144K)
 Metaspace       used 72801K, capacity 73548K, committed 73856K, reserved 1114112K
  class space    used 9016K, capacity 9251K, committed 9344K, reserved 1048576K

Heap Regions: E=young(eden), S=young(survivor), O=old, HS=humongous(starts), HC=humongous(continues), CS=collection set, F=free, OA=open archive, CA=closed archive, TAMS=top-at-mark-start (previous, next)
|   0|0x0000000704e00000, 0x0000000705000000, 0x0000000705000000|100%| O|  |TAMS 0x0000000705000000, 0x0000000704e00000| Untracked 
|   1|0x0000000705000000, 0x0000000705200000, 0x0000000705200000|100%| O|  |TAMS 0x0000000705200000, 0x0000000705000000| Untracked 
|   2|0x0000000705200000, 0x0000000705400000, 0x0000000705400000|100%| O|  |TAMS 0x0000000705400000, 0x0000000705200000| Untracked 
|   3|0x0000000705400000, 0x0000000705467c00, 0x0000000705600000| 20%| O|  |TAMS 0x0000000705467c00, 0x0000000705400000| Untracked 
|   4|0x0000000705600000, 0x000000070564d400, 0x0000000705800000| 15%| O|  |TAMS 0x000000070564d400, 0x0000000705600000| Untracked 
|   5|0x0000000705800000, 0x0000000705a00000, 0x0000000705a00000|100%| O|  |TAMS 0x0000000705a00000, 0x0000000705800000| Untracked 
|   6|0x0000000705a00000, 0x0000000705c00000, 0x0000000705c00000|100%| O|  |TAMS 0x0000000705c00000, 0x0000000705a00000| Untracked 
|   7|0x0000000705c00000, 0x0000000705e00000, 0x0000000705e00000|100%| O|  |TAMS 0x0000000705c0d200, 0x0000000705c00000| Untracked 
|   8|0x0000000705e00000, 0x0000000706000000, 0x0000000706000000|100%| O|  |TAMS 0x0000000705e00000, 0x0000000705e00000| Untracked 
|   9|0x0000000706000000, 0x0000000706200000, 0x0000000706200000|100%| O|  |TAMS 0x0000000706000000, 0x0000000706000000| Untracked 
|  10|0x0000000706200000, 0x0000000706400000, 0x0000000706400000|100%| O|  |TAMS 0x0000000706200000, 0x0000000706200000| Untracked 
|  11|0x0000000706400000, 0x00000007065acc00, 0x0000000706600000| 83%| O|  |TAMS 0x0000000706400000, 0x0000000706400000| Untracked 
|  12|0x0000000706600000, 0x0000000706600000, 0x0000000706800000|  0%| F|  |TAMS 0x0000000706600000, 0x0000000706600000| Untracked 
|  13|0x0000000706800000, 0x0000000706800000, 0x0000000706a00000|  0%| F|  |TAMS 0x0000000706800000, 0x0000000706800000| Untracked 
|  14|0x0000000706a00000, 0x0000000706a00000, 0x0000000706c00000|  0%| F|  |TAMS 0x0000000706a00000, 0x0000000706a00000| Untracked 
|  15|0x0000000706c00000, 0x0000000706c00000, 0x0000000706e00000|  0%| F|  |TAMS 0x0000000706c00000, 0x0000000706c00000| Untracked 
|  16|0x0000000706e00000, 0x0000000706e00000, 0x0000000707000000|  0%| F|  |TAMS 0x0000000706e00000, 0x0000000706e00000| Untracked 
|  17|0x0000000707000000, 0x0000000707000000, 0x0000000707200000|  0%| F|  |TAMS 0x0000000707000000, 0x0000000707000000| Untracked 
|  18|0x0000000707200000, 0x0000000707200000, 0x0000000707400000|  0%| F|  |TAMS 0x0000000707200000, 0x0000000707200000| Untracked 
|  19|0x0000000707400000, 0x0000000707400000, 0x0000000707600000|  0%| F|  |TAMS 0x0000000707400000, 0x0000000707400000| Untracked 
|  20|0x0000000707600000, 0x0000000707600000, 0x0000000707800000|  0%| F|  |TAMS 0x0000000707600000, 0x0000000707600000| Untracked 
|  21|0x0000000707800000, 0x0000000707800000, 0x0000000707a00000|  0%| F|  |TAMS 0x0000000707800000, 0x0000000707800000| Untracked 
|  22|0x0000000707a00000, 0x0000000707a00000, 0x0000000707c00000|  0%| F|  |TAMS 0x0000000707a00000, 0x0000000707a00000| Untracked 
|  23|0x0000000707c00000, 0x0000000707c00000, 0x0000000707e00000|  0%| F|  |TAMS 0x0000000707c00000, 0x0000000707c00000| Untracked 
|  24|0x0000000707e00000, 0x0000000707fe7da8, 0x0000000708000000| 95%| S|CS|TAMS 0x0000000707e00000, 0x0000000707e00000| Complete 
|  25|0x0000000708000000, 0x0000000708200000, 0x0000000708200000|100%| S|CS|TAMS 0x0000000708000000, 0x0000000708000000| Complete 
|  26|0x0000000708200000, 0x0000000708400000, 0x0000000708400000|100%| S|CS|TAMS 0x0000000708200000, 0x0000000708200000| Complete 
|  27|0x0000000708400000, 0x0000000708400000, 0x0000000708600000|  0%| F|  |TAMS 0x0000000708400000, 0x0000000708400000| Untracked 
|  28|0x0000000708600000, 0x0000000708600000, 0x0000000708800000|  0%| F|  |TAMS 0x0000000708600000, 0x0000000708600000| Untracked 
|  29|0x0000000708800000, 0x0000000708800000, 0x0000000708a00000|  0%| F|  |TAMS 0x0000000708800000, 0x0000000708800000| Untracked 
|  30|0x0000000708a00000, 0x0000000708a00000, 0x0000000708c00000|  0%| F|  |TAMS 0x0000000708a00000, 0x0000000708a00000| Untracked 
|  31|0x0000000708c00000, 0x0000000708c00000, 0x0000000708e00000|  0%| F|  |TAMS 0x0000000708c00000, 0x0000000708c00000| Untracked 
|  32|0x0000000708e00000, 0x0000000708e00000, 0x0000000709000000|  0%| F|  |TAMS 0x0000000708e00000, 0x0000000708e00000| Untracked 
|  33|0x0000000709000000, 0x0000000709000000, 0x0000000709200000|  0%| F|  |TAMS 0x0000000709000000, 0x0000000709000000| Untracked 
|  34|0x0000000709200000, 0x0000000709200000, 0x0000000709400000|  0%| F|  |TAMS 0x0000000709200000, 0x0000000709200000| Untracked 
|  35|0x0000000709400000, 0x0000000709400000, 0x0000000709600000|  0%| F|  |TAMS 0x0000000709400000, 0x0000000709400000| Untracked 
|  36|0x0000000709600000, 0x0000000709600000, 0x0000000709800000|  0%| F|  |TAMS 0x0000000709600000, 0x0000000709600000| Untracked 
|  37|0x0000000709800000, 0x0000000709800000, 0x0000000709a00000|  0%| F|  |TAMS 0x0000000709800000, 0x0000000709800000| Untracked 
|  38|0x0000000709a00000, 0x0000000709a00000, 0x0000000709c00000|  0%| F|  |TAMS 0x0000000709a00000, 0x0000000709a00000| Untracked 
|  39|0x0000000709c00000, 0x0000000709c00000, 0x0000000709e00000|  0%| F|  |TAMS 0x0000000709c00000, 0x0000000709c00000| Untracked 
|  40|0x0000000709e00000, 0x0000000709e00000, 0x000000070a000000|  0%| F|  |TAMS 0x0000000709e00000, 0x0000000709e00000| Untracked 
|  41|0x000000070a000000, 0x000000070a000000, 0x000000070a200000|  0%| F|  |TAMS 0x000000070a000000, 0x000000070a000000| Untracked 
|  42|0x000000070a200000, 0x000000070a200000, 0x000000070a400000|  0%| F|  |TAMS 0x000000070a200000, 0x000000070a200000| Untracked 
|  43|0x000000070a400000, 0x000000070a400000, 0x000000070a600000|  0%| F|  |TAMS 0x000000070a400000, 0x000000070a400000| Untracked 
|  44|0x000000070a600000, 0x000000070a600000, 0x000000070a800000|  0%| F|  |TAMS 0x000000070a600000, 0x000000070a600000| Untracked 
|  45|0x000000070a800000, 0x000000070a800000, 0x000000070aa00000|  0%| F|  |TAMS 0x000000070a800000, 0x000000070a800000| Untracked 
|  46|0x000000070aa00000, 0x000000070aa00000, 0x000000070ac00000|  0%| F|  |TAMS 0x000000070aa00000, 0x000000070aa00000| Untracked 
|  47|0x000000070ac00000, 0x000000070ac00000, 0x000000070ae00000|  0%| F|  |TAMS 0x000000070ac00000, 0x000000070ac00000| Untracked 
|  48|0x000000070ae00000, 0x000000070ae00000, 0x000000070b000000|  0%| F|  |TAMS 0x000000070ae00000, 0x000000070ae00000| Untracked 
|  49|0x000000070b000000, 0x000000070b000000, 0x000000070b200000|  0%| F|  |TAMS 0x000000070b000000, 0x000000070b000000| Untracked 
|  50|0x000000070b200000, 0x000000070b200000, 0x000000070b400000|  0%| F|  |TAMS 0x000000070b200000, 0x000000070b200000| Untracked 
|  51|0x000000070b400000, 0x000000070b400000, 0x000000070b600000|  0%| F|  |TAMS 0x000000070b400000, 0x000000070b400000| Untracked 
|  52|0x000000070b600000, 0x000000070b6ac4a0, 0x000000070b800000| 33%| E|  |TAMS 0x000000070b600000, 0x000000070b600000| Complete 
|  53|0x000000070b800000, 0x000000070ba00000, 0x000000070ba00000|100%| E|CS|TAMS 0x000000070b800000, 0x000000070b800000| Complete 
|  54|0x000000070ba00000, 0x000000070bc00000, 0x000000070bc00000|100%| E|CS|TAMS 0x000000070ba00000, 0x000000070ba00000| Complete 
|  55|0x000000070bc00000, 0x000000070be00000, 0x000000070be00000|100%| E|CS|TAMS 0x000000070bc00000, 0x000000070bc00000| Complete 
|  56|0x000000070be00000, 0x000000070c000000, 0x000000070c000000|100%| E|CS|TAMS 0x000000070be00000, 0x000000070be00000| Complete 
|  57|0x000000070c000000, 0x000000070c200000, 0x000000070c200000|100%| E|CS|TAMS 0x000000070c000000, 0x000000070c000000| Complete 
|  58|0x000000070c200000, 0x000000070c400000, 0x000000070c400000|100%| E|  |TAMS 0x000000070c200000, 0x000000070c200000| Complete 
|  59|0x000000070c400000, 0x000000070c600000, 0x000000070c600000|100%| E|CS|TAMS 0x000000070c400000, 0x000000070c400000| Complete 
| 125|0x0000000714800000, 0x0000000714a00000, 0x0000000714a00000|100%| E|CS|TAMS 0x0000000714800000, 0x0000000714800000| Complete 
|2007|0x00000007ffc00000, 0x00000007ffe00000, 0x00000007ffe00000|100%| O|  |TAMS 0x00000007ffe00000, 0x00000007ffc00000| Untracked 
|2008|0x00000007ffe00000, 0x0000000800000000, 0x0000000800000000|100%| O|  |TAMS 0x0000000800000000, 0x00000007ffe00000| Untracked 

Card table byte_map: [0x000001ead0870000,0x000001ead1050000] _byte_map_base: 0x000001eacd049000

Marking Bits (Prev, Next): (CMBitMap*) 0x000001eabbcb8980, (CMBitMap*) 0x000001eabbcb8940
 Prev Bits: [0x000001ead5700000, 0x000001ead95c8000)
 Next Bits: [0x000001ead1830000, 0x000001ead56f8000)

Polling page: 0x000001eab9c50000

Metaspace:

Usage:
  Non-class:     62.79 MB capacity,    62.29 MB (>99%) used,   420.48 KB ( <1%) free+waste,    91.38 KB ( <1%) overhead. 
      Class:      9.03 MB capacity,     8.81 MB ( 97%) used,   200.86 KB (  2%) free+waste,    33.75 KB ( <1%) overhead. 
       Both:     71.82 MB capacity,    71.10 MB ( 99%) used,   621.34 KB ( <1%) free+waste,   125.12 KB ( <1%) overhead. 

Virtual space:
  Non-class space:       64.00 MB reserved,      63.00 MB ( 98%) committed 
      Class space:        1.00 GB reserved,       9.12 MB ( <1%) committed 
             Both:        1.06 GB reserved,      72.12 MB (  7%) committed 

Chunk freelists:
   Non-Class:  23.00 KB
       Class:  29.00 KB
        Both:  52.00 KB

MaxMetaspaceSize: 17179869184.00 GB
CompressedClassSpaceSize: 1.00 GB

CodeHeap 'non-profiled nmethods': size=232192Kb used=11088Kb max_used=11088Kb free=221103Kb
 bounds [0x000001eac0370000, 0x000001eac0e50000, 0x000001eace630000]
CodeHeap 'non-nmethods': size=13568Kb used=1335Kb max_used=1335Kb free=12232Kb
 bounds [0x000001eabf630000, 0x000001eabf8a0000, 0x000001eac0370000]
 total_blobs=6712 nmethods=6076 adapters=563
 compilation: enabled
              stopped_count=0, restarted_count=0
 full_count=0

Compilation events (20 events):
Event: 264.099 Thread 0x000001eaddb049c0 6067       1       org.apache.catalina.connector.Request::getAttribute (320 bytes)
Event: 264.101 Thread 0x000001eaddb049c0 nmethod 6067 0x000001eac0e40390 code [0x000001eac0e406a0, 0x000001eac0e40f28]
Event: 264.108 Thread 0x000001eaddb049c0 6068       1       org.springframework.web.servlet.tags.form.AbstractFormTag::writeOptionalAttribute (20 bytes)
Event: 264.108 Thread 0x000001eaddb049c0 nmethod 6068 0x000001eac0e41510 code [0x000001eac0e41700, 0x000001eac0e41aa8]
Event: 264.109 Thread 0x000001eaddb049c0 6069       1       org.springframework.core.SerializableTypeWrapper$MethodParameterTypeProvider::<init> (59 bytes)
Event: 264.109 Thread 0x000001eaddb049c0 nmethod 6069 0x000001eac0e41e10 code [0x000001eac0e41fe0, 0x000001eac0e42318]
Event: 264.114 Thread 0x000001eaddb049c0 6070       1       org.springframework.beans.GenericTypeAwarePropertyDescriptor::getPropertyType (5 bytes)
Event: 264.115 Thread 0x000001eaddb049c0 nmethod 6070 0x000001eac0e42490 code [0x000001eac0e42620, 0x000001eac0e426d8]
Event: 264.116 Thread 0x000001eaddb049c0 6071       1       org.springframework.validation.AbstractErrors::getNestedPath (5 bytes)
Event: 264.116 Thread 0x000001eaddb049c0 nmethod 6071 0x000001eac0e42790 code [0x000001eac0e42920, 0x000001eac0e429d8]
Event: 264.140 Thread 0x000001eaddb049c0 6072       1       org.springframework.web.servlet.tags.form.TagWriter$TagStateEntry::isBlockTag (5 bytes)
Event: 264.140 Thread 0x000001eaddb049c0 nmethod 6072 0x000001eac0e42a90 code [0x000001eac0e42c20, 0x000001eac0e42cd8]
Event: 264.142 Thread 0x000001eaddb049c0 6073       1       org.springframework.core.MethodParameter::computeParameterType (59 bytes)
Event: 264.142 Thread 0x000001eaddb049c0 nmethod 6073 0x000001eac0e42d90 code [0x000001eac0e42f40, 0x000001eac0e430d8]
Event: 264.143 Thread 0x000001eaddb049c0 6074       1       org.springframework.beans.PropertyAccessorUtils::getNestedPropertySeparatorIndex (118 bytes)
Event: 264.143 Thread 0x000001eaddb049c0 nmethod 6074 0x000001eac0e43210 code [0x000001eac0e433c0, 0x000001eac0e43738]
Event: 264.144 Thread 0x000001eaddb049c0 6075       1       org.springframework.validation.BeanPropertyBindingResult::getTarget (5 bytes)
Event: 264.144 Thread 0x000001eaddb049c0 nmethod 6075 0x000001eac0e43a90 code [0x000001eac0e43c20, 0x000001eac0e43cd8]
Event: 264.150 Thread 0x000001eaddb049c0 6076       1       org.apache.catalina.connector.RequestFacade::getAttribute (32 bytes)
Event: 264.150 Thread 0x000001eaddb049c0 nmethod 6076 0x000001eac0e43d90 code [0x000001eac0e43f40, 0x000001eac0e44128]

GC Heap History (20 events):
Event: 0.639 GC heap before
{Heap before GC invocations=5 (full 0):
 garbage-first heap   total 49152K, used 33370K [0x0000000704e00000, 0x0000000800000000)
  region size 2048K, 14 young (28672K), 2 survivors (4096K)
 Metaspace       used 24357K, capacity 24621K, committed 24704K, reserved 1071104K
  class space    used 2767K, capacity 2878K, committed 2944K, reserved 1048576K
}
Event: 0.641 GC heap after
{Heap after GC invocations=6 (full 0):
 garbage-first heap   total 153600K, used 9486K [0x0000000704e00000, 0x0000000800000000)
  region size 2048K, 2 young (4096K), 2 survivors (4096K)
 Metaspace       used 24357K, capacity 24621K, committed 24704K, reserved 1071104K
  class space    used 2767K, capacity 2878K, committed 2944K, reserved 1048576K
}
Event: 0.857 GC heap before
{Heap before GC invocations=6 (full 0):
 garbage-first heap   total 153600K, used 95502K [0x0000000704e00000, 0x0000000800000000)
  region size 2048K, 45 young (92160K), 2 survivors (4096K)
 Metaspace       used 28705K, capacity 29065K, committed 29184K, reserved 1075200K
  class space    used 3355K, capacity 3473K, committed 3584K, reserved 1048576K
}
Event: 0.859 GC heap after
{Heap after GC invocations=7 (full 0):
 garbage-first heap   total 153600K, used 11415K [0x0000000704e00000, 0x0000000800000000)
  region size 2048K, 3 young (6144K), 3 survivors (6144K)
 Metaspace       used 28705K, capacity 29065K, committed 29184K, reserved 1075200K
  class space    used 3355K, capacity 3473K, committed 3584K, reserved 1048576K
}
Event: 1.151 GC heap before
{Heap before GC invocations=7 (full 0):
 garbage-first heap   total 153600K, used 70807K [0x0000000704e00000, 0x0000000800000000)
  region size 2048K, 33 young (67584K), 3 survivors (6144K)
 Metaspace       used 35300K, capacity 35790K, committed 35840K, reserved 1081344K
  class space    used 4300K, capacity 4467K, committed 4480K, reserved 1048576K
}
Event: 1.154 GC heap after
{Heap after GC invocations=8 (full 0):
 garbage-first heap   total 153600K, used 15310K [0x0000000704e00000, 0x0000000800000000)
  region size 2048K, 5 young (10240K), 5 survivors (10240K)
 Metaspace       used 35300K, capacity 35790K, committed 35840K, reserved 1081344K
  class space    used 4300K, capacity 4467K, committed 4480K, reserved 1048576K
}
Event: 1.232 GC heap before
{Heap before GC invocations=9 (full 0):
 garbage-first heap   total 75776K, used 68558K [0x0000000704e00000, 0x0000000800000000)
  region size 2048K, 32 young (65536K), 5 survivors (10240K)
 Metaspace       used 37183K, capacity 37614K, committed 37760K, reserved 1083392K
  class space    used 4490K, capacity 4627K, committed 4736K, reserved 1048576K
}
Event: 1.236 GC heap after
{Heap after GC invocations=10 (full 0):
 garbage-first heap   total 88064K, used 16835K [0x0000000704e00000, 0x0000000800000000)
  region size 2048K, 4 young (8192K), 4 survivors (8192K)
 Metaspace       used 37183K, capacity 37614K, committed 37760K, reserved 1083392K
  class space    used 4490K, capacity 4627K, committed 4736K, reserved 1048576K
}
Event: 1.271 GC heap before
{Heap before GC invocations=10 (full 0):
 garbage-first heap   total 88064K, used 57795K [0x0000000704e00000, 0x0000000800000000)
  region size 2048K, 25 young (51200K), 4 survivors (8192K)
 Metaspace       used 37487K, capacity 37902K, committed 38016K, reserved 1083392K
  class space    used 4527K, capacity 4659K, committed 4736K, reserved 1048576K
}
Event: 1.273 GC heap after
{Heap after GC invocations=11 (full 0):
 garbage-first heap   total 106496K, used 17397K [0x0000000704e00000, 0x0000000800000000)
  region size 2048K, 2 young (4096K), 2 survivors (4096K)
 Metaspace       used 37487K, capacity 37902K, committed 38016K, reserved 1083392K
  class space    used 4527K, capacity 4659K, committed 4736K, reserved 1048576K
}
Event: 1.580 GC heap before
{Heap before GC invocations=11 (full 0):
 garbage-first heap   total 106496K, used 76789K [0x0000000704e00000, 0x0000000800000000)
  region size 2048K, 31 young (63488K), 2 survivors (4096K)
 Metaspace       used 44974K, capacity 45515K, committed 45824K, reserved 1089536K
  class space    used 5598K, capacity 5783K, committed 5888K, reserved 1048576K
}
Event: 1.582 GC heap after
{Heap after GC invocations=12 (full 0):
 garbage-first heap   total 106496K, used 19119K [0x0000000704e00000, 0x0000000800000000)
  region size 2048K, 2 young (4096K), 2 survivors (4096K)
 Metaspace       used 44974K, capacity 45515K, committed 45824K, reserved 1089536K
  class space    used 5598K, capacity 5783K, committed 5888K, reserved 1048576K
}
Event: 1.872 GC heap before
{Heap before GC invocations=12 (full 0):
 garbage-first heap   total 106496K, used 78511K [0x0000000704e00000, 0x0000000800000000)
  region size 2048K, 31 young (63488K), 2 survivors (4096K)
 Metaspace       used 54071K, capacity 54630K, committed 54912K, reserved 1097728K
  class space    used 6768K, capacity 6941K, committed 7040K, reserved 1048576K
}
Event: 1.874 GC heap after
{Heap after GC invocations=13 (full 0):
 garbage-first heap   total 106496K, used 22769K [0x0000000704e00000, 0x0000000800000000)
  region size 2048K, 4 young (8192K), 4 survivors (8192K)
 Metaspace       used 54071K, capacity 54630K, committed 54912K, reserved 1097728K
  class space    used 6768K, capacity 6941K, committed 7040K, reserved 1048576K
}
Event: 2.093 GC heap before
{Heap before GC invocations=13 (full 0):
 garbage-first heap   total 106496K, used 63729K [0x0000000704e00000, 0x0000000800000000)
  region size 2048K, 25 young (51200K), 4 survivors (8192K)
 Metaspace       used 59510K, capacity 60068K, committed 60160K, reserved 1101824K
  class space    used 7592K, capacity 7789K, committed 7808K, reserved 1048576K
}
Event: 2.097 GC heap after
{Heap after GC invocations=14 (full 0):
 garbage-first heap   total 106496K, used 25144K [0x0000000704e00000, 0x0000000800000000)
  region size 2048K, 4 young (8192K), 4 survivors (8192K)
 Metaspace       used 59510K, capacity 60068K, committed 60160K, reserved 1101824K
  class space    used 7592K, capacity 7789K, committed 7808K, reserved 1048576K
}
Event: 6.902 GC heap before
{Heap before GC invocations=15 (full 0):
 garbage-first heap   total 106496K, used 80440K [0x0000000704e00000, 0x0000000800000000)
  region size 2048K, 31 young (63488K), 4 survivors (8192K)
 Metaspace       used 64205K, capacity 64893K, committed 65152K, reserved 1105920K
  class space    used 8251K, capacity 8478K, committed 8576K, reserved 1048576K
}
Event: 6.904 GC heap after
{Heap after GC invocations=16 (full 0):
 garbage-first heap   total 129024K, used 28373K [0x0000000704e00000, 0x0000000800000000)
  region size 2048K, 3 young (6144K), 3 survivors (6144K)
 Metaspace       used 64205K, capacity 64893K, committed 65152K, reserved 1105920K
  class space    used 8251K, capacity 8478K, committed 8576K, reserved 1048576K
}
Event: 263.930 GC heap before
{Heap before GC invocations=16 (full 0):
 garbage-first heap   total 129024K, used 95957K [0x0000000704e00000, 0x0000000800000000)
  region size 2048K, 37 young (75776K), 3 survivors (6144K)
 Metaspace       used 72239K, capacity 72902K, committed 72960K, reserved 1114112K
  class space    used 8963K, capacity 9185K, committed 9216K, reserved 1048576K
}
Event: 263.939 GC heap after
{Heap after GC invocations=17 (full 0):
 garbage-first heap   total 129024K, used 31014K [0x0000000704e00000, 0x0000000800000000)
  region size 2048K, 3 young (6144K), 3 survivors (6144K)
 Metaspace       used 72239K, capacity 72902K, committed 72960K, reserved 1114112K
  class space    used 8963K, capacity 9185K, committed 9216K, reserved 1048576K
}

Deoptimization events (6 events):
Event: 0.909 Thread 0x000001eaddc76870 DEOPT PACKING pc=0x000001eac06ab47c sp=0x0000007e8d3fcaf0
Event: 0.909 Thread 0x000001eaddc76870 DEOPT UNPACKING pc=0x000001eabf67e23f sp=0x0000007e8d3fc048 mode 0
Event: 2.227 Thread 0x000001eaddc76870 DEOPT PACKING pc=0x000001eac0619549 sp=0x0000007e8d3fcf60
Event: 2.227 Thread 0x000001eaddc76870 DEOPT UNPACKING pc=0x000001eabf67e23f sp=0x0000007e8d3fc478 mode 3
Event: 2.227 Thread 0x000001eaddc76870 DEOPT PACKING pc=0x000001eac0610ed4 sp=0x0000007e8d3fcf20
Event: 2.227 Thread 0x000001eaddc76870 DEOPT UNPACKING pc=0x000001eabf67e23f sp=0x0000007e8d3fc478 mode 3

Classes unloaded (0 events):
No events

Classes redefined (0 events):
No events

Internal exceptions (20 events):
Event: 97.285 Thread 0x000001eae1e9c6f0 Exception <a 'java/lang/ClassNotFoundException'{0x000000070b3e5a20}: org/springframework/web/servlet/tags/form/AbstractCheckedElementTagBeanInfo> (0x000000070b3e5a20) 
thrown [./open/src/hotspot/share/classfile/systemDictionary.cpp, line 295]
Event: 97.285 Thread 0x000001eae1e9c6f0 Exception <a 'java/lang/ClassNotFoundException'{0x000000070b3ee8c0}: org/springframework/web/servlet/tags/form/AbstractCheckedElementTagCustomizer> (0x000000070b3ee8c0) 
thrown [./open/src/hotspot/share/classfile/systemDictionary.cpp, line 295]
Event: 97.285 Thread 0x000001eae1e9c6f0 Exception <a 'java/lang/ClassNotFoundException'{0x000000070b3fd958}: org/springframework/web/servlet/tags/form/AbstractSingleCheckedElementTagCustomizer> (0x000000070b3fd958) 
thrown [./open/src/hotspot/share/classfile/systemDictionary.cpp, line 295]
Event: 97.286 Thread 0x000001eae1e9c6f0 Exception <a 'java/lang/ClassNotFoundException'{0x000000070b00de48}: org/springframework/web/servlet/tags/form/RadioButtonTagCustomizer> (0x000000070b00de48) 
thrown [./open/src/hotspot/share/classfile/systemDictionary.cpp, line 295]
Event: 97.448 Thread 0x000001eae1e9c6f0 Exception <a 'java/lang/ArrayIndexOutOfBoundsException'{0x0000000709b2cd00}: Index 48106 out of bounds for length 48106> (0x0000000709b2cd00) 
thrown [./open/src/hotspot/share/interpreter/interpreterRuntime.cpp, line 443]
Event: 97.672 Thread 0x000001eae1e9c6f0 Exception <a 'java/lang/ClassNotFoundException'{0x0000000708959ed8}: java/lang/ObjectCustomizer> (0x0000000708959ed8) 
thrown [./open/src/hotspot/share/classfile/systemDictionary.cpp, line 295]
Event: 97.673 Thread 0x000001eae1e9c6f0 Exception <a 'java/lang/ClassNotFoundException'{0x0000000708966b48}: com/example/demo/entity/FormEntityCustomizer> (0x0000000708966b48) 
thrown [./open/src/hotspot/share/classfile/systemDictionary.cpp, line 295]
Event: 98.000 Thread 0x000001eae1e9c6f0 Exception <a 'java/lang/NullPointerException'{0x000000070862eff8}> (0x000000070862eff8) 
thrown [./open/src/hotspot/share/interpreter/linkResolver.cpp, line 1457]
Event: 263.987 Thread 0x000001eae1e9d090 Exception <a 'java/lang/ClassNotFoundException'{0x000000070c5f6ca8}: org/apache/taglibs/standard/tag/rt/core/IfTagBeanInfo> (0x000000070c5f6ca8) 
thrown [./open/src/hotspot/share/classfile/systemDictionary.cpp, line 295]
Event: 263.988 Thread 0x000001eae1e9d090 Exception <a 'java/lang/ClassNotFoundException'{0x000000070c5feb60}: javax/servlet/jsp/jstl/core/ConditionalTagSupportBeanInfo> (0x000000070c5feb60) 
thrown [./open/src/hotspot/share/classfile/systemDictionary.cpp, line 295]
Event: 263.988 Thread 0x000001eae1e9d090 Exception <a 'java/lang/ClassNotFoundException'{0x000000070c207008}: javax/servlet/jsp/jstl/core/ConditionalTagSupportCustomizer> (0x000000070c207008) 
thrown [./open/src/hotspot/share/classfile/systemDictionary.cpp, line 295]
Event: 263.989 Thread 0x000001eae1e9d090 Exception <a 'java/lang/ClassNotFoundException'{0x000000070c214860}: org/apache/taglibs/standard/tag/rt/core/IfTagCustomizer> (0x000000070c214860) 
thrown [./open/src/hotspot/share/classfile/systemDictionary.cpp, line 295]
Event: 263.990 Thread 0x000001eae1e9d090 Exception <a 'java/lang/ClassNotFoundException'{0x000000070c2264e0}: org/apache/taglibs/standard/tag/rt/core/ForEachTagBeanInfo> (0x000000070c2264e0) 
thrown [./open/src/hotspot/share/classfile/systemDictionary.cpp, line 295]
Event: 263.990 Thread 0x000001eae1e9d090 Exception <a 'java/lang/ClassNotFoundException'{0x000000070c22ed08}: org/apache/taglibs/standard/tag/common/core/ForEachSupportBeanInfo> (0x000000070c22ed08) 
thrown [./open/src/hotspot/share/classfile/systemDictionary.cpp, line 295]
Event: 263.991 Thread 0x000001eae1e9d090 Exception <a 'java/lang/ClassNotFoundException'{0x000000070c2370f8}: javax/servlet/jsp/jstl/core/LoopTagSupportBeanInfo> (0x000000070c2370f8) 
thrown [./open/src/hotspot/share/classfile/systemDictionary.cpp, line 295]
Event: 263.991 Thread 0x000001eae1e9d090 Exception <a 'java/lang/ClassNotFoundException'{0x000000070c23f810}: javax/servlet/jsp/jstl/core/LoopTagSupportCustomizer> (0x000000070c23f810) 
thrown [./open/src/hotspot/share/classfile/systemDictionary.cpp, line 295]
Event: 263.993 Thread 0x000001eae1e9d090 Exception <a 'java/lang/ClassNotFoundException'{0x000000070c269cc0}: org/apache/taglibs/standard/tag/common/core/ForEachSupportCustomizer> (0x000000070c269cc0) 
thrown [./open/src/hotspot/share/classfile/systemDictionary.cpp, line 295]
Event: 263.994 Thread 0x000001eae1e9d090 Exception <a 'java/lang/ClassNotFoundException'{0x000000070c27e570}: org/apache/taglibs/standard/tag/rt/core/ForEachTagCustomizer> (0x000000070c27e570) 
thrown [./open/src/hotspot/share/classfile/systemDictionary.cpp, line 295]
Event: 263.999 Thread 0x000001eae1e9d090 Exception <a 'java/lang/ArrayIndexOutOfBoundsException'{0x000000070c31c138}> (0x000000070c31c138) 
thrown [./open/src/hotspot/share/runtime/sharedRuntime.cpp, line 585]
Event: 264.099 Thread 0x000001eae1e9d090 Exception <a 'java/lang/NullPointerException'{0x000000070b985568}> (0x000000070b985568) 
thrown [./open/src/hotspot/share/interpreter/linkResolver.cpp, line 1457]

Events (20 events):
Event: 264.143 Executing VM operation: get/set locals
Event: 264.143 Executing VM operation: get/set locals done
Event: 264.143 Executing VM operation: get/set locals
Event: 264.144 Executing VM operation: get/set locals done
Event: 264.144 Executing VM operation: get/set locals
Event: 264.144 Executing VM operation: get/set locals done
Event: 264.144 Executing VM operation: get/set locals
Event: 264.144 Executing VM operation: get/set locals done
Event: 264.144 Executing VM operation: get/set locals
Event: 264.144 Executing VM operation: get/set locals done
Event: 264.144 Executing VM operation: get/set locals
Event: 264.144 Executing VM operation: get/set locals done
Event: 264.144 Executing VM operation: get/set locals
Event: 264.145 Executing VM operation: get/set locals done
Event: 264.145 Executing VM operation: get/set locals
Event: 264.145 Executing VM operation: get/set locals done
Event: 264.154 Executing VM operation: get/set locals
Event: 264.155 Executing VM operation: get/set locals done
Event: 264.155 Executing VM operation: get/set locals
Event: 264.157 Executing VM operation: get/set locals done


Dynamic libraries:
0x00007ff7180a0000 - 0x00007ff7180ad000 	E:\sts\spring-tool-suite-4-4.8.1.RELEASE-e4.17.0-win32.win32.x86_64\sts-4.8.1.RELEASE\plugins\org.eclipse.justj.openjdk.hotspot.jre.full.win32.x86_64_15.0.0.v20201014-1246\jre\bin\javaw.exe
0x000001eab9ff0000 - 0x000001eaba250000 	C:\Windows\SYSTEM32\ntd1l.dll
0x000001eaba260000 - 0x000001eaba327000 	C:\Windows\System32\kern3l32.dll
0x00007ffe8dc80000 - 0x00007ffe8dee0000 	C:\Windows\SYSTEM32\ntdll.dll
0x00007ffe8c730000 - 0x00007ffe8c7f7000 	C:\Windows\System32\KERNEL32.DLL
0x00007ffe8b2a0000 - 0x00007ffe8b66a000 	C:\Windows\System32\KERNELBASE.dll
0x00007ffe890e0000 - 0x00007ffe894f6000 	C:\Program Files\SentinelOne\Sentinel Agent 24.1.5.277\InProcessClient64.dll
0x00007ffe8d2e0000 - 0x00007ffe8d392000 	C:\Windows\System32\ADVAPI32.dll
0x00007ffe8c920000 - 0x00007ffe8c9c9000 	C:\Windows\System32\msvcrt.dll
0x00007ffe8d1c0000 - 0x00007ffe8d266000 	C:\Windows\System32\sechost.dll
0x00007ffe8bdc0000 - 0x00007ffe8bed6000 	C:\Windows\System32\RPCRT4.dll
0x00007ffe8b840000 - 0x00007ffe8b98b000 	C:\Windows\System32\ucrtbase.dll
0x00007ffe7d420000 - 0x00007ffe7d439000 	E:\sts\spring-tool-suite-4-4.8.1.RELEASE-e4.17.0-win32.win32.x86_64\sts-4.8.1.RELEASE\plugins\org.eclipse.justj.openjdk.hotspot.jre.full.win32.x86_64_15.0.0.v20201014-1246\jre\bin\VCRUNTIME140.dll
0x00007ffe7bd10000 - 0x00007ffe7bd28000 	E:\sts\spring-tool-suite-4-4.8.1.RELEASE-e4.17.0-win32.win32.x86_64\sts-4.8.1.RELEASE\plugins\org.eclipse.justj.openjdk.hotspot.jre.full.win32.x86_64_15.0.0.v20201014-1246\jre\bin\jli.dll
0x00007ffe8cef0000 - 0x00007ffe8d0bc000 	C:\Windows\System32\USER32.dll
0x00007ffe8ba50000 - 0x00007ffe8ba77000 	C:\Windows\System32\win32u.dll
0x00007ffe7adc0000 - 0x00007ffe7b057000 	C:\Windows\WinSxS\amd64_microsoft.windows.common-controls_6595b64144ccf1df_6.0.26100.3624_none_3e086962e3345f24\COMCTL32.dll
0x00007ffe8d3f0000 - 0x00007ffe8d41a000 	C:\Windows\System32\GDI32.dll
0x00007ffe8b700000 - 0x00007ffe8b831000 	C:\Windows\System32\gdi32full.dll
0x00007ffe8afe0000 - 0x00007ffe8b083000 	C:\Windows\System32\msvcp_win.dll
0x00007ffe89080000 - 0x00007ffe8908b000 	C:\Windows\SYSTEM32\VERSION.dll
0x00007ffe89070000 - 0x00007ffe8907c000 	C:\Windows\SYSTEM32\FLTLIB.DLL
0x00007ffe8c8e0000 - 0x00007ffe8c90f000 	C:\Windows\System32\IMM32.DLL
0x00007ffe7d1d0000 - 0x00007ffe7d1dc000 	E:\sts\spring-tool-suite-4-4.8.1.RELEASE-e4.17.0-win32.win32.x86_64\sts-4.8.1.RELEASE\plugins\org.eclipse.justj.openjdk.hotspot.jre.full.win32.x86_64_15.0.0.v20201014-1246\jre\bin\vcruntime140_1.dll
0x00007ffe4c4f0000 - 0x00007ffe4c581000 	E:\sts\spring-tool-suite-4-4.8.1.RELEASE-e4.17.0-win32.win32.x86_64\sts-4.8.1.RELEASE\plugins\org.eclipse.justj.openjdk.hotspot.jre.full.win32.x86_64_15.0.0.v20201014-1246\jre\bin\msvcp140.dll
0x00007ffe215a0000 - 0x00007ffe220fc000 	E:\sts\spring-tool-suite-4-4.8.1.RELEASE-e4.17.0-win32.win32.x86_64\sts-4.8.1.RELEASE\plugins\org.eclipse.justj.openjdk.hotspot.jre.full.win32.x86_64_15.0.0.v20201014-1246\jre\bin\server\jvm.dll
0x000001eab9c30000 - 0x000001eab9c38000 	C:\Windows\System32\PSAPI.DLL
0x00007ffe69a80000 - 0x00007ffe69a8a000 	C:\Windows\SYSTEM32\WSOCK32.dll
0x00007ffe8bbe0000 - 0x00007ffe8bc54000 	C:\Windows\System32\WS2_32.dll
0x00007ffe81970000 - 0x00007ffe819a6000 	C:\Windows\SYSTEM32\WINMM.dll
0x00007ffe89d50000 - 0x00007ffe89d6a000 	C:\Windows\SYSTEM32\kernel.appcore.dll
0x00007ffe85980000 - 0x00007ffe8598a000 	E:\sts\spring-tool-suite-4-4.8.1.RELEASE-e4.17.0-win32.win32.x86_64\sts-4.8.1.RELEASE\plugins\org.eclipse.justj.openjdk.hotspot.jre.full.win32.x86_64_15.0.0.v20201014-1246\jre\bin\jimage.dll
0x00007ffe88270000 - 0x00007ffe884b1000 	C:\Windows\SYSTEM32\DBGHELP.DLL
0x00007ffe8d830000 - 0x00007ffe8dbb2000 	C:\Windows\System32\combase.dll
0x00007ffe8c650000 - 0x00007ffe8c726000 	C:\Windows\System32\OLEAUT32.dll
0x00007ffe7ad80000 - 0x00007ffe7adb9000 	C:\Windows\SYSTEM32\dbgcore.DLL
0x00007ffe8b090000 - 0x00007ffe8b129000 	C:\Windows\System32\bcryptPrimitives.dll
0x00007ffe08ff0000 - 0x00007ffe0909d000 	C:\Program Files\SentinelOne\Sentinel Agent 24.1.5.277\SentinelJava64.dll
0x00007ffe8d270000 - 0x00007ffe8d2d4000 	C:\Windows\System32\SHLWAPI.dll
0x00007ffe8d420000 - 0x00007ffe8d5b6000 	C:\Windows\System32\ole32.dll
0x00007ffe7c820000 - 0x00007ffe7c845000 	E:\sts\spring-tool-suite-4-4.8.1.RELEASE-e4.17.0-win32.win32.x86_64\sts-4.8.1.RELEASE\plugins\org.eclipse.justj.openjdk.hotspot.jre.full.win32.x86_64_15.0.0.v20201014-1246\jre\bin\java.dll
0x00007ffe84be0000 - 0x00007ffe84bf8000 	E:\sts\spring-tool-suite-4-4.8.1.RELEASE-e4.17.0-win32.win32.x86_64\sts-4.8.1.RELEASE\plugins\org.eclipse.justj.openjdk.hotspot.jre.full.win32.x86_64_15.0.0.v20201014-1246\jre\bin\zip.dll
0x00007ffe8bee0000 - 0x00007ffe8c609000 	C:\Windows\System32\SHELL32.dll
0x00007ffe8b130000 - 0x00007ffe8b298000 	C:\Windows\System32\wintypes.dll
0x00007ffe886a0000 - 0x00007ffe88ef2000 	C:\Windows\SYSTEM32\windows.storage.dll
0x00007ffe8bcd0000 - 0x00007ffe8bdbd000 	C:\Windows\System32\SHCORE.dll
0x00007ffe8ad70000 - 0x00007ffe8ad9f000 	C:\Windows\SYSTEM32\profapi.dll
0x00007ffe7d4a0000 - 0x00007ffe7d4b9000 	E:\sts\spring-tool-suite-4-4.8.1.RELEASE-e4.17.0-win32.win32.x86_64\sts-4.8.1.RELEASE\plugins\org.eclipse.justj.openjdk.hotspot.jre.full.win32.x86_64_15.0.0.v20201014-1246\jre\bin\net.dll
0x00007ffe84700000 - 0x00007ffe8481d000 	C:\Windows\SYSTEM32\WINHTTP.dll
0x00007ffe8a250000 - 0x00007ffe8a2ba000 	C:\Windows\system32\mswsock.dll
0x00007ffe7d330000 - 0x00007ffe7d342000 	E:\sts\spring-tool-suite-4-4.8.1.RELEASE-e4.17.0-win32.win32.x86_64\sts-4.8.1.RELEASE\plugins\org.eclipse.justj.openjdk.hotspot.jre.full.win32.x86_64_15.0.0.v20201014-1246\jre\bin\nio.dll
0x00007ffe7b870000 - 0x00007ffe7b879000 	E:\sts\spring-tool-suite-4-4.8.1.RELEASE-e4.17.0-win32.win32.x86_64\sts-4.8.1.RELEASE\plugins\org.eclipse.justj.openjdk.hotspot.jre.full.win32.x86_64_15.0.0.v20201014-1246\jre\bin\management.dll
0x00007ffe7b860000 - 0x00007ffe7b86b000 	E:\sts\spring-tool-suite-4-4.8.1.RELEASE-e4.17.0-win32.win32.x86_64\sts-4.8.1.RELEASE\plugins\org.eclipse.justj.openjdk.hotspot.jre.full.win32.x86_64_15.0.0.v20201014-1246\jre\bin\management_ext.dll
0x00007ffe58a10000 - 0x00007ffe58a28000 	C:\Windows\system32\napinsp.dll
0x00007ffe89760000 - 0x00007ffe89885000 	C:\Windows\SYSTEM32\DNSAPI.dll
0x00007ffe896d0000 - 0x00007ffe89703000 	C:\Windows\SYSTEM32\IPHLPAPI.DLL
0x00007ffe8c9d0000 - 0x00007ffe8c9da000 	C:\Windows\System32\NSI.dll
0x00007ffe58f50000 - 0x00007ffe58f62000 	C:\Windows\System32\winrnr.dll
0x00007ffe58f10000 - 0x00007ffe58f40000 	C:\Windows\system32\nlansp_c.dll
0x00007ffe58ef0000 - 0x00007ffe58f06000 	C:\Windows\system32\wshbth.dll
0x00007ffe83bc0000 - 0x00007ffe83bcb000 	C:\Windows\System32\rasadhlp.dll
0x00007ffe84f40000 - 0x00007ffe84fc5000 	C:\Windows\System32\fwpuclnt.dll
0x00007ffe8a600000 - 0x00007ffe8a61c000 	C:\Windows\SYSTEM32\CRYPTSP.dll
0x00007ffe89cb0000 - 0x00007ffe89cea000 	C:\Windows\system32\rsaenh.dll
0x00007ffe8a2f0000 - 0x00007ffe8a31b000 	C:\Windows\SYSTEM32\USERENV.dll
0x00007ffe8ad40000 - 0x00007ffe8ad66000 	C:\Windows\SYSTEM32\bcrypt.dll
0x00007ffe8a480000 - 0x00007ffe8a48c000 	C:\Windows\SYSTEM32\CRYPTBASE.dll
0x00007ffe84ba0000 - 0x00007ffe84bbf000 	C:\Windows\SYSTEM32\dhcpcsvc6.DLL
0x00007ffe84b70000 - 0x00007ffe84b95000 	C:\Windows\SYSTEM32\dhcpcsvc.DLL
0x00007ffe85950000 - 0x00007ffe85960000 	E:\sts\spring-tool-suite-4-4.8.1.RELEASE-e4.17.0-win32.win32.x86_64\sts-4.8.1.RELEASE\plugins\org.eclipse.justj.openjdk.hotspot.jre.full.win32.x86_64_15.0.0.v20201014-1246\jre\bin\verify.dll
0x00007ffe85770000 - 0x00007ffe8577d000 	E:\sts\spring-tool-suite-4-4.8.1.RELEASE-e4.17.0-win32.win32.x86_64\sts-4.8.1.RELEASE\plugins\org.eclipse.justj.openjdk.hotspot.jre.full.win32.x86_64_15.0.0.v20201014-1246\jre\bin\sunmscapi.dll
0x00007ffe8ae60000 - 0x00007ffe8afd7000 	C:\Windows\System32\CRYPT32.dll
0x00007ffe8a750000 - 0x00007ffe8a780000 	C:\Windows\SYSTEM32\ncrypt.dll
0x00007ffe8a700000 - 0x00007ffe8a73f000 	C:\Windows\SYSTEM32\NTASN1.dll

dbghelp: loaded successfully - version: 4.0.5 - missing functions: none
symbol engine: initialized successfully - sym options: 0x614 - pdb path: .;E:\sts\spring-tool-suite-4-4.8.1.RELEASE-e4.17.0-win32.win32.x86_64\sts-4.8.1.RELEASE\plugins\org.eclipse.justj.openjdk.hotspot.jre.full.win32.x86_64_15.0.0.v20201014-1246\jre\bin;C:\Windows\SYSTEM32;C:\Program Files\SentinelOne\Sentinel Agent 24.1.5.277;C:\Windows\WinSxS\amd64_microsoft.windows.common-controls_6595b64144ccf1df_6.0.26100.3624_none_3e086962e3345f24;E:\sts\spring-tool-suite-4-4.8.1.RELEASE-e4.17.0-win32.win32.x86_64\sts-4.8.1.RELEASE\plugins\org.eclipse.justj.openjdk.hotspot.jre.full.win32.x86_64_15.0.0.v20201014-1246\jre\bin\server

VM Arguments:
jvm_args: -Dcom.sun.management.jmxremote -Dcom.sun.management.jmxremote.port=56002 -Dcom.sun.management.jmxremote.authenticate=false -Dcom.sun.management.jmxremote.ssl=false -Djava.rmi.server.hostname=localhost -Dspring.jmx.enabled=true -Dspring.application.admin.enabled=true -XX:TieredStopAtLevel=1 -Dspring.boot.project.name=form_update-1 -Dfile.encoding=UTF-8 -XX:+ShowCodeDetailsInExceptionMessages -agentpath:C:\Program Files\SentinelOne\Sentinel Agent 24.1.5.277\SentinelJava64.dll=extendedCapabilities 
java_command: com.example.demo.FormUpdate1Application --spring.output.ansi.enabled=always
java_class_path (initial): D:\ganesh\form_update-1\target\classes;C:\Users\Administrator\.m2\repository\org\springframework\boot\spring-boot-starter-data-jpa\2.7.9\spring-boot-starter-data-jpa-2.7.9.jar;C:\Users\Administrator\.m2\repository\org\springframework\boot\spring-boot-starter-aop\2.7.9\spring-boot-starter-aop-2.7.9.jar;C:\Users\Administrator\.m2\repository\org\springframework\spring-aop\5.3.25\spring-aop-5.3.25.jar;C:\Users\Administrator\.m2\repository\org\aspectj\aspectjweaver\1.9.7\aspectjweaver-1.9.7.jar;C:\Users\Administrator\.m2\repository\org\springframework\boot\spring-boot-starter-jdbc\2.7.9\spring-boot-starter-jdbc-2.7.9.jar;C:\Users\Administrator\.m2\repository\com\zaxxer\HikariCP\4.0.3\HikariCP-4.0.3.jar;C:\Users\Administrator\.m2\repository\org\springframework\spring-jdbc\5.3.25\spring-jdbc-5.3.25.jar;C:\Users\Administrator\.m2\repository\jakarta\transaction\jakarta.transaction-api\1.3.3\jakarta.transaction-api-1.3.3.jar;C:\Users\Administrator\.m2\repository\jakarta\persistence\jakarta.persistence-api\2.2.3\jakarta.persistence-api-2.2.3.jar;C:\Users\Administrator\.m2\repository\org\hibernate\hibernate-core\5.6.15.Final\hibernate-core-5.6.15.Final.jar;C:\Users\Administrator\.m2\repository\org\jboss\logging\jboss-logging\3.4.3.Final\jboss-logging-3.4.3.Final.jar;C:\Users\Administrator\.m2\repository\net\bytebuddy\byte-buddy\1.12.23\byte-buddy-1.12.23.jar;C:\Users\Administrator\.m2\repository\antlr\antlr\2.7.7\antlr-2.7.7.jar;C:\Users\Administrator\.m2\repository\org\jboss\jandex\2.4.2.Final\jandex-2.4.2.Final.jar;C:\Users\Administrator\.m2\repository\com\fasterxml\classmate\1.5.1\classmate-1.5.1.jar;C:\Users\Administrator\.m2\repository\org\hibernate\common\hibernate-commons-annotations\5.1.2.Final\hibernate-commons-annotations-5.1.2.Final.jar;C:\Users\Administrator\.m2\repository\org\glassfish\jaxb\jaxb-runtime\2.3.8\jaxb-runtime-2.3.8.jar;C:\Users\Administrator\.m2\repository\org\glassfish\jaxb\txw2\2.3.8\txw2-2.3.8.jar;C:\Users\Administrator\
Launcher Type: SUN_STANDARD

[Global flags]
     intx CICompilerCount                          = 15                                        {product} {ergonomic}
     uint ConcGCThreads                            = 6                                         {product} {ergonomic}
     uint G1ConcRefinementThreads                  = 23                                        {product} {ergonomic}
   size_t G1HeapRegionSize                         = 2097152                                   {product} {ergonomic}
    uintx GCDrainStackTargetSize                   = 64                                        {product} {ergonomic}
   size_t InitialHeapSize                          = 264241152                                 {product} {ergonomic}
     bool ManagementServer                         = true                                      {product} {command line}
   size_t MarkStackSize                            = 4194304                                   {product} {ergonomic}
   size_t MaxHeapSize                              = 4213178368                                {product} {ergonomic}
   size_t MaxNewSize                               = 2527068160                                {product} {ergonomic}
   size_t MinHeapDeltaBytes                        = 2097152                                   {product} {ergonomic}
   size_t MinHeapSize                              = 8388608                                   {product} {ergonomic}
    uintx NonNMethodCodeHeapSize                   = 13893620                               {pd product} {ergonomic}
    uintx NonProfiledCodeHeapSize                  = 237764620                              {pd product} {ergonomic}
    uintx ProfiledCodeHeapSize                     = 0                                      {pd product} {ergonomic}
    uintx ReservedCodeCacheSize                    = 251658240                              {pd product} {ergonomic}
     bool SegmentedCodeCache                       = true                                      {product} {ergonomic}
     bool ShowCodeDetailsInExceptionMessages       = true                                   {manageable} {command line}
   size_t SoftMaxHeapSize                          = 4213178368                             {manageable} {ergonomic}
     intx TieredStopAtLevel                        = 1                                         {product} {command line}
     bool UseCompressedClassPointers               = true                                 {lp64_product} {ergonomic}
     bool UseCompressedOops                        = true                                 {lp64_product} {ergonomic}
     bool UseG1GC                                  = true                                      {product} {ergonomic}
     bool UseLargePagesIndividualAllocation        = false                                  {pd product} {ergonomic}

Logging:
Log output configuration:
 #0: stdout all=warning uptime,level,tags
 #1: stderr all=off uptime,level,tags

Environment Variables:
PATH=E:/sts/spring-tool-suite-4-4.8.1.RELEASE-e4.17.0-win32.win32.x86_64/sts-4.8.1.RELEASE//plugins/org.eclipse.justj.openjdk.hotspot.jre.full.win32.x86_64_15.0.0.v20201014-1246/jre/bin/server;E:/sts/spring-tool-suite-4-4.8.1.RELEASE-e4.17.0-win32.win32.x86_64/sts-4.8.1.RELEASE//plugins/org.eclipse.justj.openjdk.hotspot.jre.full.win32.x86_64_15.0.0.v20201014-1246/jre/bin;C:\Program Files (x86)\Common Files\Oracle\Java\java8path;C:\Program Files (x86)\Common Files\Oracle\Java\javapath;C:\Windows\system32;C:\Windows;C:\Windows\System32\Wbem;C:\Windows\System32\WindowsPowerShell\v1.0\;C:\Windows\System32\OpenSSH\;C:\Program Files\dotnet\;C:\Program Files (x86)\NVIDIA Corporation\PhysX\Common;C:\Program Files\Git\cmd;C:\Program Files\MySQL\MySQL Shell 8.0\bin\;C:\Users\Administrator\AppData\Local\Microsoft\WindowsApps;;E:\sts\spring-tool-suite-4-4.8.1.RELEASE-e4.17.0-win32.win32.x86_64\sts-4.8.1.RELEASE;
USERNAME=Administrator
OS=Windows_NT
PROCESSOR_IDENTIFIER=Intel64 Family 6 Model 183 Stepping 1, GenuineIntel



---------------  S Y S T E M  ---------------

OS:
 Windows 10 , 64 bit Build 26100 (10.0.26100.3775)
OS uptime: 8 days 1:33 hours
HyperV virtualization detected

CPU: total 32 (initial active 32) (16 cores per cpu, 2 threads per core) family 6 model 183 stepping 1, cmov, cx8, fxsr, mmx, sse, sse2, sse3, ssse3, sse4.1, sse4.2, popcnt, vzeroupper, avx, avx2, aes, clmul, erms, 3dnowpref, lzcnt, ht, tsc, tscinvbit, bmi1, bmi2, adx, sha, fma, clflush, clflushopt, clwb

Memory: 4k page, system-wide physical 16070M (1015M free)
TotalPageFile size 33478M (AvailPageFile size 1433M)
current process WorkingSet (physical memory assigned to process): 208M, peak: 290M
current process commit charge ("private bytes"): 352M, peak: 397M

vm_info: OpenJDK 64-Bit Server VM (15+36-1562) for windows-amd64 JRE (15+36-1562), built on Aug 11 2020 22:33:04 by "mach5one" with unknown MS VC++:1925

END.
