#
# A fatal error has been detected by the Java Runtime Environment:
#
#  EXCEPTION_ACCESS_VIOLATION (0xc0000005) at pc=0x0000020600020830, pid=26216, tid=38516
#
# JRE version: OpenJDK Runtime Environment (15.0+36) (build 15+36-1562)
# Java VM: OpenJDK 64-Bit Server VM (15+36-1562, mixed mode, tiered, compressed oops, g1 gc, windows-amd64)
# Problematic frame:
# j  javax.servlet.http.HttpServletRequestWrapper._getHttpServletRequest()Ljavax/servlet/http/HttpServletRequest;+1
#
# No core dump will be written. Minidumps are not enabled by default on client versions of Windows
#
# If you would like to submit a bug report, please visit:
#   https://bugreport.java.com/bugreport/crash.jsp
#

---------------  S U M M A R Y ------------

Command Line: -Dcom.sun.management.jmxremote -Dcom.sun.management.jmxremote.port=51503 -Dcom.sun.management.jmxremote.authenticate=false -Dcom.sun.management.jmxremote.ssl=false -Djava.rmi.server.hostname=localhost -Dspring.jmx.enabled=true -Dspring.application.admin.enabled=true -XX:TieredStopAtLevel=1 -Dspring.boot.project.name=form_update-1 -Dfile.encoding=UTF-8 -XX:+ShowCodeDetailsInExceptionMessages -agentpath:C:\Program Files\SentinelOne\Sentinel Agent 24.1.5.277\SentinelJava64.dll=extendedCapabilities com.example.demo.FormUpdate1Application --spring.output.ansi.enabled=always

Host: Intel(R) Core(TM) i9-14900, 32 cores, 15G,  Windows 10 , 64 bit Build 26100 (10.0.26100.3775)
Time: Tue Apr 22 11:20:47 2025 India Standard Time elapsed time: 20.914067 seconds (0d 0h 0m 20s)

---------------  T H R E A D  ---------------

Current thread (0x0000020615dd8d40):  JavaThread "http-nio-8081-exec-5" daemon [_thread_in_Java, id=38516, stack(0x000000f4c8200000,0x000000f4c8300000)]

Stack: [0x000000f4c8200000,0x000000f4c8300000],  sp=0x000000f4c82fbdb8,  free space=1007k
Native frames: (J=compiled Java code, j=interpreted, Vv=VM code, C=native code)
C  0x0000020600020830


siginfo: EXCEPTION_ACCESS_VIOLATION (0xc0000005), reading address 0x000000017b3b7310


Register to memory mapping:

RIP=0x0000020600020830 is at code_begin+272 in an Interpreter codelet
checkcast  192 checkcast  [0x0000020600020720, 0x0000020600020980]  608 bytes
RAX=0x00000008004250d0 is a pointer to class: 
javax.servlet.http.HttpServletRequest {0x00000008004250d8}
RBX=0x0 is NULL
RCX=0x0000020619e96c18 is pointing into metadata
RDX=0x000000017b3b7308 is an unknown value
RSP=0x000000f4c82fbdb8 is pointing into the stack for thread: 0x0000020615dd8d40
RBP=0x000000f4c82fbe00 is pointing into the stack for thread: 0x0000020615dd8d40
RSI=0x0000000000000001 is an unknown value
RDI=0x000000f4c82fc2b0 is pointing into the stack for thread: 0x0000020615dd8d40
R8 =0x000000f4c82fc2c0 is pointing into the stack for thread: 0x0000020615dd8d40
R9 =0x0000000000000001 is an unknown value
R10=0x00007ffe1a5711c0 jvm.dll
R11=0x000000f4c82fc018 is pointing into the stack for thread: 0x0000020615dd8d40
R12=0x0 is NULL
R13=0x0000020619e96ea4 is pointing into metadata
R14=0x000000f4c82fbe10 is pointing into the stack for thread: 0x0000020615dd8d40
R15=0x0000020615dd8d40 is a thread


Registers:
RAX=0x00000008004250d0, RBX=0x0000000000000000, RCX=0x0000020619e96c18, RDX=0x000000017b3b7308
RSP=0x000000f4c82fbdb8, RBP=0x000000f4c82fbe00, RSI=0x0000000000000001, RDI=0x000000f4c82fc2b0
R8 =0x000000f4c82fc2c0, R9 =0x0000000000000001, R10=0x00007ffe1a5711c0, R11=0x000000f4c82fc018
R12=0x0000000000000000, R13=0x0000020619e96ea4, R14=0x000000f4c82fbe10, R15=0x0000020615dd8d40
RIP=0x0000020600020830, EFLAGS=0x0000000000010246

Top of Stack: (sp=0x000000f4c82fbdb8)
0x000000f4c82fbdb8:   000000f4c82fbdb8 0000020619e96ea1
0x000000f4c82fbdc8:   000000f4c82fbe10 0000020619e98ef0
0x000000f4c82fbdd8:   0000000000000000 00000007079fd418
0x000000f4c82fbde8:   0000020619e96ec0 0000000000000000
0x000000f4c82fbdf8:   000000f4c82fbe10 000000f4c82fbe60
0x000000f4c82fbe08:   0000020600009ee0 0000020614060130
0x000000f4c82fbe18:   000000f4c82fbe18 0000020619e970b1
0x000000f4c82fbe28:   000000f4c82fbe78 0000020619e98ef0
0x000000f4c82fbe38:   000002061b56dd58 00000007079fd418
0x000000f4c82fbe48:   0000020619e970e0 000000f4c82fbe10
0x000000f4c82fbe58:   000000f4c82fbe70 000000f4c82fc050
0x000000f4c82fbe68:   0000020600000f90 0000000709ad62f0
0x000000f4c82fbe78:   0000020614060130 000002067299da00
0x000000f4c82fbe88:   0000020618155770 0000020615dd8d40
0x000000f4c82fbe98:   00007ffe19e95dbe 0000020614065ee0
0x000000f4c82fbea8:   0000002600000014 0000000000000026 

Instructions: (pc=0x0000020600020830)
0x0000020600020730:   49 08 48 8b 49 08 48 8b 51 08 41 0f b7 5d 01 0f
0x0000020600020740:   cb c1 eb 10 80 7c 1a 04 07 0f 84 d0 00 00 00 50
0x0000020600020750:   e8 05 00 00 00 e9 aa 00 00 00 48 8d 44 24 08 4c
0x0000020600020760:   89 6d c0 49 8b cf c5 f8 77 49 89 af 18 03 00 00
0x0000020600020770:   49 89 87 08 03 00 00 48 83 ec 20 f7 c4 0f 00 00
0x0000020600020780:   00 0f 84 1a 00 00 00 48 83 ec 08 49 ba 00 c1 e0
0x0000020600020790:   19 fe 7f 00 00 41 ff d2 48 83 c4 08 e9 0d 00 00
0x00000206000207a0:   00 49 ba 00 c1 e0 19 fe 7f 00 00 41 ff d2 48 83
0x00000206000207b0:   c4 20 49 ba 00 00 00 00 00 00 00 00 4d 89 97 08
0x00000206000207c0:   03 00 00 49 ba 00 00 00 00 00 00 00 00 4d 89 97
0x00000206000207d0:   18 03 00 00 49 ba 00 00 00 00 00 00 00 00 4d 89
0x00000206000207e0:   97 10 03 00 00 c5 f8 77 49 81 7f 08 00 00 00 00
0x00000206000207f0:   0f 84 05 00 00 00 e9 85 06 fe ff 4c 8b 6d c0 4c
0x0000020600020800:   8b 75 c8 c3 49 8b 87 68 03 00 00 49 ba 00 00 00
0x0000020600020810:   00 00 00 00 00 4d 89 97 68 03 00 00 5a eb 11 48
0x0000020600020820:   8b d0 66 8b 5c d9 48 48 8b 49 28 48 8b 44 d9 08
0x0000020600020830:   8b 5a 08 49 ba 00 00 00 00 08 00 00 00 49 03 da
0x0000020600020840:   48 8b 4d d8 48 85 c9 0f 84 8a 00 00 00 48 8b 79
0x0000020600020850:   18 48 3b fb 0f 85 0f 00 00 00 48 83 41 20 01 48
0x0000020600020860:   83 59 20 00 e9 66 00 00 00 48 85 ff 0f 84 37 00
0x0000020600020870:   00 00 48 8b 79 28 48 3b fb 0f 85 0f 00 00 00 48
0x0000020600020880:   83 41 30 01 48 83 59 30 00 e9 41 00 00 00 48 85
0x0000020600020890:   ff 0f 85 38 00 00 00 48 89 59 28 bf 01 00 00 00
0x00000206000208a0:   48 89 79 30 e9 26 00 00 00 48 3b 59 28 0f 85 0f
0x00000206000208b0:   00 00 00 48 83 41 30 01 48 83 59 30 00 e9 0d 00
0x00000206000208c0:   00 00 48 89 59 18 bf 01 00 00 00 48 89 79 20 48
0x00000206000208d0:   83 c1 38 48 89 4d d8 48 3b d8 0f 84 5b 00 00 00
0x00000206000208e0:   8b 48 14 48 3b 04 0b 0f 84 4e 00 00 00 83 f9 20
0x00000206000208f0:   0f 85 22 00 00 00 50 48 8b c0 57 48 8b 7b 28 8b
0x0000020600020900:   0f 48 83 c7 08 48 85 c0 f2 48 af 5f 58 75 09 48
0x0000020600020910:   89 43 20 e9 23 00 00 00 48 8b 4d d8 48 85 c9 0f
0x0000020600020920:   84 10 00 00 00 48 83 41 d0 ff 0f 88 05 00 00 00 


Stack slot to memory mapping:
stack at sp + 0 slots: 0x000000f4c82fbdb8 is pointing into the stack for thread: 0x0000020615dd8d40
stack at sp + 1 slots: 0x0000020619e96ea1 is pointing into metadata
stack at sp + 2 slots: 0x000000f4c82fbe10 is pointing into the stack for thread: 0x0000020615dd8d40
stack at sp + 3 slots: 0x0000020619e98ef0 is pointing into metadata
stack at sp + 4 slots: 0x0 is NULL
stack at sp + 5 slots: 0x00000007079fd418 is an oop: java.lang.Class 
{0x00000007079fd418} - klass: 'java/lang/Class'
stack at sp + 6 slots: {method} {0x0000020619e96ec8} '_getHttpServletRequest' '()Ljavax/servlet/http/HttpServletRequest;' in 'javax/servlet/http/HttpServletRequestWrapper'
stack at sp + 7 slots: 0x0 is NULL

checkcast  192 checkcast  [0x0000020600020720, 0x0000020600020980]  608 bytes
[MachCode]
  0x0000020600020720: 5848 85c0 | 0f84 1902 | 0000 488b | 4de8 488b | 4908 488b | 4908 488b | 5108 410f | b75d 010f 
  0x0000020600020740: cbc1 eb10 | 807c 1a04 | 070f 84d0 | 0000 0050 | e805 0000 | 00e9 aa00 | 0000 488d | 4424 084c 
  0x0000020600020760: 896d c049 | 8bcf c5f8 | 7749 89af | 1803 0000 | 4989 8708 | 0300 0048 | 83ec 20f7 | c40f 0000 
  0x0000020600020780: 000f 841a | 0000 0048 | 83ec 0849 | ba00 c1e0 | 19fe 7f00 | 0041 ffd2 | 4883 c408 | e90d 0000 
  0x00000206000207a0: 0049 ba00 | c1e0 19fe | 7f00 0041 | ffd2 4883 | c420 49ba | 0000 0000 | 0000 0000 | 4d89 9708 
  0x00000206000207c0: 0300 0049 | ba00 0000 | 0000 0000 | 004d 8997 | 1803 0000 | 49ba 0000 | 0000 0000 | 0000 4d89 
  0x00000206000207e0: 9710 0300 | 00c5 f877 | 4981 7f08 | 0000 0000 | 0f84 0500 | 0000 e985 | 06fe ff4c | 8b6d c04c 
  0x0000020600020800: 8b75 c8c3 | 498b 8768 | 0300 0049 | ba00 0000 | 0000 0000 | 004d 8997 | 6803 0000 | 5aeb 1148 
  0x0000020600020820: 8bd0 668b | 5cd9 4848 | 8b49 2848 | 8b44 d908 | 8b5a 0849 | ba00 0000 | 0008 0000 | 0049 03da 
  0x0000020600020840: 488b 4dd8 | 4885 c90f | 848a 0000 | 0048 8b79 | 1848 3bfb | 0f85 0f00 | 0000 4883 | 4120 0148 
  0x0000020600020860: 8359 2000 | e966 0000 | 0048 85ff | 0f84 3700 | 0000 488b | 7928 483b | fb0f 850f | 0000 0048 
  0x0000020600020880: 8341 3001 | 4883 5930 | 00e9 4100 | 0000 4885 | ff0f 8538 | 0000 0048 | 8959 28bf | 0100 0000 
  0x00000206000208a0: 4889 7930 | e926 0000 | 0048 3b59 | 280f 850f | 0000 0048 | 8341 3001 | 4883 5930 | 00e9 0d00 
  0x00000206000208c0: 0000 4889 | 5918 bf01 | 0000 0048 | 8979 2048 | 83c1 3848 | 894d d848 | 3bd8 0f84 | 5b00 0000 
  0x00000206000208e0: 8b48 1448 | 3b04 0b0f | 844e 0000 | 0083 f920 | 0f85 2200 | 0000 5048 | 8bc0 5748 | 8b7b 288b 
  0x0000020600020900: 0f48 83c7 | 0848 85c0 | f248 af5f | 5875 0948 | 8943 20e9 | 2300 0000 | 488b 4dd8 | 4885 c90f 
  0x0000020600020920: 8410 0000 | 0048 8341 | d0ff 0f88 | 0500 0000 | 4883 41d0 | 0152 e962 | d1fe ff48 | 8bc2 e919 
  0x0000020600020940: 0000 0048 | 8b4d d848 | 85c9 0f84 | 0c00 0000 | 8049 0101 | 4883 c138 | 4889 4dd8 | 410f b65d 
  0x0000020600020960: 0349 83c5 | 0349 bac0 | 1157 1afe | 7f00 0041 | ff24 da0f | 1f44 0000 | 0000 0000 | 0000 0000 
[/MachCode]

---------------  P R O C E S S  ---------------

Threads class SMR info:
_java_thread_list=0x0000020617f708e0, length=41, elements={
0x0000020614185610, 0x0000020614187c10, 0x00000206141d0540, 0x00000206141d0a10,
0x00000206141d38e0, 0x00000206141e2410, 0x00000206141e6940, 0x00000206141d6900,
0x00000206141d4750, 0x00000206141d50f0, 0x00000206141d3db0, 0x00000206141d4280,
0x0000020615395c30, 0x00000206153948f0, 0x0000020615395290, 0x00000206153935b0,
0x0000020615dda080, 0x0000020615dd7060, 0x0000020615dd9bb0, 0x0000020615dda550,
0x0000020615ddaef0, 0x0000020615ddb890, 0x0000020615ddc230, 0x0000020615ddbd60,
0x0000020615ddb3c0, 0x0000020615dd8870, 0x0000020615ddc700, 0x0000020615dd8d40,
0x0000020615ddcbd0, 0x0000020615ddd0a0, 0x0000020615dd96e0, 0x0000020615dde3e0,
0x0000020615ddd570, 0x0000020615ddda40, 0x0000020615dde8b0, 0x0000020615dddf10,
0x00000206141d5f60, 0x000002061844a5b0, 0x000002061844af50, 0x000002061844b420,
0x0000020618448400
}

Java Threads: ( => current thread )
  0x0000020614185610 JavaThread "Reference Handler" daemon [_thread_blocked, id=28876, stack(0x000000f4c5200000,0x000000f4c5300000)]
  0x0000020614187c10 JavaThread "Finalizer" daemon [_thread_blocked, id=29844, stack(0x000000f4c5300000,0x000000f4c5400000)]
  0x00000206141d0540 JavaThread "Signal Dispatcher" daemon [_thread_blocked, id=15592, stack(0x000000f4c5400000,0x000000f4c5500000)]
  0x00000206141d0a10 JavaThread "Attach Listener" daemon [_thread_blocked, id=28756, stack(0x000000f4c5500000,0x000000f4c5600000)]
  0x00000206141d38e0 JavaThread "Service Thread" daemon [_thread_blocked, id=4092, stack(0x000000f4c5600000,0x000000f4c5700000)]
  0x00000206141e2410 JavaThread "C1 CompilerThread0" daemon [_thread_blocked, id=34296, stack(0x000000f4c5700000,0x000000f4c5800000)]
  0x00000206141e6940 JavaThread "Sweeper thread" daemon [_thread_blocked, id=9384, stack(0x000000f4c5800000,0x000000f4c5900000)]
  0x00000206141d6900 JavaThread "Common-Cleaner" daemon [_thread_blocked, id=21084, stack(0x000000f4c5900000,0x000000f4c5a00000)]
  0x00000206141d4750 JavaThread "Notification Thread" daemon [_thread_blocked, id=29744, stack(0x000000f4c5a00000,0x000000f4c5b00000)]
  0x00000206141d50f0 JavaThread "RMI TCP Accept-0" daemon [_thread_in_native, id=31520, stack(0x000000f4c5b00000,0x000000f4c5c00000)]
  0x00000206141d3db0 JavaThread "RMI TCP Accept-51503" daemon [_thread_in_native, id=26448, stack(0x000000f4c5c00000,0x000000f4c5d00000)]
  0x00000206141d4280 JavaThread "RMI TCP Accept-0" daemon [_thread_in_native, id=3840, stack(0x000000f4c5d00000,0x000000f4c5e00000)]
  0x0000020615395c30 JavaThread "RMI TCP Connection(1)-127.0.0.1" daemon [_thread_in_native, id=37924, stack(0x000000f4c6600000,0x000000f4c6700000)]
  0x00000206153948f0 JavaThread "RMI Scheduler(0)" daemon [_thread_blocked, id=12600, stack(0x000000f4c6700000,0x000000f4c6800000)]
  0x0000020615395290 JavaThread "RMI TCP Connection(2)-127.0.0.1" daemon [_thread_in_native, id=18368, stack(0x000000f4c6800000,0x000000f4c6900000)]
  0x00000206153935b0 JavaThread "JMX server connection timeout 35" daemon [_thread_blocked, id=38224, stack(0x000000f4c6900000,0x000000f4c6a00000)]
  0x0000020615dda080 JavaThread "Catalina-utility-1" [_thread_blocked, id=33656, stack(0x000000f4c6a00000,0x000000f4c6b00000)]
  0x0000020615dd7060 JavaThread "Catalina-utility-2" [_thread_blocked, id=10620, stack(0x000000f4c7200000,0x000000f4c7300000)]
  0x0000020615dd9bb0 JavaThread "container-0" [_thread_blocked, id=22016, stack(0x000000f4c7300000,0x000000f4c7400000)]
  0x0000020615dda550 JavaThread "mysql-cj-abandoned-connection-cleanup" daemon [_thread_blocked, id=16344, stack(0x000000f4c7400000,0x000000f4c7500000)]
  0x0000020615ddaef0 JavaThread "HikariPool-1 housekeeper" daemon [_thread_blocked, id=12920, stack(0x000000f4c7a00000,0x000000f4c7b00000)]
  0x0000020615ddb890 JavaThread "File Watcher" daemon [_thread_blocked, id=27360, stack(0x000000f4c7c00000,0x000000f4c7d00000)]
  0x0000020615ddc230 JavaThread "Live Reload Server" daemon [_thread_in_native, id=18036, stack(0x000000f4c7e00000,0x000000f4c7f00000)]
  0x0000020615ddbd60 JavaThread "http-nio-8081-exec-1" daemon [_thread_blocked, id=2272, stack(0x000000f4c7d00000,0x000000f4c7e00000)]
  0x0000020615ddb3c0 JavaThread "http-nio-8081-exec-2" daemon [_thread_blocked, id=33648, stack(0x000000f4c7f00000,0x000000f4c8000000)]
  0x0000020615dd8870 JavaThread "http-nio-8081-exec-3" daemon [_thread_blocked, id=34040, stack(0x000000f4c8000000,0x000000f4c8100000)]
  0x0000020615ddc700 JavaThread "http-nio-8081-exec-4" daemon [_thread_blocked, id=17956, stack(0x000000f4c8100000,0x000000f4c8200000)]
=>0x0000020615dd8d40 JavaThread "http-nio-8081-exec-5" daemon [_thread_in_Java, id=38516, stack(0x000000f4c8200000,0x000000f4c8300000)]
  0x0000020615ddcbd0 JavaThread "http-nio-8081-exec-6" daemon [_thread_blocked, id=30036, stack(0x000000f4c8300000,0x000000f4c8400000)]
  0x0000020615ddd0a0 JavaThread "http-nio-8081-exec-7" daemon [_thread_blocked, id=33368, stack(0x000000f4c8400000,0x000000f4c8500000)]
  0x0000020615dd96e0 JavaThread "http-nio-8081-exec-8" daemon [_thread_blocked, id=31976, stack(0x000000f4c8500000,0x000000f4c8600000)]
  0x0000020615dde3e0 JavaThread "http-nio-8081-exec-9" daemon [_thread_blocked, id=11652, stack(0x000000f4c8600000,0x000000f4c8700000)]
  0x0000020615ddd570 JavaThread "http-nio-8081-exec-10" daemon [_thread_blocked, id=6380, stack(0x000000f4c8700000,0x000000f4c8800000)]
  0x0000020615ddda40 JavaThread "http-nio-8081-Poller" daemon [_thread_in_native, id=38272, stack(0x000000f4c8800000,0x000000f4c8900000)]
  0x0000020615dde8b0 JavaThread "http-nio-8081-Acceptor" daemon [_thread_in_native, id=37524, stack(0x000000f4c8900000,0x000000f4c8a00000)]
  0x0000020615dddf10 JavaThread "DestroyJavaVM" [_thread_blocked, id=16360, stack(0x000000f4c4b00000,0x000000f4c4c00000)]
  0x00000206141d5f60 JavaThread "RMI TCP Connection(3)-127.0.0.1" daemon [_thread_in_native, id=13240, stack(0x000000f4c6500000,0x000000f4c6600000)]
  0x000002061844a5b0 JavaThread "RMI TCP Connection(4)-127.0.0.1" daemon [_thread_in_native, id=16576, stack(0x000000f4c8a00000,0x000000f4c8b00000)]
  0x000002061844af50 JavaThread "RMI TCP Connection(5)-127.0.0.1" daemon [_thread_in_native, id=15120, stack(0x000000f4c8b00000,0x000000f4c8c00000)]
  0x000002061844b420 JavaThread "RMI TCP Connection(6)-127.0.0.1" daemon [_thread_in_native, id=29060, stack(0x000000f4c8c00000,0x000000f4c8d00000)]
  0x0000020618448400 JavaThread "RMI TCP Connection(7)-127.0.0.1" daemon [_thread_in_native, id=36572, stack(0x000000f4c8e00000,0x000000f4c8f00000)]

Other Threads:
  0x000002061417c190 VMThread "VM Thread" [stack: 0x000000f4c5100000,0x000000f4c5200000] [id=19380]
  0x00000206729a00d0 WatcherThread [stack: 0x000000f4c5e00000,0x000000f4c5f00000] [id=28896]
  0x00000206729f4eb0 GCTaskThread "GC Thread#0" [stack: 0x000000f4c4c00000,0x000000f4c4d00000] [id=32072]
  0x0000020614878d50 GCTaskThread "GC Thread#1" [stack: 0x000000f4c5f00000,0x000000f4c6000000] [id=9092]
  0x000002061487b390 GCTaskThread "GC Thread#2" [stack: 0x000000f4c6000000,0x000000f4c6100000] [id=24884]
  0x00000206148786f0 GCTaskThread "GC Thread#3" [stack: 0x000000f4c6100000,0x000000f4c6200000] [id=15872]
  0x0000020614878090 GCTaskThread "GC Thread#4" [stack: 0x000000f4c6200000,0x000000f4c6300000] [id=38780]
  0x000002061487a3a0 GCTaskThread "GC Thread#5" [stack: 0x000000f4c6300000,0x000000f4c6400000] [id=4076]
  0x00000206148796e0 GCTaskThread "GC Thread#6" [stack: 0x000000f4c6b00000,0x000000f4c6c00000] [id=16356]
  0x0000020614879a10 GCTaskThread "GC Thread#7" [stack: 0x000000f4c6c00000,0x000000f4c6d00000] [id=8476]
  0x00000206159ca490 GCTaskThread "GC Thread#8" [stack: 0x000000f4c7500000,0x000000f4c7600000] [id=31684]
  0x00000206159c97d0 GCTaskThread "GC Thread#9" [stack: 0x000000f4c7600000,0x000000f4c7700000] [id=15832]
  0x00000206159c9b00 GCTaskThread "GC Thread#10" [stack: 0x000000f4c7700000,0x000000f4c7800000] [id=31848]
  0x00000206159c9e30 GCTaskThread "GC Thread#11" [stack: 0x000000f4c7800000,0x000000f4c7900000] [id=27120]
  0x0000020672a05920 ConcurrentGCThread "G1 Main Marker" [stack: 0x000000f4c4d00000,0x000000f4c4e00000] [id=28920]
  0x0000020672a08110 ConcurrentGCThread "G1 Conc#0" [stack: 0x000000f4c4e00000,0x000000f4c4f00000] [id=37068]
  0x000002061487b6c0 ConcurrentGCThread "G1 Conc#1" [stack: 0x000000f4c6d00000,0x000000f4c6e00000] [id=37352]
  0x0000020614878a20 ConcurrentGCThread "G1 Conc#2" [stack: 0x000000f4c6e00000,0x000000f4c6f00000] [id=15580]
  0x0000020614879d40 ConcurrentGCThread "G1 Conc#3" [stack: 0x000000f4c6f00000,0x000000f4c7000000] [id=33456]
  0x000002061487a6d0 ConcurrentGCThread "G1 Conc#4" [stack: 0x000000f4c7000000,0x000000f4c7100000] [id=3080]
  0x0000020614879080 ConcurrentGCThread "G1 Conc#5" [stack: 0x000000f4c7100000,0x000000f4c7200000] [id=8844]
  0x000002067ef6b4e0 ConcurrentGCThread "G1 Refine#0" [stack: 0x000000f4c4f00000,0x000000f4c5000000] [id=30688]
  0x000002067ef6c850 ConcurrentGCThread "G1 Young RemSet Sampling" [stack: 0x000000f4c5000000,0x000000f4c5100000] [id=15964]

Threads with active compile tasks:

VM state: not at safepoint (normal execution)

VM Mutex/Monitor currently owned by a thread: None

Heap address: 0x0000000704e00000, size: 4018 MB, Compressed Oops mode: Zero based, Oop shift amount: 3
CDS disabled.
Compressed class space mapped at: 0x0000000800000000-0x0000000840000000, size: 1073741824
Narrow klass base: 0x0000000800000000, Narrow klass shift: 0, Narrow klass range: 0x40000000

GC Precious Log:
 CPUs: 32 total, 32 available
 Memory: 16070M
 Large Page Support: Disabled
 NUMA Support: Disabled
 Compressed Oops: Enabled (Zero based)
 Heap Region Size: 2M
 Heap Min Capacity: 8M
 Heap Initial Capacity: 252M
 Heap Max Capacity: 4018M
 Pre-touch: Disabled
 Parallel Workers: 23
 Concurrent Workers: 6
 Concurrent Refinement Workers: 23
 Periodic GC: Disabled

Heap:
 garbage-first heap   total 102400K, used 49397K [0x0000000704e00000, 0x0000000800000000)
  region size 2048K, 14 young (28672K), 4 survivors (8192K)
 Metaspace       used 72731K, capacity 73400K, committed 73600K, reserved 1114112K
  class space    used 9013K, capacity 9222K, committed 9344K, reserved 1048576K

Heap Regions: E=young(eden), S=young(survivor), O=old, HS=humongous(starts), HC=humongous(continues), CS=collection set, F=free, OA=open archive, CA=closed archive, TAMS=top-at-mark-start (previous, next)
|   0|0x0000000704e00000, 0x0000000705000000, 0x0000000705000000|100%| O|  |TAMS 0x0000000705000000, 0x0000000704e00000| Untracked 
|   1|0x0000000705000000, 0x0000000705200000, 0x0000000705200000|100%| O|  |TAMS 0x0000000705200000, 0x0000000705000000| Untracked 
|   2|0x0000000705200000, 0x0000000705400000, 0x0000000705400000|100%| O|  |TAMS 0x0000000705400000, 0x0000000705200000| Untracked 
|   3|0x0000000705400000, 0x0000000705451600, 0x0000000705600000| 15%| O|  |TAMS 0x0000000705451600, 0x0000000705400000| Untracked 
|   4|0x0000000705600000, 0x0000000705800000, 0x0000000705800000|100%| O|  |TAMS 0x0000000705800000, 0x0000000705600000| Untracked 
|   5|0x0000000705800000, 0x0000000705a00000, 0x0000000705a00000|100%| O|  |TAMS 0x0000000705a00000, 0x0000000705800000| Untracked 
|   6|0x0000000705a00000, 0x0000000705c00000, 0x0000000705c00000|100%| O|  |TAMS 0x0000000705c00000, 0x0000000705a00000| Untracked 
|   7|0x0000000705c00000, 0x0000000705e00000, 0x0000000705e00000|100%| O|  |TAMS 0x0000000705da7200, 0x0000000705c00000| Untracked 
|   8|0x0000000705e00000, 0x0000000706000000, 0x0000000706000000|100%| O|  |TAMS 0x0000000705e00000, 0x0000000705e00000| Untracked 
|   9|0x0000000706000000, 0x000000070608a000, 0x0000000706200000| 26%| O|  |TAMS 0x0000000706000000, 0x0000000706000000| Untracked 
|  10|0x0000000706200000, 0x0000000706400000, 0x0000000706400000|100%| O|  |TAMS 0x0000000706200000, 0x0000000706200000| Untracked 
|  11|0x0000000706400000, 0x00000007064b1e00, 0x0000000706600000| 34%| O|  |TAMS 0x0000000706400000, 0x0000000706400000| Untracked 
|  12|0x0000000706600000, 0x0000000706600000, 0x0000000706800000|  0%| F|  |TAMS 0x0000000706600000, 0x0000000706600000| Untracked 
|  13|0x0000000706800000, 0x0000000706800000, 0x0000000706a00000|  0%| F|  |TAMS 0x0000000706800000, 0x0000000706800000| Untracked 
|  14|0x0000000706a00000, 0x0000000706a00000, 0x0000000706c00000|  0%| F|  |TAMS 0x0000000706a00000, 0x0000000706a00000| Untracked 
|  15|0x0000000706c00000, 0x0000000706c00000, 0x0000000706e00000|  0%| F|  |TAMS 0x0000000706c00000, 0x0000000706c00000| Untracked 
|  16|0x0000000706e00000, 0x0000000706e00000, 0x0000000707000000|  0%| F|  |TAMS 0x0000000706e00000, 0x0000000706e00000| Untracked 
|  17|0x0000000707000000, 0x0000000707000000, 0x0000000707200000|  0%| F|  |TAMS 0x0000000707000000, 0x0000000707000000| Untracked 
|  18|0x0000000707200000, 0x0000000707200000, 0x0000000707400000|  0%| F|  |TAMS 0x0000000707200000, 0x0000000707200000| Untracked 
|  19|0x0000000707400000, 0x00000007074b01c0, 0x0000000707600000| 34%| S|CS|TAMS 0x0000000707400000, 0x0000000707400000| Complete 
|  20|0x0000000707600000, 0x0000000707800000, 0x0000000707800000|100%| S|CS|TAMS 0x0000000707600000, 0x0000000707600000| Complete 
|  21|0x0000000707800000, 0x0000000707a00000, 0x0000000707a00000|100%| S|CS|TAMS 0x0000000707800000, 0x0000000707800000| Complete 
|  22|0x0000000707a00000, 0x0000000707c00000, 0x0000000707c00000|100%| S|CS|TAMS 0x0000000707a00000, 0x0000000707a00000| Complete 
|  23|0x0000000707c00000, 0x0000000707c00000, 0x0000000707e00000|  0%| F|  |TAMS 0x0000000707c00000, 0x0000000707c00000| Untracked 
|  24|0x0000000707e00000, 0x0000000707e00000, 0x0000000708000000|  0%| F|  |TAMS 0x0000000707e00000, 0x0000000707e00000| Untracked 
|  25|0x0000000708000000, 0x0000000708000000, 0x0000000708200000|  0%| F|  |TAMS 0x0000000708000000, 0x0000000708000000| Untracked 
|  26|0x0000000708200000, 0x0000000708200000, 0x0000000708400000|  0%| F|  |TAMS 0x0000000708200000, 0x0000000708200000| Untracked 
|  27|0x0000000708400000, 0x0000000708400000, 0x0000000708600000|  0%| F|  |TAMS 0x0000000708400000, 0x0000000708400000| Untracked 
|  28|0x0000000708600000, 0x0000000708600000, 0x0000000708800000|  0%| F|  |TAMS 0x0000000708600000, 0x0000000708600000| Untracked 
|  29|0x0000000708800000, 0x0000000708800000, 0x0000000708a00000|  0%| F|  |TAMS 0x0000000708800000, 0x0000000708800000| Untracked 
|  30|0x0000000708a00000, 0x0000000708a00000, 0x0000000708c00000|  0%| F|  |TAMS 0x0000000708a00000, 0x0000000708a00000| Untracked 
|  31|0x0000000708c00000, 0x0000000708c00000, 0x0000000708e00000|  0%| F|  |TAMS 0x0000000708c00000, 0x0000000708c00000| Untracked 
|  32|0x0000000708e00000, 0x0000000708e00000, 0x0000000709000000|  0%| F|  |TAMS 0x0000000708e00000, 0x0000000708e00000| Untracked 
|  33|0x0000000709000000, 0x0000000709000000, 0x0000000709200000|  0%| F|  |TAMS 0x0000000709000000, 0x0000000709000000| Untracked 
|  34|0x0000000709200000, 0x0000000709200000, 0x0000000709400000|  0%| F|  |TAMS 0x0000000709200000, 0x0000000709200000| Untracked 
|  35|0x0000000709400000, 0x0000000709400000, 0x0000000709600000|  0%| F|  |TAMS 0x0000000709400000, 0x0000000709400000| Untracked 
|  36|0x0000000709600000, 0x0000000709600000, 0x0000000709800000|  0%| F|  |TAMS 0x0000000709600000, 0x0000000709600000| Untracked 
|  37|0x0000000709800000, 0x0000000709800000, 0x0000000709a00000|  0%| F|  |TAMS 0x0000000709800000, 0x0000000709800000| Untracked 
|  38|0x0000000709a00000, 0x0000000709b5ed20, 0x0000000709c00000| 68%| E|  |TAMS 0x0000000709a00000, 0x0000000709a00000| Complete 
|  39|0x0000000709c00000, 0x0000000709e00000, 0x0000000709e00000|100%| E|CS|TAMS 0x0000000709c00000, 0x0000000709c00000| Complete 
|  40|0x0000000709e00000, 0x000000070a000000, 0x000000070a000000|100%| E|CS|TAMS 0x0000000709e00000, 0x0000000709e00000| Complete 
|  41|0x000000070a000000, 0x000000070a200000, 0x000000070a200000|100%| E|CS|TAMS 0x000000070a000000, 0x000000070a000000| Complete 
|  42|0x000000070a200000, 0x000000070a400000, 0x000000070a400000|100%| E|CS|TAMS 0x000000070a200000, 0x000000070a200000| Complete 
|  43|0x000000070a400000, 0x000000070a600000, 0x000000070a600000|100%| E|CS|TAMS 0x000000070a400000, 0x000000070a400000| Complete 
|  44|0x000000070a600000, 0x000000070a800000, 0x000000070a800000|100%| E|CS|TAMS 0x000000070a600000, 0x000000070a600000| Complete 
|  45|0x000000070a800000, 0x000000070aa00000, 0x000000070aa00000|100%| E|CS|TAMS 0x000000070a800000, 0x000000070a800000| Complete 
|  46|0x000000070aa00000, 0x000000070ac00000, 0x000000070ac00000|100%| E|CS|TAMS 0x000000070aa00000, 0x000000070aa00000| Complete 
| 125|0x0000000714800000, 0x0000000714a00000, 0x0000000714a00000|100%| E|CS|TAMS 0x0000000714800000, 0x0000000714800000| Complete 
|2007|0x00000007ffc00000, 0x00000007ffe00000, 0x00000007ffe00000|100%| O|  |TAMS 0x00000007ffe00000, 0x00000007ffc00000| Untracked 
|2008|0x00000007ffe00000, 0x0000000800000000, 0x0000000800000000|100%| O|  |TAMS 0x0000000800000000, 0x00000007ffe00000| Untracked 

Card table byte_map: [0x0000020677e70000,0x0000020678650000] _byte_map_base: 0x0000020674649000

Marking Bits (Prev, Next): (CMBitMap*) 0x00000206729f54f0, (CMBitMap*) 0x00000206729f54b0
 Prev Bits: [0x000002060f000000, 0x0000020612ec8000)
 Next Bits: [0x0000020678e30000, 0x000002067ccf8000)

Polling page: 0x0000020670900000

Metaspace:

Usage:
  Non-class:     62.67 MB capacity,    62.22 MB (>99%) used,   368.85 KB ( <1%) free+waste,    91.81 KB ( <1%) overhead. 
      Class:      9.01 MB capacity,     8.80 MB ( 98%) used,   174.33 KB (  2%) free+waste,    33.94 KB ( <1%) overhead. 
       Both:     71.68 MB capacity,    71.03 MB (>99%) used,   543.18 KB ( <1%) free+waste,   125.75 KB ( <1%) overhead. 

Virtual space:
  Non-class space:       64.00 MB reserved,      62.75 MB ( 98%) committed 
      Class space:        1.00 GB reserved,       9.12 MB ( <1%) committed 
             Both:        1.06 GB reserved,      71.88 MB (  7%) committed 

Chunk freelists:
   Non-Class:  14.00 KB
       Class:  26.00 KB
        Both:  40.00 KB

MaxMetaspaceSize: 17179869184.00 GB
CompressedClassSpaceSize: 1.00 GB

CodeHeap 'non-profiled nmethods': size=232192Kb used=10251Kb max_used=10251Kb free=221940Kb
 bounds [0x0000020600d40000, 0x0000020601750000, 0x000002060f000000]
CodeHeap 'non-nmethods': size=13568Kb used=1335Kb max_used=1335Kb free=12232Kb
 bounds [0x0000020600000000, 0x0000020600270000, 0x0000020600d40000]
 total_blobs=6358 nmethods=5722 adapters=563
 compilation: enabled
              stopped_count=0, restarted_count=0
 full_count=0

Compilation events (20 events):
Event: 20.839 Thread 0x00000206141e2410 5713       1       javax.el.ELContext::isPropertyResolved (5 bytes)
Event: 20.839 Thread 0x00000206141e2410 nmethod 5713 0x000002060173fd10 code [0x000002060173fea0, 0x000002060173ff58]
Event: 20.840 Thread 0x00000206141e2410 5714       1       org.springframework.core.convert.Property::getReadMethod (5 bytes)
Event: 20.840 Thread 0x00000206141e2410 nmethod 5714 0x0000020601740010 code [0x00000206017401a0, 0x0000020601740258]
Event: 20.857 Thread 0x00000206141e2410 5715       1       org.springframework.web.util.HtmlCharacterEntityReferences::convertToReference (134 bytes)
Event: 20.857 Thread 0x00000206141e2410 nmethod 5715 0x0000020601740310 code [0x00000206017404c0, 0x0000020601740728]
Event: 20.857 Thread 0x00000206141e2410 5716       1       org.springframework.web.servlet.tags.form.AbstractFormTag::writeOptionalAttribute (20 bytes)
Event: 20.858 Thread 0x00000206141e2410 nmethod 5716 0x0000020601740890 code [0x0000020601740a80, 0x0000020601740e28]
Event: 20.865 Thread 0x00000206141e2410 5717       1       org.springframework.core.SerializableTypeWrapper$MethodParameterTypeProvider::<init> (59 bytes)
Event: 20.865 Thread 0x00000206141e2410 nmethod 5717 0x0000020601741190 code [0x0000020601741360, 0x0000020601741698]
Event: 20.878 Thread 0x00000206141e2410 5718       1       org.springframework.beans.GenericTypeAwarePropertyDescriptor::getPropertyType (5 bytes)
Event: 20.878 Thread 0x00000206141e2410 nmethod 5718 0x0000020601741810 code [0x00000206017419a0, 0x0000020601741a58]
Event: 20.881 Thread 0x00000206141e2410 5719       1       org.springframework.validation.AbstractErrors::getNestedPath (5 bytes)
Event: 20.882 Thread 0x00000206141e2410 nmethod 5719 0x0000020601741b10 code [0x0000020601741ca0, 0x0000020601741d58]
Event: 20.908 Thread 0x00000206141e2410 5720       1       org.springframework.beans.PropertyAccessorUtils::getNestedPropertySeparatorIndex (118 bytes)
Event: 20.909 Thread 0x00000206141e2410 nmethod 5720 0x0000020601741e10 code [0x0000020601741fc0, 0x0000020601742338]
Event: 20.909 Thread 0x00000206141e2410 5721       1       org.springframework.core.MethodParameter::computeParameterType (59 bytes)
Event: 20.909 Thread 0x00000206141e2410 nmethod 5721 0x0000020601742690 code [0x0000020601742840, 0x00000206017429d8]
Event: 20.910 Thread 0x00000206141e2410 5722       1       org.springframework.validation.BeanPropertyBindingResult::getTarget (5 bytes)
Event: 20.911 Thread 0x00000206141e2410 nmethod 5722 0x0000020601742b10 code [0x0000020601742ca0, 0x0000020601742d58]

GC Heap History (20 events):
Event: 0.886 GC heap before
{Heap before GC invocations=6 (full 0):
 garbage-first heap   total 155648K, used 95587K [0x0000000704e00000, 0x0000000800000000)
  region size 2048K, 45 young (92160K), 2 survivors (4096K)
 Metaspace       used 29569K, capacity 29903K, committed 30080K, reserved 1075200K
  class space    used 3479K, capacity 3602K, committed 3712K, reserved 1048576K
}
Event: 0.889 GC heap after
{Heap after GC invocations=7 (full 0):
 garbage-first heap   total 155648K, used 11704K [0x0000000704e00000, 0x0000000800000000)
  region size 2048K, 3 young (6144K), 3 survivors (6144K)
 Metaspace       used 29569K, capacity 29903K, committed 30080K, reserved 1075200K
  class space    used 3479K, capacity 3602K, committed 3712K, reserved 1048576K
}
Event: 1.160 GC heap before
{Heap before GC invocations=7 (full 0):
 garbage-first heap   total 155648K, used 60856K [0x0000000704e00000, 0x0000000800000000)
  region size 2048K, 29 young (59392K), 3 survivors (6144K)
 Metaspace       used 35313K, capacity 35790K, committed 35840K, reserved 1081344K
  class space    used 4299K, capacity 4467K, committed 4480K, reserved 1048576K
}
Event: 1.163 GC heap after
{Heap after GC invocations=8 (full 0):
 garbage-first heap   total 155648K, used 15240K [0x0000000704e00000, 0x0000000800000000)
  region size 2048K, 5 young (10240K), 5 survivors (10240K)
 Metaspace       used 35313K, capacity 35790K, committed 35840K, reserved 1081344K
  class space    used 4299K, capacity 4467K, committed 4480K, reserved 1048576K
}
Event: 1.237 GC heap before
{Heap before GC invocations=9 (full 0):
 garbage-first heap   total 69632K, used 64392K [0x0000000704e00000, 0x0000000800000000)
  region size 2048K, 30 young (61440K), 5 survivors (10240K)
 Metaspace       used 37184K, capacity 37614K, committed 37760K, reserved 1083392K
  class space    used 4489K, capacity 4627K, committed 4736K, reserved 1048576K
}
Event: 1.240 GC heap after
{Heap after GC invocations=10 (full 0):
 garbage-first heap   total 81920K, used 16814K [0x0000000704e00000, 0x0000000800000000)
  region size 2048K, 4 young (8192K), 4 survivors (8192K)
 Metaspace       used 37184K, capacity 37614K, committed 37760K, reserved 1083392K
  class space    used 4489K, capacity 4627K, committed 4736K, reserved 1048576K
}
Event: 1.249 GC heap before
{Heap before GC invocations=10 (full 0):
 garbage-first heap   total 81920K, used 55726K [0x0000000704e00000, 0x0000000800000000)
  region size 2048K, 24 young (49152K), 4 survivors (8192K)
 Metaspace       used 37184K, capacity 37614K, committed 37760K, reserved 1083392K
  class space    used 4489K, capacity 4627K, committed 4736K, reserved 1048576K
}
Event: 1.250 GC heap after
{Heap after GC invocations=11 (full 0):
 garbage-first heap   total 98304K, used 17332K [0x0000000704e00000, 0x0000000800000000)
  region size 2048K, 2 young (4096K), 2 survivors (4096K)
 Metaspace       used 37184K, capacity 37614K, committed 37760K, reserved 1083392K
  class space    used 4489K, capacity 4627K, committed 4736K, reserved 1048576K
}
Event: 1.515 GC heap before
{Heap before GC invocations=11 (full 0):
 garbage-first heap   total 98304K, used 70580K [0x0000000704e00000, 0x0000000800000000)
  region size 2048K, 28 young (57344K), 2 survivors (4096K)
 Metaspace       used 43396K, capacity 43949K, committed 44160K, reserved 1087488K
  class space    used 5297K, capacity 5458K, committed 5504K, reserved 1048576K
}
Event: 1.518 GC heap after
{Heap after GC invocations=12 (full 0):
 garbage-first heap   total 98304K, used 18642K [0x0000000704e00000, 0x0000000800000000)
  region size 2048K, 2 young (4096K), 2 survivors (4096K)
 Metaspace       used 43396K, capacity 43949K, committed 44160K, reserved 1087488K
  class space    used 5297K, capacity 5458K, committed 5504K, reserved 1048576K
}
Event: 1.773 GC heap before
{Heap before GC invocations=12 (full 0):
 garbage-first heap   total 98304K, used 71890K [0x0000000704e00000, 0x0000000800000000)
  region size 2048K, 28 young (57344K), 2 survivors (4096K)
 Metaspace       used 51550K, capacity 52057K, committed 52224K, reserved 1095680K
  class space    used 6425K, capacity 6581K, committed 6656K, reserved 1048576K
}
Event: 1.776 GC heap after
{Heap after GC invocations=13 (full 0):
 garbage-first heap   total 98304K, used 21451K [0x0000000704e00000, 0x0000000800000000)
  region size 2048K, 4 young (8192K), 4 survivors (8192K)
 Metaspace       used 51550K, capacity 52057K, committed 52224K, reserved 1095680K
  class space    used 6425K, capacity 6581K, committed 6656K, reserved 1048576K
}
Event: 2.018 GC heap before
{Heap before GC invocations=13 (full 0):
 garbage-first heap   total 98304K, used 70603K [0x0000000704e00000, 0x0000000800000000)
  region size 2048K, 28 young (57344K), 4 survivors (8192K)
 Metaspace       used 57788K, capacity 58345K, committed 58624K, reserved 1099776K
  class space    used 7364K, capacity 7560K, committed 7680K, reserved 1048576K
}
Event: 2.021 GC heap after
{Heap after GC invocations=14 (full 0):
 garbage-first heap   total 98304K, used 24455K [0x0000000704e00000, 0x0000000800000000)
  region size 2048K, 3 young (6144K), 3 survivors (6144K)
 Metaspace       used 57788K, capacity 58345K, committed 58624K, reserved 1099776K
  class space    used 7364K, capacity 7560K, committed 7680K, reserved 1048576K
}
Event: 2.079 GC heap before
{Heap before GC invocations=14 (full 0):
 garbage-first heap   total 98304K, used 34695K [0x0000000704e00000, 0x0000000800000000)
  region size 2048K, 9 young (18432K), 3 survivors (6144K)
 Metaspace       used 59459K, capacity 60044K, committed 60160K, reserved 1101824K
  class space    used 7588K, capacity 7785K, committed 7808K, reserved 1048576K
}
Event: 2.082 GC heap after
{Heap after GC invocations=15 (full 0):
 garbage-first heap   total 118784K, used 25137K [0x0000000704e00000, 0x0000000800000000)
  region size 2048K, 2 young (4096K), 2 survivors (4096K)
 Metaspace       used 59459K, capacity 60044K, committed 60160K, reserved 1101824K
  class space    used 7588K, capacity 7785K, committed 7808K, reserved 1048576K
}
Event: 14.756 GC heap before
{Heap before GC invocations=16 (full 0):
 garbage-first heap   total 102400K, used 82481K [0x0000000704e00000, 0x0000000800000000)
  region size 2048K, 30 young (61440K), 2 survivors (4096K)
 Metaspace       used 63693K, capacity 64335K, committed 64512K, reserved 1105920K
  class space    used 8194K, capacity 8419K, committed 8448K, reserved 1048576K
}
Event: 14.762 GC heap after
{Heap after GC invocations=17 (full 0):
 garbage-first heap   total 102400K, used 28068K [0x0000000704e00000, 0x0000000800000000)
  region size 2048K, 4 young (8192K), 4 survivors (8192K)
 Metaspace       used 63693K, capacity 64335K, committed 64512K, reserved 1105920K
  class space    used 8194K, capacity 8419K, committed 8448K, reserved 1048576K
}
Event: 15.325 GC heap before
{Heap before GC invocations=17 (full 0):
 garbage-first heap   total 102400K, used 77220K [0x0000000704e00000, 0x0000000800000000)
  region size 2048K, 29 young (59392K), 4 survivors (8192K)
 Metaspace       used 71120K, capacity 71727K, committed 71936K, reserved 1112064K
  class space    used 8868K, capacity 9091K, committed 9216K, reserved 1048576K
}
Event: 15.328 GC heap after
{Heap after GC invocations=18 (full 0):
 garbage-first heap   total 102400K, used 30965K [0x0000000704e00000, 0x0000000800000000)
  region size 2048K, 4 young (8192K), 4 survivors (8192K)
 Metaspace       used 71120K, capacity 71727K, committed 71936K, reserved 1112064K
  class space    used 8868K, capacity 9091K, committed 9216K, reserved 1048576K
}

Deoptimization events (6 events):
Event: 0.895 Thread 0x00000206141d5f60 DEOPT PACKING pc=0x000002060106d17c sp=0x000000f4c65fd0d0
Event: 0.895 Thread 0x00000206141d5f60 DEOPT UNPACKING pc=0x000002060004e23f sp=0x000000f4c65fc628 mode 0
Event: 2.248 Thread 0x00000206141d5f60 DEOPT PACKING pc=0x0000020600fcbf49 sp=0x000000f4c65fd540
Event: 2.248 Thread 0x00000206141d5f60 DEOPT UNPACKING pc=0x000002060004e23f sp=0x000000f4c65fca58 mode 3
Event: 2.249 Thread 0x00000206141d5f60 DEOPT PACKING pc=0x0000020600fc1a54 sp=0x000000f4c65fd500
Event: 2.249 Thread 0x00000206141d5f60 DEOPT UNPACKING pc=0x000002060004e23f sp=0x000000f4c65fca58 mode 3

Classes unloaded (0 events):
No events

Classes redefined (0 events):
No events

Internal exceptions (20 events):
Event: 14.970 Thread 0x0000020615ddbd60 Exception <a 'java/lang/ClassNotFoundException'{0x00000007098d39b8}: org/springframework/web/servlet/tags/RequestContextAwareTagCustomizer> (0x00000007098d39b8) 
thrown [./open/src/hotspot/share/classfile/systemDictionary.cpp, line 295]
Event: 14.971 Thread 0x0000020615ddbd60 Exception <a 'java/lang/ClassNotFoundException'{0x00000007098ea388}: org/springframework/web/servlet/tags/HtmlEscapingAwareTagCustomizer> (0x00000007098ea388) 
thrown [./open/src/hotspot/share/classfile/systemDictionary.cpp, line 295]
Event: 14.972 Thread 0x0000020615ddbd60 Exception <a 'java/lang/ClassNotFoundException'{0x00000007098f78a8}: org/springframework/web/servlet/tags/form/AbstractFormTagCustomizer> (0x00000007098f78a8) 
thrown [./open/src/hotspot/share/classfile/systemDictionary.cpp, line 295]
Event: 14.973 Thread 0x0000020615ddbd60 Exception <a 'java/lang/ClassNotFoundException'{0x0000000709903db0}: org/springframework/web/servlet/tags/form/AbstractDataBoundFormElementTagCustomizer> (0x0000000709903db0) 
thrown [./open/src/hotspot/share/classfile/systemDictionary.cpp, line 295]
Event: 14.974 Thread 0x0000020615ddbd60 Exception <a 'java/lang/ClassNotFoundException'{0x00000007099169a8}: org/springframework/web/servlet/tags/form/AbstractHtmlElementTagCustomizer> (0x00000007099169a8) 
thrown [./open/src/hotspot/share/classfile/systemDictionary.cpp, line 295]
Event: 14.976 Thread 0x0000020615ddbd60 Exception <a 'java/lang/ClassNotFoundException'{0x0000000709931068}: org/springframework/web/servlet/tags/form/FormTagCustomizer> (0x0000000709931068) 
thrown [./open/src/hotspot/share/classfile/systemDictionary.cpp, line 295]
Event: 14.977 Thread 0x0000020615ddbd60 Exception <a 'java/lang/ClassNotFoundException'{0x0000000709956380}: org/springframework/web/servlet/tags/form/InputTagBeanInfo> (0x0000000709956380) 
thrown [./open/src/hotspot/share/classfile/systemDictionary.cpp, line 295]
Event: 14.978 Thread 0x0000020615ddbd60 Exception <a 'java/lang/ClassNotFoundException'{0x000000070995ef90}: org/springframework/web/servlet/tags/form/AbstractHtmlInputElementTagBeanInfo> (0x000000070995ef90) 
thrown [./open/src/hotspot/share/classfile/systemDictionary.cpp, line 295]
Event: 14.978 Thread 0x0000020615ddbd60 Exception <a 'java/lang/ClassNotFoundException'{0x0000000709967f98}: org/springframework/web/servlet/tags/form/AbstractHtmlInputElementTagCustomizer> (0x0000000709967f98) 
thrown [./open/src/hotspot/share/classfile/systemDictionary.cpp, line 295]
Event: 14.979 Thread 0x0000020615ddbd60 Exception <a 'java/lang/ClassNotFoundException'{0x000000070997a918}: org/springframework/web/servlet/tags/form/InputTagCustomizer> (0x000000070997a918) 
thrown [./open/src/hotspot/share/classfile/systemDictionary.cpp, line 295]
Event: 14.981 Thread 0x0000020615ddbd60 Exception <a 'java/lang/ClassNotFoundException'{0x00000007099ac768}: org/springframework/web/servlet/tags/form/RadioButtonTagBeanInfo> (0x00000007099ac768) 
thrown [./open/src/hotspot/share/classfile/systemDictionary.cpp, line 295]
Event: 14.982 Thread 0x0000020615ddbd60 Exception <a 'java/lang/ClassNotFoundException'{0x00000007099b5588}: org/springframework/web/servlet/tags/form/AbstractSingleCheckedElementTagBeanInfo> (0x00000007099b5588) 
thrown [./open/src/hotspot/share/classfile/systemDictionary.cpp, line 295]
Event: 14.982 Thread 0x0000020615ddbd60 Exception <a 'java/lang/ClassNotFoundException'{0x00000007099be428}: org/springframework/web/servlet/tags/form/AbstractCheckedElementTagBeanInfo> (0x00000007099be428) 
thrown [./open/src/hotspot/share/classfile/systemDictionary.cpp, line 295]
Event: 14.982 Thread 0x0000020615ddbd60 Exception <a 'java/lang/ClassNotFoundException'{0x00000007099c7508}: org/springframework/web/servlet/tags/form/AbstractCheckedElementTagCustomizer> (0x00000007099c7508) 
thrown [./open/src/hotspot/share/classfile/systemDictionary.cpp, line 295]
Event: 14.983 Thread 0x0000020615ddbd60 Exception <a 'java/lang/ClassNotFoundException'{0x00000007099d68b0}: org/springframework/web/servlet/tags/form/AbstractSingleCheckedElementTagCustomizer> (0x00000007099d68b0) 
thrown [./open/src/hotspot/share/classfile/systemDictionary.cpp, line 295]
Event: 14.984 Thread 0x0000020615ddbd60 Exception <a 'java/lang/ClassNotFoundException'{0x00000007099e6810}: org/springframework/web/servlet/tags/form/RadioButtonTagCustomizer> (0x00000007099e6810) 
thrown [./open/src/hotspot/share/classfile/systemDictionary.cpp, line 295]
Event: 15.264 Thread 0x0000020615ddbd60 Exception <a 'java/lang/ArrayIndexOutOfBoundsException'{0x00000007081418c8}: Index 56537 out of bounds for length 56537> (0x00000007081418c8) 
thrown [./open/src/hotspot/share/interpreter/interpreterRuntime.cpp, line 443]
Event: 15.641 Thread 0x0000020615ddbd60 Exception <a 'java/lang/ClassNotFoundException'{0x0000000709d0b8c0}: java/lang/ObjectCustomizer> (0x0000000709d0b8c0) 
thrown [./open/src/hotspot/share/classfile/systemDictionary.cpp, line 295]
Event: 15.642 Thread 0x0000020615ddbd60 Exception <a 'java/lang/ClassNotFoundException'{0x0000000709d18530}: com/example/demo/entity/FormEntityCustomizer> (0x0000000709d18530) 
thrown [./open/src/hotspot/share/classfile/systemDictionary.cpp, line 295]
Event: 15.852 Thread 0x0000020615ddbd60 Exception <a 'java/lang/NullPointerException'{0x0000000709da7418}> (0x0000000709da7418) 
thrown [./open/src/hotspot/share/interpreter/linkResolver.cpp, line 1457]

Events (20 events):
Event: 20.908 Executing VM operation: get/set locals
Event: 20.909 Executing VM operation: get/set locals done
Event: 20.909 Executing VM operation: get/set locals
Event: 20.909 Executing VM operation: get/set locals done
Event: 20.909 Executing VM operation: get/set locals
Event: 20.909 Executing VM operation: get/set locals done
Event: 20.909 Executing VM operation: get/set locals
Event: 20.909 Executing VM operation: get/set locals done
Event: 20.909 Executing VM operation: get/set locals
Event: 20.909 Executing VM operation: get/set locals done
Event: 20.909 Executing VM operation: get/set locals
Event: 20.910 Executing VM operation: get/set locals done
Event: 20.910 Executing VM operation: get/set locals
Event: 20.910 Executing VM operation: get/set locals done
Event: 20.911 Executing VM operation: get/set locals
Event: 20.911 Executing VM operation: get/set locals done
Event: 20.911 Executing VM operation: get/set locals
Event: 20.911 Executing VM operation: get/set locals done
Event: 20.911 Executing VM operation: get/set locals
Event: 20.911 Executing VM operation: get/set locals done


Dynamic libraries:
0x00007ff6a8070000 - 0x00007ff6a807d000 	E:\sts\spring-tool-suite-4-4.8.1.RELEASE-e4.17.0-win32.win32.x86_64\sts-4.8.1.RELEASE\plugins\org.eclipse.justj.openjdk.hotspot.jre.full.win32.x86_64_15.0.0.v20201014-1246\jre\bin\javaw.exe
0x0000020670660000 - 0x00000206708c0000 	C:\Windows\SYSTEM32\ntd1l.dll
0x0000020670200000 - 0x00000206702c7000 	C:\Windows\System32\kern3l32.dll
0x00007ffe8dc80000 - 0x00007ffe8dee0000 	C:\Windows\SYSTEM32\ntdll.dll
0x00007ffe8c730000 - 0x00007ffe8c7f7000 	C:\Windows\System32\KERNEL32.DLL
0x00007ffe8b2a0000 - 0x00007ffe8b66a000 	C:\Windows\System32\KERNELBASE.dll
0x00007ffe890e0000 - 0x00007ffe894f6000 	C:\Program Files\SentinelOne\Sentinel Agent 24.1.5.277\InProcessClient64.dll
0x00007ffe8d2e0000 - 0x00007ffe8d392000 	C:\Windows\System32\ADVAPI32.dll
0x00007ffe8c920000 - 0x00007ffe8c9c9000 	C:\Windows\System32\msvcrt.dll
0x00007ffe8d1c0000 - 0x00007ffe8d266000 	C:\Windows\System32\sechost.dll
0x00007ffe8bdc0000 - 0x00007ffe8bed6000 	C:\Windows\System32\RPCRT4.dll
0x00007ffe8b840000 - 0x00007ffe8b98b000 	C:\Windows\System32\ucrtbase.dll
0x00007ffe790c0000 - 0x00007ffe790d9000 	E:\sts\spring-tool-suite-4-4.8.1.RELEASE-e4.17.0-win32.win32.x86_64\sts-4.8.1.RELEASE\plugins\org.eclipse.justj.openjdk.hotspot.jre.full.win32.x86_64_15.0.0.v20201014-1246\jre\bin\VCRUNTIME140.dll
0x00007ffe77e00000 - 0x00007ffe77e18000 	E:\sts\spring-tool-suite-4-4.8.1.RELEASE-e4.17.0-win32.win32.x86_64\sts-4.8.1.RELEASE\plugins\org.eclipse.justj.openjdk.hotspot.jre.full.win32.x86_64_15.0.0.v20201014-1246\jre\bin\jli.dll
0x00007ffe8cef0000 - 0x00007ffe8d0bc000 	C:\Windows\System32\USER32.dll
0x00007ffe8ba50000 - 0x00007ffe8ba77000 	C:\Windows\System32\win32u.dll
0x00007ffe7adc0000 - 0x00007ffe7b057000 	C:\Windows\WinSxS\amd64_microsoft.windows.common-controls_6595b64144ccf1df_6.0.26100.3624_none_3e086962e3345f24\COMCTL32.dll
0x00007ffe8d3f0000 - 0x00007ffe8d41a000 	C:\Windows\System32\GDI32.dll
0x00007ffe8b700000 - 0x00007ffe8b831000 	C:\Windows\System32\gdi32full.dll
0x00007ffe8afe0000 - 0x00007ffe8b083000 	C:\Windows\System32\msvcp_win.dll
0x00007ffe89080000 - 0x00007ffe8908b000 	C:\Windows\SYSTEM32\VERSION.dll
0x00007ffe89070000 - 0x00007ffe8907c000 	C:\Windows\SYSTEM32\FLTLIB.DLL
0x00007ffe8c8e0000 - 0x00007ffe8c90f000 	C:\Windows\System32\IMM32.DLL
0x00007ffe7fc90000 - 0x00007ffe7fc9c000 	E:\sts\spring-tool-suite-4-4.8.1.RELEASE-e4.17.0-win32.win32.x86_64\sts-4.8.1.RELEASE\plugins\org.eclipse.justj.openjdk.hotspot.jre.full.win32.x86_64_15.0.0.v20201014-1246\jre\bin\vcruntime140_1.dll
0x00007ffe6ee30000 - 0x00007ffe6eec1000 	E:\sts\spring-tool-suite-4-4.8.1.RELEASE-e4.17.0-win32.win32.x86_64\sts-4.8.1.RELEASE\plugins\org.eclipse.justj.openjdk.hotspot.jre.full.win32.x86_64_15.0.0.v20201014-1246\jre\bin\msvcp140.dll
0x00007ffe19ac0000 - 0x00007ffe1a61c000 	E:\sts\spring-tool-suite-4-4.8.1.RELEASE-e4.17.0-win32.win32.x86_64\sts-4.8.1.RELEASE\plugins\org.eclipse.justj.openjdk.hotspot.jre.full.win32.x86_64_15.0.0.v20201014-1246\jre\bin\server\jvm.dll
0x00000206708e0000 - 0x00000206708e8000 	C:\Windows\System32\PSAPI.DLL
0x00007ffe69a80000 - 0x00007ffe69a8a000 	C:\Windows\SYSTEM32\WSOCK32.dll
0x00007ffe8bbe0000 - 0x00007ffe8bc54000 	C:\Windows\System32\WS2_32.dll
0x00007ffe81970000 - 0x00007ffe819a6000 	C:\Windows\SYSTEM32\WINMM.dll
0x00007ffe89d50000 - 0x00007ffe89d6a000 	C:\Windows\SYSTEM32\kernel.appcore.dll
0x00007ffe858f0000 - 0x00007ffe858fa000 	E:\sts\spring-tool-suite-4-4.8.1.RELEASE-e4.17.0-win32.win32.x86_64\sts-4.8.1.RELEASE\plugins\org.eclipse.justj.openjdk.hotspot.jre.full.win32.x86_64_15.0.0.v20201014-1246\jre\bin\jimage.dll
0x00007ffe88270000 - 0x00007ffe884b1000 	C:\Windows\SYSTEM32\DBGHELP.DLL
0x00007ffe8d830000 - 0x00007ffe8dbb2000 	C:\Windows\System32\combase.dll
0x00007ffe8c650000 - 0x00007ffe8c726000 	C:\Windows\System32\OLEAUT32.dll
0x00007ffe7ad80000 - 0x00007ffe7adb9000 	C:\Windows\SYSTEM32\dbgcore.DLL
0x00007ffe8b090000 - 0x00007ffe8b129000 	C:\Windows\System32\bcryptPrimitives.dll
0x00007ffe08ff0000 - 0x00007ffe0909d000 	C:\Program Files\SentinelOne\Sentinel Agent 24.1.5.277\SentinelJava64.dll
0x00007ffe8d270000 - 0x00007ffe8d2d4000 	C:\Windows\System32\SHLWAPI.dll
0x00007ffe8d420000 - 0x00007ffe8d5b6000 	C:\Windows\System32\ole32.dll
0x00007ffe789d0000 - 0x00007ffe789f5000 	E:\sts\spring-tool-suite-4-4.8.1.RELEASE-e4.17.0-win32.win32.x86_64\sts-4.8.1.RELEASE\plugins\org.eclipse.justj.openjdk.hotspot.jre.full.win32.x86_64_15.0.0.v20201014-1246\jre\bin\java.dll
0x00007ffe85700000 - 0x00007ffe85718000 	E:\sts\spring-tool-suite-4-4.8.1.RELEASE-e4.17.0-win32.win32.x86_64\sts-4.8.1.RELEASE\plugins\org.eclipse.justj.openjdk.hotspot.jre.full.win32.x86_64_15.0.0.v20201014-1246\jre\bin\zip.dll
0x00007ffe8bee0000 - 0x00007ffe8c609000 	C:\Windows\System32\SHELL32.dll
0x00007ffe8b130000 - 0x00007ffe8b298000 	C:\Windows\System32\wintypes.dll
0x00007ffe886a0000 - 0x00007ffe88ef2000 	C:\Windows\SYSTEM32\windows.storage.dll
0x00007ffe8bcd0000 - 0x00007ffe8bdbd000 	C:\Windows\System32\SHCORE.dll
0x00007ffe8ad70000 - 0x00007ffe8ad9f000 	C:\Windows\SYSTEM32\profapi.dll
0x00007ffe7d530000 - 0x00007ffe7d549000 	E:\sts\spring-tool-suite-4-4.8.1.RELEASE-e4.17.0-win32.win32.x86_64\sts-4.8.1.RELEASE\plugins\org.eclipse.justj.openjdk.hotspot.jre.full.win32.x86_64_15.0.0.v20201014-1246\jre\bin\net.dll
0x00007ffe84700000 - 0x00007ffe8481d000 	C:\Windows\SYSTEM32\WINHTTP.dll
0x00007ffe8a250000 - 0x00007ffe8a2ba000 	C:\Windows\system32\mswsock.dll
0x00007ffe7d330000 - 0x00007ffe7d342000 	E:\sts\spring-tool-suite-4-4.8.1.RELEASE-e4.17.0-win32.win32.x86_64\sts-4.8.1.RELEASE\plugins\org.eclipse.justj.openjdk.hotspot.jre.full.win32.x86_64_15.0.0.v20201014-1246\jre\bin\nio.dll
0x00007ffe7d170000 - 0x00007ffe7d179000 	E:\sts\spring-tool-suite-4-4.8.1.RELEASE-e4.17.0-win32.win32.x86_64\sts-4.8.1.RELEASE\plugins\org.eclipse.justj.openjdk.hotspot.jre.full.win32.x86_64_15.0.0.v20201014-1246\jre\bin\management.dll
0x00007ffe7d000000 - 0x00007ffe7d00b000 	E:\sts\spring-tool-suite-4-4.8.1.RELEASE-e4.17.0-win32.win32.x86_64\sts-4.8.1.RELEASE\plugins\org.eclipse.justj.openjdk.hotspot.jre.full.win32.x86_64_15.0.0.v20201014-1246\jre\bin\management_ext.dll
0x00007ffe58a10000 - 0x00007ffe58a28000 	C:\Windows\system32\napinsp.dll
0x00007ffe89760000 - 0x00007ffe89885000 	C:\Windows\SYSTEM32\DNSAPI.dll
0x00007ffe896d0000 - 0x00007ffe89703000 	C:\Windows\SYSTEM32\IPHLPAPI.DLL
0x00007ffe8c9d0000 - 0x00007ffe8c9da000 	C:\Windows\System32\NSI.dll
0x00007ffe58f50000 - 0x00007ffe58f62000 	C:\Windows\System32\winrnr.dll
0x00007ffe58f10000 - 0x00007ffe58f40000 	C:\Windows\system32\nlansp_c.dll
0x00007ffe58ef0000 - 0x00007ffe58f06000 	C:\Windows\system32\wshbth.dll
0x00007ffe83bc0000 - 0x00007ffe83bcb000 	C:\Windows\System32\rasadhlp.dll
0x00007ffe84f40000 - 0x00007ffe84fc5000 	C:\Windows\System32\fwpuclnt.dll
0x00007ffe8a600000 - 0x00007ffe8a61c000 	C:\Windows\SYSTEM32\CRYPTSP.dll
0x00007ffe89cb0000 - 0x00007ffe89cea000 	C:\Windows\system32\rsaenh.dll
0x00007ffe8a2f0000 - 0x00007ffe8a31b000 	C:\Windows\SYSTEM32\USERENV.dll
0x00007ffe8ad40000 - 0x00007ffe8ad66000 	C:\Windows\SYSTEM32\bcrypt.dll
0x00007ffe8a480000 - 0x00007ffe8a48c000 	C:\Windows\SYSTEM32\CRYPTBASE.dll
0x00007ffe84ba0000 - 0x00007ffe84bbf000 	C:\Windows\SYSTEM32\dhcpcsvc6.DLL
0x00007ffe84b70000 - 0x00007ffe84b95000 	C:\Windows\SYSTEM32\dhcpcsvc.DLL
0x00007ffe85730000 - 0x00007ffe85740000 	E:\sts\spring-tool-suite-4-4.8.1.RELEASE-e4.17.0-win32.win32.x86_64\sts-4.8.1.RELEASE\plugins\org.eclipse.justj.openjdk.hotspot.jre.full.win32.x86_64_15.0.0.v20201014-1246\jre\bin\verify.dll
0x00007ffe85720000 - 0x00007ffe8572d000 	E:\sts\spring-tool-suite-4-4.8.1.RELEASE-e4.17.0-win32.win32.x86_64\sts-4.8.1.RELEASE\plugins\org.eclipse.justj.openjdk.hotspot.jre.full.win32.x86_64_15.0.0.v20201014-1246\jre\bin\sunmscapi.dll
0x00007ffe8ae60000 - 0x00007ffe8afd7000 	C:\Windows\System32\CRYPT32.dll
0x00007ffe8a750000 - 0x00007ffe8a780000 	C:\Windows\SYSTEM32\ncrypt.dll
0x00007ffe8a700000 - 0x00007ffe8a73f000 	C:\Windows\SYSTEM32\NTASN1.dll

dbghelp: loaded successfully - version: 4.0.5 - missing functions: none
symbol engine: initialized successfully - sym options: 0x614 - pdb path: .;E:\sts\spring-tool-suite-4-4.8.1.RELEASE-e4.17.0-win32.win32.x86_64\sts-4.8.1.RELEASE\plugins\org.eclipse.justj.openjdk.hotspot.jre.full.win32.x86_64_15.0.0.v20201014-1246\jre\bin;C:\Windows\SYSTEM32;C:\Program Files\SentinelOne\Sentinel Agent 24.1.5.277;C:\Windows\WinSxS\amd64_microsoft.windows.common-controls_6595b64144ccf1df_6.0.26100.3624_none_3e086962e3345f24;E:\sts\spring-tool-suite-4-4.8.1.RELEASE-e4.17.0-win32.win32.x86_64\sts-4.8.1.RELEASE\plugins\org.eclipse.justj.openjdk.hotspot.jre.full.win32.x86_64_15.0.0.v20201014-1246\jre\bin\server

VM Arguments:
jvm_args: -Dcom.sun.management.jmxremote -Dcom.sun.management.jmxremote.port=51503 -Dcom.sun.management.jmxremote.authenticate=false -Dcom.sun.management.jmxremote.ssl=false -Djava.rmi.server.hostname=localhost -Dspring.jmx.enabled=true -Dspring.application.admin.enabled=true -XX:TieredStopAtLevel=1 -Dspring.boot.project.name=form_update-1 -Dfile.encoding=UTF-8 -XX:+ShowCodeDetailsInExceptionMessages -agentpath:C:\Program Files\SentinelOne\Sentinel Agent 24.1.5.277\SentinelJava64.dll=extendedCapabilities 
java_command: com.example.demo.FormUpdate1Application --spring.output.ansi.enabled=always
java_class_path (initial): D:\ganesh\form_update-1\target\classes;C:\Users\Administrator\.m2\repository\org\springframework\boot\spring-boot-starter-data-jpa\2.7.9\spring-boot-starter-data-jpa-2.7.9.jar;C:\Users\Administrator\.m2\repository\org\springframework\boot\spring-boot-starter-aop\2.7.9\spring-boot-starter-aop-2.7.9.jar;C:\Users\Administrator\.m2\repository\org\springframework\spring-aop\5.3.25\spring-aop-5.3.25.jar;C:\Users\Administrator\.m2\repository\org\aspectj\aspectjweaver\1.9.7\aspectjweaver-1.9.7.jar;C:\Users\Administrator\.m2\repository\org\springframework\boot\spring-boot-starter-jdbc\2.7.9\spring-boot-starter-jdbc-2.7.9.jar;C:\Users\Administrator\.m2\repository\com\zaxxer\HikariCP\4.0.3\HikariCP-4.0.3.jar;C:\Users\Administrator\.m2\repository\org\springframework\spring-jdbc\5.3.25\spring-jdbc-5.3.25.jar;C:\Users\Administrator\.m2\repository\jakarta\transaction\jakarta.transaction-api\1.3.3\jakarta.transaction-api-1.3.3.jar;C:\Users\Administrator\.m2\repository\jakarta\persistence\jakarta.persistence-api\2.2.3\jakarta.persistence-api-2.2.3.jar;C:\Users\Administrator\.m2\repository\org\hibernate\hibernate-core\5.6.15.Final\hibernate-core-5.6.15.Final.jar;C:\Users\Administrator\.m2\repository\org\jboss\logging\jboss-logging\3.4.3.Final\jboss-logging-3.4.3.Final.jar;C:\Users\Administrator\.m2\repository\net\bytebuddy\byte-buddy\1.12.23\byte-buddy-1.12.23.jar;C:\Users\Administrator\.m2\repository\antlr\antlr\2.7.7\antlr-2.7.7.jar;C:\Users\Administrator\.m2\repository\org\jboss\jandex\2.4.2.Final\jandex-2.4.2.Final.jar;C:\Users\Administrator\.m2\repository\com\fasterxml\classmate\1.5.1\classmate-1.5.1.jar;C:\Users\Administrator\.m2\repository\org\hibernate\common\hibernate-commons-annotations\5.1.2.Final\hibernate-commons-annotations-5.1.2.Final.jar;C:\Users\Administrator\.m2\repository\org\glassfish\jaxb\jaxb-runtime\2.3.8\jaxb-runtime-2.3.8.jar;C:\Users\Administrator\.m2\repository\org\glassfish\jaxb\txw2\2.3.8\txw2-2.3.8.jar;C:\Users\Administrator\
Launcher Type: SUN_STANDARD

[Global flags]
     intx CICompilerCount                          = 15                                        {product} {ergonomic}
     uint ConcGCThreads                            = 6                                         {product} {ergonomic}
     uint G1ConcRefinementThreads                  = 23                                        {product} {ergonomic}
   size_t G1HeapRegionSize                         = 2097152                                   {product} {ergonomic}
    uintx GCDrainStackTargetSize                   = 64                                        {product} {ergonomic}
   size_t InitialHeapSize                          = 264241152                                 {product} {ergonomic}
     bool ManagementServer                         = true                                      {product} {command line}
   size_t MarkStackSize                            = 4194304                                   {product} {ergonomic}
   size_t MaxHeapSize                              = 4213178368                                {product} {ergonomic}
   size_t MaxNewSize                               = 2527068160                                {product} {ergonomic}
   size_t MinHeapDeltaBytes                        = 2097152                                   {product} {ergonomic}
   size_t MinHeapSize                              = 8388608                                   {product} {ergonomic}
    uintx NonNMethodCodeHeapSize                   = 13893620                               {pd product} {ergonomic}
    uintx NonProfiledCodeHeapSize                  = 237764620                              {pd product} {ergonomic}
    uintx ProfiledCodeHeapSize                     = 0                                      {pd product} {ergonomic}
    uintx ReservedCodeCacheSize                    = 251658240                              {pd product} {ergonomic}
     bool SegmentedCodeCache                       = true                                      {product} {ergonomic}
     bool ShowCodeDetailsInExceptionMessages       = true                                   {manageable} {command line}
   size_t SoftMaxHeapSize                          = 4213178368                             {manageable} {ergonomic}
     intx TieredStopAtLevel                        = 1                                         {product} {command line}
     bool UseCompressedClassPointers               = true                                 {lp64_product} {ergonomic}
     bool UseCompressedOops                        = true                                 {lp64_product} {ergonomic}
     bool UseG1GC                                  = true                                      {product} {ergonomic}
     bool UseLargePagesIndividualAllocation        = false                                  {pd product} {ergonomic}

Logging:
Log output configuration:
 #0: stdout all=warning uptime,level,tags
 #1: stderr all=off uptime,level,tags

Environment Variables:
PATH=E:/sts/spring-tool-suite-4-4.8.1.RELEASE-e4.17.0-win32.win32.x86_64/sts-4.8.1.RELEASE//plugins/org.eclipse.justj.openjdk.hotspot.jre.full.win32.x86_64_15.0.0.v20201014-1246/jre/bin/server;E:/sts/spring-tool-suite-4-4.8.1.RELEASE-e4.17.0-win32.win32.x86_64/sts-4.8.1.RELEASE//plugins/org.eclipse.justj.openjdk.hotspot.jre.full.win32.x86_64_15.0.0.v20201014-1246/jre/bin;C:\Program Files (x86)\Common Files\Oracle\Java\java8path;C:\Program Files (x86)\Common Files\Oracle\Java\javapath;C:\Windows\system32;C:\Windows;C:\Windows\System32\Wbem;C:\Windows\System32\WindowsPowerShell\v1.0\;C:\Windows\System32\OpenSSH\;C:\Program Files\dotnet\;C:\Program Files (x86)\NVIDIA Corporation\PhysX\Common;C:\Program Files\Git\cmd;C:\Program Files\MySQL\MySQL Shell 8.0\bin\;C:\Users\Administrator\AppData\Local\Microsoft\WindowsApps;;E:\sts\spring-tool-suite-4-4.8.1.RELEASE-e4.17.0-win32.win32.x86_64\sts-4.8.1.RELEASE;
USERNAME=Administrator
OS=Windows_NT
PROCESSOR_IDENTIFIER=Intel64 Family 6 Model 183 Stepping 1, GenuineIntel



---------------  S Y S T E M  ---------------

OS:
 Windows 10 , 64 bit Build 26100 (10.0.26100.3775)
OS uptime: 5 days 20:02 hours
HyperV virtualization detected

CPU: total 32 (initial active 32) (16 cores per cpu, 2 threads per core) family 6 model 183 stepping 1, cmov, cx8, fxsr, mmx, sse, sse2, sse3, ssse3, sse4.1, sse4.2, popcnt, vzeroupper, avx, avx2, aes, clmul, erms, 3dnowpref, lzcnt, ht, tsc, tscinvbit, bmi1, bmi2, adx, sha, fma, clflush, clflushopt, clwb

Memory: 4k page, system-wide physical 16070M (688M free)
TotalPageFile size 33478M (AvailPageFile size 7510M)
current process WorkingSet (physical memory assigned to process): 268M, peak: 268M
current process commit charge ("private bytes"): 327M, peak: 397M

vm_info: OpenJDK 64-Bit Server VM (15+36-1562) for windows-amd64 JRE (15+36-1562), built on Aug 11 2020 22:33:04 by "mach5one" with unknown MS VC++:1925

END.
