#
# A fatal error has been detected by the Java Runtime Environment:
#
#  EXCEPTION_ACCESS_VIOLATION (0xc0000005) at pc=0x0000021867050830, pid=15716, tid=4952
#
# JRE version: OpenJDK Runtime Environment (15.0+36) (build 15+36-1562)
# Java VM: OpenJDK 64-Bit Server VM (15+36-1562, mixed mode, tiered, compressed oops, g1 gc, windows-amd64)
# Problematic frame:
# j  javax.servlet.http.HttpServletRequestWrapper._getHttpServletRequest()Ljavax/servlet/http/HttpServletRequest;+1
#
# No core dump will be written. Minidumps are not enabled by default on client versions of Windows
#
# If you would like to submit a bug report, please visit:
#   https://bugreport.java.com/bugreport/crash.jsp
#

---------------  S U M M A R Y ------------

Command Line: -Dcom.sun.management.jmxremote -Dcom.sun.management.jmxremote.port=51426 -Dcom.sun.management.jmxremote.authenticate=false -Dcom.sun.management.jmxremote.ssl=false -Djava.rmi.server.hostname=localhost -Dspring.jmx.enabled=true -Dspring.application.admin.enabled=true -XX:TieredStopAtLevel=1 -Dspring.boot.project.name=form_update-1 -Dfile.encoding=UTF-8 -XX:+ShowCodeDetailsInExceptionMessages -agentpath:C:\Program Files\SentinelOne\Sentinel Agent 24.1.5.277\SentinelJava64.dll=extendedCapabilities com.example.demo.FormUpdate1Application --spring.output.ansi.enabled=always

Host: Intel(R) Core(TM) i9-14900, 32 cores, 15G,  Windows 10 , 64 bit Build 26100 (10.0.26100.3775)
Time: Tue Apr 22 11:19:56 2025 India Standard Time elapsed time: 21.208126 seconds (0d 0h 0m 21s)

---------------  T H R E A D  ---------------

Current thread (0x0000021806b5bb40):  JavaThread "http-nio-8081-exec-3" daemon [_thread_in_Java, id=4952, stack(0x000000c7b3e00000,0x000000c7b3f00000)]

Stack: [0x000000c7b3e00000,0x000000c7b3f00000],  sp=0x000000c7b3efbea8,  free space=1007k
Native frames: (J=compiled Java code, j=interpreted, Vv=VM code, C=native code)
C  0x0000021867050830


siginfo: EXCEPTION_ACCESS_VIOLATION (0xc0000005), reading address 0x000000026c287e08


Register to memory mapping:

RIP=0x0000021867050830 is at code_begin+272 in an Interpreter codelet
checkcast  192 checkcast  [0x0000021867050720, 0x0000021867050980]  608 bytes
RAX=0x0000000800424e80 is a pointer to class: 
javax.servlet.http.HttpServletRequest {0x0000000800424e88}
RBX=0x0 is NULL
RCX=0x000002180b2615f0 is pointing into metadata
RDX=0x000000026c287e00 is an unknown value
RSP=0x000000c7b3efbea8 is pointing into the stack for thread: 0x0000021806b5bb40
RBP=0x000000c7b3efbef0 is pointing into the stack for thread: 0x0000021806b5bb40
RSI=0x0000000000000001 is an unknown value
RDI=0x000000c7b3efc3a0 is pointing into the stack for thread: 0x0000021806b5bb40
R8 =0x000000c7b3efc3b0 is pointing into the stack for thread: 0x0000021806b5bb40
R9 =0x0000000000000001 is an unknown value
R10=0x00007ffe1a5711c0 jvm.dll
R11=0x000000c7b3efc108 is pointing into the stack for thread: 0x0000021806b5bb40
R12=0x0 is NULL
R13=0x000002180b26187c is pointing into metadata
R14=0x000000c7b3efbf00 is pointing into the stack for thread: 0x0000021806b5bb40
R15=0x0000021806b5bb40 is a thread


Registers:
RAX=0x0000000800424e80, RBX=0x0000000000000000, RCX=0x000002180b2615f0, RDX=0x000000026c287e00
RSP=0x000000c7b3efbea8, RBP=0x000000c7b3efbef0, RSI=0x0000000000000001, RDI=0x000000c7b3efc3a0
R8 =0x000000c7b3efc3b0, R9 =0x0000000000000001, R10=0x00007ffe1a5711c0, R11=0x000000c7b3efc108
R12=0x0000000000000000, R13=0x000002180b26187c, R14=0x000000c7b3efbf00, R15=0x0000021806b5bb40
RIP=0x0000021867050830, EFLAGS=0x0000000000010246

Top of Stack: (sp=0x000000c7b3efbea8)
0x000000c7b3efbea8:   000000c7b3efbea8 000002180b261879
0x000000c7b3efbeb8:   000000c7b3efbf00 000002180b2638c8
0x000000c7b3efbec8:   0000000000000000 00000007078ea3d0
0x000000c7b3efbed8:   000002180b261898 0000000000000000
0x000000c7b3efbee8:   000000c7b3efbf00 000000c7b3efbf50
0x000000c7b3efbef8:   0000021867039ee0 00007ffe19fdf143
0x000000c7b3efbf08:   000000c7b3efbf08 000002180b261a89
0x000000c7b3efbf18:   000000c7b3efbf68 000002180b2638c8
0x000000c7b3efbf28:   000002180c95ced0 00000007078ea3d0
0x000000c7b3efbf38:   000002180b261ab8 000000c7b3efbf00
0x000000c7b3efbf48:   000000c7b3efbf60 000000c7b3efc140
0x000000c7b3efbf58:   0000021867030f90 000000070a20cd28
0x000000c7b3efbf68:   00007ffe19fdf143 0000000000000000
0x000000c7b3efbf78:   0000000000000000 000000c7b3efc001
0x000000c7b3efbf88:   0000021806b5bb40 0000000000000001
0x000000c7b3efbf98:   000000c7b3efc600 0000021806b5bb40 

Instructions: (pc=0x0000021867050830)
0x0000021867050730:   49 08 48 8b 49 08 48 8b 51 08 41 0f b7 5d 01 0f
0x0000021867050740:   cb c1 eb 10 80 7c 1a 04 07 0f 84 d0 00 00 00 50
0x0000021867050750:   e8 05 00 00 00 e9 aa 00 00 00 48 8d 44 24 08 4c
0x0000021867050760:   89 6d c0 49 8b cf c5 f8 77 49 89 af 18 03 00 00
0x0000021867050770:   49 89 87 08 03 00 00 48 83 ec 20 f7 c4 0f 00 00
0x0000021867050780:   00 0f 84 1a 00 00 00 48 83 ec 08 49 ba 00 c1 e0
0x0000021867050790:   19 fe 7f 00 00 41 ff d2 48 83 c4 08 e9 0d 00 00
0x00000218670507a0:   00 49 ba 00 c1 e0 19 fe 7f 00 00 41 ff d2 48 83
0x00000218670507b0:   c4 20 49 ba 00 00 00 00 00 00 00 00 4d 89 97 08
0x00000218670507c0:   03 00 00 49 ba 00 00 00 00 00 00 00 00 4d 89 97
0x00000218670507d0:   18 03 00 00 49 ba 00 00 00 00 00 00 00 00 4d 89
0x00000218670507e0:   97 10 03 00 00 c5 f8 77 49 81 7f 08 00 00 00 00
0x00000218670507f0:   0f 84 05 00 00 00 e9 85 06 fe ff 4c 8b 6d c0 4c
0x0000021867050800:   8b 75 c8 c3 49 8b 87 68 03 00 00 49 ba 00 00 00
0x0000021867050810:   00 00 00 00 00 4d 89 97 68 03 00 00 5a eb 11 48
0x0000021867050820:   8b d0 66 8b 5c d9 48 48 8b 49 28 48 8b 44 d9 08
0x0000021867050830:   8b 5a 08 49 ba 00 00 00 00 08 00 00 00 49 03 da
0x0000021867050840:   48 8b 4d d8 48 85 c9 0f 84 8a 00 00 00 48 8b 79
0x0000021867050850:   18 48 3b fb 0f 85 0f 00 00 00 48 83 41 20 01 48
0x0000021867050860:   83 59 20 00 e9 66 00 00 00 48 85 ff 0f 84 37 00
0x0000021867050870:   00 00 48 8b 79 28 48 3b fb 0f 85 0f 00 00 00 48
0x0000021867050880:   83 41 30 01 48 83 59 30 00 e9 41 00 00 00 48 85
0x0000021867050890:   ff 0f 85 38 00 00 00 48 89 59 28 bf 01 00 00 00
0x00000218670508a0:   48 89 79 30 e9 26 00 00 00 48 3b 59 28 0f 85 0f
0x00000218670508b0:   00 00 00 48 83 41 30 01 48 83 59 30 00 e9 0d 00
0x00000218670508c0:   00 00 48 89 59 18 bf 01 00 00 00 48 89 79 20 48
0x00000218670508d0:   83 c1 38 48 89 4d d8 48 3b d8 0f 84 5b 00 00 00
0x00000218670508e0:   8b 48 14 48 3b 04 0b 0f 84 4e 00 00 00 83 f9 20
0x00000218670508f0:   0f 85 22 00 00 00 50 48 8b c0 57 48 8b 7b 28 8b
0x0000021867050900:   0f 48 83 c7 08 48 85 c0 f2 48 af 5f 58 75 09 48
0x0000021867050910:   89 43 20 e9 23 00 00 00 48 8b 4d d8 48 85 c9 0f
0x0000021867050920:   84 10 00 00 00 48 83 41 d0 ff 0f 88 05 00 00 00 


Stack slot to memory mapping:
stack at sp + 0 slots: 0x000000c7b3efbea8 is pointing into the stack for thread: 0x0000021806b5bb40
stack at sp + 1 slots: 0x000002180b261879 is pointing into metadata
stack at sp + 2 slots: 0x000000c7b3efbf00 is pointing into the stack for thread: 0x0000021806b5bb40
stack at sp + 3 slots: 0x000002180b2638c8 is pointing into metadata
stack at sp + 4 slots: 0x0 is NULL
stack at sp + 5 slots: 0x00000007078ea3d0 is an oop: java.lang.Class 
{0x00000007078ea3d0} - klass: 'java/lang/Class'
stack at sp + 6 slots: {method} {0x000002180b2618a0} '_getHttpServletRequest' '()Ljavax/servlet/http/HttpServletRequest;' in 'javax/servlet/http/HttpServletRequestWrapper'
stack at sp + 7 slots: 0x0 is NULL

checkcast  192 checkcast  [0x0000021867050720, 0x0000021867050980]  608 bytes
[MachCode]
  0x0000021867050720: 5848 85c0 | 0f84 1902 | 0000 488b | 4de8 488b | 4908 488b | 4908 488b | 5108 410f | b75d 010f 
  0x0000021867050740: cbc1 eb10 | 807c 1a04 | 070f 84d0 | 0000 0050 | e805 0000 | 00e9 aa00 | 0000 488d | 4424 084c 
  0x0000021867050760: 896d c049 | 8bcf c5f8 | 7749 89af | 1803 0000 | 4989 8708 | 0300 0048 | 83ec 20f7 | c40f 0000 
  0x0000021867050780: 000f 841a | 0000 0048 | 83ec 0849 | ba00 c1e0 | 19fe 7f00 | 0041 ffd2 | 4883 c408 | e90d 0000 
  0x00000218670507a0: 0049 ba00 | c1e0 19fe | 7f00 0041 | ffd2 4883 | c420 49ba | 0000 0000 | 0000 0000 | 4d89 9708 
  0x00000218670507c0: 0300 0049 | ba00 0000 | 0000 0000 | 004d 8997 | 1803 0000 | 49ba 0000 | 0000 0000 | 0000 4d89 
  0x00000218670507e0: 9710 0300 | 00c5 f877 | 4981 7f08 | 0000 0000 | 0f84 0500 | 0000 e985 | 06fe ff4c | 8b6d c04c 
  0x0000021867050800: 8b75 c8c3 | 498b 8768 | 0300 0049 | ba00 0000 | 0000 0000 | 004d 8997 | 6803 0000 | 5aeb 1148 
  0x0000021867050820: 8bd0 668b | 5cd9 4848 | 8b49 2848 | 8b44 d908 | 8b5a 0849 | ba00 0000 | 0008 0000 | 0049 03da 
  0x0000021867050840: 488b 4dd8 | 4885 c90f | 848a 0000 | 0048 8b79 | 1848 3bfb | 0f85 0f00 | 0000 4883 | 4120 0148 
  0x0000021867050860: 8359 2000 | e966 0000 | 0048 85ff | 0f84 3700 | 0000 488b | 7928 483b | fb0f 850f | 0000 0048 
  0x0000021867050880: 8341 3001 | 4883 5930 | 00e9 4100 | 0000 4885 | ff0f 8538 | 0000 0048 | 8959 28bf | 0100 0000 
  0x00000218670508a0: 4889 7930 | e926 0000 | 0048 3b59 | 280f 850f | 0000 0048 | 8341 3001 | 4883 5930 | 00e9 0d00 
  0x00000218670508c0: 0000 4889 | 5918 bf01 | 0000 0048 | 8979 2048 | 83c1 3848 | 894d d848 | 3bd8 0f84 | 5b00 0000 
  0x00000218670508e0: 8b48 1448 | 3b04 0b0f | 844e 0000 | 0083 f920 | 0f85 2200 | 0000 5048 | 8bc0 5748 | 8b7b 288b 
  0x0000021867050900: 0f48 83c7 | 0848 85c0 | f248 af5f | 5875 0948 | 8943 20e9 | 2300 0000 | 488b 4dd8 | 4885 c90f 
  0x0000021867050920: 8410 0000 | 0048 8341 | d0ff 0f88 | 0500 0000 | 4883 41d0 | 0152 e962 | d1fe ff48 | 8bc2 e919 
  0x0000021867050940: 0000 0048 | 8b4d d848 | 85c9 0f84 | 0c00 0000 | 8049 0101 | 4883 c138 | 4889 4dd8 | 410f b65d 
  0x0000021867050960: 0349 83c5 | 0349 bac0 | 1157 1afe | 7f00 0041 | ff24 da0f | 1f44 0000 | 0000 0000 | 0000 0000 
[/MachCode]

---------------  P R O C E S S  ---------------

Threads class SMR info:
_java_thread_list=0x00000218094d5950, length=42, elements={
0x00000218054eb020, 0x00000218054f1510, 0x00000218054d6950, 0x00000218054d6e20,
0x00000218054d72f0, 0x00000218054d8500, 0x000002180550dd70, 0x000002187d3f8150,
0x00000218056ed900, 0x0000021805d30430, 0x0000021805d345e0, 0x0000021805d7fad0,
0x00000218066ff2d0, 0x0000021805e60310, 0x0000021805e61650, 0x0000021805e5efd0,
0x0000021806b59e60, 0x0000021806b5a330, 0x0000021806b57cb0, 0x0000021806b5a800,
0x0000021806b56e40, 0x0000021806b577e0, 0x0000021806b5b670, 0x0000021806b5c010,
0x0000021806b58ff0, 0x0000021806b5bb40, 0x0000021806b58650, 0x0000021806b5c4e0,
0x0000021806b58b20, 0x0000021806b5d350, 0x0000021806b5c9b0, 0x0000021806b5ce80,
0x0000021806b5d820, 0x0000021806b5dcf0, 0x0000021806b5e1c0, 0x0000021805e61180,
0x00000218093e5ce0, 0x00000218093e91d0, 0x00000218093e6b50, 0x00000218093e7020,
0x00000218093e74f0, 0x00000218093e7e90
}

Java Threads: ( => current thread )
  0x00000218054eb020 JavaThread "Reference Handler" daemon [_thread_blocked, id=34264, stack(0x000000c7b1000000,0x000000c7b1100000)]
  0x00000218054f1510 JavaThread "Finalizer" daemon [_thread_blocked, id=37528, stack(0x000000c7b1100000,0x000000c7b1200000)]
  0x00000218054d6950 JavaThread "Signal Dispatcher" daemon [_thread_blocked, id=38032, stack(0x000000c7b1200000,0x000000c7b1300000)]
  0x00000218054d6e20 JavaThread "Attach Listener" daemon [_thread_blocked, id=5776, stack(0x000000c7b1300000,0x000000c7b1400000)]
  0x00000218054d72f0 JavaThread "Service Thread" daemon [_thread_blocked, id=3592, stack(0x000000c7b1400000,0x000000c7b1500000)]
  0x00000218054d8500 JavaThread "C1 CompilerThread0" daemon [_thread_blocked, id=34756, stack(0x000000c7b1500000,0x000000c7b1600000)]
  0x000002180550dd70 JavaThread "Sweeper thread" daemon [_thread_blocked, id=38236, stack(0x000000c7b1600000,0x000000c7b1700000)]
  0x000002187d3f8150 JavaThread "Common-Cleaner" daemon [_thread_blocked, id=37832, stack(0x000000c7b1700000,0x000000c7b1800000)]
  0x00000218056ed900 JavaThread "Notification Thread" daemon [_thread_blocked, id=11444, stack(0x000000c7b1800000,0x000000c7b1900000)]
  0x0000021805d30430 JavaThread "RMI TCP Accept-0" daemon [_thread_in_native, id=11300, stack(0x000000c7b1900000,0x000000c7b1a00000)]
  0x0000021805d345e0 JavaThread "RMI TCP Accept-51426" daemon [_thread_in_native, id=31624, stack(0x000000c7b1a00000,0x000000c7b1b00000)]
  0x0000021805d7fad0 JavaThread "RMI TCP Accept-0" daemon [_thread_in_native, id=2012, stack(0x000000c7b1b00000,0x000000c7b1c00000)]
  0x00000218066ff2d0 JavaThread "RMI TCP Connection(1)-127.0.0.1" daemon [_thread_in_native, id=28272, stack(0x000000c7b2400000,0x000000c7b2500000)]
  0x0000021805e60310 JavaThread "RMI Scheduler(0)" daemon [_thread_blocked, id=1188, stack(0x000000c7b2500000,0x000000c7b2600000)]
  0x0000021805e61650 JavaThread "RMI TCP Connection(2)-127.0.0.1" daemon [_thread_in_native, id=32652, stack(0x000000c7b2600000,0x000000c7b2700000)]
  0x0000021805e5efd0 JavaThread "JMX server connection timeout 35" daemon [_thread_blocked, id=37696, stack(0x000000c7b2700000,0x000000c7b2800000)]
  0x0000021806b59e60 JavaThread "Catalina-utility-1" [_thread_blocked, id=35512, stack(0x000000c7b2800000,0x000000c7b2900000)]
  0x0000021806b5a330 JavaThread "Catalina-utility-2" [_thread_blocked, id=9620, stack(0x000000c7b3000000,0x000000c7b3100000)]
  0x0000021806b57cb0 JavaThread "container-0" [_thread_blocked, id=2364, stack(0x000000c7b3100000,0x000000c7b3200000)]
  0x0000021806b5a800 JavaThread "mysql-cj-abandoned-connection-cleanup" daemon [_thread_blocked, id=37084, stack(0x000000c7b3200000,0x000000c7b3300000)]
  0x0000021806b56e40 JavaThread "HikariPool-1 housekeeper" daemon [_thread_blocked, id=20380, stack(0x000000c7b3800000,0x000000c7b3900000)]
  0x0000021806b577e0 JavaThread "File Watcher" daemon [_thread_blocked, id=33960, stack(0x000000c7b3a00000,0x000000c7b3b00000)]
  0x0000021806b5b670 JavaThread "Live Reload Server" daemon [_thread_in_native, id=35940, stack(0x000000c7b3c00000,0x000000c7b3d00000)]
  0x0000021806b5c010 JavaThread "http-nio-8081-exec-1" daemon [_thread_blocked, id=18352, stack(0x000000c7b3b00000,0x000000c7b3c00000)]
  0x0000021806b58ff0 JavaThread "http-nio-8081-exec-2" daemon [_thread_blocked, id=32432, stack(0x000000c7b3d00000,0x000000c7b3e00000)]
=>0x0000021806b5bb40 JavaThread "http-nio-8081-exec-3" daemon [_thread_in_Java, id=4952, stack(0x000000c7b3e00000,0x000000c7b3f00000)]
  0x0000021806b58650 JavaThread "http-nio-8081-exec-4" daemon [_thread_blocked, id=35288, stack(0x000000c7b3f00000,0x000000c7b4000000)]
  0x0000021806b5c4e0 JavaThread "http-nio-8081-exec-5" daemon [_thread_blocked, id=15724, stack(0x000000c7b4000000,0x000000c7b4100000)]
  0x0000021806b58b20 JavaThread "http-nio-8081-exec-6" daemon [_thread_blocked, id=2936, stack(0x000000c7b4100000,0x000000c7b4200000)]
  0x0000021806b5d350 JavaThread "http-nio-8081-exec-7" daemon [_thread_blocked, id=21748, stack(0x000000c7b4200000,0x000000c7b4300000)]
  0x0000021806b5c9b0 JavaThread "http-nio-8081-exec-8" daemon [_thread_blocked, id=34080, stack(0x000000c7b4300000,0x000000c7b4400000)]
  0x0000021806b5ce80 JavaThread "http-nio-8081-exec-9" daemon [_thread_blocked, id=14488, stack(0x000000c7b4400000,0x000000c7b4500000)]
  0x0000021806b5d820 JavaThread "http-nio-8081-exec-10" daemon [_thread_blocked, id=21552, stack(0x000000c7b4500000,0x000000c7b4600000)]
  0x0000021806b5dcf0 JavaThread "http-nio-8081-Poller" daemon [_thread_in_native, id=15784, stack(0x000000c7b4600000,0x000000c7b4700000)]
  0x0000021806b5e1c0 JavaThread "http-nio-8081-Acceptor" daemon [_thread_in_native, id=11752, stack(0x000000c7b4700000,0x000000c7b4800000)]
  0x0000021805e61180 JavaThread "DestroyJavaVM" [_thread_blocked, id=9660, stack(0x000000c7b0900000,0x000000c7b0a00000)]
  0x00000218093e5ce0 JavaThread "RMI TCP Connection(3)-127.0.0.1" daemon [_thread_in_native, id=36268, stack(0x000000c7b2300000,0x000000c7b2400000)]
  0x00000218093e91d0 JavaThread "RMI TCP Connection(4)-127.0.0.1" daemon [_thread_in_native, id=31832, stack(0x000000c7b4800000,0x000000c7b4900000)]
  0x00000218093e6b50 JavaThread "RMI TCP Connection(5)-127.0.0.1" daemon [_thread_in_native, id=14656, stack(0x000000c7b4900000,0x000000c7b4a00000)]
  0x00000218093e7020 JavaThread "RMI TCP Connection(6)-127.0.0.1" daemon [_thread_in_native, id=33664, stack(0x000000c7b4a00000,0x000000c7b4b00000)]
  0x00000218093e74f0 JavaThread "RMI TCP Connection(7)-127.0.0.1" daemon [_thread_in_native, id=36092, stack(0x000000c7b4c00000,0x000000c7b4d00000)]
  0x00000218093e7e90 JavaThread "RMI TCP Connection(8)-127.0.0.1" daemon [_thread_in_native, id=38724, stack(0x000000c7b4e00000,0x000000c7b4f00000)]

Other Threads:
  0x0000021805489c40 VMThread "VM Thread" [stack: 0x000000c7b0f00000,0x000000c7b1000000] [id=19112]
  0x0000021805d817e0 WatcherThread [stack: 0x000000c7b1c00000,0x000000c7b1d00000] [id=27332]
  0x00000218635f5540 GCTaskThread "GC Thread#0" [stack: 0x000000c7b0a00000,0x000000c7b0b00000] [id=19780]
  0x0000021805bb96f0 GCTaskThread "GC Thread#1" [stack: 0x000000c7b1d00000,0x000000c7b1e00000] [id=17128]
  0x0000021805bbb3a0 GCTaskThread "GC Thread#2" [stack: 0x000000c7b1e00000,0x000000c7b1f00000] [id=21740]
  0x0000021805bbba00 GCTaskThread "GC Thread#3" [stack: 0x000000c7b1f00000,0x000000c7b2000000] [id=29216]
  0x0000021805bbb6d0 GCTaskThread "GC Thread#4" [stack: 0x000000c7b2000000,0x000000c7b2100000] [id=2956]
  0x0000021805bb9d50 GCTaskThread "GC Thread#5" [stack: 0x000000c7b2100000,0x000000c7b2200000] [id=13284]
  0x0000021805bba080 GCTaskThread "GC Thread#6" [stack: 0x000000c7b2900000,0x000000c7b2a00000] [id=35620]
  0x0000021805bbbd30 GCTaskThread "GC Thread#7" [stack: 0x000000c7b2a00000,0x000000c7b2b00000] [id=29124]
  0x0000021806d2ce20 GCTaskThread "GC Thread#8" [stack: 0x000000c7b3300000,0x000000c7b3400000] [id=10068]
  0x0000021806d2d150 GCTaskThread "GC Thread#9" [stack: 0x000000c7b3400000,0x000000c7b3500000] [id=26784]
  0x0000021806d2de10 GCTaskThread "GC Thread#10" [stack: 0x000000c7b3500000,0x000000c7b3600000] [id=632]
  0x0000021806d2d480 GCTaskThread "GC Thread#11" [stack: 0x000000c7b3600000,0x000000c7b3700000] [id=36988]
  0x0000021863607a70 ConcurrentGCThread "G1 Main Marker" [stack: 0x000000c7b0b00000,0x000000c7b0c00000] [id=2768]
  0x000002186360a5c0 ConcurrentGCThread "G1 Conc#0" [stack: 0x000000c7b0c00000,0x000000c7b0d00000] [id=9784]
  0x0000021805bba3b0 ConcurrentGCThread "G1 Conc#1" [stack: 0x000000c7b2b00000,0x000000c7b2c00000] [id=6868]
  0x0000021805bbc060 ConcurrentGCThread "G1 Conc#2" [stack: 0x000000c7b2c00000,0x000000c7b2d00000] [id=32296]
  0x0000021805bb9090 ConcurrentGCThread "G1 Conc#3" [stack: 0x000000c7b2d00000,0x000000c7b2e00000] [id=34836]
  0x0000021805bbc390 ConcurrentGCThread "G1 Conc#4" [stack: 0x000000c7b2e00000,0x000000c7b2f00000] [id=29080]
  0x0000021805bba6e0 ConcurrentGCThread "G1 Conc#5" [stack: 0x000000c7b2f00000,0x000000c7b3000000] [id=36556]
  0x000002187d3594e0 ConcurrentGCThread "G1 Refine#0" [stack: 0x000000c7b0d00000,0x000000c7b0e00000] [id=25308]
  0x000002187d35c870 ConcurrentGCThread "G1 Young RemSet Sampling" [stack: 0x000000c7b0e00000,0x000000c7b0f00000] [id=29012]

Threads with active compile tasks:

VM state: not at safepoint (normal execution)

VM Mutex/Monitor currently owned by a thread: None

Heap address: 0x0000000704e00000, size: 4018 MB, Compressed Oops mode: Zero based, Oop shift amount: 3
CDS disabled.
Compressed class space mapped at: 0x0000000800000000-0x0000000840000000, size: 1073741824
Narrow klass base: 0x0000000800000000, Narrow klass shift: 0, Narrow klass range: 0x40000000

GC Precious Log:
 CPUs: 32 total, 32 available
 Memory: 16070M
 Large Page Support: Disabled
 NUMA Support: Disabled
 Compressed Oops: Enabled (Zero based)
 Heap Region Size: 2M
 Heap Min Capacity: 8M
 Heap Initial Capacity: 252M
 Heap Max Capacity: 4018M
 Pre-touch: Disabled
 Parallel Workers: 23
 Concurrent Workers: 6
 Concurrent Refinement Workers: 23
 Periodic GC: Disabled

Heap:
 garbage-first heap   total 102400K, used 55512K [0x0000000704e00000, 0x0000000800000000)
  region size 2048K, 18 young (36864K), 4 survivors (8192K)
 Metaspace       used 73237K, capacity 73945K, committed 74112K, reserved 1114112K
  class space    used 9095K, capacity 9318K, committed 9344K, reserved 1048576K

Heap Regions: E=young(eden), S=young(survivor), O=old, HS=humongous(starts), HC=humongous(continues), CS=collection set, F=free, OA=open archive, CA=closed archive, TAMS=top-at-mark-start (previous, next)
|   0|0x0000000704e00000, 0x0000000705000000, 0x0000000705000000|100%| O|  |TAMS 0x0000000705000000, 0x0000000704e00000| Untracked 
|   1|0x0000000705000000, 0x0000000705200000, 0x0000000705200000|100%| O|  |TAMS 0x0000000705200000, 0x0000000705000000| Untracked 
|   2|0x0000000705200000, 0x0000000705400000, 0x0000000705400000|100%| O|  |TAMS 0x0000000705400000, 0x0000000705200000| Untracked 
|   3|0x0000000705400000, 0x0000000705448200, 0x0000000705600000| 14%| O|  |TAMS 0x0000000705448200, 0x0000000705400000| Untracked 
|   4|0x0000000705600000, 0x0000000705800000, 0x0000000705800000|100%| O|  |TAMS 0x0000000705800000, 0x0000000705600000| Untracked 
|   5|0x0000000705800000, 0x0000000705a00000, 0x0000000705a00000|100%| O|  |TAMS 0x0000000705a00000, 0x0000000705800000| Untracked 
|   6|0x0000000705a00000, 0x0000000705c00000, 0x0000000705c00000|100%| O|  |TAMS 0x0000000705c00000, 0x0000000705a00000| Untracked 
|   7|0x0000000705c00000, 0x0000000705e00000, 0x0000000705e00000|100%| O|  |TAMS 0x0000000705d9ec00, 0x0000000705c00000| Untracked 
|   8|0x0000000705e00000, 0x0000000706000000, 0x0000000706000000|100%| O|  |TAMS 0x0000000705e00000, 0x0000000705e00000| Untracked 
|   9|0x0000000706000000, 0x0000000706078000, 0x0000000706200000| 23%| O|  |TAMS 0x0000000706000000, 0x0000000706000000| Untracked 
|  10|0x0000000706200000, 0x0000000706400000, 0x0000000706400000|100%| O|  |TAMS 0x0000000706200000, 0x0000000706200000| Untracked 
|  11|0x0000000706400000, 0x00000007064aba00, 0x0000000706600000| 33%| O|  |TAMS 0x0000000706400000, 0x0000000706400000| Untracked 
|  12|0x0000000706600000, 0x0000000706600000, 0x0000000706800000|  0%| F|  |TAMS 0x0000000706600000, 0x0000000706600000| Untracked 
|  13|0x0000000706800000, 0x0000000706800000, 0x0000000706a00000|  0%| F|  |TAMS 0x0000000706800000, 0x0000000706800000| Untracked 
|  14|0x0000000706a00000, 0x0000000706a00000, 0x0000000706c00000|  0%| F|  |TAMS 0x0000000706a00000, 0x0000000706a00000| Untracked 
|  15|0x0000000706c00000, 0x0000000706c00000, 0x0000000706e00000|  0%| F|  |TAMS 0x0000000706c00000, 0x0000000706c00000| Untracked 
|  16|0x0000000706e00000, 0x0000000706e00000, 0x0000000707000000|  0%| F|  |TAMS 0x0000000706e00000, 0x0000000706e00000| Untracked 
|  17|0x0000000707000000, 0x0000000707000000, 0x0000000707200000|  0%| F|  |TAMS 0x0000000707000000, 0x0000000707000000| Untracked 
|  18|0x0000000707200000, 0x0000000707200000, 0x0000000707400000|  0%| F|  |TAMS 0x0000000707200000, 0x0000000707200000| Untracked 
|  19|0x0000000707400000, 0x00000007074ca7e8, 0x0000000707600000| 39%| S|CS|TAMS 0x0000000707400000, 0x0000000707400000| Complete 
|  20|0x0000000707600000, 0x0000000707800000, 0x0000000707800000|100%| S|CS|TAMS 0x0000000707600000, 0x0000000707600000| Complete 
|  21|0x0000000707800000, 0x0000000707a00000, 0x0000000707a00000|100%| S|CS|TAMS 0x0000000707800000, 0x0000000707800000| Complete 
|  22|0x0000000707a00000, 0x0000000707c00000, 0x0000000707c00000|100%| S|CS|TAMS 0x0000000707a00000, 0x0000000707a00000| Complete 
|  23|0x0000000707c00000, 0x0000000707c00000, 0x0000000707e00000|  0%| F|  |TAMS 0x0000000707c00000, 0x0000000707c00000| Untracked 
|  24|0x0000000707e00000, 0x0000000707e00000, 0x0000000708000000|  0%| F|  |TAMS 0x0000000707e00000, 0x0000000707e00000| Untracked 
|  25|0x0000000708000000, 0x0000000708000000, 0x0000000708200000|  0%| F|  |TAMS 0x0000000708000000, 0x0000000708000000| Untracked 
|  26|0x0000000708200000, 0x0000000708200000, 0x0000000708400000|  0%| F|  |TAMS 0x0000000708200000, 0x0000000708200000| Untracked 
|  27|0x0000000708400000, 0x0000000708400000, 0x0000000708600000|  0%| F|  |TAMS 0x0000000708400000, 0x0000000708400000| Untracked 
|  28|0x0000000708600000, 0x0000000708600000, 0x0000000708800000|  0%| F|  |TAMS 0x0000000708600000, 0x0000000708600000| Untracked 
|  29|0x0000000708800000, 0x0000000708800000, 0x0000000708a00000|  0%| F|  |TAMS 0x0000000708800000, 0x0000000708800000| Untracked 
|  30|0x0000000708a00000, 0x0000000708a00000, 0x0000000708c00000|  0%| F|  |TAMS 0x0000000708a00000, 0x0000000708a00000| Untracked 
|  31|0x0000000708c00000, 0x0000000708c00000, 0x0000000708e00000|  0%| F|  |TAMS 0x0000000708c00000, 0x0000000708c00000| Untracked 
|  32|0x0000000708e00000, 0x0000000708e00000, 0x0000000709000000|  0%| F|  |TAMS 0x0000000708e00000, 0x0000000708e00000| Untracked 
|  33|0x0000000709000000, 0x0000000709000000, 0x0000000709200000|  0%| F|  |TAMS 0x0000000709000000, 0x0000000709000000| Untracked 
|  34|0x0000000709200000, 0x00000007093c9ac8, 0x0000000709400000| 89%| E|  |TAMS 0x0000000709200000, 0x0000000709200000| Complete 
|  35|0x0000000709400000, 0x0000000709600000, 0x0000000709600000|100%| E|CS|TAMS 0x0000000709400000, 0x0000000709400000| Complete 
|  36|0x0000000709600000, 0x0000000709800000, 0x0000000709800000|100%| E|CS|TAMS 0x0000000709600000, 0x0000000709600000| Complete 
|  37|0x0000000709800000, 0x0000000709a00000, 0x0000000709a00000|100%| E|CS|TAMS 0x0000000709800000, 0x0000000709800000| Complete 
|  38|0x0000000709a00000, 0x0000000709c00000, 0x0000000709c00000|100%| E|  |TAMS 0x0000000709a00000, 0x0000000709a00000| Complete 
|  39|0x0000000709c00000, 0x0000000709e00000, 0x0000000709e00000|100%| E|CS|TAMS 0x0000000709c00000, 0x0000000709c00000| Complete 
|  40|0x0000000709e00000, 0x000000070a000000, 0x000000070a000000|100%| E|CS|TAMS 0x0000000709e00000, 0x0000000709e00000| Complete 
|  41|0x000000070a000000, 0x000000070a200000, 0x000000070a200000|100%| E|CS|TAMS 0x000000070a000000, 0x000000070a000000| Complete 
|  42|0x000000070a200000, 0x000000070a400000, 0x000000070a400000|100%| E|CS|TAMS 0x000000070a200000, 0x000000070a200000| Complete 
|  43|0x000000070a400000, 0x000000070a600000, 0x000000070a600000|100%| E|CS|TAMS 0x000000070a400000, 0x000000070a400000| Complete 
|  44|0x000000070a600000, 0x000000070a800000, 0x000000070a800000|100%| E|CS|TAMS 0x000000070a600000, 0x000000070a600000| Complete 
|  45|0x000000070a800000, 0x000000070aa00000, 0x000000070aa00000|100%| E|CS|TAMS 0x000000070a800000, 0x000000070a800000| Complete 
|  46|0x000000070aa00000, 0x000000070ac00000, 0x000000070ac00000|100%| E|CS|TAMS 0x000000070aa00000, 0x000000070aa00000| Complete 
| 125|0x0000000714800000, 0x0000000714a00000, 0x0000000714a00000|100%| E|CS|TAMS 0x0000000714800000, 0x0000000714800000| Complete 
|2007|0x00000007ffc00000, 0x00000007ffe00000, 0x00000007ffe00000|100%| O|  |TAMS 0x00000007ffe00000, 0x00000007ffc00000| Untracked 
|2008|0x00000007ffe00000, 0x0000000800000000, 0x0000000800000000|100%| O|  |TAMS 0x0000000800000000, 0x00000007ffe00000| Untracked 

Card table byte_map: [0x0000021878260000,0x0000021878a40000] _byte_map_base: 0x0000021874a39000

Marking Bits (Prev, Next): (CMBitMap*) 0x00000218635f5c20, (CMBitMap*) 0x00000218635f5be0
 Prev Bits: [0x0000021800000000, 0x0000021803ec8000)
 Next Bits: [0x0000021879220000, 0x000002187d0e8000)

Polling page: 0x0000021861710000

Metaspace:

Usage:
  Non-class:     63.11 MB capacity,    62.64 MB (>99%) used,   392.30 KB ( <1%) free+waste,    92.12 KB ( <1%) overhead. 
      Class:      9.10 MB capacity,     8.88 MB ( 98%) used,   188.84 KB (  2%) free+waste,    34.06 KB ( <1%) overhead. 
       Both:     72.21 MB capacity,    71.52 MB (>99%) used,   581.15 KB ( <1%) free+waste,   126.19 KB ( <1%) overhead. 

Virtual space:
  Non-class space:       64.00 MB reserved,      63.25 MB ( 99%) committed 
      Class space:        1.00 GB reserved,       9.12 MB ( <1%) committed 
             Both:        1.06 GB reserved,      72.38 MB (  7%) committed 

Chunk freelists:
   Non-Class:  13.00 KB
       Class:  26.00 KB
        Both:  39.00 KB

MaxMetaspaceSize: 17179869184.00 GB
CompressedClassSpaceSize: 1.00 GB

CodeHeap 'non-profiled nmethods': size=232192Kb used=10341Kb max_used=10341Kb free=221850Kb
 bounds [0x0000021867d70000, 0x0000021868790000, 0x0000021876030000]
CodeHeap 'non-nmethods': size=13568Kb used=1337Kb max_used=1337Kb free=12230Kb
 bounds [0x0000021867030000, 0x00000218672a0000, 0x0000021867d70000]
 total_blobs=6391 nmethods=5752 adapters=566
 compilation: enabled
              stopped_count=0, restarted_count=0
 full_count=0

Compilation events (20 events):
Event: 21.203 Thread 0x00000218054d8500 5743       1       org.apache.jasper.runtime.PageContextImpl::getOut (5 bytes)
Event: 21.203 Thread 0x00000218054d8500 nmethod 5743 0x0000021868786290 code [0x0000021868786420, 0x00000218687864d8]
Event: 21.203 Thread 0x00000218054d8500 5745       1       org.apache.jasper.runtime.JspWriterImpl::write (130 bytes)
Event: 21.203 Thread 0x00000218054d8500 nmethod 5745 0x0000021868786590 code [0x00000218687867c0, 0x0000021868786df8]
Event: 21.203 Thread 0x00000218054d8500 5744       1       org.apache.jasper.runtime.JspWriterImpl::ensureOpen (28 bytes)
Event: 21.204 Thread 0x00000218054d8500 nmethod 5744 0x0000021868787190 code [0x0000021868787340, 0x0000021868787598]
Event: 21.204 Thread 0x00000218054d8500 5746       1       org.apache.jasper.runtime.JspWriterImpl::min (9 bytes)
Event: 21.204 Thread 0x00000218054d8500 nmethod 5746 0x0000021868787710 code [0x00000218687878a0, 0x0000021868787958]
Event: 21.204 Thread 0x00000218054d8500 5747       1       org.springframework.core.convert.TypeDescriptor::getObjectType (8 bytes)
Event: 21.204 Thread 0x00000218054d8500 nmethod 5747 0x0000021868787a10 code [0x0000021868787ba0, 0x0000021868787c88]
Event: 21.204 Thread 0x00000218054d8500 5748       1       org.springframework.core.MethodParameter::<init> (99 bytes)
Event: 21.204 Thread 0x00000218054d8500 nmethod 5748 0x0000021868787d10 code [0x0000021868787ee0, 0x0000021868788468]
Event: 21.204 Thread 0x00000218054d8500 5749       1       org.springframework.core.convert.Property::getWriteMethod (5 bytes)
Event: 21.204 Thread 0x00000218054d8500 nmethod 5749 0x0000021868788590 code [0x0000021868788720, 0x00000218687887d8]
Event: 21.205 Thread 0x00000218054d8500 5750       1       org.springframework.core.convert.Property::getReadMethod (5 bytes)
Event: 21.205 Thread 0x00000218054d8500 nmethod 5750 0x0000021868788890 code [0x0000021868788a20, 0x0000021868788ad8]
Event: 21.205 Thread 0x00000218054d8500 5751   !   1       org.springframework.web.servlet.tags.form.TagWriter$SafeWriter::append (25 bytes)
Event: 21.206 Thread 0x00000218054d8500 nmethod 5751 0x0000021868788b90 code [0x0000021868788d60, 0x0000021868788f88]
Event: 21.206 Thread 0x00000218054d8500 5752       1       org.springframework.web.servlet.tags.form.TagWriter$SafeWriter::getWriterToUse (38 bytes)
Event: 21.206 Thread 0x00000218054d8500 nmethod 5752 0x0000021868789190 code [0x0000021868789340, 0x0000021868789518]

GC Heap History (20 events):
Event: 0.882 GC heap before
{Heap before GC invocations=6 (full 0):
 garbage-first heap   total 155648K, used 95677K [0x0000000704e00000, 0x0000000800000000)
  region size 2048K, 45 young (92160K), 2 survivors (4096K)
 Metaspace       used 29874K, capacity 30301K, committed 30592K, reserved 1077248K
  class space    used 3527K, capacity 3668K, committed 3712K, reserved 1048576K
}
Event: 0.885 GC heap after
{Heap after GC invocations=7 (full 0):
 garbage-first heap   total 155648K, used 11924K [0x0000000704e00000, 0x0000000800000000)
  region size 2048K, 3 young (6144K), 3 survivors (6144K)
 Metaspace       used 29874K, capacity 30301K, committed 30592K, reserved 1077248K
  class space    used 3527K, capacity 3668K, committed 3712K, reserved 1048576K
}
Event: 1.134 GC heap before
{Heap before GC invocations=7 (full 0):
 garbage-first heap   total 155648K, used 61076K [0x0000000704e00000, 0x0000000800000000)
  region size 2048K, 28 young (57344K), 3 survivors (6144K)
 Metaspace       used 35311K, capacity 35790K, committed 35840K, reserved 1081344K
  class space    used 4303K, capacity 4467K, committed 4480K, reserved 1048576K
}
Event: 1.137 GC heap after
{Heap after GC invocations=8 (full 0):
 garbage-first heap   total 155648K, used 15222K [0x0000000704e00000, 0x0000000800000000)
  region size 2048K, 5 young (10240K), 5 survivors (10240K)
 Metaspace       used 35311K, capacity 35790K, committed 35840K, reserved 1081344K
  class space    used 4303K, capacity 4467K, committed 4480K, reserved 1048576K
}
Event: 1.216 GC heap before
{Heap before GC invocations=9 (full 0):
 garbage-first heap   total 69632K, used 64374K [0x0000000704e00000, 0x0000000800000000)
  region size 2048K, 30 young (61440K), 5 survivors (10240K)
 Metaspace       used 37187K, capacity 37614K, committed 37760K, reserved 1083392K
  class space    used 4490K, capacity 4627K, committed 4736K, reserved 1048576K
}
Event: 1.220 GC heap after
{Heap after GC invocations=10 (full 0):
 garbage-first heap   total 81920K, used 16594K [0x0000000704e00000, 0x0000000800000000)
  region size 2048K, 4 young (8192K), 4 survivors (8192K)
 Metaspace       used 37187K, capacity 37614K, committed 37760K, reserved 1083392K
  class space    used 4490K, capacity 4627K, committed 4736K, reserved 1048576K
}
Event: 1.228 GC heap before
{Heap before GC invocations=10 (full 0):
 garbage-first heap   total 81920K, used 55506K [0x0000000704e00000, 0x0000000800000000)
  region size 2048K, 24 young (49152K), 4 survivors (8192K)
 Metaspace       used 37187K, capacity 37614K, committed 37760K, reserved 1083392K
  class space    used 4490K, capacity 4627K, committed 4736K, reserved 1048576K
}
Event: 1.230 GC heap after
{Heap after GC invocations=11 (full 0):
 garbage-first heap   total 98304K, used 17185K [0x0000000704e00000, 0x0000000800000000)
  region size 2048K, 2 young (4096K), 2 survivors (4096K)
 Metaspace       used 37187K, capacity 37614K, committed 37760K, reserved 1083392K
  class space    used 4490K, capacity 4627K, committed 4736K, reserved 1048576K
}
Event: 1.495 GC heap before
{Heap before GC invocations=11 (full 0):
 garbage-first heap   total 98304K, used 68385K [0x0000000704e00000, 0x0000000800000000)
  region size 2048K, 28 young (57344K), 2 survivors (4096K)
 Metaspace       used 43385K, capacity 43949K, committed 44160K, reserved 1087488K
  class space    used 5295K, capacity 5458K, committed 5504K, reserved 1048576K
}
Event: 1.497 GC heap after
{Heap after GC invocations=12 (full 0):
 garbage-first heap   total 98304K, used 18544K [0x0000000704e00000, 0x0000000800000000)
  region size 2048K, 2 young (4096K), 2 survivors (4096K)
 Metaspace       used 43385K, capacity 43949K, committed 44160K, reserved 1087488K
  class space    used 5295K, capacity 5458K, committed 5504K, reserved 1048576K
}
Event: 1.749 GC heap before
{Heap before GC invocations=12 (full 0):
 garbage-first heap   total 98304K, used 69744K [0x0000000704e00000, 0x0000000800000000)
  region size 2048K, 28 young (57344K), 2 survivors (4096K)
 Metaspace       used 51383K, capacity 51929K, committed 52224K, reserved 1095680K
  class space    used 6420K, capacity 6581K, committed 6656K, reserved 1048576K
}
Event: 1.752 GC heap after
{Heap after GC invocations=13 (full 0):
 garbage-first heap   total 98304K, used 21448K [0x0000000704e00000, 0x0000000800000000)
  region size 2048K, 4 young (8192K), 4 survivors (8192K)
 Metaspace       used 51383K, capacity 51929K, committed 52224K, reserved 1095680K
  class space    used 6420K, capacity 6581K, committed 6656K, reserved 1048576K
}
Event: 1.989 GC heap before
{Heap before GC invocations=13 (full 0):
 garbage-first heap   total 98304K, used 70600K [0x0000000704e00000, 0x0000000800000000)
  region size 2048K, 28 young (57344K), 4 survivors (8192K)
 Metaspace       used 57746K, capacity 58345K, committed 58624K, reserved 1099776K
  class space    used 7360K, capacity 7560K, committed 7680K, reserved 1048576K
}
Event: 1.993 GC heap after
{Heap after GC invocations=14 (full 0):
 garbage-first heap   total 98304K, used 24079K [0x0000000704e00000, 0x0000000800000000)
  region size 2048K, 3 young (6144K), 3 survivors (6144K)
 Metaspace       used 57746K, capacity 58345K, committed 58624K, reserved 1099776K
  class space    used 7360K, capacity 7560K, committed 7680K, reserved 1048576K
}
Event: 2.052 GC heap before
{Heap before GC invocations=14 (full 0):
 garbage-first heap   total 98304K, used 34319K [0x0000000704e00000, 0x0000000800000000)
  region size 2048K, 9 young (18432K), 3 survivors (6144K)
 Metaspace       used 59454K, capacity 60044K, committed 60160K, reserved 1101824K
  class space    used 7589K, capacity 7785K, committed 7808K, reserved 1048576K
}
Event: 2.055 GC heap after
{Heap after GC invocations=15 (full 0):
 garbage-first heap   total 118784K, used 25147K [0x0000000704e00000, 0x0000000800000000)
  region size 2048K, 2 young (4096K), 2 survivors (4096K)
 Metaspace       used 59454K, capacity 60044K, committed 60160K, reserved 1101824K
  class space    used 7589K, capacity 7785K, committed 7808K, reserved 1048576K
}
Event: 17.387 GC heap before
{Heap before GC invocations=16 (full 0):
 garbage-first heap   total 102400K, used 82491K [0x0000000704e00000, 0x0000000800000000)
  region size 2048K, 30 young (61440K), 2 survivors (4096K)
 Metaspace       used 63878K, capacity 64518K, committed 64768K, reserved 1105920K
  class space    used 8211K, capacity 8417K, committed 8448K, reserved 1048576K
}
Event: 17.391 GC heap after
{Heap after GC invocations=17 (full 0):
 garbage-first heap   total 102400K, used 28062K [0x0000000704e00000, 0x0000000800000000)
  region size 2048K, 4 young (8192K), 4 survivors (8192K)
 Metaspace       used 63878K, capacity 64518K, committed 64768K, reserved 1105920K
  class space    used 8211K, capacity 8417K, committed 8448K, reserved 1048576K
}
Event: 17.930 GC heap before
{Heap before GC invocations=17 (full 0):
 garbage-first heap   total 102400K, used 77214K [0x0000000704e00000, 0x0000000800000000)
  region size 2048K, 29 young (59392K), 4 survivors (8192K)
 Metaspace       used 71541K, capacity 72166K, committed 72448K, reserved 1112064K
  class space    used 8937K, capacity 9153K, committed 9216K, reserved 1048576K
}
Event: 17.933 GC heap after
{Heap after GC invocations=18 (full 0):
 garbage-first heap   total 102400K, used 30936K [0x0000000704e00000, 0x0000000800000000)
  region size 2048K, 4 young (8192K), 4 survivors (8192K)
 Metaspace       used 71541K, capacity 72166K, committed 72448K, reserved 1112064K
  class space    used 8937K, capacity 9153K, committed 9216K, reserved 1048576K
}

Deoptimization events (6 events):
Event: 0.873 Thread 0x000002180660b7e0 DEOPT PACKING pc=0x00000218680a8c7c sp=0x000000c7b23fcd70
Event: 0.873 Thread 0x000002180660b7e0 DEOPT UNPACKING pc=0x000002186707e23f sp=0x000000c7b23fc2c8 mode 0
Event: 2.185 Thread 0x000002180660b7e0 DEOPT PACKING pc=0x0000021868013bc9 sp=0x000000c7b23fd1e0
Event: 2.185 Thread 0x000002180660b7e0 DEOPT UNPACKING pc=0x000002186707e23f sp=0x000000c7b23fc6f8 mode 3
Event: 2.185 Thread 0x000002180660b7e0 DEOPT PACKING pc=0x000002186800ae54 sp=0x000000c7b23fd1a0
Event: 2.185 Thread 0x000002180660b7e0 DEOPT UNPACKING pc=0x000002186707e23f sp=0x000000c7b23fc6f8 mode 3

Classes unloaded (0 events):
No events

Classes redefined (0 events):
No events

Internal exceptions (20 events):
Event: 21.122 Thread 0x0000021806b5bb40 Exception <a 'java/lang/ClassNotFoundException'{0x000000070a1a2cd8}: org/springframework/web/servlet/tags/form/AbstractFormTagBeanInfo> (0x000000070a1a2cd8) 
thrown [./open/src/hotspot/share/classfile/systemDictionary.cpp, line 295]
Event: 21.123 Thread 0x0000021806b5bb40 Exception <a 'java/lang/ClassNotFoundException'{0x000000070a1ab700}: org/springframework/web/servlet/tags/HtmlEscapingAwareTagBeanInfo> (0x000000070a1ab700) 
thrown [./open/src/hotspot/share/classfile/systemDictionary.cpp, line 295]
Event: 21.123 Thread 0x0000021806b5bb40 Exception <a 'java/lang/ClassNotFoundException'{0x000000070a1b4228}: org/springframework/web/servlet/tags/RequestContextAwareTagBeanInfo> (0x000000070a1b4228) 
thrown [./open/src/hotspot/share/classfile/systemDictionary.cpp, line 295]
Event: 21.123 Thread 0x0000021806b5bb40 Exception <a 'java/lang/ClassNotFoundException'{0x000000070a1bcfa0}: org/springframework/web/servlet/tags/RequestContextAwareTagCustomizer> (0x000000070a1bcfa0) 
thrown [./open/src/hotspot/share/classfile/systemDictionary.cpp, line 295]
Event: 21.124 Thread 0x0000021806b5bb40 Exception <a 'java/lang/ClassNotFoundException'{0x000000070a1d3970}: org/springframework/web/servlet/tags/HtmlEscapingAwareTagCustomizer> (0x000000070a1d3970) 
thrown [./open/src/hotspot/share/classfile/systemDictionary.cpp, line 295]
Event: 21.124 Thread 0x0000021806b5bb40 Exception <a 'java/lang/ClassNotFoundException'{0x000000070a1e0ea0}: org/springframework/web/servlet/tags/form/AbstractFormTagCustomizer> (0x000000070a1e0ea0) 
thrown [./open/src/hotspot/share/classfile/systemDictionary.cpp, line 295]
Event: 21.124 Thread 0x0000021806b5bb40 Exception <a 'java/lang/ClassNotFoundException'{0x000000070a1ed3a8}: org/springframework/web/servlet/tags/form/AbstractDataBoundFormElementTagCustomizer> (0x000000070a1ed3a8) 
thrown [./open/src/hotspot/share/classfile/systemDictionary.cpp, line 295]
Event: 21.125 Thread 0x0000021806b5bb40 Exception <a 'java/lang/ClassNotFoundException'{0x0000000709e00430}: org/springframework/web/servlet/tags/form/AbstractHtmlElementTagCustomizer> (0x0000000709e00430) 
thrown [./open/src/hotspot/share/classfile/systemDictionary.cpp, line 295]
Event: 21.125 Thread 0x0000021806b5bb40 Exception <a 'java/lang/ClassNotFoundException'{0x0000000709e1ab38}: org/springframework/web/servlet/tags/form/FormTagCustomizer> (0x0000000709e1ab38) 
thrown [./open/src/hotspot/share/classfile/systemDictionary.cpp, line 295]
Event: 21.126 Thread 0x0000021806b5bb40 Exception <a 'java/lang/ClassNotFoundException'{0x0000000709e40100}: org/springframework/web/servlet/tags/form/InputTagBeanInfo> (0x0000000709e40100) 
thrown [./open/src/hotspot/share/classfile/systemDictionary.cpp, line 295]
Event: 21.126 Thread 0x0000021806b5bb40 Exception <a 'java/lang/ClassNotFoundException'{0x0000000709e48d10}: org/springframework/web/servlet/tags/form/AbstractHtmlInputElementTagBeanInfo> (0x0000000709e48d10) 
thrown [./open/src/hotspot/share/classfile/systemDictionary.cpp, line 295]
Event: 21.126 Thread 0x0000021806b5bb40 Exception <a 'java/lang/ClassNotFoundException'{0x0000000709e51d18}: org/springframework/web/servlet/tags/form/AbstractHtmlInputElementTagCustomizer> (0x0000000709e51d18) 
thrown [./open/src/hotspot/share/classfile/systemDictionary.cpp, line 295]
Event: 21.127 Thread 0x0000021806b5bb40 Exception <a 'java/lang/ClassNotFoundException'{0x0000000709e64648}: org/springframework/web/servlet/tags/form/InputTagCustomizer> (0x0000000709e64648) 
thrown [./open/src/hotspot/share/classfile/systemDictionary.cpp, line 295]
Event: 21.127 Thread 0x0000021806b5bb40 Exception <a 'java/lang/ClassNotFoundException'{0x0000000709e96608}: org/springframework/web/servlet/tags/form/RadioButtonTagBeanInfo> (0x0000000709e96608) 
thrown [./open/src/hotspot/share/classfile/systemDictionary.cpp, line 295]
Event: 21.128 Thread 0x0000021806b5bb40 Exception <a 'java/lang/ClassNotFoundException'{0x0000000709e9f428}: org/springframework/web/servlet/tags/form/AbstractSingleCheckedElementTagBeanInfo> (0x0000000709e9f428) 
thrown [./open/src/hotspot/share/classfile/systemDictionary.cpp, line 295]
Event: 21.128 Thread 0x0000021806b5bb40 Exception <a 'java/lang/ClassNotFoundException'{0x0000000709ea82c8}: org/springframework/web/servlet/tags/form/AbstractCheckedElementTagBeanInfo> (0x0000000709ea82c8) 
thrown [./open/src/hotspot/share/classfile/systemDictionary.cpp, line 295]
Event: 21.128 Thread 0x0000021806b5bb40 Exception <a 'java/lang/ClassNotFoundException'{0x0000000709eb1168}: org/springframework/web/servlet/tags/form/AbstractCheckedElementTagCustomizer> (0x0000000709eb1168) 
thrown [./open/src/hotspot/share/classfile/systemDictionary.cpp, line 295]
Event: 21.128 Thread 0x0000021806b5bb40 Exception <a 'java/lang/ClassNotFoundException'{0x0000000709ec04c0}: org/springframework/web/servlet/tags/form/AbstractSingleCheckedElementTagCustomizer> (0x0000000709ec04c0) 
thrown [./open/src/hotspot/share/classfile/systemDictionary.cpp, line 295]
Event: 21.129 Thread 0x0000021806b5bb40 Exception <a 'java/lang/ClassNotFoundException'{0x0000000709ed06c0}: org/springframework/web/servlet/tags/form/RadioButtonTagCustomizer> (0x0000000709ed06c0) 
thrown [./open/src/hotspot/share/classfile/systemDictionary.cpp, line 295]
Event: 21.133 Thread 0x0000021806b5bb40 Exception <a 'java/lang/ArrayIndexOutOfBoundsException'{0x0000000709f9e898}> (0x0000000709f9e898) 
thrown [./open/src/hotspot/share/runtime/sharedRuntime.cpp, line 585]

Events (20 events):
Event: 21.205 Executing VM operation: get/set locals
Event: 21.205 Executing VM operation: get/set locals done
Event: 21.205 Executing VM operation: get/set locals
Event: 21.205 Executing VM operation: get/set locals done
Event: 21.205 Executing VM operation: get/set locals
Event: 21.205 Executing VM operation: get/set locals done
Event: 21.205 Executing VM operation: get/set locals
Event: 21.205 Executing VM operation: get/set locals done
Event: 21.205 Executing VM operation: get/set locals
Event: 21.205 Executing VM operation: get/set locals done
Event: 21.206 loading class sun/nio/cs/ISO_8859_1$Encoder
Event: 21.206 loading class sun/nio/cs/ISO_8859_1$Encoder done
Event: 21.206 loading class sun/nio/cs/Surrogate$Parser
Event: 21.206 loading class sun/nio/cs/Surrogate$Parser done
Event: 21.206 loading class sun/nio/cs/Surrogate
Event: 21.206 loading class sun/nio/cs/Surrogate done
Event: 21.206 Executing VM operation: get/set locals
Event: 21.206 Executing VM operation: get/set locals done
Event: 21.206 Executing VM operation: get/set locals
Event: 21.206 Executing VM operation: get/set locals done


Dynamic libraries:
0x00007ff6a8070000 - 0x00007ff6a807d000 	E:\sts\spring-tool-suite-4-4.8.1.RELEASE-e4.17.0-win32.win32.x86_64\sts-4.8.1.RELEASE\plugins\org.eclipse.justj.openjdk.hotspot.jre.full.win32.x86_64_15.0.0.v20201014-1246\jre\bin\javaw.exe
0x0000021861a80000 - 0x0000021861ce0000 	C:\Windows\SYSTEM32\ntd1l.dll
0x0000021861610000 - 0x00000218616d7000 	C:\Windows\System32\kern3l32.dll
0x00007ffe8dc80000 - 0x00007ffe8dee0000 	C:\Windows\SYSTEM32\ntdll.dll
0x00007ffe8c730000 - 0x00007ffe8c7f7000 	C:\Windows\System32\KERNEL32.DLL
0x00007ffe8b2a0000 - 0x00007ffe8b66a000 	C:\Windows\System32\KERNELBASE.dll
0x00007ffe890e0000 - 0x00007ffe894f6000 	C:\Program Files\SentinelOne\Sentinel Agent 24.1.5.277\InProcessClient64.dll
0x00007ffe8d2e0000 - 0x00007ffe8d392000 	C:\Windows\System32\ADVAPI32.dll
0x00007ffe8c920000 - 0x00007ffe8c9c9000 	C:\Windows\System32\msvcrt.dll
0x00007ffe8d1c0000 - 0x00007ffe8d266000 	C:\Windows\System32\sechost.dll
0x00007ffe8bdc0000 - 0x00007ffe8bed6000 	C:\Windows\System32\RPCRT4.dll
0x00007ffe8b840000 - 0x00007ffe8b98b000 	C:\Windows\System32\ucrtbase.dll
0x00007ffe790c0000 - 0x00007ffe790d9000 	E:\sts\spring-tool-suite-4-4.8.1.RELEASE-e4.17.0-win32.win32.x86_64\sts-4.8.1.RELEASE\plugins\org.eclipse.justj.openjdk.hotspot.jre.full.win32.x86_64_15.0.0.v20201014-1246\jre\bin\VCRUNTIME140.dll
0x00007ffe77e00000 - 0x00007ffe77e18000 	E:\sts\spring-tool-suite-4-4.8.1.RELEASE-e4.17.0-win32.win32.x86_64\sts-4.8.1.RELEASE\plugins\org.eclipse.justj.openjdk.hotspot.jre.full.win32.x86_64_15.0.0.v20201014-1246\jre\bin\jli.dll
0x00007ffe8cef0000 - 0x00007ffe8d0bc000 	C:\Windows\System32\USER32.dll
0x00007ffe8ba50000 - 0x00007ffe8ba77000 	C:\Windows\System32\win32u.dll
0x00007ffe7adc0000 - 0x00007ffe7b057000 	C:\Windows\WinSxS\amd64_microsoft.windows.common-controls_6595b64144ccf1df_6.0.26100.3624_none_3e086962e3345f24\COMCTL32.dll
0x00007ffe8d3f0000 - 0x00007ffe8d41a000 	C:\Windows\System32\GDI32.dll
0x00007ffe8b700000 - 0x00007ffe8b831000 	C:\Windows\System32\gdi32full.dll
0x00007ffe8afe0000 - 0x00007ffe8b083000 	C:\Windows\System32\msvcp_win.dll
0x00007ffe89080000 - 0x00007ffe8908b000 	C:\Windows\SYSTEM32\VERSION.dll
0x00007ffe89070000 - 0x00007ffe8907c000 	C:\Windows\SYSTEM32\FLTLIB.DLL
0x00007ffe8c8e0000 - 0x00007ffe8c90f000 	C:\Windows\System32\IMM32.DLL
0x00007ffe7fc90000 - 0x00007ffe7fc9c000 	E:\sts\spring-tool-suite-4-4.8.1.RELEASE-e4.17.0-win32.win32.x86_64\sts-4.8.1.RELEASE\plugins\org.eclipse.justj.openjdk.hotspot.jre.full.win32.x86_64_15.0.0.v20201014-1246\jre\bin\vcruntime140_1.dll
0x00007ffe6ee30000 - 0x00007ffe6eec1000 	E:\sts\spring-tool-suite-4-4.8.1.RELEASE-e4.17.0-win32.win32.x86_64\sts-4.8.1.RELEASE\plugins\org.eclipse.justj.openjdk.hotspot.jre.full.win32.x86_64_15.0.0.v20201014-1246\jre\bin\msvcp140.dll
0x00007ffe19ac0000 - 0x00007ffe1a61c000 	E:\sts\spring-tool-suite-4-4.8.1.RELEASE-e4.17.0-win32.win32.x86_64\sts-4.8.1.RELEASE\plugins\org.eclipse.justj.openjdk.hotspot.jre.full.win32.x86_64_15.0.0.v20201014-1246\jre\bin\server\jvm.dll
0x00000218616f0000 - 0x00000218616f8000 	C:\Windows\System32\PSAPI.DLL
0x00007ffe69a80000 - 0x00007ffe69a8a000 	C:\Windows\SYSTEM32\WSOCK32.dll
0x00007ffe8bbe0000 - 0x00007ffe8bc54000 	C:\Windows\System32\WS2_32.dll
0x00007ffe81970000 - 0x00007ffe819a6000 	C:\Windows\SYSTEM32\WINMM.dll
0x00007ffe89d50000 - 0x00007ffe89d6a000 	C:\Windows\SYSTEM32\kernel.appcore.dll
0x00007ffe858f0000 - 0x00007ffe858fa000 	E:\sts\spring-tool-suite-4-4.8.1.RELEASE-e4.17.0-win32.win32.x86_64\sts-4.8.1.RELEASE\plugins\org.eclipse.justj.openjdk.hotspot.jre.full.win32.x86_64_15.0.0.v20201014-1246\jre\bin\jimage.dll
0x00007ffe88270000 - 0x00007ffe884b1000 	C:\Windows\SYSTEM32\DBGHELP.DLL
0x00007ffe8d830000 - 0x00007ffe8dbb2000 	C:\Windows\System32\combase.dll
0x00007ffe8c650000 - 0x00007ffe8c726000 	C:\Windows\System32\OLEAUT32.dll
0x00007ffe7ad80000 - 0x00007ffe7adb9000 	C:\Windows\SYSTEM32\dbgcore.DLL
0x00007ffe8b090000 - 0x00007ffe8b129000 	C:\Windows\System32\bcryptPrimitives.dll
0x00007ffe08ff0000 - 0x00007ffe0909d000 	C:\Program Files\SentinelOne\Sentinel Agent 24.1.5.277\SentinelJava64.dll
0x00007ffe8d270000 - 0x00007ffe8d2d4000 	C:\Windows\System32\SHLWAPI.dll
0x00007ffe8d420000 - 0x00007ffe8d5b6000 	C:\Windows\System32\ole32.dll
0x00007ffe789d0000 - 0x00007ffe789f5000 	E:\sts\spring-tool-suite-4-4.8.1.RELEASE-e4.17.0-win32.win32.x86_64\sts-4.8.1.RELEASE\plugins\org.eclipse.justj.openjdk.hotspot.jre.full.win32.x86_64_15.0.0.v20201014-1246\jre\bin\java.dll
0x00007ffe85700000 - 0x00007ffe85718000 	E:\sts\spring-tool-suite-4-4.8.1.RELEASE-e4.17.0-win32.win32.x86_64\sts-4.8.1.RELEASE\plugins\org.eclipse.justj.openjdk.hotspot.jre.full.win32.x86_64_15.0.0.v20201014-1246\jre\bin\zip.dll
0x00007ffe8bee0000 - 0x00007ffe8c609000 	C:\Windows\System32\SHELL32.dll
0x00007ffe8b130000 - 0x00007ffe8b298000 	C:\Windows\System32\wintypes.dll
0x00007ffe886a0000 - 0x00007ffe88ef2000 	C:\Windows\SYSTEM32\windows.storage.dll
0x00007ffe8bcd0000 - 0x00007ffe8bdbd000 	C:\Windows\System32\SHCORE.dll
0x00007ffe8ad70000 - 0x00007ffe8ad9f000 	C:\Windows\SYSTEM32\profapi.dll
0x00007ffe7d530000 - 0x00007ffe7d549000 	E:\sts\spring-tool-suite-4-4.8.1.RELEASE-e4.17.0-win32.win32.x86_64\sts-4.8.1.RELEASE\plugins\org.eclipse.justj.openjdk.hotspot.jre.full.win32.x86_64_15.0.0.v20201014-1246\jre\bin\net.dll
0x00007ffe84700000 - 0x00007ffe8481d000 	C:\Windows\SYSTEM32\WINHTTP.dll
0x00007ffe8a250000 - 0x00007ffe8a2ba000 	C:\Windows\system32\mswsock.dll
0x00007ffe7d330000 - 0x00007ffe7d342000 	E:\sts\spring-tool-suite-4-4.8.1.RELEASE-e4.17.0-win32.win32.x86_64\sts-4.8.1.RELEASE\plugins\org.eclipse.justj.openjdk.hotspot.jre.full.win32.x86_64_15.0.0.v20201014-1246\jre\bin\nio.dll
0x00007ffe7d170000 - 0x00007ffe7d179000 	E:\sts\spring-tool-suite-4-4.8.1.RELEASE-e4.17.0-win32.win32.x86_64\sts-4.8.1.RELEASE\plugins\org.eclipse.justj.openjdk.hotspot.jre.full.win32.x86_64_15.0.0.v20201014-1246\jre\bin\management.dll
0x00007ffe7d000000 - 0x00007ffe7d00b000 	E:\sts\spring-tool-suite-4-4.8.1.RELEASE-e4.17.0-win32.win32.x86_64\sts-4.8.1.RELEASE\plugins\org.eclipse.justj.openjdk.hotspot.jre.full.win32.x86_64_15.0.0.v20201014-1246\jre\bin\management_ext.dll
0x00007ffe58a10000 - 0x00007ffe58a28000 	C:\Windows\system32\napinsp.dll
0x00007ffe89760000 - 0x00007ffe89885000 	C:\Windows\SYSTEM32\DNSAPI.dll
0x00007ffe896d0000 - 0x00007ffe89703000 	C:\Windows\SYSTEM32\IPHLPAPI.DLL
0x00007ffe8c9d0000 - 0x00007ffe8c9da000 	C:\Windows\System32\NSI.dll
0x00007ffe58f50000 - 0x00007ffe58f62000 	C:\Windows\System32\winrnr.dll
0x00007ffe58f10000 - 0x00007ffe58f40000 	C:\Windows\system32\nlansp_c.dll
0x00007ffe58ef0000 - 0x00007ffe58f06000 	C:\Windows\system32\wshbth.dll
0x00007ffe83bc0000 - 0x00007ffe83bcb000 	C:\Windows\System32\rasadhlp.dll
0x00007ffe84f40000 - 0x00007ffe84fc5000 	C:\Windows\System32\fwpuclnt.dll
0x00007ffe8a600000 - 0x00007ffe8a61c000 	C:\Windows\SYSTEM32\CRYPTSP.dll
0x00007ffe89cb0000 - 0x00007ffe89cea000 	C:\Windows\system32\rsaenh.dll
0x00007ffe8a2f0000 - 0x00007ffe8a31b000 	C:\Windows\SYSTEM32\USERENV.dll
0x00007ffe8ad40000 - 0x00007ffe8ad66000 	C:\Windows\SYSTEM32\bcrypt.dll
0x00007ffe8a480000 - 0x00007ffe8a48c000 	C:\Windows\SYSTEM32\CRYPTBASE.dll
0x00007ffe84ba0000 - 0x00007ffe84bbf000 	C:\Windows\SYSTEM32\dhcpcsvc6.DLL
0x00007ffe84b70000 - 0x00007ffe84b95000 	C:\Windows\SYSTEM32\dhcpcsvc.DLL
0x00007ffe85730000 - 0x00007ffe85740000 	E:\sts\spring-tool-suite-4-4.8.1.RELEASE-e4.17.0-win32.win32.x86_64\sts-4.8.1.RELEASE\plugins\org.eclipse.justj.openjdk.hotspot.jre.full.win32.x86_64_15.0.0.v20201014-1246\jre\bin\verify.dll
0x00007ffe85720000 - 0x00007ffe8572d000 	E:\sts\spring-tool-suite-4-4.8.1.RELEASE-e4.17.0-win32.win32.x86_64\sts-4.8.1.RELEASE\plugins\org.eclipse.justj.openjdk.hotspot.jre.full.win32.x86_64_15.0.0.v20201014-1246\jre\bin\sunmscapi.dll
0x00007ffe8ae60000 - 0x00007ffe8afd7000 	C:\Windows\System32\CRYPT32.dll
0x00007ffe8a750000 - 0x00007ffe8a780000 	C:\Windows\SYSTEM32\ncrypt.dll
0x00007ffe8a700000 - 0x00007ffe8a73f000 	C:\Windows\SYSTEM32\NTASN1.dll

dbghelp: loaded successfully - version: 4.0.5 - missing functions: none
symbol engine: initialized successfully - sym options: 0x614 - pdb path: .;E:\sts\spring-tool-suite-4-4.8.1.RELEASE-e4.17.0-win32.win32.x86_64\sts-4.8.1.RELEASE\plugins\org.eclipse.justj.openjdk.hotspot.jre.full.win32.x86_64_15.0.0.v20201014-1246\jre\bin;C:\Windows\SYSTEM32;C:\Program Files\SentinelOne\Sentinel Agent 24.1.5.277;C:\Windows\WinSxS\amd64_microsoft.windows.common-controls_6595b64144ccf1df_6.0.26100.3624_none_3e086962e3345f24;E:\sts\spring-tool-suite-4-4.8.1.RELEASE-e4.17.0-win32.win32.x86_64\sts-4.8.1.RELEASE\plugins\org.eclipse.justj.openjdk.hotspot.jre.full.win32.x86_64_15.0.0.v20201014-1246\jre\bin\server

VM Arguments:
jvm_args: -Dcom.sun.management.jmxremote -Dcom.sun.management.jmxremote.port=51426 -Dcom.sun.management.jmxremote.authenticate=false -Dcom.sun.management.jmxremote.ssl=false -Djava.rmi.server.hostname=localhost -Dspring.jmx.enabled=true -Dspring.application.admin.enabled=true -XX:TieredStopAtLevel=1 -Dspring.boot.project.name=form_update-1 -Dfile.encoding=UTF-8 -XX:+ShowCodeDetailsInExceptionMessages -agentpath:C:\Program Files\SentinelOne\Sentinel Agent 24.1.5.277\SentinelJava64.dll=extendedCapabilities 
java_command: com.example.demo.FormUpdate1Application --spring.output.ansi.enabled=always
java_class_path (initial): D:\ganesh\form_update-1\target\classes;C:\Users\Administrator\.m2\repository\org\springframework\boot\spring-boot-starter-data-jpa\2.7.9\spring-boot-starter-data-jpa-2.7.9.jar;C:\Users\Administrator\.m2\repository\org\springframework\boot\spring-boot-starter-aop\2.7.9\spring-boot-starter-aop-2.7.9.jar;C:\Users\Administrator\.m2\repository\org\springframework\spring-aop\5.3.25\spring-aop-5.3.25.jar;C:\Users\Administrator\.m2\repository\org\aspectj\aspectjweaver\1.9.7\aspectjweaver-1.9.7.jar;C:\Users\Administrator\.m2\repository\org\springframework\boot\spring-boot-starter-jdbc\2.7.9\spring-boot-starter-jdbc-2.7.9.jar;C:\Users\Administrator\.m2\repository\com\zaxxer\HikariCP\4.0.3\HikariCP-4.0.3.jar;C:\Users\Administrator\.m2\repository\org\springframework\spring-jdbc\5.3.25\spring-jdbc-5.3.25.jar;C:\Users\Administrator\.m2\repository\jakarta\transaction\jakarta.transaction-api\1.3.3\jakarta.transaction-api-1.3.3.jar;C:\Users\Administrator\.m2\repository\jakarta\persistence\jakarta.persistence-api\2.2.3\jakarta.persistence-api-2.2.3.jar;C:\Users\Administrator\.m2\repository\org\hibernate\hibernate-core\5.6.15.Final\hibernate-core-5.6.15.Final.jar;C:\Users\Administrator\.m2\repository\org\jboss\logging\jboss-logging\3.4.3.Final\jboss-logging-3.4.3.Final.jar;C:\Users\Administrator\.m2\repository\net\bytebuddy\byte-buddy\1.12.23\byte-buddy-1.12.23.jar;C:\Users\Administrator\.m2\repository\antlr\antlr\2.7.7\antlr-2.7.7.jar;C:\Users\Administrator\.m2\repository\org\jboss\jandex\2.4.2.Final\jandex-2.4.2.Final.jar;C:\Users\Administrator\.m2\repository\com\fasterxml\classmate\1.5.1\classmate-1.5.1.jar;C:\Users\Administrator\.m2\repository\org\hibernate\common\hibernate-commons-annotations\5.1.2.Final\hibernate-commons-annotations-5.1.2.Final.jar;C:\Users\Administrator\.m2\repository\org\glassfish\jaxb\jaxb-runtime\2.3.8\jaxb-runtime-2.3.8.jar;C:\Users\Administrator\.m2\repository\org\glassfish\jaxb\txw2\2.3.8\txw2-2.3.8.jar;C:\Users\Administrator\
Launcher Type: SUN_STANDARD

[Global flags]
     intx CICompilerCount                          = 15                                        {product} {ergonomic}
     uint ConcGCThreads                            = 6                                         {product} {ergonomic}
     uint G1ConcRefinementThreads                  = 23                                        {product} {ergonomic}
   size_t G1HeapRegionSize                         = 2097152                                   {product} {ergonomic}
    uintx GCDrainStackTargetSize                   = 64                                        {product} {ergonomic}
   size_t InitialHeapSize                          = 264241152                                 {product} {ergonomic}
     bool ManagementServer                         = true                                      {product} {command line}
   size_t MarkStackSize                            = 4194304                                   {product} {ergonomic}
   size_t MaxHeapSize                              = 4213178368                                {product} {ergonomic}
   size_t MaxNewSize                               = 2527068160                                {product} {ergonomic}
   size_t MinHeapDeltaBytes                        = 2097152                                   {product} {ergonomic}
   size_t MinHeapSize                              = 8388608                                   {product} {ergonomic}
    uintx NonNMethodCodeHeapSize                   = 13893620                               {pd product} {ergonomic}
    uintx NonProfiledCodeHeapSize                  = 237764620                              {pd product} {ergonomic}
    uintx ProfiledCodeHeapSize                     = 0                                      {pd product} {ergonomic}
    uintx ReservedCodeCacheSize                    = 251658240                              {pd product} {ergonomic}
     bool SegmentedCodeCache                       = true                                      {product} {ergonomic}
     bool ShowCodeDetailsInExceptionMessages       = true                                   {manageable} {command line}
   size_t SoftMaxHeapSize                          = 4213178368                             {manageable} {ergonomic}
     intx TieredStopAtLevel                        = 1                                         {product} {command line}
     bool UseCompressedClassPointers               = true                                 {lp64_product} {ergonomic}
     bool UseCompressedOops                        = true                                 {lp64_product} {ergonomic}
     bool UseG1GC                                  = true                                      {product} {ergonomic}
     bool UseLargePagesIndividualAllocation        = false                                  {pd product} {ergonomic}

Logging:
Log output configuration:
 #0: stdout all=warning uptime,level,tags
 #1: stderr all=off uptime,level,tags

Environment Variables:
PATH=E:/sts/spring-tool-suite-4-4.8.1.RELEASE-e4.17.0-win32.win32.x86_64/sts-4.8.1.RELEASE//plugins/org.eclipse.justj.openjdk.hotspot.jre.full.win32.x86_64_15.0.0.v20201014-1246/jre/bin/server;E:/sts/spring-tool-suite-4-4.8.1.RELEASE-e4.17.0-win32.win32.x86_64/sts-4.8.1.RELEASE//plugins/org.eclipse.justj.openjdk.hotspot.jre.full.win32.x86_64_15.0.0.v20201014-1246/jre/bin;C:\Program Files (x86)\Common Files\Oracle\Java\java8path;C:\Program Files (x86)\Common Files\Oracle\Java\javapath;C:\Windows\system32;C:\Windows;C:\Windows\System32\Wbem;C:\Windows\System32\WindowsPowerShell\v1.0\;C:\Windows\System32\OpenSSH\;C:\Program Files\dotnet\;C:\Program Files (x86)\NVIDIA Corporation\PhysX\Common;C:\Program Files\Git\cmd;C:\Program Files\MySQL\MySQL Shell 8.0\bin\;C:\Users\Administrator\AppData\Local\Microsoft\WindowsApps;;E:\sts\spring-tool-suite-4-4.8.1.RELEASE-e4.17.0-win32.win32.x86_64\sts-4.8.1.RELEASE;
USERNAME=Administrator
OS=Windows_NT
PROCESSOR_IDENTIFIER=Intel64 Family 6 Model 183 Stepping 1, GenuineIntel



---------------  S Y S T E M  ---------------

OS:
 Windows 10 , 64 bit Build 26100 (10.0.26100.3775)
OS uptime: 5 days 20:01 hours
HyperV virtualization detected

CPU: total 32 (initial active 32) (16 cores per cpu, 2 threads per core) family 6 model 183 stepping 1, cmov, cx8, fxsr, mmx, sse, sse2, sse3, ssse3, sse4.1, sse4.2, popcnt, vzeroupper, avx, avx2, aes, clmul, erms, 3dnowpref, lzcnt, ht, tsc, tscinvbit, bmi1, bmi2, adx, sha, fma, clflush, clflushopt, clwb

Memory: 4k page, system-wide physical 16070M (839M free)
TotalPageFile size 33478M (AvailPageFile size 7589M)
current process WorkingSet (physical memory assigned to process): 267M, peak: 268M
current process commit charge ("private bytes"): 325M, peak: 397M

vm_info: OpenJDK 64-Bit Server VM (15+36-1562) for windows-amd64 JRE (15+36-1562), built on Aug 11 2020 22:33:04 by "mach5one" with unknown MS VC++:1925

END.
