#
# A fatal error has been detected by the Java Runtime Environment:
#
#  EXCEPTION_ACCESS_VIOLATION (0xc0000005) at pc=0x0000023369f80830, pid=27920, tid=18820
#
# JRE version: OpenJDK Runtime Environment (15.0+36) (build 15+36-1562)
# Java VM: OpenJDK 64-Bit Server VM (15+36-1562, mixed mode, tiered, compressed oops, g1 gc, windows-amd64)
# Problematic frame:
# j  javax.servlet.http.HttpServletRequestWrapper._getHttpServletRequest()Ljavax/servlet/http/HttpServletRequest;+1
#
# No core dump will be written. Minidumps are not enabled by default on client versions of Windows
#
# If you would like to submit a bug report, please visit:
#   https://bugreport.java.com/bugreport/crash.jsp
#

---------------  S U M M A R Y ------------

Command Line: -Dcom.sun.management.jmxremote -Dcom.sun.management.jmxremote.port=51315 -Dcom.sun.management.jmxremote.authenticate=false -Dcom.sun.management.jmxremote.ssl=false -Djava.rmi.server.hostname=localhost -Dspring.jmx.enabled=true -Dspring.application.admin.enabled=true -XX:TieredStopAtLevel=1 -Dspring.boot.project.name=form_update-1 -Dfile.encoding=UTF-8 -XX:+ShowCodeDetailsInExceptionMessages -agentpath:C:\Program Files\SentinelOne\Sentinel Agent 24.1.5.277\SentinelJava64.dll=extendedCapabilities com.example.demo.FormUpdate1Application --spring.output.ansi.enabled=always

Host: Intel(R) Core(TM) i9-14900, 32 cores, 15G,  Windows 10 , 64 bit Build 26100 (10.0.26100.3775)
Time: Tue Apr 22 11:19:01 2025 India Standard Time elapsed time: 86.513193 seconds (0d 0h 1m 26s)

---------------  T H R E A D  ---------------

Current thread (0x000002330c6e60a0):  JavaThread "http-nio-8081-exec-2" daemon [_thread_in_Java, id=18820, stack(0x000000ae79b00000,0x000000ae79c00000)]

Stack: [0x000000ae79b00000,0x000000ae79c00000],  sp=0x000000ae79bfb798,  free space=1005k
Native frames: (J=compiled Java code, j=interpreted, Vv=VM code, C=native code)
C  0x0000023369f80830


siginfo: EXCEPTION_ACCESS_VIOLATION (0xc0000005), reading address 0x0000000401c76420


Register to memory mapping:

RIP=0x0000023369f80830 is at code_begin+272 in an Interpreter codelet
checkcast  192 checkcast  [0x0000023369f80720, 0x0000023369f80980]  608 bytes
RAX=0x0000000800423b28 is a pointer to class: 
javax.servlet.http.HttpServletRequest {0x0000000800423b30}
RBX=0x0 is NULL
RCX=0x000002330e17e630 is pointing into metadata
RDX=0x0000000401c76418 is an unknown value
RSP=0x000000ae79bfb798 is pointing into the stack for thread: 0x000002330c6e60a0
RBP=0x000000ae79bfb7e0 is pointing into the stack for thread: 0x000002330c6e60a0
RSI=0x0000000000000001 is an unknown value
RDI=0x000000ae79bfbc90 is pointing into the stack for thread: 0x000002330c6e60a0
R8 =0x000000ae79bfbca0 is pointing into the stack for thread: 0x000002330c6e60a0
R9 =0x0000000000000001 is an unknown value
R10=0x00007ffe1a5711c0 jvm.dll
R11=0x000002336b6af4c0 is at entry_point+32 in (nmethod*)0x000002336b6af310
R12=0x0 is NULL
R13=0x000002330e17e8bc is pointing into metadata
R14=0x000000ae79bfb7f0 is pointing into the stack for thread: 0x000002330c6e60a0
R15=0x000002330c6e60a0 is a thread


Registers:
RAX=0x0000000800423b28, RBX=0x0000000000000000, RCX=0x000002330e17e630, RDX=0x0000000401c76418
RSP=0x000000ae79bfb798, RBP=0x000000ae79bfb7e0, RSI=0x0000000000000001, RDI=0x000000ae79bfbc90
R8 =0x000000ae79bfbca0, R9 =0x0000000000000001, R10=0x00007ffe1a5711c0, R11=0x000002336b6af4c0
R12=0x0000000000000000, R13=0x000002330e17e8bc, R14=0x000000ae79bfb7f0, R15=0x000002330c6e60a0
RIP=0x0000023369f80830, EFLAGS=0x0000000000010246

Top of Stack: (sp=0x000000ae79bfb798)
0x000000ae79bfb798:   000000ae79bfb798 000002330e17e8b9
0x000000ae79bfb7a8:   000000ae79bfb7f0 000002330e180948
0x000000ae79bfb7b8:   0000000000000000 0000000706973d60
0x000000ae79bfb7c8:   000002330e17e8d8 0000000000000000
0x000000ae79bfb7d8:   000000ae79bfb7f0 000000ae79bfb840
0x000000ae79bfb7e8:   0000023369f69ee0 00007ffe19ca4125
0x000000ae79bfb7f8:   000000ae79bfb7f8 000002330e17eac9
0x000000ae79bfb808:   000000ae79bfb858 000002330e180948
0x000000ae79bfb818:   000002330f843b08 0000000706973d60
0x000000ae79bfb828:   000002330e17eaf8 000000ae79bfb7f0
0x000000ae79bfb838:   000000ae79bfb850 000000ae79bfba30
0x000000ae79bfb848:   0000023369f60f90 000000070acd3348
0x000000ae79bfb858:   00007ffe19ca4125 0000000709560610
0x000000ae79bfb868:   00007ffe19e95dbe 0000000800041540
0x000000ae79bfb878:   00007ffe19e98001 00007ffe1a3305f0
0x000000ae79bfb888:   000002330c6e60a0 0000000709560610 

Instructions: (pc=0x0000023369f80830)
0x0000023369f80730:   49 08 48 8b 49 08 48 8b 51 08 41 0f b7 5d 01 0f
0x0000023369f80740:   cb c1 eb 10 80 7c 1a 04 07 0f 84 d0 00 00 00 50
0x0000023369f80750:   e8 05 00 00 00 e9 aa 00 00 00 48 8d 44 24 08 4c
0x0000023369f80760:   89 6d c0 49 8b cf c5 f8 77 49 89 af 18 03 00 00
0x0000023369f80770:   49 89 87 08 03 00 00 48 83 ec 20 f7 c4 0f 00 00
0x0000023369f80780:   00 0f 84 1a 00 00 00 48 83 ec 08 49 ba 00 c1 e0
0x0000023369f80790:   19 fe 7f 00 00 41 ff d2 48 83 c4 08 e9 0d 00 00
0x0000023369f807a0:   00 49 ba 00 c1 e0 19 fe 7f 00 00 41 ff d2 48 83
0x0000023369f807b0:   c4 20 49 ba 00 00 00 00 00 00 00 00 4d 89 97 08
0x0000023369f807c0:   03 00 00 49 ba 00 00 00 00 00 00 00 00 4d 89 97
0x0000023369f807d0:   18 03 00 00 49 ba 00 00 00 00 00 00 00 00 4d 89
0x0000023369f807e0:   97 10 03 00 00 c5 f8 77 49 81 7f 08 00 00 00 00
0x0000023369f807f0:   0f 84 05 00 00 00 e9 85 06 fe ff 4c 8b 6d c0 4c
0x0000023369f80800:   8b 75 c8 c3 49 8b 87 68 03 00 00 49 ba 00 00 00
0x0000023369f80810:   00 00 00 00 00 4d 89 97 68 03 00 00 5a eb 11 48
0x0000023369f80820:   8b d0 66 8b 5c d9 48 48 8b 49 28 48 8b 44 d9 08
0x0000023369f80830:   8b 5a 08 49 ba 00 00 00 00 08 00 00 00 49 03 da
0x0000023369f80840:   48 8b 4d d8 48 85 c9 0f 84 8a 00 00 00 48 8b 79
0x0000023369f80850:   18 48 3b fb 0f 85 0f 00 00 00 48 83 41 20 01 48
0x0000023369f80860:   83 59 20 00 e9 66 00 00 00 48 85 ff 0f 84 37 00
0x0000023369f80870:   00 00 48 8b 79 28 48 3b fb 0f 85 0f 00 00 00 48
0x0000023369f80880:   83 41 30 01 48 83 59 30 00 e9 41 00 00 00 48 85
0x0000023369f80890:   ff 0f 85 38 00 00 00 48 89 59 28 bf 01 00 00 00
0x0000023369f808a0:   48 89 79 30 e9 26 00 00 00 48 3b 59 28 0f 85 0f
0x0000023369f808b0:   00 00 00 48 83 41 30 01 48 83 59 30 00 e9 0d 00
0x0000023369f808c0:   00 00 48 89 59 18 bf 01 00 00 00 48 89 79 20 48
0x0000023369f808d0:   83 c1 38 48 89 4d d8 48 3b d8 0f 84 5b 00 00 00
0x0000023369f808e0:   8b 48 14 48 3b 04 0b 0f 84 4e 00 00 00 83 f9 20
0x0000023369f808f0:   0f 85 22 00 00 00 50 48 8b c0 57 48 8b 7b 28 8b
0x0000023369f80900:   0f 48 83 c7 08 48 85 c0 f2 48 af 5f 58 75 09 48
0x0000023369f80910:   89 43 20 e9 23 00 00 00 48 8b 4d d8 48 85 c9 0f
0x0000023369f80920:   84 10 00 00 00 48 83 41 d0 ff 0f 88 05 00 00 00 


Stack slot to memory mapping:
stack at sp + 0 slots: 0x000000ae79bfb798 is pointing into the stack for thread: 0x000002330c6e60a0
stack at sp + 1 slots: 0x000002330e17e8b9 is pointing into metadata
stack at sp + 2 slots: 0x000000ae79bfb7f0 is pointing into the stack for thread: 0x000002330c6e60a0
stack at sp + 3 slots: 0x000002330e180948 is pointing into metadata
stack at sp + 4 slots: 0x0 is NULL
stack at sp + 5 slots: 0x0000000706973d60 is an oop: java.lang.Class 
{0x0000000706973d60} - klass: 'java/lang/Class'
stack at sp + 6 slots: {method} {0x000002330e17e8e0} '_getHttpServletRequest' '()Ljavax/servlet/http/HttpServletRequest;' in 'javax/servlet/http/HttpServletRequestWrapper'
stack at sp + 7 slots: 0x0 is NULL

checkcast  192 checkcast  [0x0000023369f80720, 0x0000023369f80980]  608 bytes
[MachCode]
  0x0000023369f80720: 5848 85c0 | 0f84 1902 | 0000 488b | 4de8 488b | 4908 488b | 4908 488b | 5108 410f | b75d 010f 
  0x0000023369f80740: cbc1 eb10 | 807c 1a04 | 070f 84d0 | 0000 0050 | e805 0000 | 00e9 aa00 | 0000 488d | 4424 084c 
  0x0000023369f80760: 896d c049 | 8bcf c5f8 | 7749 89af | 1803 0000 | 4989 8708 | 0300 0048 | 83ec 20f7 | c40f 0000 
  0x0000023369f80780: 000f 841a | 0000 0048 | 83ec 0849 | ba00 c1e0 | 19fe 7f00 | 0041 ffd2 | 4883 c408 | e90d 0000 
  0x0000023369f807a0: 0049 ba00 | c1e0 19fe | 7f00 0041 | ffd2 4883 | c420 49ba | 0000 0000 | 0000 0000 | 4d89 9708 
  0x0000023369f807c0: 0300 0049 | ba00 0000 | 0000 0000 | 004d 8997 | 1803 0000 | 49ba 0000 | 0000 0000 | 0000 4d89 
  0x0000023369f807e0: 9710 0300 | 00c5 f877 | 4981 7f08 | 0000 0000 | 0f84 0500 | 0000 e985 | 06fe ff4c | 8b6d c04c 
  0x0000023369f80800: 8b75 c8c3 | 498b 8768 | 0300 0049 | ba00 0000 | 0000 0000 | 004d 8997 | 6803 0000 | 5aeb 1148 
  0x0000023369f80820: 8bd0 668b | 5cd9 4848 | 8b49 2848 | 8b44 d908 | 8b5a 0849 | ba00 0000 | 0008 0000 | 0049 03da 
  0x0000023369f80840: 488b 4dd8 | 4885 c90f | 848a 0000 | 0048 8b79 | 1848 3bfb | 0f85 0f00 | 0000 4883 | 4120 0148 
  0x0000023369f80860: 8359 2000 | e966 0000 | 0048 85ff | 0f84 3700 | 0000 488b | 7928 483b | fb0f 850f | 0000 0048 
  0x0000023369f80880: 8341 3001 | 4883 5930 | 00e9 4100 | 0000 4885 | ff0f 8538 | 0000 0048 | 8959 28bf | 0100 0000 
  0x0000023369f808a0: 4889 7930 | e926 0000 | 0048 3b59 | 280f 850f | 0000 0048 | 8341 3001 | 4883 5930 | 00e9 0d00 
  0x0000023369f808c0: 0000 4889 | 5918 bf01 | 0000 0048 | 8979 2048 | 83c1 3848 | 894d d848 | 3bd8 0f84 | 5b00 0000 
  0x0000023369f808e0: 8b48 1448 | 3b04 0b0f | 844e 0000 | 0083 f920 | 0f85 2200 | 0000 5048 | 8bc0 5748 | 8b7b 288b 
  0x0000023369f80900: 0f48 83c7 | 0848 85c0 | f248 af5f | 5875 0948 | 8943 20e9 | 2300 0000 | 488b 4dd8 | 4885 c90f 
  0x0000023369f80920: 8410 0000 | 0048 8341 | d0ff 0f88 | 0500 0000 | 4883 41d0 | 0152 e962 | d1fe ff48 | 8bc2 e919 
  0x0000023369f80940: 0000 0048 | 8b4d d848 | 85c9 0f84 | 0c00 0000 | 8049 0101 | 4883 c138 | 4889 4dd8 | 410f b65d 
  0x0000023369f80960: 0349 83c5 | 0349 bac0 | 1157 1afe | 7f00 0041 | ff24 da0f | 1f44 0000 | 0000 0000 | 0000 0000 
[/MachCode]

---------------  P R O C E S S  ---------------

Threads class SMR info:
_java_thread_list=0x000002337c45e6a0, length=42, elements={
0x00000233086de140, 0x00000233086bcf10, 0x00000233086f86b0, 0x000002330870c550,
0x0000023308714a40, 0x000002330871d2e0, 0x00000233086fbab0, 0x0000023308766290,
0x00000233088f32f0, 0x0000023308e07f00, 0x0000023308e321a0, 0x0000023308e36840,
0x000002330968f7a0, 0x0000023309186360, 0x00000233091854f0, 0x0000023309186d00,
0x0000023309891550, 0x0000023309892890, 0x000002330c6e2bb0, 0x000002330c6e13a0,
0x000002330c6e3ef0, 0x000002330c6e26e0, 0x000002330c6e0ed0, 0x000002330c6e0a00,
0x000002330c6e4d60, 0x000002330c6e3a20, 0x000002330c6e2210, 0x000002330c6e5700,
0x000002330c6e1d40, 0x000002330c6e5bd0, 0x000002330c6e60a0, 0x000002330c6e6f10,
0x000002330c6e6570, 0x000002330c6e6a40, 0x000002330c6e3550, 0x000002330c6e78b0,
0x000002330c6e73e0, 0x000002330c6e7d80, 0x000002330988fd40, 0x0000023309891080,
0x000002330988e060, 0x0000023309891ef0
}

Java Threads: ( => current thread )
  0x00000233086de140 JavaThread "Reference Handler" daemon [_thread_blocked, id=24468, stack(0x000000ae77000000,0x000000ae77100000)]
  0x00000233086bcf10 JavaThread "Finalizer" daemon [_thread_blocked, id=4444, stack(0x000000ae77100000,0x000000ae77200000)]
  0x00000233086f86b0 JavaThread "Signal Dispatcher" daemon [_thread_blocked, id=15340, stack(0x000000ae77200000,0x000000ae77300000)]
  0x000002330870c550 JavaThread "Attach Listener" daemon [_thread_blocked, id=20728, stack(0x000000ae77300000,0x000000ae77400000)]
  0x0000023308714a40 JavaThread "Service Thread" daemon [_thread_blocked, id=34608, stack(0x000000ae77400000,0x000000ae77500000)]
  0x000002330871d2e0 JavaThread "C1 CompilerThread0" daemon [_thread_blocked, id=38420, stack(0x000000ae77500000,0x000000ae77600000)]
  0x00000233086fbab0 JavaThread "Sweeper thread" daemon [_thread_blocked, id=29736, stack(0x000000ae77600000,0x000000ae77700000)]
  0x0000023308766290 JavaThread "Common-Cleaner" daemon [_thread_blocked, id=38244, stack(0x000000ae77700000,0x000000ae77800000)]
  0x00000233088f32f0 JavaThread "Notification Thread" daemon [_thread_blocked, id=31484, stack(0x000000ae77800000,0x000000ae77900000)]
  0x0000023308e07f00 JavaThread "RMI TCP Accept-0" daemon [_thread_in_native, id=24892, stack(0x000000ae77900000,0x000000ae77a00000)]
  0x0000023308e321a0 JavaThread "RMI TCP Accept-51315" daemon [_thread_in_native, id=36180, stack(0x000000ae77a00000,0x000000ae77b00000)]
  0x0000023308e36840 JavaThread "RMI TCP Accept-0" daemon [_thread_in_native, id=22180, stack(0x000000ae77b00000,0x000000ae77c00000)]
  0x000002330968f7a0 JavaThread "RMI TCP Connection(12)-127.0.0.1" daemon [_thread_in_native, id=19308, stack(0x000000ae78200000,0x000000ae78300000)]
  0x0000023309186360 JavaThread "RMI Scheduler(0)" daemon [_thread_blocked, id=3280, stack(0x000000ae78300000,0x000000ae78400000)]
  0x00000233091854f0 JavaThread "RMI TCP Connection(11)-127.0.0.1" daemon [_thread_in_native, id=12604, stack(0x000000ae78400000,0x000000ae78500000)]
  0x0000023309186d00 JavaThread "JMX server connection timeout 32" daemon [_thread_blocked, id=32108, stack(0x000000ae78500000,0x000000ae78600000)]
  0x0000023309891550 JavaThread "mysql-cj-abandoned-connection-cleanup" daemon [_thread_blocked, id=21404, stack(0x000000ae79200000,0x000000ae79300000)]
  0x0000023309892890 JavaThread "Live Reload Server" daemon [_thread_in_native, id=26912, stack(0x000000ae79c00000,0x000000ae79d00000)]
  0x000002330c6e2bb0 JavaThread "DestroyJavaVM" [_thread_blocked, id=10860, stack(0x000000ae76900000,0x000000ae76a00000)]
  0x000002330c6e13a0 JavaThread "RMI TCP Connection(idle)" daemon [_thread_blocked, id=33076, stack(0x000000ae78700000,0x000000ae78800000)]
  0x000002330c6e3ef0 JavaThread "RMI TCP Connection(idle)" daemon [_thread_blocked, id=10204, stack(0x000000ae7a900000,0x000000ae7aa00000)]
  0x000002330c6e26e0 JavaThread "RMI TCP Connection(idle)" daemon [_thread_blocked, id=30592, stack(0x000000ae7a800000,0x000000ae7a900000)]
  0x000002330c6e0ed0 JavaThread "RMI TCP Connection(9)-127.0.0.1" daemon [_thread_in_native, id=18380, stack(0x000000ae7ab00000,0x000000ae7ac00000)]
  0x000002330c6e0a00 JavaThread "RMI TCP Connection(10)-127.0.0.1" daemon [_thread_in_native, id=29604, stack(0x000000ae7ac00000,0x000000ae7ad00000)]
  0x000002330c6e4d60 JavaThread "Catalina-utility-1" [_thread_blocked, id=29088, stack(0x000000ae76800000,0x000000ae76900000)]
  0x000002330c6e3a20 JavaThread "Catalina-utility-2" [_thread_blocked, id=37884, stack(0x000000ae78800000,0x000000ae78900000)]
  0x000002330c6e2210 JavaThread "container-0" [_thread_blocked, id=19584, stack(0x000000ae79000000,0x000000ae79100000)]
  0x000002330c6e5700 JavaThread "HikariPool-2 housekeeper" daemon [_thread_blocked, id=17316, stack(0x000000ae79100000,0x000000ae79200000)]
  0x000002330c6e1d40 JavaThread "File Watcher" daemon [_thread_blocked, id=23100, stack(0x000000ae79400000,0x000000ae79500000)]
  0x000002330c6e5bd0 JavaThread "http-nio-8081-exec-1" daemon [_thread_blocked, id=15812, stack(0x000000ae79a00000,0x000000ae79b00000)]
=>0x000002330c6e60a0 JavaThread "http-nio-8081-exec-2" daemon [_thread_in_Java, id=18820, stack(0x000000ae79b00000,0x000000ae79c00000)]
  0x000002330c6e6f10 JavaThread "http-nio-8081-exec-3" daemon [_thread_blocked, id=21004, stack(0x000000ae79d00000,0x000000ae79e00000)]
  0x000002330c6e6570 JavaThread "http-nio-8081-exec-4" daemon [_thread_blocked, id=35032, stack(0x000000ae79e00000,0x000000ae79f00000)]
  0x000002330c6e6a40 JavaThread "http-nio-8081-exec-5" daemon [_thread_blocked, id=22724, stack(0x000000ae79f00000,0x000000ae7a000000)]
  0x000002330c6e3550 JavaThread "http-nio-8081-exec-6" daemon [_thread_blocked, id=16040, stack(0x000000ae7a000000,0x000000ae7a100000)]
  0x000002330c6e78b0 JavaThread "http-nio-8081-exec-7" daemon [_thread_blocked, id=35984, stack(0x000000ae7a100000,0x000000ae7a200000)]
  0x000002330c6e73e0 JavaThread "http-nio-8081-exec-8" daemon [_thread_blocked, id=16100, stack(0x000000ae7a200000,0x000000ae7a300000)]
  0x000002330c6e7d80 JavaThread "http-nio-8081-exec-9" daemon [_thread_blocked, id=22572, stack(0x000000ae7a300000,0x000000ae7a400000)]
  0x000002330988fd40 JavaThread "http-nio-8081-exec-10" daemon [_thread_blocked, id=5796, stack(0x000000ae7a400000,0x000000ae7a500000)]
  0x0000023309891080 JavaThread "http-nio-8081-Poller" daemon [_thread_in_native, id=14060, stack(0x000000ae7a500000,0x000000ae7a600000)]
  0x000002330988e060 JavaThread "http-nio-8081-Acceptor" daemon [_thread_in_native, id=18728, stack(0x000000ae7a600000,0x000000ae7a700000)]
  0x0000023309891ef0 JavaThread "HikariPool-2 connection adder" daemon [_thread_blocked, id=11376, stack(0x000000ae76700000,0x000000ae76800000)]

Other Threads:
  0x00000233086b4170 VMThread "VM Thread" [stack: 0x000000ae76f00000,0x000000ae77000000] [id=32524]
  0x0000023308e391c0 WatcherThread [stack: 0x000000ae77c00000,0x000000ae77d00000] [id=9892]
  0x0000023366566140 GCTaskThread "GC Thread#0" [stack: 0x000000ae76a00000,0x000000ae76b00000] [id=9636]
  0x00000233087ea090 GCTaskThread "GC Thread#1" [stack: 0x000000ae77d00000,0x000000ae77e00000] [id=36436]
  0x00000233087ea3c0 GCTaskThread "GC Thread#2" [stack: 0x000000ae77e00000,0x000000ae77f00000] [id=20556]
  0x00000233087ebd40 GCTaskThread "GC Thread#3" [stack: 0x000000ae77f00000,0x000000ae78000000] [id=10064]
  0x00000233087eaa20 GCTaskThread "GC Thread#4" [stack: 0x000000ae78000000,0x000000ae78100000] [id=33956]
  0x00000233087eca00 GCTaskThread "GC Thread#5" [stack: 0x000000ae78100000,0x000000ae78200000] [id=15168]
  0x00000233087ea6f0 GCTaskThread "GC Thread#6" [stack: 0x000000ae78900000,0x000000ae78a00000] [id=29984]
  0x00000233087ec070 GCTaskThread "GC Thread#7" [stack: 0x000000ae78a00000,0x000000ae78b00000] [id=36724]
  0x0000023309ddf7c0 GCTaskThread "GC Thread#8" [stack: 0x000000ae79500000,0x000000ae79600000] [id=12012]
  0x0000023309de0480 GCTaskThread "GC Thread#9" [stack: 0x000000ae79600000,0x000000ae79700000] [id=34892]
  0x0000023309de1140 GCTaskThread "GC Thread#10" [stack: 0x000000ae79700000,0x000000ae79800000] [id=36400]
  0x0000023309de1470 GCTaskThread "GC Thread#11" [stack: 0x000000ae79800000,0x000000ae79900000] [id=26684]
  0x00000233665785d0 ConcurrentGCThread "G1 Main Marker" [stack: 0x000000ae76b00000,0x000000ae76c00000] [id=31288]
  0x000002336657cea0 ConcurrentGCThread "G1 Conc#0" [stack: 0x000000ae76c00000,0x000000ae76d00000] [id=27592]
  0x00000233087e9d60 ConcurrentGCThread "G1 Conc#1" [stack: 0x000000ae78b00000,0x000000ae78c00000] [id=29308]
  0x00000233087ec3a0 ConcurrentGCThread "G1 Conc#2" [stack: 0x000000ae78c00000,0x000000ae78d00000] [id=20892]
  0x00000233087e90a0 ConcurrentGCThread "G1 Conc#3" [stack: 0x000000ae78d00000,0x000000ae78e00000] [id=11984]
  0x00000233087eb3b0 ConcurrentGCThread "G1 Conc#4" [stack: 0x000000ae78e00000,0x000000ae78f00000] [id=1664]
  0x00000233087eb6e0 ConcurrentGCThread "G1 Conc#5" [stack: 0x000000ae78f00000,0x000000ae79000000] [id=26832]
  0x000002337c3a44e0 ConcurrentGCThread "G1 Refine#0" [stack: 0x000000ae76d00000,0x000000ae76e00000] [id=16780]
  0x000002337c3a5850 ConcurrentGCThread "G1 Young RemSet Sampling" [stack: 0x000000ae76e00000,0x000000ae76f00000] [id=20340]

Threads with active compile tasks:

VM state: not at safepoint (normal execution)

VM Mutex/Monitor currently owned by a thread: None

Heap address: 0x0000000704e00000, size: 4018 MB, Compressed Oops mode: Zero based, Oop shift amount: 3
CDS disabled.
Compressed class space mapped at: 0x0000000800000000-0x0000000840000000, size: 1073741824
Narrow klass base: 0x0000000800000000, Narrow klass shift: 0, Narrow klass range: 0x40000000

GC Precious Log:
 CPUs: 32 total, 32 available
 Memory: 16070M
 Large Page Support: Disabled
 NUMA Support: Disabled
 Compressed Oops: Enabled (Zero based)
 Heap Region Size: 2M
 Heap Min Capacity: 8M
 Heap Initial Capacity: 252M
 Heap Max Capacity: 4018M
 Pre-touch: Disabled
 Parallel Workers: 23
 Concurrent Workers: 6
 Concurrent Refinement Workers: 23
 Periodic GC: Disabled

Heap:
 garbage-first heap   total 102400K, used 58828K [0x0000000704e00000, 0x0000000800000000)
  region size 2048K, 17 young (34816K), 2 survivors (4096K)
 Metaspace       used 73730K, capacity 74583K, committed 74752K, reserved 1114112K
  class space    used 9158K, capacity 9409K, committed 9472K, reserved 1048576K

Heap Regions: E=young(eden), S=young(survivor), O=old, HS=humongous(starts), HC=humongous(continues), CS=collection set, F=free, OA=open archive, CA=closed archive, TAMS=top-at-mark-start (previous, next)
|   0|0x0000000704e00000, 0x0000000704ffffb8, 0x0000000705000000| 99%| O|  |TAMS 0x0000000704e00000, 0x0000000704e00000| Untracked 
|   1|0x0000000705000000, 0x00000007051fffc8, 0x0000000705200000| 99%| O|  |TAMS 0x0000000705000000, 0x0000000705000000| Untracked 
|   2|0x0000000705200000, 0x00000007053fffe8, 0x0000000705400000| 99%| O|  |TAMS 0x0000000705200000, 0x0000000705200000| Untracked 
|   3|0x0000000705400000, 0x00000007055fffe8, 0x0000000705600000| 99%| O|  |TAMS 0x0000000705400000, 0x0000000705400000| Untracked 
|   4|0x0000000705600000, 0x00000007057ffff0, 0x0000000705800000| 99%| O|  |TAMS 0x0000000705600000, 0x0000000705600000| Untracked 
|   5|0x0000000705800000, 0x00000007059fffb0, 0x0000000705a00000| 99%| O|  |TAMS 0x0000000705800000, 0x0000000705800000| Untracked 
|   6|0x0000000705a00000, 0x0000000705c00000, 0x0000000705c00000|100%| O|  |TAMS 0x0000000705a00000, 0x0000000705a00000| Untracked 
|   7|0x0000000705c00000, 0x0000000705e00000, 0x0000000705e00000|100%| O|  |TAMS 0x0000000705c00000, 0x0000000705c00000| Untracked 
|   8|0x0000000705e00000, 0x0000000706000000, 0x0000000706000000|100%| O|  |TAMS 0x0000000705e00000, 0x0000000705e00000| Untracked 
|   9|0x0000000706000000, 0x00000007060ccd70, 0x0000000706200000| 40%| O|  |TAMS 0x0000000706000000, 0x0000000706000000| Untracked 
|  10|0x0000000706200000, 0x00000007063fffd0, 0x0000000706400000| 99%| O|  |TAMS 0x0000000706200000, 0x0000000706200000| Untracked 
|  11|0x0000000706400000, 0x00000007065a2970, 0x0000000706600000| 81%| O|  |TAMS 0x0000000706400000, 0x0000000706400000| Untracked 
|  12|0x0000000706600000, 0x000000070665fdf8, 0x0000000706800000| 18%| O|  |TAMS 0x0000000706600000, 0x0000000706600000| Untracked 
|  13|0x0000000706800000, 0x00000007069e44f0, 0x0000000706a00000| 94%| O|  |TAMS 0x0000000706800000, 0x0000000706800000| Untracked 
|  14|0x0000000706a00000, 0x0000000706a00000, 0x0000000706c00000|  0%| F|  |TAMS 0x0000000706a00000, 0x0000000706a00000| Untracked 
|  15|0x0000000706c00000, 0x0000000706c00000, 0x0000000706e00000|  0%| F|  |TAMS 0x0000000706c00000, 0x0000000706c00000| Untracked 
|  16|0x0000000706e00000, 0x0000000706e00000, 0x0000000707000000|  0%| F|  |TAMS 0x0000000706e00000, 0x0000000706e00000| Untracked 
|  17|0x0000000707000000, 0x0000000707000000, 0x0000000707200000|  0%| F|  |TAMS 0x0000000707000000, 0x0000000707000000| Untracked 
|  18|0x0000000707200000, 0x0000000707200000, 0x0000000707400000|  0%| F|  |TAMS 0x0000000707200000, 0x0000000707200000| Untracked 
|  19|0x0000000707400000, 0x0000000707400000, 0x0000000707600000|  0%| F|  |TAMS 0x0000000707400000, 0x0000000707400000| Untracked 
|  20|0x0000000707600000, 0x0000000707600000, 0x0000000707800000|  0%| F|  |TAMS 0x0000000707600000, 0x0000000707600000| Untracked 
|  21|0x0000000707800000, 0x00000007079d6518, 0x0000000707a00000| 91%| S|CS|TAMS 0x0000000707800000, 0x0000000707800000| Complete 
|  22|0x0000000707a00000, 0x0000000707a00000, 0x0000000707c00000|  0%| F|  |TAMS 0x0000000707a00000, 0x0000000707a00000| Untracked 
|  23|0x0000000707c00000, 0x0000000707c00000, 0x0000000707e00000|  0%| F|  |TAMS 0x0000000707c00000, 0x0000000707c00000| Untracked 
|  24|0x0000000707e00000, 0x0000000708000000, 0x0000000708000000|100%| S|CS|TAMS 0x0000000707e00000, 0x0000000707e00000| Complete 
|  25|0x0000000708000000, 0x00000007080e92c0, 0x0000000708200000| 45%| O|  |TAMS 0x0000000708000000, 0x0000000708000000| Untracked 
|  26|0x0000000708200000, 0x0000000708200000, 0x0000000708400000|  0%| F|  |TAMS 0x0000000708200000, 0x0000000708200000| Untracked 
|  27|0x0000000708400000, 0x0000000708400000, 0x0000000708600000|  0%| F|  |TAMS 0x0000000708400000, 0x0000000708400000| Untracked 
|  28|0x0000000708600000, 0x0000000708600000, 0x0000000708800000|  0%| F|  |TAMS 0x0000000708600000, 0x0000000708600000| Untracked 
|  29|0x0000000708800000, 0x0000000708800000, 0x0000000708a00000|  0%| F|  |TAMS 0x0000000708800000, 0x0000000708800000| Untracked 
|  30|0x0000000708a00000, 0x0000000708a00000, 0x0000000708c00000|  0%| F|  |TAMS 0x0000000708a00000, 0x0000000708a00000| Untracked 
|  31|0x0000000708c00000, 0x0000000708c00000, 0x0000000708e00000|  0%| F|  |TAMS 0x0000000708c00000, 0x0000000708c00000| Untracked 
|  32|0x0000000708e00000, 0x0000000708e00000, 0x0000000709000000|  0%| F|  |TAMS 0x0000000708e00000, 0x0000000708e00000| Untracked 
|  33|0x0000000709000000, 0x0000000709000000, 0x0000000709200000|  0%| F|  |TAMS 0x0000000709000000, 0x0000000709000000| Untracked 
|  34|0x0000000709200000, 0x0000000709200000, 0x0000000709400000|  0%| F|  |TAMS 0x0000000709200000, 0x0000000709200000| Untracked 
|  35|0x0000000709400000, 0x000000070957e3d8, 0x0000000709600000| 74%| E|  |TAMS 0x0000000709400000, 0x0000000709400000| Complete 
|  36|0x0000000709600000, 0x0000000709800000, 0x0000000709800000|100%| E|CS|TAMS 0x0000000709600000, 0x0000000709600000| Complete 
|  37|0x0000000709800000, 0x0000000709a00000, 0x0000000709a00000|100%| E|CS|TAMS 0x0000000709800000, 0x0000000709800000| Complete 
|  38|0x0000000709a00000, 0x0000000709c00000, 0x0000000709c00000|100%| E|CS|TAMS 0x0000000709a00000, 0x0000000709a00000| Complete 
|  39|0x0000000709c00000, 0x0000000709e00000, 0x0000000709e00000|100%| E|CS|TAMS 0x0000000709c00000, 0x0000000709c00000| Complete 
|  40|0x0000000709e00000, 0x000000070a000000, 0x000000070a000000|100%| E|CS|TAMS 0x0000000709e00000, 0x0000000709e00000| Complete 
|  41|0x000000070a000000, 0x000000070a200000, 0x000000070a200000|100%| E|CS|TAMS 0x000000070a000000, 0x000000070a000000| Complete 
|  42|0x000000070a200000, 0x000000070a400000, 0x000000070a400000|100%| E|CS|TAMS 0x000000070a200000, 0x000000070a200000| Complete 
|  43|0x000000070a400000, 0x000000070a600000, 0x000000070a600000|100%| E|CS|TAMS 0x000000070a400000, 0x000000070a400000| Complete 
|  44|0x000000070a600000, 0x000000070a800000, 0x000000070a800000|100%| E|CS|TAMS 0x000000070a600000, 0x000000070a600000| Complete 
|  45|0x000000070a800000, 0x000000070aa00000, 0x000000070aa00000|100%| E|CS|TAMS 0x000000070a800000, 0x000000070a800000| Complete 
|  46|0x000000070aa00000, 0x000000070ac00000, 0x000000070ac00000|100%| E|CS|TAMS 0x000000070aa00000, 0x000000070aa00000| Complete 
|  47|0x000000070ac00000, 0x000000070ae00000, 0x000000070ae00000|100%| E|CS|TAMS 0x000000070ac00000, 0x000000070ac00000| Complete 
|  48|0x000000070ae00000, 0x000000070b000000, 0x000000070b000000|100%| E|CS|TAMS 0x000000070ae00000, 0x000000070ae00000| Complete 
|  49|0x000000070b000000, 0x000000070b200000, 0x000000070b200000|100%| E|CS|TAMS 0x000000070b000000, 0x000000070b000000| Complete 

Card table byte_map: [0x000002337b180000,0x000002337b960000] _byte_map_base: 0x0000023377959000

Marking Bits (Prev, Next): (CMBitMap*) 0x0000023366567630, (CMBitMap*) 0x00000233665675f0
 Prev Bits: [0x0000023303ed0000, 0x0000023307d98000)
 Next Bits: [0x0000023300000000, 0x0000023303ec8000)

Polling page: 0x0000023364580000

Metaspace:

Usage:
  Non-class:     63.65 MB capacity,    63.06 MB (>99%) used,   507.45 KB ( <1%) free+waste,    95.00 KB ( <1%) overhead. 
      Class:      9.19 MB capacity,     8.94 MB ( 97%) used,   214.91 KB (  2%) free+waste,    35.56 KB ( <1%) overhead. 
       Both:     72.83 MB capacity,    72.00 MB ( 99%) used,   722.36 KB ( <1%) free+waste,   130.56 KB ( <1%) overhead. 

Virtual space:
  Non-class space:       64.00 MB reserved,      63.75 MB (>99%) committed 
      Class space:        1.00 GB reserved,       9.25 MB ( <1%) committed 
             Both:        1.06 GB reserved,      73.00 MB (  7%) committed 

Chunk freelists:
   Non-Class:  42.00 KB
       Class:  1.00 KB
        Both:  43.00 KB

MaxMetaspaceSize: 17179869184.00 GB
CompressedClassSpaceSize: 1.00 GB

CodeHeap 'non-profiled nmethods': size=232192Kb used=13040Kb max_used=13040Kb free=219151Kb
 bounds [0x000002336aca0000, 0x000002336b960000, 0x0000023378f60000]
CodeHeap 'non-nmethods': size=13568Kb used=1343Kb max_used=1343Kb free=12224Kb
 bounds [0x0000023369f60000, 0x000002336a1d0000, 0x000002336aca0000]
 total_blobs=7678 nmethods=7038 adapters=566
 compilation: enabled
              stopped_count=0, restarted_count=0
 full_count=0

Compilation events (20 events):
Event: 86.480 Thread 0x000002330871d2e0 7029       1       org.apache.catalina.loader.WebappClassLoaderBase::findLoadedClass0 (32 bytes)
Event: 86.481 Thread 0x000002330871d2e0 nmethod 7029 0x000002336b958890 code [0x000002336b958a40, 0x000002336b958c58]
Event: 86.481 Thread 0x000002330871d2e0 7030       1       org.springframework.boot.web.embedded.tomcat.TomcatEmbeddedWebappClassLoader::doLoadClass (61 bytes)
Event: 86.481 Thread 0x000002330871d2e0 nmethod 7030 0x000002336b958d90 code [0x000002336b958f80, 0x000002336b959298]
Event: 86.481 Thread 0x000002330871d2e0 7031   !   1       org.springframework.boot.web.embedded.tomcat.TomcatEmbeddedWebappClassLoader::checkPackageAccess (67 bytes)
Event: 86.481 Thread 0x000002330871d2e0 nmethod 7031 0x000002336b959490 code [0x000002336b9596c0, 0x000002336b959cb8]
Event: 86.481 Thread 0x000002330871d2e0 7032   !   1       org.springframework.boot.web.embedded.tomcat.TomcatEmbeddedWebappClassLoader::loadFromParent (22 bytes)
Event: 86.482 Thread 0x000002330871d2e0 nmethod 7032 0x000002336b95a110 code [0x000002336b95a2c0, 0x000002336b95a408]
Event: 86.482 Thread 0x000002330871d2e0 7033       1       org.springframework.web.servlet.tags.form.AbstractFormTag::writeOptionalAttribute (20 bytes)
Event: 86.482 Thread 0x000002330871d2e0 nmethod 7033 0x000002336b95a490 code [0x000002336b95a680, 0x000002336b95aa28]
Event: 86.483 Thread 0x000002330871d2e0 7034       1       org.springframework.beans.PropertyAccessorUtils::getNestedPropertySeparatorIndex (118 bytes)
Event: 86.483 Thread 0x000002330871d2e0 nmethod 7034 0x000002336b95ad90 code [0x000002336b95af40, 0x000002336b95b2b8]
Event: 86.484 Thread 0x000002330871d2e0 7035       1       org.springframework.core.convert.Property::getObjectType (5 bytes)
Event: 86.484 Thread 0x000002330871d2e0 nmethod 7035 0x000002336b95b610 code [0x000002336b95b7a0, 0x000002336b95b858]
Event: 86.484 Thread 0x000002330871d2e0 7036       1       org.springframework.validation.AbstractErrors::getNestedPath (5 bytes)
Event: 86.484 Thread 0x000002330871d2e0 nmethod 7036 0x000002336b95b910 code [0x000002336b95baa0, 0x000002336b95bb58]
Event: 86.486 Thread 0x000002330871d2e0 7037       1       org.springframework.beans.GenericTypeAwarePropertyDescriptor::getBeanClass (5 bytes)
Event: 86.486 Thread 0x000002330871d2e0 nmethod 7037 0x000002336b95bc10 code [0x000002336b95bda0, 0x000002336b95be58]
Event: 86.486 Thread 0x000002330871d2e0 7038       1       org.springframework.validation.BeanPropertyBindingResult::getTarget (5 bytes)
Event: 86.486 Thread 0x000002330871d2e0 nmethod 7038 0x000002336b95bf10 code [0x000002336b95c0a0, 0x000002336b95c158]

GC Heap History (20 events):
Event: 1.970 GC heap before
{Heap before GC invocations=11 (full 0):
 garbage-first heap   total 53248K, used 21007K [0x0000000704e00000, 0x0000000800000000)
  region size 2048K, 6 young (12288K), 2 survivors (4096K)
 Metaspace       used 35309K, capacity 35790K, committed 35840K, reserved 1081344K
  class space    used 4301K, capacity 4467K, committed 4480K, reserved 1048576K
}
Event: 1.972 GC heap after
{Heap after GC invocations=12 (full 0):
 garbage-first heap   total 53248K, used 15507K [0x0000000704e00000, 0x0000000800000000)
  region size 2048K, 1 young (2048K), 1 survivors (2048K)
 Metaspace       used 35309K, capacity 35790K, committed 35840K, reserved 1081344K
  class space    used 4301K, capacity 4467K, committed 4480K, reserved 1048576K
}
Event: 2.015 GC heap before
{Heap before GC invocations=13 (full 0):
 garbage-first heap   total 53248K, used 33939K [0x0000000704e00000, 0x0000000800000000)
  region size 2048K, 11 young (22528K), 1 survivors (2048K)
 Metaspace       used 35446K, capacity 35918K, committed 36096K, reserved 1081344K
  class space    used 4322K, capacity 4467K, committed 4480K, reserved 1048576K
}
Event: 2.016 GC heap after
{Heap after GC invocations=14 (full 0):
 garbage-first heap   total 155648K, used 15683K [0x0000000704e00000, 0x0000000800000000)
  region size 2048K, 1 young (2048K), 1 survivors (2048K)
 Metaspace       used 35446K, capacity 35918K, committed 36096K, reserved 1081344K
  class space    used 4322K, capacity 4467K, committed 4480K, reserved 1048576K
}
Event: 2.271 GC heap before
{Heap before GC invocations=14 (full 0):
 garbage-first heap   total 155648K, used 103747K [0x0000000704e00000, 0x0000000800000000)
  region size 2048K, 45 young (92160K), 1 survivors (2048K)
 Metaspace       used 38976K, capacity 39465K, committed 39680K, reserved 1083392K
  class space    used 4683K, capacity 4841K, committed 4864K, reserved 1048576K
}
Event: 2.273 GC heap after
{Heap after GC invocations=15 (full 0):
 garbage-first heap   total 155648K, used 17256K [0x0000000704e00000, 0x0000000800000000)
  region size 2048K, 2 young (4096K), 2 survivors (4096K)
 Metaspace       used 38976K, capacity 39465K, committed 39680K, reserved 1083392K
  class space    used 4683K, capacity 4841K, committed 4864K, reserved 1048576K
}
Event: 2.789 GC heap before
{Heap before GC invocations=15 (full 0):
 garbage-first heap   total 155648K, used 105320K [0x0000000704e00000, 0x0000000800000000)
  region size 2048K, 45 young (92160K), 2 survivors (4096K)
 Metaspace       used 51220K, capacity 51793K, committed 51968K, reserved 1095680K
  class space    used 6398K, capacity 6553K, committed 6656K, reserved 1048576K
}
Event: 2.793 GC heap after
{Heap after GC invocations=16 (full 0):
 garbage-first heap   total 155648K, used 21650K [0x0000000704e00000, 0x0000000800000000)
  region size 2048K, 4 young (8192K), 4 survivors (8192K)
 Metaspace       used 51220K, capacity 51793K, committed 51968K, reserved 1095680K
  class space    used 6398K, capacity 6553K, committed 6656K, reserved 1048576K
}
Event: 3.163 GC heap before
{Heap before GC invocations=16 (full 0):
 garbage-first heap   total 155648K, used 83090K [0x0000000704e00000, 0x0000000800000000)
  region size 2048K, 35 young (71680K), 4 survivors (8192K)
 Metaspace       used 59486K, capacity 60068K, committed 60160K, reserved 1101824K
  class space    used 7592K, capacity 7789K, committed 7808K, reserved 1048576K
}
Event: 3.167 GC heap after
{Heap after GC invocations=17 (full 0):
 garbage-first heap   total 155648K, used 25155K [0x0000000704e00000, 0x0000000800000000)
  region size 2048K, 5 young (10240K), 5 survivors (10240K)
 Metaspace       used 59486K, capacity 60068K, committed 60160K, reserved 1101824K
  class space    used 7592K, capacity 7789K, committed 7808K, reserved 1048576K
}
Event: 7.830 GC heap before
{Heap before GC invocations=18 (full 0):
 garbage-first heap   total 102400K, used 76355K [0x0000000704e00000, 0x0000000800000000)
  region size 2048K, 30 young (61440K), 5 survivors (10240K)
 Metaspace       used 62967K, capacity 63640K, committed 63744K, reserved 1103872K
  class space    used 8115K, capacity 8356K, committed 8448K, reserved 1048576K
}
Event: 7.833 GC heap after
{Heap after GC invocations=19 (full 0):
 garbage-first heap   total 122880K, used 28198K [0x0000000704e00000, 0x0000000800000000)
  region size 2048K, 4 young (8192K), 4 survivors (8192K)
 Metaspace       used 62967K, capacity 63640K, committed 63744K, reserved 1103872K
  class space    used 8115K, capacity 8356K, committed 8448K, reserved 1048576K
}
Event: 14.849 GC heap before
{Heap before GC invocations=19 (full 0):
 garbage-first heap   total 122880K, used 91686K [0x0000000704e00000, 0x0000000800000000)
  region size 2048K, 36 young (73728K), 4 survivors (8192K)
 Metaspace       used 71666K, capacity 72312K, committed 72448K, reserved 1112064K
  class space    used 8917K, capacity 9156K, committed 9216K, reserved 1048576K
}
Event: 14.854 GC heap after
{Heap after GC invocations=20 (full 0):
 garbage-first heap   total 122880K, used 31889K [0x0000000704e00000, 0x0000000800000000)
  region size 2048K, 4 young (8192K), 4 survivors (8192K)
 Metaspace       used 71666K, capacity 72312K, committed 72448K, reserved 1112064K
  class space    used 8917K, capacity 9156K, committed 9216K, reserved 1048576K
}
Event: 83.195 GC heap before
{Heap before GC invocations=20 (full 0):
 garbage-first heap   total 122880K, used 50321K [0x0000000704e00000, 0x0000000800000000)
  region size 2048K, 14 young (28672K), 4 survivors (8192K)
 Metaspace       used 73477K, capacity 74119K, committed 74240K, reserved 1114112K
  class space    used 9130K, capacity 9353K, committed 9472K, reserved 1048576K
}
Event: 83.212 GC heap after
{Heap after GC invocations=21 (full 1):
 garbage-first heap   total 102400K, used 26226K [0x0000000704e00000, 0x0000000800000000)
  region size 2048K, 0 young (0K), 0 survivors (0K)
 Metaspace       used 73447K, capacity 74049K, committed 74240K, reserved 1114112K
  class space    used 9129K, capacity 9351K, committed 9472K, reserved 1048576K
}
Event: 83.305 GC heap before
{Heap before GC invocations=21 (full 1):
 garbage-first heap   total 102400K, used 75378K [0x0000000704e00000, 0x0000000800000000)
  region size 2048K, 25 young (51200K), 0 survivors (0K)
 Metaspace       used 73478K, capacity 74199K, committed 74496K, reserved 1114112K
  class space    used 9135K, capacity 9357K, committed 9472K, reserved 1048576K
}
Event: 83.307 GC heap after
{Heap after GC invocations=22 (full 1):
 garbage-first heap   total 102400K, used 28691K [0x0000000704e00000, 0x0000000800000000)
  region size 2048K, 2 young (4096K), 2 survivors (4096K)
 Metaspace       used 73478K, capacity 74199K, committed 74496K, reserved 1114112K
  class space    used 9135K, capacity 9357K, committed 9472K, reserved 1048576K
}
Event: 83.419 GC heap before
{Heap before GC invocations=22 (full 1):
 garbage-first heap   total 102400K, used 75795K [0x0000000704e00000, 0x0000000800000000)
  region size 2048K, 26 young (53248K), 2 survivors (4096K)
 Metaspace       used 73667K, capacity 74427K, committed 74496K, reserved 1114112K
  class space    used 9154K, capacity 9403K, committed 9472K, reserved 1048576K
}
Event: 83.420 GC heap after
{Heap after GC invocations=23 (full 1):
 garbage-first heap   total 102400K, used 30156K [0x0000000704e00000, 0x0000000800000000)
  region size 2048K, 2 young (4096K), 2 survivors (4096K)
 Metaspace       used 73667K, capacity 74427K, committed 74496K, reserved 1114112K
  class space    used 9154K, capacity 9403K, committed 9472K, reserved 1048576K
}

Deoptimization events (4 events):
Event: 1.664 Thread 0x0000023309186830 DEOPT PACKING pc=0x000002336afdf0fc sp=0x000000ae787fd000
Event: 1.664 Thread 0x0000023309186830 DEOPT UNPACKING pc=0x0000023369fae23f sp=0x000000ae787fc558 mode 0
Event: 3.217 Thread 0x0000023309186830 DEOPT PACKING pc=0x000002336afbbf49 sp=0x000000ae787fd470
Event: 3.217 Thread 0x0000023309186830 DEOPT UNPACKING pc=0x0000023369fae23f sp=0x000000ae787fc988 mode 3

Classes unloaded (1 events):
Event: 83.200 Thread 0x00000233086b4170 Unloading class 0x000000080082f040 'org/apache/jsp/WEB_002dINF/views/form_jsp'

Classes redefined (0 events):
No events

Internal exceptions (20 events):
Event: 86.431 Thread 0x000002330c6e60a0 Exception <a 'java/lang/ClassNotFoundException'{0x000000070a113938}: org/springframework/web/servlet/tags/HtmlEscapingAwareTagBeanInfo> (0x000000070a113938) 
thrown [./open/src/hotspot/share/classfile/systemDictionary.cpp, line 295]
Event: 86.431 Thread 0x000002330c6e60a0 Exception <a 'java/lang/ClassNotFoundException'{0x000000070a11c690}: org/springframework/web/servlet/tags/RequestContextAwareTagBeanInfo> (0x000000070a11c690) 
thrown [./open/src/hotspot/share/classfile/systemDictionary.cpp, line 295]
Event: 86.431 Thread 0x000002330c6e60a0 Exception <a 'java/lang/ClassNotFoundException'{0x000000070a125178}: org/springframework/web/servlet/tags/RequestContextAwareTagCustomizer> (0x000000070a125178) 
thrown [./open/src/hotspot/share/classfile/systemDictionary.cpp, line 295]
Event: 86.431 Thread 0x000002330c6e60a0 Exception <a 'java/lang/ClassNotFoundException'{0x000000070a130e58}: org/springframework/web/servlet/tags/HtmlEscapingAwareTagCustomizer> (0x000000070a130e58) 
thrown [./open/src/hotspot/share/classfile/systemDictionary.cpp, line 295]
Event: 86.431 Thread 0x000002330c6e60a0 Exception <a 'java/lang/ClassNotFoundException'{0x000000070a13c748}: org/springframework/web/servlet/tags/form/AbstractFormTagCustomizer> (0x000000070a13c748) 
thrown [./open/src/hotspot/share/classfile/systemDictionary.cpp, line 295]
Event: 86.432 Thread 0x000002330c6e60a0 Exception <a 'java/lang/ClassNotFoundException'{0x000000070a147580}: org/springframework/web/servlet/tags/form/AbstractDataBoundFormElementTagCustomizer> (0x000000070a147580) 
thrown [./open/src/hotspot/share/classfile/systemDictionary.cpp, line 295]
Event: 86.432 Thread 0x000002330c6e60a0 Exception <a 'java/lang/ClassNotFoundException'{0x000000070a157680}: org/springframework/web/servlet/tags/form/AbstractHtmlElementTagCustomizer> (0x000000070a157680) 
thrown [./open/src/hotspot/share/classfile/systemDictionary.cpp, line 295]
Event: 86.432 Thread 0x000002330c6e60a0 Exception <a 'java/lang/ClassNotFoundException'{0x000000070a16ce00}: org/springframework/web/servlet/tags/form/FormTagCustomizer> (0x000000070a16ce00) 
thrown [./open/src/hotspot/share/classfile/systemDictionary.cpp, line 295]
Event: 86.433 Thread 0x000002330c6e60a0 Exception <a 'java/lang/ClassNotFoundException'{0x000000070a18cba8}: org/springframework/web/servlet/tags/form/InputTagBeanInfo> (0x000000070a18cba8) 
thrown [./open/src/hotspot/share/classfile/systemDictionary.cpp, line 295]
Event: 86.433 Thread 0x000002330c6e60a0 Exception <a 'java/lang/ClassNotFoundException'{0x000000070a195a18}: org/springframework/web/servlet/tags/form/AbstractHtmlInputElementTagBeanInfo> (0x000000070a195a18) 
thrown [./open/src/hotspot/share/classfile/systemDictionary.cpp, line 295]
Event: 86.433 Thread 0x000002330c6e60a0 Exception <a 'java/lang/ClassNotFoundException'{0x000000070a19e9e0}: org/springframework/web/servlet/tags/form/AbstractHtmlInputElementTagCustomizer> (0x000000070a19e9e0) 
thrown [./open/src/hotspot/share/classfile/systemDictionary.cpp, line 295]
Event: 86.433 Thread 0x000002330c6e60a0 Exception <a 'java/lang/ClassNotFoundException'{0x000000070a1ad7a0}: org/springframework/web/servlet/tags/form/InputTagCustomizer> (0x000000070a1ad7a0) 
thrown [./open/src/hotspot/share/classfile/systemDictionary.cpp, line 295]
Event: 86.434 Thread 0x000002330c6e60a0 Exception <a 'java/lang/ClassNotFoundException'{0x000000070a1dbcd8}: org/springframework/web/servlet/tags/form/RadioButtonTagBeanInfo> (0x000000070a1dbcd8) 
thrown [./open/src/hotspot/share/classfile/systemDictionary.cpp, line 295]
Event: 86.434 Thread 0x000002330c6e60a0 Exception <a 'java/lang/ClassNotFoundException'{0x000000070a1e4ab8}: org/springframework/web/servlet/tags/form/AbstractSingleCheckedElementTagBeanInfo> (0x000000070a1e4ab8) 
thrown [./open/src/hotspot/share/classfile/systemDictionary.cpp, line 295]
Event: 86.434 Thread 0x000002330c6e60a0 Exception <a 'java/lang/ClassNotFoundException'{0x000000070a1edbf8}: org/springframework/web/servlet/tags/form/AbstractCheckedElementTagBeanInfo> (0x000000070a1edbf8) 
thrown [./open/src/hotspot/share/classfile/systemDictionary.cpp, line 295]
Event: 86.434 Thread 0x000002330c6e60a0 Exception <a 'java/lang/ClassNotFoundException'{0x000000070a1f6a58}: org/springframework/web/servlet/tags/form/AbstractCheckedElementTagCustomizer> (0x000000070a1f6a58) 
thrown [./open/src/hotspot/share/classfile/systemDictionary.cpp, line 295]
Event: 86.434 Thread 0x000002330c6e60a0 Exception <a 'java/lang/ClassNotFoundException'{0x0000000709e03420}: org/springframework/web/servlet/tags/form/AbstractSingleCheckedElementTagCustomizer> (0x0000000709e03420) 
thrown [./open/src/hotspot/share/classfile/systemDictionary.cpp, line 295]
Event: 86.435 Thread 0x000002330c6e60a0 Exception <a 'java/lang/ClassNotFoundException'{0x0000000709e100e8}: org/springframework/web/servlet/tags/form/RadioButtonTagCustomizer> (0x0000000709e100e8) 
thrown [./open/src/hotspot/share/classfile/systemDictionary.cpp, line 295]
Event: 86.438 Thread 0x000002330c6e60a0 Exception <a 'java/lang/ArrayIndexOutOfBoundsException'{0x0000000709edbaa8}> (0x0000000709edbaa8) 
thrown [./open/src/hotspot/share/runtime/sharedRuntime.cpp, line 585]
Event: 86.480 Thread 0x000002330c6e60a0 Exception <a 'java/lang/NullPointerException'{0x00000007095433a8}> (0x00000007095433a8) 
thrown [./open/src/hotspot/share/interpreter/linkResolver.cpp, line 1457]

Events (20 events):
Event: 86.486 Executing VM operation: get/set locals
Event: 86.486 Executing VM operation: get/set locals done
Event: 86.486 Executing VM operation: get/set locals
Event: 86.486 Executing VM operation: get/set locals done
Event: 86.486 Executing VM operation: get/set locals
Event: 86.486 Executing VM operation: get/set locals done
Event: 86.486 Executing VM operation: get/set locals
Event: 86.486 Executing VM operation: get/set locals done
Event: 86.486 Executing VM operation: get/set locals
Event: 86.486 Executing VM operation: get/set locals done
Event: 86.486 Executing VM operation: get/set locals
Event: 86.486 Executing VM operation: get/set locals done
Event: 86.486 Executing VM operation: get/set locals
Event: 86.486 Executing VM operation: get/set locals done
Event: 86.486 Executing VM operation: get/set locals
Event: 86.486 Executing VM operation: get/set locals done
Event: 86.486 Executing VM operation: get/set locals
Event: 86.487 Executing VM operation: get/set locals done
Event: 86.487 Executing VM operation: get/set locals
Event: 86.487 Executing VM operation: get/set locals done


Dynamic libraries:
0x00007ff6a8070000 - 0x00007ff6a807d000 	E:\sts\spring-tool-suite-4-4.8.1.RELEASE-e4.17.0-win32.win32.x86_64\sts-4.8.1.RELEASE\plugins\org.eclipse.justj.openjdk.hotspot.jre.full.win32.x86_64_15.0.0.v20201014-1246\jre\bin\javaw.exe
0x00000233648e0000 - 0x0000023364b40000 	C:\Windows\SYSTEM32\ntd1l.dll
0x0000023364b50000 - 0x0000023364c17000 	C:\Windows\System32\kern3l32.dll
0x00007ffe8dc80000 - 0x00007ffe8dee0000 	C:\Windows\SYSTEM32\ntdll.dll
0x00007ffe8c730000 - 0x00007ffe8c7f7000 	C:\Windows\System32\KERNEL32.DLL
0x00007ffe8b2a0000 - 0x00007ffe8b66a000 	C:\Windows\System32\KERNELBASE.dll
0x00007ffe890e0000 - 0x00007ffe894f6000 	C:\Program Files\SentinelOne\Sentinel Agent 24.1.5.277\InProcessClient64.dll
0x00007ffe8d2e0000 - 0x00007ffe8d392000 	C:\Windows\System32\ADVAPI32.dll
0x00007ffe8c920000 - 0x00007ffe8c9c9000 	C:\Windows\System32\msvcrt.dll
0x00007ffe8d1c0000 - 0x00007ffe8d266000 	C:\Windows\System32\sechost.dll
0x00007ffe8bdc0000 - 0x00007ffe8bed6000 	C:\Windows\System32\RPCRT4.dll
0x00007ffe8b840000 - 0x00007ffe8b98b000 	C:\Windows\System32\ucrtbase.dll
0x00007ffe790c0000 - 0x00007ffe790d9000 	E:\sts\spring-tool-suite-4-4.8.1.RELEASE-e4.17.0-win32.win32.x86_64\sts-4.8.1.RELEASE\plugins\org.eclipse.justj.openjdk.hotspot.jre.full.win32.x86_64_15.0.0.v20201014-1246\jre\bin\VCRUNTIME140.dll
0x00007ffe77e00000 - 0x00007ffe77e18000 	E:\sts\spring-tool-suite-4-4.8.1.RELEASE-e4.17.0-win32.win32.x86_64\sts-4.8.1.RELEASE\plugins\org.eclipse.justj.openjdk.hotspot.jre.full.win32.x86_64_15.0.0.v20201014-1246\jre\bin\jli.dll
0x00007ffe8cef0000 - 0x00007ffe8d0bc000 	C:\Windows\System32\USER32.dll
0x00007ffe8ba50000 - 0x00007ffe8ba77000 	C:\Windows\System32\win32u.dll
0x00007ffe7adc0000 - 0x00007ffe7b057000 	C:\Windows\WinSxS\amd64_microsoft.windows.common-controls_6595b64144ccf1df_6.0.26100.3624_none_3e086962e3345f24\COMCTL32.dll
0x00007ffe8d3f0000 - 0x00007ffe8d41a000 	C:\Windows\System32\GDI32.dll
0x00007ffe8b700000 - 0x00007ffe8b831000 	C:\Windows\System32\gdi32full.dll
0x00007ffe8afe0000 - 0x00007ffe8b083000 	C:\Windows\System32\msvcp_win.dll
0x00007ffe89080000 - 0x00007ffe8908b000 	C:\Windows\SYSTEM32\VERSION.dll
0x00007ffe89070000 - 0x00007ffe8907c000 	C:\Windows\SYSTEM32\FLTLIB.DLL
0x00007ffe8c8e0000 - 0x00007ffe8c90f000 	C:\Windows\System32\IMM32.DLL
0x00007ffe7fc90000 - 0x00007ffe7fc9c000 	E:\sts\spring-tool-suite-4-4.8.1.RELEASE-e4.17.0-win32.win32.x86_64\sts-4.8.1.RELEASE\plugins\org.eclipse.justj.openjdk.hotspot.jre.full.win32.x86_64_15.0.0.v20201014-1246\jre\bin\vcruntime140_1.dll
0x00007ffe6ee30000 - 0x00007ffe6eec1000 	E:\sts\spring-tool-suite-4-4.8.1.RELEASE-e4.17.0-win32.win32.x86_64\sts-4.8.1.RELEASE\plugins\org.eclipse.justj.openjdk.hotspot.jre.full.win32.x86_64_15.0.0.v20201014-1246\jre\bin\msvcp140.dll
0x00007ffe19ac0000 - 0x00007ffe1a61c000 	E:\sts\spring-tool-suite-4-4.8.1.RELEASE-e4.17.0-win32.win32.x86_64\sts-4.8.1.RELEASE\plugins\org.eclipse.justj.openjdk.hotspot.jre.full.win32.x86_64_15.0.0.v20201014-1246\jre\bin\server\jvm.dll
0x0000023364560000 - 0x0000023364568000 	C:\Windows\System32\PSAPI.DLL
0x00007ffe69a80000 - 0x00007ffe69a8a000 	C:\Windows\SYSTEM32\WSOCK32.dll
0x00007ffe8bbe0000 - 0x00007ffe8bc54000 	C:\Windows\System32\WS2_32.dll
0x00007ffe81970000 - 0x00007ffe819a6000 	C:\Windows\SYSTEM32\WINMM.dll
0x00007ffe89d50000 - 0x00007ffe89d6a000 	C:\Windows\SYSTEM32\kernel.appcore.dll
0x00007ffe858f0000 - 0x00007ffe858fa000 	E:\sts\spring-tool-suite-4-4.8.1.RELEASE-e4.17.0-win32.win32.x86_64\sts-4.8.1.RELEASE\plugins\org.eclipse.justj.openjdk.hotspot.jre.full.win32.x86_64_15.0.0.v20201014-1246\jre\bin\jimage.dll
0x00007ffe88270000 - 0x00007ffe884b1000 	C:\Windows\SYSTEM32\DBGHELP.DLL
0x00007ffe8d830000 - 0x00007ffe8dbb2000 	C:\Windows\System32\combase.dll
0x00007ffe8c650000 - 0x00007ffe8c726000 	C:\Windows\System32\OLEAUT32.dll
0x00007ffe7ad80000 - 0x00007ffe7adb9000 	C:\Windows\SYSTEM32\dbgcore.DLL
0x00007ffe8b090000 - 0x00007ffe8b129000 	C:\Windows\System32\bcryptPrimitives.dll
0x00007ffe08ff0000 - 0x00007ffe0909d000 	C:\Program Files\SentinelOne\Sentinel Agent 24.1.5.277\SentinelJava64.dll
0x00007ffe8d270000 - 0x00007ffe8d2d4000 	C:\Windows\System32\SHLWAPI.dll
0x00007ffe8d420000 - 0x00007ffe8d5b6000 	C:\Windows\System32\ole32.dll
0x00007ffe789d0000 - 0x00007ffe789f5000 	E:\sts\spring-tool-suite-4-4.8.1.RELEASE-e4.17.0-win32.win32.x86_64\sts-4.8.1.RELEASE\plugins\org.eclipse.justj.openjdk.hotspot.jre.full.win32.x86_64_15.0.0.v20201014-1246\jre\bin\java.dll
0x00007ffe85700000 - 0x00007ffe85718000 	E:\sts\spring-tool-suite-4-4.8.1.RELEASE-e4.17.0-win32.win32.x86_64\sts-4.8.1.RELEASE\plugins\org.eclipse.justj.openjdk.hotspot.jre.full.win32.x86_64_15.0.0.v20201014-1246\jre\bin\zip.dll
0x00007ffe8bee0000 - 0x00007ffe8c609000 	C:\Windows\System32\SHELL32.dll
0x00007ffe8b130000 - 0x00007ffe8b298000 	C:\Windows\System32\wintypes.dll
0x00007ffe886a0000 - 0x00007ffe88ef2000 	C:\Windows\SYSTEM32\windows.storage.dll
0x00007ffe8bcd0000 - 0x00007ffe8bdbd000 	C:\Windows\System32\SHCORE.dll
0x00007ffe8ad70000 - 0x00007ffe8ad9f000 	C:\Windows\SYSTEM32\profapi.dll
0x00007ffe7d530000 - 0x00007ffe7d549000 	E:\sts\spring-tool-suite-4-4.8.1.RELEASE-e4.17.0-win32.win32.x86_64\sts-4.8.1.RELEASE\plugins\org.eclipse.justj.openjdk.hotspot.jre.full.win32.x86_64_15.0.0.v20201014-1246\jre\bin\net.dll
0x00007ffe84700000 - 0x00007ffe8481d000 	C:\Windows\SYSTEM32\WINHTTP.dll
0x00007ffe8a250000 - 0x00007ffe8a2ba000 	C:\Windows\system32\mswsock.dll
0x00007ffe7d330000 - 0x00007ffe7d342000 	E:\sts\spring-tool-suite-4-4.8.1.RELEASE-e4.17.0-win32.win32.x86_64\sts-4.8.1.RELEASE\plugins\org.eclipse.justj.openjdk.hotspot.jre.full.win32.x86_64_15.0.0.v20201014-1246\jre\bin\nio.dll
0x00007ffe7d170000 - 0x00007ffe7d179000 	E:\sts\spring-tool-suite-4-4.8.1.RELEASE-e4.17.0-win32.win32.x86_64\sts-4.8.1.RELEASE\plugins\org.eclipse.justj.openjdk.hotspot.jre.full.win32.x86_64_15.0.0.v20201014-1246\jre\bin\management.dll
0x00007ffe7d000000 - 0x00007ffe7d00b000 	E:\sts\spring-tool-suite-4-4.8.1.RELEASE-e4.17.0-win32.win32.x86_64\sts-4.8.1.RELEASE\plugins\org.eclipse.justj.openjdk.hotspot.jre.full.win32.x86_64_15.0.0.v20201014-1246\jre\bin\management_ext.dll
0x00007ffe58a10000 - 0x00007ffe58a28000 	C:\Windows\system32\napinsp.dll
0x00007ffe89760000 - 0x00007ffe89885000 	C:\Windows\SYSTEM32\DNSAPI.dll
0x00007ffe896d0000 - 0x00007ffe89703000 	C:\Windows\SYSTEM32\IPHLPAPI.DLL
0x00007ffe8c9d0000 - 0x00007ffe8c9da000 	C:\Windows\System32\NSI.dll
0x00007ffe58f50000 - 0x00007ffe58f62000 	C:\Windows\System32\winrnr.dll
0x00007ffe58f10000 - 0x00007ffe58f40000 	C:\Windows\system32\nlansp_c.dll
0x00007ffe58ef0000 - 0x00007ffe58f06000 	C:\Windows\system32\wshbth.dll
0x00007ffe83bc0000 - 0x00007ffe83bcb000 	C:\Windows\System32\rasadhlp.dll
0x00007ffe84f40000 - 0x00007ffe84fc5000 	C:\Windows\System32\fwpuclnt.dll
0x00007ffe8a600000 - 0x00007ffe8a61c000 	C:\Windows\SYSTEM32\CRYPTSP.dll
0x00007ffe89cb0000 - 0x00007ffe89cea000 	C:\Windows\system32\rsaenh.dll
0x00007ffe8a2f0000 - 0x00007ffe8a31b000 	C:\Windows\SYSTEM32\USERENV.dll
0x00007ffe8ad40000 - 0x00007ffe8ad66000 	C:\Windows\SYSTEM32\bcrypt.dll
0x00007ffe8a480000 - 0x00007ffe8a48c000 	C:\Windows\SYSTEM32\CRYPTBASE.dll
0x00007ffe84ba0000 - 0x00007ffe84bbf000 	C:\Windows\SYSTEM32\dhcpcsvc6.DLL
0x00007ffe84b70000 - 0x00007ffe84b95000 	C:\Windows\SYSTEM32\dhcpcsvc.DLL
0x00007ffe85730000 - 0x00007ffe85740000 	E:\sts\spring-tool-suite-4-4.8.1.RELEASE-e4.17.0-win32.win32.x86_64\sts-4.8.1.RELEASE\plugins\org.eclipse.justj.openjdk.hotspot.jre.full.win32.x86_64_15.0.0.v20201014-1246\jre\bin\verify.dll
0x00007ffe85720000 - 0x00007ffe8572d000 	E:\sts\spring-tool-suite-4-4.8.1.RELEASE-e4.17.0-win32.win32.x86_64\sts-4.8.1.RELEASE\plugins\org.eclipse.justj.openjdk.hotspot.jre.full.win32.x86_64_15.0.0.v20201014-1246\jre\bin\sunmscapi.dll
0x00007ffe8ae60000 - 0x00007ffe8afd7000 	C:\Windows\System32\CRYPT32.dll
0x00007ffe8a750000 - 0x00007ffe8a780000 	C:\Windows\SYSTEM32\ncrypt.dll
0x00007ffe8a700000 - 0x00007ffe8a73f000 	C:\Windows\SYSTEM32\NTASN1.dll

dbghelp: loaded successfully - version: 4.0.5 - missing functions: none
symbol engine: initialized successfully - sym options: 0x614 - pdb path: .;E:\sts\spring-tool-suite-4-4.8.1.RELEASE-e4.17.0-win32.win32.x86_64\sts-4.8.1.RELEASE\plugins\org.eclipse.justj.openjdk.hotspot.jre.full.win32.x86_64_15.0.0.v20201014-1246\jre\bin;C:\Windows\SYSTEM32;C:\Program Files\SentinelOne\Sentinel Agent 24.1.5.277;C:\Windows\WinSxS\amd64_microsoft.windows.common-controls_6595b64144ccf1df_6.0.26100.3624_none_3e086962e3345f24;E:\sts\spring-tool-suite-4-4.8.1.RELEASE-e4.17.0-win32.win32.x86_64\sts-4.8.1.RELEASE\plugins\org.eclipse.justj.openjdk.hotspot.jre.full.win32.x86_64_15.0.0.v20201014-1246\jre\bin\server

VM Arguments:
jvm_args: -Dcom.sun.management.jmxremote -Dcom.sun.management.jmxremote.port=51315 -Dcom.sun.management.jmxremote.authenticate=false -Dcom.sun.management.jmxremote.ssl=false -Djava.rmi.server.hostname=localhost -Dspring.jmx.enabled=true -Dspring.application.admin.enabled=true -XX:TieredStopAtLevel=1 -Dspring.boot.project.name=form_update-1 -Dfile.encoding=UTF-8 -XX:+ShowCodeDetailsInExceptionMessages -agentpath:C:\Program Files\SentinelOne\Sentinel Agent 24.1.5.277\SentinelJava64.dll=extendedCapabilities 
java_command: com.example.demo.FormUpdate1Application --spring.output.ansi.enabled=always
java_class_path (initial): D:\ganesh\form_update-1\target\classes;C:\Users\Administrator\.m2\repository\org\springframework\boot\spring-boot-starter-data-jpa\2.7.9\spring-boot-starter-data-jpa-2.7.9.jar;C:\Users\Administrator\.m2\repository\org\springframework\boot\spring-boot-starter-aop\2.7.9\spring-boot-starter-aop-2.7.9.jar;C:\Users\Administrator\.m2\repository\org\springframework\spring-aop\5.3.25\spring-aop-5.3.25.jar;C:\Users\Administrator\.m2\repository\org\aspectj\aspectjweaver\1.9.7\aspectjweaver-1.9.7.jar;C:\Users\Administrator\.m2\repository\org\springframework\boot\spring-boot-starter-jdbc\2.7.9\spring-boot-starter-jdbc-2.7.9.jar;C:\Users\Administrator\.m2\repository\com\zaxxer\HikariCP\4.0.3\HikariCP-4.0.3.jar;C:\Users\Administrator\.m2\repository\org\springframework\spring-jdbc\5.3.25\spring-jdbc-5.3.25.jar;C:\Users\Administrator\.m2\repository\jakarta\transaction\jakarta.transaction-api\1.3.3\jakarta.transaction-api-1.3.3.jar;C:\Users\Administrator\.m2\repository\jakarta\persistence\jakarta.persistence-api\2.2.3\jakarta.persistence-api-2.2.3.jar;C:\Users\Administrator\.m2\repository\org\hibernate\hibernate-core\5.6.15.Final\hibernate-core-5.6.15.Final.jar;C:\Users\Administrator\.m2\repository\org\jboss\logging\jboss-logging\3.4.3.Final\jboss-logging-3.4.3.Final.jar;C:\Users\Administrator\.m2\repository\net\bytebuddy\byte-buddy\1.12.23\byte-buddy-1.12.23.jar;C:\Users\Administrator\.m2\repository\antlr\antlr\2.7.7\antlr-2.7.7.jar;C:\Users\Administrator\.m2\repository\org\jboss\jandex\2.4.2.Final\jandex-2.4.2.Final.jar;C:\Users\Administrator\.m2\repository\com\fasterxml\classmate\1.5.1\classmate-1.5.1.jar;C:\Users\Administrator\.m2\repository\org\hibernate\common\hibernate-commons-annotations\5.1.2.Final\hibernate-commons-annotations-5.1.2.Final.jar;C:\Users\Administrator\.m2\repository\org\glassfish\jaxb\jaxb-runtime\2.3.8\jaxb-runtime-2.3.8.jar;C:\Users\Administrator\.m2\repository\org\glassfish\jaxb\txw2\2.3.8\txw2-2.3.8.jar;C:\Users\Administrator\
Launcher Type: SUN_STANDARD

[Global flags]
     intx CICompilerCount                          = 15                                        {product} {ergonomic}
     uint ConcGCThreads                            = 6                                         {product} {ergonomic}
     uint G1ConcRefinementThreads                  = 23                                        {product} {ergonomic}
   size_t G1HeapRegionSize                         = 2097152                                   {product} {ergonomic}
    uintx GCDrainStackTargetSize                   = 64                                        {product} {ergonomic}
   size_t InitialHeapSize                          = 264241152                                 {product} {ergonomic}
     bool ManagementServer                         = true                                      {product} {command line}
   size_t MarkStackSize                            = 4194304                                   {product} {ergonomic}
   size_t MaxHeapSize                              = 4213178368                                {product} {ergonomic}
   size_t MaxNewSize                               = 2527068160                                {product} {ergonomic}
   size_t MinHeapDeltaBytes                        = 2097152                                   {product} {ergonomic}
   size_t MinHeapSize                              = 8388608                                   {product} {ergonomic}
    uintx NonNMethodCodeHeapSize                   = 13893620                               {pd product} {ergonomic}
    uintx NonProfiledCodeHeapSize                  = 237764620                              {pd product} {ergonomic}
    uintx ProfiledCodeHeapSize                     = 0                                      {pd product} {ergonomic}
    uintx ReservedCodeCacheSize                    = 251658240                              {pd product} {ergonomic}
     bool SegmentedCodeCache                       = true                                      {product} {ergonomic}
     bool ShowCodeDetailsInExceptionMessages       = true                                   {manageable} {command line}
   size_t SoftMaxHeapSize                          = 4213178368                             {manageable} {ergonomic}
     intx TieredStopAtLevel                        = 1                                         {product} {command line}
     bool UseCompressedClassPointers               = true                                 {lp64_product} {ergonomic}
     bool UseCompressedOops                        = true                                 {lp64_product} {ergonomic}
     bool UseG1GC                                  = true                                      {product} {ergonomic}
     bool UseLargePagesIndividualAllocation        = false                                  {pd product} {ergonomic}

Logging:
Log output configuration:
 #0: stdout all=warning uptime,level,tags
 #1: stderr all=off uptime,level,tags

Environment Variables:
PATH=E:/sts/spring-tool-suite-4-4.8.1.RELEASE-e4.17.0-win32.win32.x86_64/sts-4.8.1.RELEASE//plugins/org.eclipse.justj.openjdk.hotspot.jre.full.win32.x86_64_15.0.0.v20201014-1246/jre/bin/server;E:/sts/spring-tool-suite-4-4.8.1.RELEASE-e4.17.0-win32.win32.x86_64/sts-4.8.1.RELEASE//plugins/org.eclipse.justj.openjdk.hotspot.jre.full.win32.x86_64_15.0.0.v20201014-1246/jre/bin;C:\Program Files (x86)\Common Files\Oracle\Java\java8path;C:\Program Files (x86)\Common Files\Oracle\Java\javapath;C:\Windows\system32;C:\Windows;C:\Windows\System32\Wbem;C:\Windows\System32\WindowsPowerShell\v1.0\;C:\Windows\System32\OpenSSH\;C:\Program Files\dotnet\;C:\Program Files (x86)\NVIDIA Corporation\PhysX\Common;C:\Program Files\Git\cmd;C:\Program Files\MySQL\MySQL Shell 8.0\bin\;C:\Users\Administrator\AppData\Local\Microsoft\WindowsApps;;E:\sts\spring-tool-suite-4-4.8.1.RELEASE-e4.17.0-win32.win32.x86_64\sts-4.8.1.RELEASE;
USERNAME=Administrator
OS=Windows_NT
PROCESSOR_IDENTIFIER=Intel64 Family 6 Model 183 Stepping 1, GenuineIntel



---------------  S Y S T E M  ---------------

OS:
 Windows 10 , 64 bit Build 26100 (10.0.26100.3775)
OS uptime: 5 days 20:00 hours
HyperV virtualization detected

CPU: total 32 (initial active 32) (16 cores per cpu, 2 threads per core) family 6 model 183 stepping 1, cmov, cx8, fxsr, mmx, sse, sse2, sse3, ssse3, sse4.1, sse4.2, popcnt, vzeroupper, avx, avx2, aes, clmul, erms, 3dnowpref, lzcnt, ht, tsc, tscinvbit, bmi1, bmi2, adx, sha, fma, clflush, clflushopt, clwb

Memory: 4k page, system-wide physical 16070M (842M free)
TotalPageFile size 33478M (AvailPageFile size 7608M)
current process WorkingSet (physical memory assigned to process): 273M, peak: 285M
current process commit charge ("private bytes"): 330M, peak: 397M

vm_info: OpenJDK 64-Bit Server VM (15+36-1562) for windows-amd64 JRE (15+36-1562), built on Aug 11 2020 22:33:04 by "mach5one" with unknown MS VC++:1925

END.
