#
# A fatal error has been detected by the Java Runtime Environment:
#
#  EXCEPTION_ACCESS_VIOLATION (0xc0000005) at pc=0x000002bf2e330830, pid=10956, tid=16960
#
# JRE version: OpenJDK Runtime Environment (15.0+36) (build 15+36-1562)
# Java VM: OpenJDK 64-Bit Server VM (15+36-1562, mixed mode, tiered, compressed oops, g1 gc, windows-amd64)
# Problematic frame:
# j  javax.servlet.http.HttpServletRequestWrapper._getHttpServletRequest()Ljavax/servlet/http/HttpServletRequest;+1
#
# No core dump will be written. Minidumps are not enabled by default on client versions of Windows
#
# If you would like to submit a bug report, please visit:
#   https://bugreport.java.com/bugreport/crash.jsp
#

---------------  S U M M A R Y ------------

Command Line: -Dcom.sun.management.jmxremote -Dcom.sun.management.jmxremote.port=51768 -Dcom.sun.management.jmxremote.authenticate=false -Dcom.sun.management.jmxremote.ssl=false -Djava.rmi.server.hostname=localhost -Dspring.jmx.enabled=true -Dspring.application.admin.enabled=true -XX:TieredStopAtLevel=1 -Dspring.boot.project.name=form_update-1 -Dfile.encoding=UTF-8 -XX:+ShowCodeDetailsInExceptionMessages -agentpath:C:\Program Files\SentinelOne\Sentinel Agent 24.1.5.277\SentinelJava64.dll=extendedCapabilities com.example.demo.FormUpdate1Application --spring.output.ansi.enabled=always

Host: Intel(R) Core(TM) i9-14900, 32 cores, 15G,  Windows 10 , 64 bit Build 26100 (10.0.26100.3775)
Time: Tue Apr 22 11:29:17 2025 India Standard Time elapsed time: 74.442457 seconds (0d 0h 1m 14s)

---------------  T H R E A D  ---------------

Current thread (0x000002bf4de14440):  JavaThread "http-nio-8081-exec-7" daemon [_thread_in_Java, id=16960, stack(0x000000cc1cb00000,0x000000cc1cc00000)]

Stack: [0x000000cc1cb00000,0x000000cc1cc00000],  sp=0x000000cc1cbfb9e8,  free space=1006k
Native frames: (J=compiled Java code, j=interpreted, Vv=VM code, C=native code)
C  0x000002bf2e330830


siginfo: EXCEPTION_ACCESS_VIOLATION (0xc0000005), reading address 0x0000000208000018


Register to memory mapping:

RIP=0x000002bf2e330830 is at code_begin+272 in an Interpreter codelet
checkcast  192 checkcast  [0x000002bf2e330720, 0x000002bf2e330980]  608 bytes
RAX=0x00000008004250d0 is a pointer to class: 
javax.servlet.http.HttpServletRequest {0x00000008004250d8}
RBX=0x0 is NULL
RCX=0x000002bf52481040 is pointing into metadata
RDX=0x0000000208000010 is an unknown value
RSP=0x000000cc1cbfb9e8 is pointing into the stack for thread: 0x000002bf4de14440
RBP=0x000000cc1cbfba30 is pointing into the stack for thread: 0x000002bf4de14440
RSI=0x0000000000000001 is an unknown value
RDI=0x000000cc1cbfbee0 is pointing into the stack for thread: 0x000002bf4de14440
R8 =0x000000cc1cbfbef0 is pointing into the stack for thread: 0x000002bf4de14440
R9 =0x0000000000000001 is an unknown value
R10=0x00007ffe1a5711c0 jvm.dll
R11=0x000000cc1cbfbc48 is pointing into the stack for thread: 0x000002bf4de14440
R12=0x0 is NULL
R13=0x000002bf524812cc is pointing into metadata
R14=0x000000cc1cbfba40 is pointing into the stack for thread: 0x000002bf4de14440
R15=0x000002bf4de14440 is a thread


Registers:
RAX=0x00000008004250d0, RBX=0x0000000000000000, RCX=0x000002bf52481040, RDX=0x0000000208000010
RSP=0x000000cc1cbfb9e8, RBP=0x000000cc1cbfba30, RSI=0x0000000000000001, RDI=0x000000cc1cbfbee0
R8 =0x000000cc1cbfbef0, R9 =0x0000000000000001, R10=0x00007ffe1a5711c0, R11=0x000000cc1cbfbc48
R12=0x0000000000000000, R13=0x000002bf524812cc, R14=0x000000cc1cbfba40, R15=0x000002bf4de14440
RIP=0x000002bf2e330830, EFLAGS=0x0000000000010246

Top of Stack: (sp=0x000000cc1cbfb9e8)
0x000000cc1cbfb9e8:   000000cc1cbfb9e8 000002bf524812c9
0x000000cc1cbfb9f8:   000000cc1cbfba40 000002bf52483318
0x000000cc1cbfba08:   000002bf53bbdd18 0000000707992700
0x000000cc1cbfba18:   000002bf524812e8 0000000000000000
0x000000cc1cbfba28:   000000cc1cbfba40 000000cc1cbfba90
0x000000cc1cbfba38:   000002bf2e319ee0 00007ffe19fe323a
0x000000cc1cbfba48:   000000cc1cbfba48 000002bf524814d9
0x000000cc1cbfba58:   000000cc1cbfbaa8 000002bf52483318
0x000000cc1cbfba68:   000002bf53b5e458 0000000707992700
0x000000cc1cbfba78:   000002bf52481508 000000cc1cbfba40
0x000000cc1cbfba88:   000000cc1cbfbaa0 000000cc1cbfbc80
0x000000cc1cbfba98:   000002bf2e310f90 0000000709448738
0x000000cc1cbfbaa8:   00007ffe19fe323a 000002bf507273d8
0x000000cc1cbfbab8:   00000008009005f8 0000000000000018
0x000000cc1cbfbac8:   0000000000000000 0000000000000000
0x000000cc1cbfbad8:   0000000000000001 0000000000000000 

Instructions: (pc=0x000002bf2e330830)
0x000002bf2e330730:   49 08 48 8b 49 08 48 8b 51 08 41 0f b7 5d 01 0f
0x000002bf2e330740:   cb c1 eb 10 80 7c 1a 04 07 0f 84 d0 00 00 00 50
0x000002bf2e330750:   e8 05 00 00 00 e9 aa 00 00 00 48 8d 44 24 08 4c
0x000002bf2e330760:   89 6d c0 49 8b cf c5 f8 77 49 89 af 18 03 00 00
0x000002bf2e330770:   49 89 87 08 03 00 00 48 83 ec 20 f7 c4 0f 00 00
0x000002bf2e330780:   00 0f 84 1a 00 00 00 48 83 ec 08 49 ba 00 c1 e0
0x000002bf2e330790:   19 fe 7f 00 00 41 ff d2 48 83 c4 08 e9 0d 00 00
0x000002bf2e3307a0:   00 49 ba 00 c1 e0 19 fe 7f 00 00 41 ff d2 48 83
0x000002bf2e3307b0:   c4 20 49 ba 00 00 00 00 00 00 00 00 4d 89 97 08
0x000002bf2e3307c0:   03 00 00 49 ba 00 00 00 00 00 00 00 00 4d 89 97
0x000002bf2e3307d0:   18 03 00 00 49 ba 00 00 00 00 00 00 00 00 4d 89
0x000002bf2e3307e0:   97 10 03 00 00 c5 f8 77 49 81 7f 08 00 00 00 00
0x000002bf2e3307f0:   0f 84 05 00 00 00 e9 85 06 fe ff 4c 8b 6d c0 4c
0x000002bf2e330800:   8b 75 c8 c3 49 8b 87 68 03 00 00 49 ba 00 00 00
0x000002bf2e330810:   00 00 00 00 00 4d 89 97 68 03 00 00 5a eb 11 48
0x000002bf2e330820:   8b d0 66 8b 5c d9 48 48 8b 49 28 48 8b 44 d9 08
0x000002bf2e330830:   8b 5a 08 49 ba 00 00 00 00 08 00 00 00 49 03 da
0x000002bf2e330840:   48 8b 4d d8 48 85 c9 0f 84 8a 00 00 00 48 8b 79
0x000002bf2e330850:   18 48 3b fb 0f 85 0f 00 00 00 48 83 41 20 01 48
0x000002bf2e330860:   83 59 20 00 e9 66 00 00 00 48 85 ff 0f 84 37 00
0x000002bf2e330870:   00 00 48 8b 79 28 48 3b fb 0f 85 0f 00 00 00 48
0x000002bf2e330880:   83 41 30 01 48 83 59 30 00 e9 41 00 00 00 48 85
0x000002bf2e330890:   ff 0f 85 38 00 00 00 48 89 59 28 bf 01 00 00 00
0x000002bf2e3308a0:   48 89 79 30 e9 26 00 00 00 48 3b 59 28 0f 85 0f
0x000002bf2e3308b0:   00 00 00 48 83 41 30 01 48 83 59 30 00 e9 0d 00
0x000002bf2e3308c0:   00 00 48 89 59 18 bf 01 00 00 00 48 89 79 20 48
0x000002bf2e3308d0:   83 c1 38 48 89 4d d8 48 3b d8 0f 84 5b 00 00 00
0x000002bf2e3308e0:   8b 48 14 48 3b 04 0b 0f 84 4e 00 00 00 83 f9 20
0x000002bf2e3308f0:   0f 85 22 00 00 00 50 48 8b c0 57 48 8b 7b 28 8b
0x000002bf2e330900:   0f 48 83 c7 08 48 85 c0 f2 48 af 5f 58 75 09 48
0x000002bf2e330910:   89 43 20 e9 23 00 00 00 48 8b 4d d8 48 85 c9 0f
0x000002bf2e330920:   84 10 00 00 00 48 83 41 d0 ff 0f 88 05 00 00 00 


Stack slot to memory mapping:
stack at sp + 0 slots: 0x000000cc1cbfb9e8 is pointing into the stack for thread: 0x000002bf4de14440
stack at sp + 1 slots: 0x000002bf524812c9 is pointing into metadata
stack at sp + 2 slots: 0x000000cc1cbfba40 is pointing into the stack for thread: 0x000002bf4de14440
stack at sp + 3 slots: 0x000002bf52483318 is pointing into metadata
stack at sp + 4 slots: 0x000002bf53bbdd18 is pointing into metadata
stack at sp + 5 slots: 0x0000000707992700 is an oop: java.lang.Class 
{0x0000000707992700} - klass: 'java/lang/Class'
stack at sp + 6 slots: {method} {0x000002bf524812f0} '_getHttpServletRequest' '()Ljavax/servlet/http/HttpServletRequest;' in 'javax/servlet/http/HttpServletRequestWrapper'
stack at sp + 7 slots: 0x0 is NULL

checkcast  192 checkcast  [0x000002bf2e330720, 0x000002bf2e330980]  608 bytes
[MachCode]
  0x000002bf2e330720: 5848 85c0 | 0f84 1902 | 0000 488b | 4de8 488b | 4908 488b | 4908 488b | 5108 410f | b75d 010f 
  0x000002bf2e330740: cbc1 eb10 | 807c 1a04 | 070f 84d0 | 0000 0050 | e805 0000 | 00e9 aa00 | 0000 488d | 4424 084c 
  0x000002bf2e330760: 896d c049 | 8bcf c5f8 | 7749 89af | 1803 0000 | 4989 8708 | 0300 0048 | 83ec 20f7 | c40f 0000 
  0x000002bf2e330780: 000f 841a | 0000 0048 | 83ec 0849 | ba00 c1e0 | 19fe 7f00 | 0041 ffd2 | 4883 c408 | e90d 0000 
  0x000002bf2e3307a0: 0049 ba00 | c1e0 19fe | 7f00 0041 | ffd2 4883 | c420 49ba | 0000 0000 | 0000 0000 | 4d89 9708 
  0x000002bf2e3307c0: 0300 0049 | ba00 0000 | 0000 0000 | 004d 8997 | 1803 0000 | 49ba 0000 | 0000 0000 | 0000 4d89 
  0x000002bf2e3307e0: 9710 0300 | 00c5 f877 | 4981 7f08 | 0000 0000 | 0f84 0500 | 0000 e985 | 06fe ff4c | 8b6d c04c 
  0x000002bf2e330800: 8b75 c8c3 | 498b 8768 | 0300 0049 | ba00 0000 | 0000 0000 | 004d 8997 | 6803 0000 | 5aeb 1148 
  0x000002bf2e330820: 8bd0 668b | 5cd9 4848 | 8b49 2848 | 8b44 d908 | 8b5a 0849 | ba00 0000 | 0008 0000 | 0049 03da 
  0x000002bf2e330840: 488b 4dd8 | 4885 c90f | 848a 0000 | 0048 8b79 | 1848 3bfb | 0f85 0f00 | 0000 4883 | 4120 0148 
  0x000002bf2e330860: 8359 2000 | e966 0000 | 0048 85ff | 0f84 3700 | 0000 488b | 7928 483b | fb0f 850f | 0000 0048 
  0x000002bf2e330880: 8341 3001 | 4883 5930 | 00e9 4100 | 0000 4885 | ff0f 8538 | 0000 0048 | 8959 28bf | 0100 0000 
  0x000002bf2e3308a0: 4889 7930 | e926 0000 | 0048 3b59 | 280f 850f | 0000 0048 | 8341 3001 | 4883 5930 | 00e9 0d00 
  0x000002bf2e3308c0: 0000 4889 | 5918 bf01 | 0000 0048 | 8979 2048 | 83c1 3848 | 894d d848 | 3bd8 0f84 | 5b00 0000 
  0x000002bf2e3308e0: 8b48 1448 | 3b04 0b0f | 844e 0000 | 0083 f920 | 0f85 2200 | 0000 5048 | 8bc0 5748 | 8b7b 288b 
  0x000002bf2e330900: 0f48 83c7 | 0848 85c0 | f248 af5f | 5875 0948 | 8943 20e9 | 2300 0000 | 488b 4dd8 | 4885 c90f 
  0x000002bf2e330920: 8410 0000 | 0048 8341 | d0ff 0f88 | 0500 0000 | 4883 41d0 | 0152 e962 | d1fe ff48 | 8bc2 e919 
  0x000002bf2e330940: 0000 0048 | 8b4d d848 | 85c9 0f84 | 0c00 0000 | 8049 0101 | 4883 c138 | 4889 4dd8 | 410f b65d 
  0x000002bf2e330960: 0349 83c5 | 0349 bac0 | 1157 1afe | 7f00 0041 | ff24 da0f | 1f44 0000 | 0000 0000 | 0000 0000 
[/MachCode]

---------------  P R O C E S S  ---------------

Threads class SMR info:
_java_thread_list=0x000002bf4e5d5bd0, length=42, elements={
0x000002bf4c787140, 0x000002bf4c789740, 0x000002bf4c7b1010, 0x000002bf4c7b14e0,
0x000002bf4c7b19b0, 0x000002bf4c7b4640, 0x000002bf4c7b4b50, 0x000002bf4c8b5ff0,
0x000002bf4c9813f0, 0x000002bf4cfe7190, 0x000002bf4cfedb80, 0x000002bf4d031b60,
0x000002bf4d99ff80, 0x000002bf4d759400, 0x000002bf4d75a270, 0x000002bf4d759da0,
0x000002bf4de0eda0, 0x000002bf4de105b0, 0x000002bf4de100e0, 0x000002bf4de11420,
0x000002bf4de0e400, 0x000002bf4de0fc10, 0x000002bf4de13aa0, 0x000002bf4de14910,
0x000002bf4de12760, 0x000002bf4de13100, 0x000002bf4de14de0, 0x000002bf4de152b0,
0x000002bf4de12c30, 0x000002bf4de14440, 0x000002bf4de13f70, 0x000002bf4de15780,
0x000002bf4de11dc0, 0x000002bf4d758590, 0x000002bf509cc660, 0x000002bf509cc190,
0x000002bf509ce340, 0x000002bf509cd9a0, 0x000002bf509ce810, 0x000002bf509cd4d0,
0x000002bf509cfb50, 0x000002bf509cd000
}

Java Threads: ( => current thread )
  0x000002bf4c787140 JavaThread "Reference Handler" daemon [_thread_blocked, id=20848, stack(0x000000cc19900000,0x000000cc19a00000)]
  0x000002bf4c789740 JavaThread "Finalizer" daemon [_thread_blocked, id=24136, stack(0x000000cc19a00000,0x000000cc19b00000)]
  0x000002bf4c7b1010 JavaThread "Signal Dispatcher" daemon [_thread_blocked, id=35924, stack(0x000000cc19b00000,0x000000cc19c00000)]
  0x000002bf4c7b14e0 JavaThread "Attach Listener" daemon [_thread_blocked, id=36800, stack(0x000000cc19c00000,0x000000cc19d00000)]
  0x000002bf4c7b19b0 JavaThread "Service Thread" daemon [_thread_blocked, id=36756, stack(0x000000cc19d00000,0x000000cc19e00000)]
  0x000002bf4c7b4640 JavaThread "C1 CompilerThread0" daemon [_thread_blocked, id=20468, stack(0x000000cc19e00000,0x000000cc19f00000)]
  0x000002bf4c7b4b50 JavaThread "Sweeper thread" daemon [_thread_blocked, id=35460, stack(0x000000cc19f00000,0x000000cc1a000000)]
  0x000002bf4c8b5ff0 JavaThread "Common-Cleaner" daemon [_thread_blocked, id=25672, stack(0x000000cc1a000000,0x000000cc1a100000)]
  0x000002bf4c9813f0 JavaThread "Notification Thread" daemon [_thread_blocked, id=10804, stack(0x000000cc1a100000,0x000000cc1a200000)]
  0x000002bf4cfe7190 JavaThread "RMI TCP Accept-0" daemon [_thread_in_native, id=28004, stack(0x000000cc1a200000,0x000000cc1a300000)]
  0x000002bf4cfedb80 JavaThread "RMI TCP Accept-51768" daemon [_thread_in_native, id=32048, stack(0x000000cc1a300000,0x000000cc1a400000)]
  0x000002bf4d031b60 JavaThread "RMI TCP Accept-0" daemon [_thread_in_native, id=35976, stack(0x000000cc1a400000,0x000000cc1a500000)]
  0x000002bf4d99ff80 JavaThread "RMI TCP Connection(idle)" daemon [_thread_blocked, id=2112, stack(0x000000cc1ad00000,0x000000cc1ae00000)]
  0x000002bf4d759400 JavaThread "RMI Scheduler(0)" daemon [_thread_blocked, id=29792, stack(0x000000cc1ae00000,0x000000cc1af00000)]
  0x000002bf4d75a270 JavaThread "RMI TCP Connection(9)-127.0.0.1" daemon [_thread_in_native, id=25836, stack(0x000000cc1af00000,0x000000cc1b000000)]
  0x000002bf4d759da0 JavaThread "JMX server connection timeout 35" daemon [_thread_blocked, id=12052, stack(0x000000cc1b000000,0x000000cc1b100000)]
  0x000002bf4de0eda0 JavaThread "Catalina-utility-1" [_thread_blocked, id=2720, stack(0x000000cc1b100000,0x000000cc1b200000)]
  0x000002bf4de105b0 JavaThread "Catalina-utility-2" [_thread_blocked, id=36668, stack(0x000000cc1b900000,0x000000cc1ba00000)]
  0x000002bf4de100e0 JavaThread "container-0" [_thread_blocked, id=34196, stack(0x000000cc1ba00000,0x000000cc1bb00000)]
  0x000002bf4de11420 JavaThread "mysql-cj-abandoned-connection-cleanup" daemon [_thread_blocked, id=18748, stack(0x000000cc1bb00000,0x000000cc1bc00000)]
  0x000002bf4de0e400 JavaThread "HikariPool-1 housekeeper" daemon [_thread_blocked, id=13840, stack(0x000000cc1c100000,0x000000cc1c200000)]
  0x000002bf4de0fc10 JavaThread "File Watcher" daemon [_thread_blocked, id=22660, stack(0x000000cc1c300000,0x000000cc1c400000)]
  0x000002bf4de13aa0 JavaThread "Live Reload Server" daemon [_thread_in_native, id=25268, stack(0x000000cc1c500000,0x000000cc1c600000)]
  0x000002bf4de14910 JavaThread "http-nio-8081-exec-1" daemon [_thread_blocked, id=29348, stack(0x000000cc1c400000,0x000000cc1c500000)]
  0x000002bf4de12760 JavaThread "http-nio-8081-exec-2" daemon [_thread_blocked, id=33112, stack(0x000000cc1c600000,0x000000cc1c700000)]
  0x000002bf4de13100 JavaThread "http-nio-8081-exec-3" daemon [_thread_blocked, id=7720, stack(0x000000cc1c700000,0x000000cc1c800000)]
  0x000002bf4de14de0 JavaThread "http-nio-8081-exec-4" daemon [_thread_blocked, id=28840, stack(0x000000cc1c800000,0x000000cc1c900000)]
  0x000002bf4de152b0 JavaThread "http-nio-8081-exec-5" daemon [_thread_blocked, id=34500, stack(0x000000cc1c900000,0x000000cc1ca00000)]
  0x000002bf4de12c30 JavaThread "http-nio-8081-exec-6" daemon [_thread_blocked, id=14916, stack(0x000000cc1ca00000,0x000000cc1cb00000)]
=>0x000002bf4de14440 JavaThread "http-nio-8081-exec-7" daemon [_thread_in_Java, id=16960, stack(0x000000cc1cb00000,0x000000cc1cc00000)]
  0x000002bf4de13f70 JavaThread "http-nio-8081-exec-8" daemon [_thread_blocked, id=20428, stack(0x000000cc1cc00000,0x000000cc1cd00000)]
  0x000002bf4de15780 JavaThread "http-nio-8081-exec-9" daemon [_thread_blocked, id=18820, stack(0x000000cc1cd00000,0x000000cc1ce00000)]
  0x000002bf4de11dc0 JavaThread "http-nio-8081-exec-10" daemon [_thread_blocked, id=21876, stack(0x000000cc1ce00000,0x000000cc1cf00000)]
  0x000002bf4d758590 JavaThread "http-nio-8081-Poller" daemon [_thread_in_native, id=10944, stack(0x000000cc1cf00000,0x000000cc1d000000)]
  0x000002bf509cc660 JavaThread "http-nio-8081-Acceptor" daemon [_thread_in_native, id=19724, stack(0x000000cc1d000000,0x000000cc1d100000)]
  0x000002bf509cc190 JavaThread "DestroyJavaVM" [_thread_blocked, id=22092, stack(0x000000cc19200000,0x000000cc19300000)]
  0x000002bf509ce340 JavaThread "RMI TCP Connection(idle)" daemon [_thread_blocked, id=30392, stack(0x000000cc1ac00000,0x000000cc1ad00000)]
  0x000002bf509cd9a0 JavaThread "RMI TCP Connection(idle)" daemon [_thread_blocked, id=21360, stack(0x000000cc1d100000,0x000000cc1d200000)]
  0x000002bf509ce810 JavaThread "RMI TCP Connection(idle)" daemon [_thread_blocked, id=22512, stack(0x000000cc1d200000,0x000000cc1d300000)]
  0x000002bf509cd4d0 JavaThread "RMI TCP Connection(idle)" daemon [_thread_blocked, id=37748, stack(0x000000cc1d300000,0x000000cc1d400000)]
  0x000002bf509cfb50 JavaThread "RMI TCP Connection(idle)" daemon [_thread_blocked, id=31224, stack(0x000000cc1d400000,0x000000cc1d500000)]
  0x000002bf509cd000 JavaThread "RMI TCP Connection(idle)" daemon [_thread_blocked, id=26352, stack(0x000000cc1d600000,0x000000cc1d700000)]

Other Threads:
  0x000002bf4c757310 VMThread "VM Thread" [stack: 0x000000cc19800000,0x000000cc19900000] [id=36532]
  0x000002bf2a87fe20 WatcherThread [stack: 0x000000cc1a500000,0x000000cc1a600000] [id=15308]
  0x000002bf2a8d3330 GCTaskThread "GC Thread#0" [stack: 0x000000cc19300000,0x000000cc19400000] [id=6528]
  0x000002bf4c9710d0 GCTaskThread "GC Thread#1" [stack: 0x000000cc1a600000,0x000000cc1a700000] [id=14940]
  0x000002bf4d7fdaf0 GCTaskThread "GC Thread#2" [stack: 0x000000cc1a700000,0x000000cc1a800000] [id=33256]
  0x000002bf4d7fbb10 GCTaskThread "GC Thread#3" [stack: 0x000000cc1a800000,0x000000cc1a900000] [id=7588]
  0x000002bf4d7fd7c0 GCTaskThread "GC Thread#4" [stack: 0x000000cc1a900000,0x000000cc1aa00000] [id=8248]
  0x000002bf4d7fd490 GCTaskThread "GC Thread#5" [stack: 0x000000cc1aa00000,0x000000cc1ab00000] [id=31480]
  0x000002bf4d7fe150 GCTaskThread "GC Thread#6" [stack: 0x000000cc1b200000,0x000000cc1b300000] [id=21836]
  0x000002bf4d7fae50 GCTaskThread "GC Thread#7" [stack: 0x000000cc1b300000,0x000000cc1b400000] [id=16364]
  0x000002bf4e1231f0 GCTaskThread "GC Thread#8" [stack: 0x000000cc1bc00000,0x000000cc1bd00000] [id=6064]
  0x000002bf4e120ee0 GCTaskThread "GC Thread#9" [stack: 0x000000cc1bd00000,0x000000cc1be00000] [id=15672]
  0x000002bf4e122530 GCTaskThread "GC Thread#10" [stack: 0x000000cc1be00000,0x000000cc1bf00000] [id=33372]
  0x000002bf4e121210 GCTaskThread "GC Thread#11" [stack: 0x000000cc1bf00000,0x000000cc1c000000] [id=18752]
  0x000002bf2a8e95d0 ConcurrentGCThread "G1 Main Marker" [stack: 0x000000cc19400000,0x000000cc19500000] [id=9140]
  0x000002bf2a8ec0d0 ConcurrentGCThread "G1 Conc#0" [stack: 0x000000cc19500000,0x000000cc19600000] [id=6440]
  0x000002bf4d7fc7d0 ConcurrentGCThread "G1 Conc#1" [stack: 0x000000cc1b400000,0x000000cc1b500000] [id=20144]
  0x000002bf4d7fe480 ConcurrentGCThread "G1 Conc#2" [stack: 0x000000cc1b500000,0x000000cc1b600000] [id=20780]
  0x000002bf4d7fab20 ConcurrentGCThread "G1 Conc#3" [stack: 0x000000cc1b600000,0x000000cc1b700000] [id=37992]
  0x000002bf4d7fb180 ConcurrentGCThread "G1 Conc#4" [stack: 0x000000cc1b700000,0x000000cc1b800000] [id=38648]
  0x000002bf4d7fb4b0 ConcurrentGCThread "G1 Conc#5" [stack: 0x000000cc1b800000,0x000000cc1b900000] [id=30856]
  0x000002bf484f24e0 ConcurrentGCThread "G1 Refine#0" [stack: 0x000000cc19600000,0x000000cc19700000] [id=19500]
  0x000002bf484f3c40 ConcurrentGCThread "G1 Young RemSet Sampling" [stack: 0x000000cc19700000,0x000000cc19800000] [id=24692]

Threads with active compile tasks:

VM state: not at safepoint (normal execution)

VM Mutex/Monitor currently owned by a thread: None

Heap address: 0x0000000704e00000, size: 4018 MB, Compressed Oops mode: Zero based, Oop shift amount: 3
CDS disabled.
Compressed class space mapped at: 0x0000000800000000-0x0000000840000000, size: 1073741824
Narrow klass base: 0x0000000800000000, Narrow klass shift: 0, Narrow klass range: 0x40000000

GC Precious Log:
 CPUs: 32 total, 32 available
 Memory: 16070M
 Large Page Support: Disabled
 NUMA Support: Disabled
 Compressed Oops: Enabled (Zero based)
 Heap Region Size: 2M
 Heap Min Capacity: 8M
 Heap Initial Capacity: 252M
 Heap Max Capacity: 4018M
 Pre-touch: Disabled
 Parallel Workers: 23
 Concurrent Workers: 6
 Concurrent Refinement Workers: 23
 Periodic GC: Disabled

Heap:
 garbage-first heap   total 102400K, used 63358K [0x0000000704e00000, 0x0000000800000000)
  region size 2048K, 22 young (45056K), 4 survivors (8192K)
 Metaspace       used 72793K, capacity 73557K, committed 73856K, reserved 1114112K
  class space    used 9015K, capacity 9254K, committed 9344K, reserved 1048576K

Heap Regions: E=young(eden), S=young(survivor), O=old, HS=humongous(starts), HC=humongous(continues), CS=collection set, F=free, OA=open archive, CA=closed archive, TAMS=top-at-mark-start (previous, next)
|   0|0x0000000704e00000, 0x0000000705000000, 0x0000000705000000|100%| O|  |TAMS 0x0000000705000000, 0x0000000704e00000| Untracked 
|   1|0x0000000705000000, 0x0000000705200000, 0x0000000705200000|100%| O|  |TAMS 0x0000000705200000, 0x0000000705000000| Untracked 
|   2|0x0000000705200000, 0x0000000705400000, 0x0000000705400000|100%| O|  |TAMS 0x0000000705400000, 0x0000000705200000| Untracked 
|   3|0x0000000705400000, 0x000000070544dc00, 0x0000000705600000| 15%| O|  |TAMS 0x000000070544dc00, 0x0000000705400000| Untracked 
|   4|0x0000000705600000, 0x0000000705800000, 0x0000000705800000|100%| O|  |TAMS 0x0000000705800000, 0x0000000705600000| Untracked 
|   5|0x0000000705800000, 0x0000000705a00000, 0x0000000705a00000|100%| O|  |TAMS 0x0000000705a00000, 0x0000000705800000| Untracked 
|   6|0x0000000705a00000, 0x0000000705c00000, 0x0000000705c00000|100%| O|  |TAMS 0x0000000705c00000, 0x0000000705a00000| Untracked 
|   7|0x0000000705c00000, 0x0000000705e00000, 0x0000000705e00000|100%| O|  |TAMS 0x0000000705da6600, 0x0000000705c00000| Untracked 
|   8|0x0000000705e00000, 0x0000000706000000, 0x0000000706000000|100%| O|  |TAMS 0x0000000705e00000, 0x0000000705e00000| Untracked 
|   9|0x0000000706000000, 0x0000000706098000, 0x0000000706200000| 29%| O|  |TAMS 0x0000000706000000, 0x0000000706000000| Untracked 
|  10|0x0000000706200000, 0x0000000706400000, 0x0000000706400000|100%| O|  |TAMS 0x0000000706200000, 0x0000000706200000| Untracked 
|  11|0x0000000706400000, 0x00000007064a6800, 0x0000000706600000| 32%| O|  |TAMS 0x0000000706400000, 0x0000000706400000| Untracked 
|  12|0x0000000706600000, 0x0000000706600000, 0x0000000706800000|  0%| F|  |TAMS 0x0000000706600000, 0x0000000706600000| Untracked 
|  13|0x0000000706800000, 0x0000000706800000, 0x0000000706a00000|  0%| F|  |TAMS 0x0000000706800000, 0x0000000706800000| Untracked 
|  14|0x0000000706a00000, 0x0000000706a00000, 0x0000000706c00000|  0%| F|  |TAMS 0x0000000706a00000, 0x0000000706a00000| Untracked 
|  15|0x0000000706c00000, 0x0000000706c00000, 0x0000000706e00000|  0%| F|  |TAMS 0x0000000706c00000, 0x0000000706c00000| Untracked 
|  16|0x0000000706e00000, 0x0000000706e00000, 0x0000000707000000|  0%| F|  |TAMS 0x0000000706e00000, 0x0000000706e00000| Untracked 
|  17|0x0000000707000000, 0x0000000707000000, 0x0000000707200000|  0%| F|  |TAMS 0x0000000707000000, 0x0000000707000000| Untracked 
|  18|0x0000000707200000, 0x0000000707200000, 0x0000000707400000|  0%| F|  |TAMS 0x0000000707200000, 0x0000000707200000| Untracked 
|  19|0x0000000707400000, 0x0000000707453460, 0x0000000707600000| 16%| S|CS|TAMS 0x0000000707400000, 0x0000000707400000| Complete 
|  20|0x0000000707600000, 0x0000000707800000, 0x0000000707800000|100%| S|CS|TAMS 0x0000000707600000, 0x0000000707600000| Complete 
|  21|0x0000000707800000, 0x0000000707a00000, 0x0000000707a00000|100%| S|CS|TAMS 0x0000000707800000, 0x0000000707800000| Complete 
|  22|0x0000000707a00000, 0x0000000707c00000, 0x0000000707c00000|100%| S|CS|TAMS 0x0000000707a00000, 0x0000000707a00000| Complete 
|  23|0x0000000707c00000, 0x0000000707c00000, 0x0000000707e00000|  0%| F|  |TAMS 0x0000000707c00000, 0x0000000707c00000| Untracked 
|  24|0x0000000707e00000, 0x0000000707e00000, 0x0000000708000000|  0%| F|  |TAMS 0x0000000707e00000, 0x0000000707e00000| Untracked 
|  25|0x0000000708000000, 0x0000000708000000, 0x0000000708200000|  0%| F|  |TAMS 0x0000000708000000, 0x0000000708000000| Untracked 
|  26|0x0000000708200000, 0x0000000708200000, 0x0000000708400000|  0%| F|  |TAMS 0x0000000708200000, 0x0000000708200000| Untracked 
|  27|0x0000000708400000, 0x0000000708400000, 0x0000000708600000|  0%| F|  |TAMS 0x0000000708400000, 0x0000000708400000| Untracked 
|  28|0x0000000708600000, 0x0000000708600000, 0x0000000708800000|  0%| F|  |TAMS 0x0000000708600000, 0x0000000708600000| Untracked 
|  29|0x0000000708800000, 0x0000000708800000, 0x0000000708a00000|  0%| F|  |TAMS 0x0000000708800000, 0x0000000708800000| Untracked 
|  30|0x0000000708a00000, 0x0000000708bdeaf8, 0x0000000708c00000| 93%| E|  |TAMS 0x0000000708a00000, 0x0000000708a00000| Complete 
|  31|0x0000000708c00000, 0x0000000708e00000, 0x0000000708e00000|100%| E|CS|TAMS 0x0000000708c00000, 0x0000000708c00000| Complete 
|  32|0x0000000708e00000, 0x0000000709000000, 0x0000000709000000|100%| E|CS|TAMS 0x0000000708e00000, 0x0000000708e00000| Complete 
|  33|0x0000000709000000, 0x0000000709200000, 0x0000000709200000|100%| E|CS|TAMS 0x0000000709000000, 0x0000000709000000| Complete 
|  34|0x0000000709200000, 0x0000000709400000, 0x0000000709400000|100%| E|CS|TAMS 0x0000000709200000, 0x0000000709200000| Complete 
|  35|0x0000000709400000, 0x0000000709600000, 0x0000000709600000|100%| E|  |TAMS 0x0000000709400000, 0x0000000709400000| Complete 
|  36|0x0000000709600000, 0x0000000709800000, 0x0000000709800000|100%| E|CS|TAMS 0x0000000709600000, 0x0000000709600000| Complete 
|  37|0x0000000709800000, 0x0000000709a00000, 0x0000000709a00000|100%| E|CS|TAMS 0x0000000709800000, 0x0000000709800000| Complete 
|  38|0x0000000709a00000, 0x0000000709c00000, 0x0000000709c00000|100%| E|CS|TAMS 0x0000000709a00000, 0x0000000709a00000| Complete 
|  39|0x0000000709c00000, 0x0000000709e00000, 0x0000000709e00000|100%| E|CS|TAMS 0x0000000709c00000, 0x0000000709c00000| Complete 
|  40|0x0000000709e00000, 0x000000070a000000, 0x000000070a000000|100%| E|CS|TAMS 0x0000000709e00000, 0x0000000709e00000| Complete 
|  41|0x000000070a000000, 0x000000070a200000, 0x000000070a200000|100%| E|CS|TAMS 0x000000070a000000, 0x000000070a000000| Complete 
|  42|0x000000070a200000, 0x000000070a400000, 0x000000070a400000|100%| E|CS|TAMS 0x000000070a200000, 0x000000070a200000| Complete 
|  43|0x000000070a400000, 0x000000070a600000, 0x000000070a600000|100%| E|CS|TAMS 0x000000070a400000, 0x000000070a400000| Complete 
|  44|0x000000070a600000, 0x000000070a800000, 0x000000070a800000|100%| E|CS|TAMS 0x000000070a600000, 0x000000070a600000| Complete 
|  45|0x000000070a800000, 0x000000070aa00000, 0x000000070aa00000|100%| E|CS|TAMS 0x000000070a800000, 0x000000070a800000| Complete 
|  46|0x000000070aa00000, 0x000000070ac00000, 0x000000070ac00000|100%| E|CS|TAMS 0x000000070aa00000, 0x000000070aa00000| Complete 
| 125|0x0000000714800000, 0x0000000714a00000, 0x0000000714a00000|100%| E|CS|TAMS 0x0000000714800000, 0x0000000714800000| Complete 
|2007|0x00000007ffc00000, 0x00000007ffe00000, 0x00000007ffe00000|100%| O|  |TAMS 0x00000007ffe00000, 0x00000007ffc00000| Untracked 
|2008|0x00000007ffe00000, 0x0000000800000000, 0x0000000800000000|100%| O|  |TAMS 0x0000000800000000, 0x00000007ffe00000| Untracked 

Card table byte_map: [0x000002bf3f530000,0x000002bf3fd10000] _byte_map_base: 0x000002bf3bd09000

Marking Bits (Prev, Next): (CMBitMap*) 0x000002bf2a8d4aa0, (CMBitMap*) 0x000002bf2a8d4a60
 Prev Bits: [0x000002bf443c0000, 0x000002bf48288000)
 Next Bits: [0x000002bf404f0000, 0x000002bf443b8000)

Polling page: 0x000002bf28990000

Metaspace:

Usage:
  Non-class:     62.80 MB capacity,    62.28 MB (>99%) used,   433.45 KB ( <1%) free+waste,    91.75 KB ( <1%) overhead. 
      Class:      9.04 MB capacity,     8.80 MB ( 97%) used,   204.70 KB (  2%) free+waste,    33.94 KB ( <1%) overhead. 
       Both:     71.83 MB capacity,    71.09 MB ( 99%) used,   638.15 KB ( <1%) free+waste,   125.69 KB ( <1%) overhead. 

Virtual space:
  Non-class space:       64.00 MB reserved,      63.00 MB ( 98%) committed 
      Class space:        1.00 GB reserved,       9.12 MB ( <1%) committed 
             Both:        1.06 GB reserved,      72.12 MB (  7%) committed 

Chunk freelists:
   Non-Class:  17.00 KB
       Class:  26.00 KB
        Both:  43.00 KB

MaxMetaspaceSize: 17179869184.00 GB
CompressedClassSpaceSize: 1.00 GB

CodeHeap 'non-profiled nmethods': size=232192Kb used=11040Kb max_used=11040Kb free=221152Kb
 bounds [0x000002bf2f050000, 0x000002bf2fb20000, 0x000002bf3d310000]
CodeHeap 'non-nmethods': size=13568Kb used=1335Kb max_used=1335Kb free=12232Kb
 bounds [0x000002bf2e310000, 0x000002bf2e580000, 0x000002bf2f050000]
 total_blobs=6645 nmethods=6009 adapters=563
 compilation: enabled
              stopped_count=0, restarted_count=0
 full_count=0

Compilation events (20 events):
Event: 74.432 Thread 0x000002bf4c7b4640 nmethod 5940 0x000002bf2fb11110 code [0x000002bf2fb112a0, 0x000002bf2fb11358]
Event: 74.432 Thread 0x000002bf4c7b4640 5944   !   1       org.apache.catalina.webresources.AbstractFileResourceSet::file (236 bytes)
Event: 74.434 Thread 0x000002bf4c7b4640 nmethod 5944 0x000002bf2fb11410 code [0x000002bf2fb11720, 0x000002bf2fb12168]
Event: 74.434 Thread 0x000002bf4c7b4640 5942       1       org.eclipse.jdt.internal.compiler.ast.MessageSend::setExpectedType (6 bytes)
Event: 74.434 Thread 0x000002bf4c7b4640 nmethod 5942 0x000002bf2fb12a10 code [0x000002bf2fb12ba0, 0x000002bf2fb12cb8]
Event: 74.434 Thread 0x000002bf4c7b4640 5995       1       org.springframework.web.servlet.tags.form.TagWriter$TagStateEntry::isBlockTag (5 bytes)
Event: 74.434 Thread 0x000002bf4c7b4640 nmethod 5995 0x000002bf2fb12d10 code [0x000002bf2fb12ea0, 0x000002bf2fb12f58]
Event: 74.436 Thread 0x000002bf4c7b4640 5996       1       org.springframework.core.MethodParameter::clone (9 bytes)
Event: 74.436 Thread 0x000002bf4c7b4640 nmethod 5996 0x000002bf2fb13010 code [0x000002bf2fb131a0, 0x000002bf2fb132e8]
Event: 74.438 Thread 0x000002bf4c7b4640 5997       1       java.lang.StringBuilder::indexOf (7 bytes)
Event: 74.439 Thread 0x000002bf4c7b4640 nmethod 5997 0x000002bf2fb13390 code [0x000002bf2fb13520, 0x000002bf2fb13628]
Event: 74.439 Thread 0x000002bf4c7b4640 5999       1       org.springframework.beans.PropertyAccessorUtils::canonicalPropertyName (161 bytes)
Event: 74.439 Thread 0x000002bf4c7b4640 nmethod 5999 0x000002bf2fb13710 code [0x000002bf2fb13960, 0x000002bf2fb13f78]
Event: 74.439 Thread 0x000002bf4c7b4640 6001       1       org.springframework.util.ObjectUtils::nullSafeToString (197 bytes)
Event: 74.440 Thread 0x000002bf4c7b4640 nmethod 6001 0x000002bf2fb14390 code [0x000002bf2fb145e0, 0x000002bf2fb14dd8]
Event: 74.440 Thread 0x000002bf4c7b4640 6002       1       org.springframework.validation.BeanPropertyBindingResult::getPropertyAccessor (56 bytes)
Event: 74.440 Thread 0x000002bf4c7b4640 nmethod 6002 0x000002bf2fb15010 code [0x000002bf2fb151c0, 0x000002bf2fb153e8]
Event: 74.440 Thread 0x000002bf4c7b4640 6004       1       org.springframework.validation.AbstractErrors::fixedField (67 bytes)
Event: 74.440 Thread 0x000002bf4c7b4640 nmethod 6004 0x000002bf2fb15510 code [0x000002bf2fb15720, 0x000002bf2fb15bd8]
Event: 74.440 Thread 0x000002bf4c7b4640 6005       1       org.springframework.validation.AbstractPropertyBindingResult::canonicalFieldName (5 bytes)

GC Heap History (20 events):
Event: 0.885 GC heap before
{Heap before GC invocations=6 (full 0):
 garbage-first heap   total 153600K, used 95538K [0x0000000704e00000, 0x0000000800000000)
  region size 2048K, 45 young (92160K), 2 survivors (4096K)
 Metaspace       used 29405K, capacity 29775K, committed 30080K, reserved 1075200K
  class space    used 3457K, capacity 3602K, committed 3712K, reserved 1048576K
}
Event: 0.888 GC heap after
{Heap after GC invocations=7 (full 0):
 garbage-first heap   total 153600K, used 11831K [0x0000000704e00000, 0x0000000800000000)
  region size 2048K, 3 young (6144K), 3 survivors (6144K)
 Metaspace       used 29405K, capacity 29775K, committed 30080K, reserved 1075200K
  class space    used 3457K, capacity 3602K, committed 3712K, reserved 1048576K
}
Event: 1.154 GC heap before
{Heap before GC invocations=7 (full 0):
 garbage-first heap   total 153600K, used 63031K [0x0000000704e00000, 0x0000000800000000)
  region size 2048K, 30 young (61440K), 3 survivors (6144K)
 Metaspace       used 35312K, capacity 35790K, committed 35840K, reserved 1081344K
  class space    used 4304K, capacity 4467K, committed 4480K, reserved 1048576K
}
Event: 1.158 GC heap after
{Heap after GC invocations=8 (full 0):
 garbage-first heap   total 153600K, used 15223K [0x0000000704e00000, 0x0000000800000000)
  region size 2048K, 5 young (10240K), 5 survivors (10240K)
 Metaspace       used 35312K, capacity 35790K, committed 35840K, reserved 1081344K
  class space    used 4304K, capacity 4467K, committed 4480K, reserved 1048576K
}
Event: 1.237 GC heap before
{Heap before GC invocations=9 (full 0):
 garbage-first heap   total 69632K, used 64375K [0x0000000704e00000, 0x0000000800000000)
  region size 2048K, 30 young (61440K), 5 survivors (10240K)
 Metaspace       used 37172K, capacity 37614K, committed 37760K, reserved 1083392K
  class space    used 4490K, capacity 4627K, committed 4736K, reserved 1048576K
}
Event: 1.241 GC heap after
{Heap after GC invocations=10 (full 0):
 garbage-first heap   total 81920K, used 16755K [0x0000000704e00000, 0x0000000800000000)
  region size 2048K, 4 young (8192K), 4 survivors (8192K)
 Metaspace       used 37172K, capacity 37614K, committed 37760K, reserved 1083392K
  class space    used 4490K, capacity 4627K, committed 4736K, reserved 1048576K
}
Event: 1.249 GC heap before
{Heap before GC invocations=10 (full 0):
 garbage-first heap   total 81920K, used 55667K [0x0000000704e00000, 0x0000000800000000)
  region size 2048K, 24 young (49152K), 4 survivors (8192K)
 Metaspace       used 37172K, capacity 37614K, committed 37760K, reserved 1083392K
  class space    used 4490K, capacity 4627K, committed 4736K, reserved 1048576K
}
Event: 1.251 GC heap after
{Heap after GC invocations=11 (full 0):
 garbage-first heap   total 98304K, used 16953K [0x0000000704e00000, 0x0000000800000000)
  region size 2048K, 1 young (2048K), 1 survivors (2048K)
 Metaspace       used 37172K, capacity 37614K, committed 37760K, reserved 1083392K
  class space    used 4490K, capacity 4627K, committed 4736K, reserved 1048576K
}
Event: 1.542 GC heap before
{Heap before GC invocations=11 (full 0):
 garbage-first heap   total 98304K, used 72249K [0x0000000704e00000, 0x0000000800000000)
  region size 2048K, 28 young (57344K), 1 survivors (2048K)
 Metaspace       used 43605K, capacity 44141K, committed 44288K, reserved 1087488K
  class space    used 5348K, capacity 5522K, committed 5632K, reserved 1048576K
}
Event: 1.545 GC heap after
{Heap after GC invocations=12 (full 0):
 garbage-first heap   total 98304K, used 18679K [0x0000000704e00000, 0x0000000800000000)
  region size 2048K, 2 young (4096K), 2 survivors (4096K)
 Metaspace       used 43605K, capacity 44141K, committed 44288K, reserved 1087488K
  class space    used 5348K, capacity 5522K, committed 5632K, reserved 1048576K
}
Event: 1.797 GC heap before
{Heap before GC invocations=12 (full 0):
 garbage-first heap   total 98304K, used 69879K [0x0000000704e00000, 0x0000000800000000)
  region size 2048K, 28 young (57344K), 2 survivors (4096K)
 Metaspace       used 51768K, capacity 52284K, committed 52480K, reserved 1095680K
  class space    used 6461K, capacity 6614K, committed 6656K, reserved 1048576K
}
Event: 1.800 GC heap after
{Heap after GC invocations=13 (full 0):
 garbage-first heap   total 98304K, used 21501K [0x0000000704e00000, 0x0000000800000000)
  region size 2048K, 4 young (8192K), 4 survivors (8192K)
 Metaspace       used 51768K, capacity 52284K, committed 52480K, reserved 1095680K
  class space    used 6461K, capacity 6614K, committed 6656K, reserved 1048576K
}
Event: 2.058 GC heap before
{Heap before GC invocations=13 (full 0):
 garbage-first heap   total 98304K, used 70653K [0x0000000704e00000, 0x0000000800000000)
  region size 2048K, 28 young (57344K), 4 survivors (8192K)
 Metaspace       used 58005K, capacity 58569K, committed 58880K, reserved 1099776K
  class space    used 7393K, capacity 7592K, committed 7680K, reserved 1048576K
}
Event: 2.061 GC heap after
{Heap after GC invocations=14 (full 0):
 garbage-first heap   total 98304K, used 24314K [0x0000000704e00000, 0x0000000800000000)
  region size 2048K, 3 young (6144K), 3 survivors (6144K)
 Metaspace       used 58005K, capacity 58569K, committed 58880K, reserved 1099776K
  class space    used 7393K, capacity 7592K, committed 7680K, reserved 1048576K
}
Event: 2.113 GC heap before
{Heap before GC invocations=14 (full 0):
 garbage-first heap   total 98304K, used 32506K [0x0000000704e00000, 0x0000000800000000)
  region size 2048K, 8 young (16384K), 3 survivors (6144K)
 Metaspace       used 59447K, capacity 60044K, committed 60160K, reserved 1101824K
  class space    used 7589K, capacity 7785K, committed 7808K, reserved 1048576K
}
Event: 2.116 GC heap after
{Heap after GC invocations=15 (full 0):
 garbage-first heap   total 118784K, used 24987K [0x0000000704e00000, 0x0000000800000000)
  region size 2048K, 2 young (4096K), 2 survivors (4096K)
 Metaspace       used 59447K, capacity 60044K, committed 60160K, reserved 1101824K
  class space    used 7589K, capacity 7785K, committed 7808K, reserved 1048576K
}
Event: 14.309 GC heap before
{Heap before GC invocations=16 (full 0):
 garbage-first heap   total 102400K, used 82331K [0x0000000704e00000, 0x0000000800000000)
  region size 2048K, 30 young (61440K), 2 survivors (4096K)
 Metaspace       used 63329K, capacity 63974K, committed 64256K, reserved 1105920K
  class space    used 8154K, capacity 8385K, committed 8448K, reserved 1048576K
}
Event: 14.311 GC heap after
{Heap after GC invocations=17 (full 0):
 garbage-first heap   total 102400K, used 27806K [0x0000000704e00000, 0x0000000800000000)
  region size 2048K, 4 young (8192K), 4 survivors (8192K)
 Metaspace       used 63329K, capacity 63974K, committed 64256K, reserved 1105920K
  class space    used 8154K, capacity 8385K, committed 8448K, reserved 1048576K
}
Event: 14.624 GC heap before
{Heap before GC invocations=17 (full 0):
 garbage-first heap   total 102400K, used 76958K [0x0000000704e00000, 0x0000000800000000)
  region size 2048K, 29 young (59392K), 4 survivors (8192K)
 Metaspace       used 70763K, capacity 71366K, committed 71552K, reserved 1112064K
  class space    used 8839K, capacity 9057K, committed 9088K, reserved 1048576K
}
Event: 14.627 GC heap after
{Heap after GC invocations=18 (full 0):
 garbage-first heap   total 102400K, used 30590K [0x0000000704e00000, 0x0000000800000000)
  region size 2048K, 4 young (8192K), 4 survivors (8192K)
 Metaspace       used 70763K, capacity 71366K, committed 71552K, reserved 1112064K
  class space    used 8839K, capacity 9057K, committed 9088K, reserved 1048576K
}

Deoptimization events (6 events):
Event: 0.900 Thread 0x000002bf4d8b9e30 DEOPT PACKING pc=0x000002bf2f38957c sp=0x000000cc1acfca90
Event: 0.900 Thread 0x000002bf4d8b9e30 DEOPT UNPACKING pc=0x000002bf2e35e23f sp=0x000000cc1acfbfe8 mode 0
Event: 2.245 Thread 0x000002bf4d8b9e30 DEOPT PACKING pc=0x000002bf2f2f2fc9 sp=0x000000cc1acfcf00
Event: 2.245 Thread 0x000002bf4d8b9e30 DEOPT UNPACKING pc=0x000002bf2e35e23f sp=0x000000cc1acfc418 mode 3
Event: 2.245 Thread 0x000002bf4d8b9e30 DEOPT PACKING pc=0x000002bf2f2e9f54 sp=0x000000cc1acfcec0
Event: 2.245 Thread 0x000002bf4d8b9e30 DEOPT UNPACKING pc=0x000002bf2e35e23f sp=0x000000cc1acfc418 mode 3

Classes unloaded (0 events):
No events

Classes redefined (0 events):
No events

Internal exceptions (20 events):
Event: 14.439 Thread 0x000002bf4de14910 Exception <a 'java/lang/ClassNotFoundException'{0x0000000709791d38}: org/springframework/web/servlet/tags/RequestContextAwareTagCustomizer> (0x0000000709791d38) 
thrown [./open/src/hotspot/share/classfile/systemDictionary.cpp, line 295]
Event: 14.439 Thread 0x000002bf4de14910 Exception <a 'java/lang/ClassNotFoundException'{0x00000007097a8948}: org/springframework/web/servlet/tags/HtmlEscapingAwareTagCustomizer> (0x00000007097a8948) 
thrown [./open/src/hotspot/share/classfile/systemDictionary.cpp, line 295]
Event: 14.439 Thread 0x000002bf4de14910 Exception <a 'java/lang/ClassNotFoundException'{0x00000007097b5c28}: org/springframework/web/servlet/tags/form/AbstractFormTagCustomizer> (0x00000007097b5c28) 
thrown [./open/src/hotspot/share/classfile/systemDictionary.cpp, line 295]
Event: 14.440 Thread 0x000002bf4de14910 Exception <a 'java/lang/ClassNotFoundException'{0x00000007097c2130}: org/springframework/web/servlet/tags/form/AbstractDataBoundFormElementTagCustomizer> (0x00000007097c2130) 
thrown [./open/src/hotspot/share/classfile/systemDictionary.cpp, line 295]
Event: 14.440 Thread 0x000002bf4de14910 Exception <a 'java/lang/ClassNotFoundException'{0x00000007097d5060}: org/springframework/web/servlet/tags/form/AbstractHtmlElementTagCustomizer> (0x00000007097d5060) 
thrown [./open/src/hotspot/share/classfile/systemDictionary.cpp, line 295]
Event: 14.441 Thread 0x000002bf4de14910 Exception <a 'java/lang/ClassNotFoundException'{0x00000007097ef4c8}: org/springframework/web/servlet/tags/form/FormTagCustomizer> (0x00000007097ef4c8) 
thrown [./open/src/hotspot/share/classfile/systemDictionary.cpp, line 295]
Event: 14.441 Thread 0x000002bf4de14910 Exception <a 'java/lang/ClassNotFoundException'{0x0000000709414ca0}: org/springframework/web/servlet/tags/form/InputTagBeanInfo> (0x0000000709414ca0) 
thrown [./open/src/hotspot/share/classfile/systemDictionary.cpp, line 295]
Event: 14.441 Thread 0x000002bf4de14910 Exception <a 'java/lang/ClassNotFoundException'{0x000000070941d8b0}: org/springframework/web/servlet/tags/form/AbstractHtmlInputElementTagBeanInfo> (0x000000070941d8b0) 
thrown [./open/src/hotspot/share/classfile/systemDictionary.cpp, line 295]
Event: 14.442 Thread 0x000002bf4de14910 Exception <a 'java/lang/ClassNotFoundException'{0x00000007094268b8}: org/springframework/web/servlet/tags/form/AbstractHtmlInputElementTagCustomizer> (0x00000007094268b8) 
thrown [./open/src/hotspot/share/classfile/systemDictionary.cpp, line 295]
Event: 14.442 Thread 0x000002bf4de14910 Exception <a 'java/lang/ClassNotFoundException'{0x00000007094391f8}: org/springframework/web/servlet/tags/form/InputTagCustomizer> (0x00000007094391f8) 
thrown [./open/src/hotspot/share/classfile/systemDictionary.cpp, line 295]
Event: 14.443 Thread 0x000002bf4de14910 Exception <a 'java/lang/ClassNotFoundException'{0x000000070946af70}: org/springframework/web/servlet/tags/form/RadioButtonTagBeanInfo> (0x000000070946af70) 
thrown [./open/src/hotspot/share/classfile/systemDictionary.cpp, line 295]
Event: 14.443 Thread 0x000002bf4de14910 Exception <a 'java/lang/ClassNotFoundException'{0x0000000709473d90}: org/springframework/web/servlet/tags/form/AbstractSingleCheckedElementTagBeanInfo> (0x0000000709473d90) 
thrown [./open/src/hotspot/share/classfile/systemDictionary.cpp, line 295]
Event: 14.443 Thread 0x000002bf4de14910 Exception <a 'java/lang/ClassNotFoundException'{0x000000070947cc30}: org/springframework/web/servlet/tags/form/AbstractCheckedElementTagBeanInfo> (0x000000070947cc30) 
thrown [./open/src/hotspot/share/classfile/systemDictionary.cpp, line 295]
Event: 14.443 Thread 0x000002bf4de14910 Exception <a 'java/lang/ClassNotFoundException'{0x0000000709485e20}: org/springframework/web/servlet/tags/form/AbstractCheckedElementTagCustomizer> (0x0000000709485e20) 
thrown [./open/src/hotspot/share/classfile/systemDictionary.cpp, line 295]
Event: 14.444 Thread 0x000002bf4de14910 Exception <a 'java/lang/ClassNotFoundException'{0x0000000709495110}: org/springframework/web/servlet/tags/form/AbstractSingleCheckedElementTagCustomizer> (0x0000000709495110) 
thrown [./open/src/hotspot/share/classfile/systemDictionary.cpp, line 295]
Event: 14.444 Thread 0x000002bf4de14910 Exception <a 'java/lang/ClassNotFoundException'{0x00000007094a5070}: org/springframework/web/servlet/tags/form/RadioButtonTagCustomizer> (0x00000007094a5070) 
thrown [./open/src/hotspot/share/classfile/systemDictionary.cpp, line 295]
Event: 14.607 Thread 0x000002bf4de14910 Exception <a 'java/lang/ArrayIndexOutOfBoundsException'{0x0000000707c0aa60}> (0x0000000707c0aa60) 
thrown [./open/src/hotspot/share/runtime/sharedRuntime.cpp, line 585]
Event: 14.788 Thread 0x000002bf4de14910 Exception <a 'java/lang/NullPointerException'{0x0000000709bf4110}> (0x0000000709bf4110) 
thrown [./open/src/hotspot/share/interpreter/linkResolver.cpp, line 1457]
Event: 74.388 Thread 0x000002bf4de14440 Exception <a 'java/lang/ArrayIndexOutOfBoundsException'{0x00000007095f8010}> (0x00000007095f8010) 
thrown [./open/src/hotspot/share/runtime/sharedRuntime.cpp, line 585]
Event: 74.433 Thread 0x000002bf4de14440 Exception <a 'java/lang/NullPointerException'{0x0000000708baf5a0}> (0x0000000708baf5a0) 
thrown [./open/src/hotspot/share/interpreter/linkResolver.cpp, line 1457]

Events (20 events):
Event: 74.439 Executing VM operation: get/set locals
Event: 74.439 Executing VM operation: get/set locals done
Event: 74.439 Executing VM operation: get/set locals
Event: 74.439 Executing VM operation: get/set locals done
Event: 74.439 Executing VM operation: get/set locals
Event: 74.440 Executing VM operation: get/set locals done
Event: 74.440 Executing VM operation: get/set locals
Event: 74.440 Executing VM operation: get/set locals done
Event: 74.440 Executing VM operation: get/set locals
Event: 74.440 Executing VM operation: get/set locals done
Event: 74.440 Executing VM operation: get/set locals
Event: 74.440 Executing VM operation: get/set locals done
Event: 74.440 Executing VM operation: get/set locals
Event: 74.440 Executing VM operation: get/set locals done
Event: 74.440 Executing VM operation: get/set locals
Event: 74.440 Executing VM operation: get/set locals done
Event: 74.440 Executing VM operation: get/set locals
Event: 74.440 Executing VM operation: get/set locals done
Event: 74.440 Executing VM operation: get/set locals
Event: 74.440 Executing VM operation: get/set locals done


Dynamic libraries:
0x00007ff6a8070000 - 0x00007ff6a807d000 	E:\sts\spring-tool-suite-4-4.8.1.RELEASE-e4.17.0-win32.win32.x86_64\sts-4.8.1.RELEASE\plugins\org.eclipse.justj.openjdk.hotspot.jre.full.win32.x86_64_15.0.0.v20201014-1246\jre\bin\javaw.exe
0x000002bf28d10000 - 0x000002bf28f70000 	C:\Windows\SYSTEM32\ntd1l.dll
0x000002bf28f80000 - 0x000002bf29047000 	C:\Windows\System32\kern3l32.dll
0x00007ffe8dc80000 - 0x00007ffe8dee0000 	C:\Windows\SYSTEM32\ntdll.dll
0x00007ffe8c730000 - 0x00007ffe8c7f7000 	C:\Windows\System32\KERNEL32.DLL
0x00007ffe8b2a0000 - 0x00007ffe8b66a000 	C:\Windows\System32\KERNELBASE.dll
0x00007ffe890e0000 - 0x00007ffe894f6000 	C:\Program Files\SentinelOne\Sentinel Agent 24.1.5.277\InProcessClient64.dll
0x00007ffe8d2e0000 - 0x00007ffe8d392000 	C:\Windows\System32\ADVAPI32.dll
0x00007ffe8c920000 - 0x00007ffe8c9c9000 	C:\Windows\System32\msvcrt.dll
0x00007ffe8d1c0000 - 0x00007ffe8d266000 	C:\Windows\System32\sechost.dll
0x00007ffe8bdc0000 - 0x00007ffe8bed6000 	C:\Windows\System32\RPCRT4.dll
0x00007ffe8b840000 - 0x00007ffe8b98b000 	C:\Windows\System32\ucrtbase.dll
0x00007ffe790c0000 - 0x00007ffe790d9000 	E:\sts\spring-tool-suite-4-4.8.1.RELEASE-e4.17.0-win32.win32.x86_64\sts-4.8.1.RELEASE\plugins\org.eclipse.justj.openjdk.hotspot.jre.full.win32.x86_64_15.0.0.v20201014-1246\jre\bin\VCRUNTIME140.dll
0x00007ffe77e00000 - 0x00007ffe77e18000 	E:\sts\spring-tool-suite-4-4.8.1.RELEASE-e4.17.0-win32.win32.x86_64\sts-4.8.1.RELEASE\plugins\org.eclipse.justj.openjdk.hotspot.jre.full.win32.x86_64_15.0.0.v20201014-1246\jre\bin\jli.dll
0x00007ffe8cef0000 - 0x00007ffe8d0bc000 	C:\Windows\System32\USER32.dll
0x00007ffe8ba50000 - 0x00007ffe8ba77000 	C:\Windows\System32\win32u.dll
0x00007ffe7adc0000 - 0x00007ffe7b057000 	C:\Windows\WinSxS\amd64_microsoft.windows.common-controls_6595b64144ccf1df_6.0.26100.3624_none_3e086962e3345f24\COMCTL32.dll
0x00007ffe8d3f0000 - 0x00007ffe8d41a000 	C:\Windows\System32\GDI32.dll
0x00007ffe8b700000 - 0x00007ffe8b831000 	C:\Windows\System32\gdi32full.dll
0x00007ffe8afe0000 - 0x00007ffe8b083000 	C:\Windows\System32\msvcp_win.dll
0x00007ffe89080000 - 0x00007ffe8908b000 	C:\Windows\SYSTEM32\VERSION.dll
0x00007ffe89070000 - 0x00007ffe8907c000 	C:\Windows\SYSTEM32\FLTLIB.DLL
0x00007ffe8c8e0000 - 0x00007ffe8c90f000 	C:\Windows\System32\IMM32.DLL
0x00007ffe7fc90000 - 0x00007ffe7fc9c000 	E:\sts\spring-tool-suite-4-4.8.1.RELEASE-e4.17.0-win32.win32.x86_64\sts-4.8.1.RELEASE\plugins\org.eclipse.justj.openjdk.hotspot.jre.full.win32.x86_64_15.0.0.v20201014-1246\jre\bin\vcruntime140_1.dll
0x00007ffe6ee30000 - 0x00007ffe6eec1000 	E:\sts\spring-tool-suite-4-4.8.1.RELEASE-e4.17.0-win32.win32.x86_64\sts-4.8.1.RELEASE\plugins\org.eclipse.justj.openjdk.hotspot.jre.full.win32.x86_64_15.0.0.v20201014-1246\jre\bin\msvcp140.dll
0x00007ffe19ac0000 - 0x00007ffe1a61c000 	E:\sts\spring-tool-suite-4-4.8.1.RELEASE-e4.17.0-win32.win32.x86_64\sts-4.8.1.RELEASE\plugins\org.eclipse.justj.openjdk.hotspot.jre.full.win32.x86_64_15.0.0.v20201014-1246\jre\bin\server\jvm.dll
0x000002bf28970000 - 0x000002bf28978000 	C:\Windows\System32\PSAPI.DLL
0x00007ffe69a80000 - 0x00007ffe69a8a000 	C:\Windows\SYSTEM32\WSOCK32.dll
0x00007ffe8bbe0000 - 0x00007ffe8bc54000 	C:\Windows\System32\WS2_32.dll
0x00007ffe81970000 - 0x00007ffe819a6000 	C:\Windows\SYSTEM32\WINMM.dll
0x00007ffe89d50000 - 0x00007ffe89d6a000 	C:\Windows\SYSTEM32\kernel.appcore.dll
0x00007ffe858f0000 - 0x00007ffe858fa000 	E:\sts\spring-tool-suite-4-4.8.1.RELEASE-e4.17.0-win32.win32.x86_64\sts-4.8.1.RELEASE\plugins\org.eclipse.justj.openjdk.hotspot.jre.full.win32.x86_64_15.0.0.v20201014-1246\jre\bin\jimage.dll
0x00007ffe88270000 - 0x00007ffe884b1000 	C:\Windows\SYSTEM32\DBGHELP.DLL
0x00007ffe8d830000 - 0x00007ffe8dbb2000 	C:\Windows\System32\combase.dll
0x00007ffe8c650000 - 0x00007ffe8c726000 	C:\Windows\System32\OLEAUT32.dll
0x00007ffe7ad80000 - 0x00007ffe7adb9000 	C:\Windows\SYSTEM32\dbgcore.DLL
0x00007ffe8b090000 - 0x00007ffe8b129000 	C:\Windows\System32\bcryptPrimitives.dll
0x00007ffe08ff0000 - 0x00007ffe0909d000 	C:\Program Files\SentinelOne\Sentinel Agent 24.1.5.277\SentinelJava64.dll
0x00007ffe8d270000 - 0x00007ffe8d2d4000 	C:\Windows\System32\SHLWAPI.dll
0x00007ffe8d420000 - 0x00007ffe8d5b6000 	C:\Windows\System32\ole32.dll
0x00007ffe789d0000 - 0x00007ffe789f5000 	E:\sts\spring-tool-suite-4-4.8.1.RELEASE-e4.17.0-win32.win32.x86_64\sts-4.8.1.RELEASE\plugins\org.eclipse.justj.openjdk.hotspot.jre.full.win32.x86_64_15.0.0.v20201014-1246\jre\bin\java.dll
0x00007ffe85700000 - 0x00007ffe85718000 	E:\sts\spring-tool-suite-4-4.8.1.RELEASE-e4.17.0-win32.win32.x86_64\sts-4.8.1.RELEASE\plugins\org.eclipse.justj.openjdk.hotspot.jre.full.win32.x86_64_15.0.0.v20201014-1246\jre\bin\zip.dll
0x00007ffe8bee0000 - 0x00007ffe8c609000 	C:\Windows\System32\SHELL32.dll
0x00007ffe8b130000 - 0x00007ffe8b298000 	C:\Windows\System32\wintypes.dll
0x00007ffe886a0000 - 0x00007ffe88ef2000 	C:\Windows\SYSTEM32\windows.storage.dll
0x00007ffe8bcd0000 - 0x00007ffe8bdbd000 	C:\Windows\System32\SHCORE.dll
0x00007ffe8ad70000 - 0x00007ffe8ad9f000 	C:\Windows\SYSTEM32\profapi.dll
0x00007ffe7d530000 - 0x00007ffe7d549000 	E:\sts\spring-tool-suite-4-4.8.1.RELEASE-e4.17.0-win32.win32.x86_64\sts-4.8.1.RELEASE\plugins\org.eclipse.justj.openjdk.hotspot.jre.full.win32.x86_64_15.0.0.v20201014-1246\jre\bin\net.dll
0x00007ffe84700000 - 0x00007ffe8481d000 	C:\Windows\SYSTEM32\WINHTTP.dll
0x00007ffe8a250000 - 0x00007ffe8a2ba000 	C:\Windows\system32\mswsock.dll
0x00007ffe7d330000 - 0x00007ffe7d342000 	E:\sts\spring-tool-suite-4-4.8.1.RELEASE-e4.17.0-win32.win32.x86_64\sts-4.8.1.RELEASE\plugins\org.eclipse.justj.openjdk.hotspot.jre.full.win32.x86_64_15.0.0.v20201014-1246\jre\bin\nio.dll
0x00007ffe7d170000 - 0x00007ffe7d179000 	E:\sts\spring-tool-suite-4-4.8.1.RELEASE-e4.17.0-win32.win32.x86_64\sts-4.8.1.RELEASE\plugins\org.eclipse.justj.openjdk.hotspot.jre.full.win32.x86_64_15.0.0.v20201014-1246\jre\bin\management.dll
0x00007ffe7d000000 - 0x00007ffe7d00b000 	E:\sts\spring-tool-suite-4-4.8.1.RELEASE-e4.17.0-win32.win32.x86_64\sts-4.8.1.RELEASE\plugins\org.eclipse.justj.openjdk.hotspot.jre.full.win32.x86_64_15.0.0.v20201014-1246\jre\bin\management_ext.dll
0x00007ffe58a10000 - 0x00007ffe58a28000 	C:\Windows\system32\napinsp.dll
0x00007ffe89760000 - 0x00007ffe89885000 	C:\Windows\SYSTEM32\DNSAPI.dll
0x00007ffe896d0000 - 0x00007ffe89703000 	C:\Windows\SYSTEM32\IPHLPAPI.DLL
0x00007ffe8c9d0000 - 0x00007ffe8c9da000 	C:\Windows\System32\NSI.dll
0x00007ffe58f50000 - 0x00007ffe58f62000 	C:\Windows\System32\winrnr.dll
0x00007ffe58f10000 - 0x00007ffe58f40000 	C:\Windows\system32\nlansp_c.dll
0x00007ffe58ef0000 - 0x00007ffe58f06000 	C:\Windows\system32\wshbth.dll
0x00007ffe83bc0000 - 0x00007ffe83bcb000 	C:\Windows\System32\rasadhlp.dll
0x00007ffe84f40000 - 0x00007ffe84fc5000 	C:\Windows\System32\fwpuclnt.dll
0x00007ffe8a600000 - 0x00007ffe8a61c000 	C:\Windows\SYSTEM32\CRYPTSP.dll
0x00007ffe89cb0000 - 0x00007ffe89cea000 	C:\Windows\system32\rsaenh.dll
0x00007ffe8a2f0000 - 0x00007ffe8a31b000 	C:\Windows\SYSTEM32\USERENV.dll
0x00007ffe8ad40000 - 0x00007ffe8ad66000 	C:\Windows\SYSTEM32\bcrypt.dll
0x00007ffe8a480000 - 0x00007ffe8a48c000 	C:\Windows\SYSTEM32\CRYPTBASE.dll
0x00007ffe84ba0000 - 0x00007ffe84bbf000 	C:\Windows\SYSTEM32\dhcpcsvc6.DLL
0x00007ffe84b70000 - 0x00007ffe84b95000 	C:\Windows\SYSTEM32\dhcpcsvc.DLL
0x00007ffe85730000 - 0x00007ffe85740000 	E:\sts\spring-tool-suite-4-4.8.1.RELEASE-e4.17.0-win32.win32.x86_64\sts-4.8.1.RELEASE\plugins\org.eclipse.justj.openjdk.hotspot.jre.full.win32.x86_64_15.0.0.v20201014-1246\jre\bin\verify.dll
0x00007ffe85720000 - 0x00007ffe8572d000 	E:\sts\spring-tool-suite-4-4.8.1.RELEASE-e4.17.0-win32.win32.x86_64\sts-4.8.1.RELEASE\plugins\org.eclipse.justj.openjdk.hotspot.jre.full.win32.x86_64_15.0.0.v20201014-1246\jre\bin\sunmscapi.dll
0x00007ffe8ae60000 - 0x00007ffe8afd7000 	C:\Windows\System32\CRYPT32.dll
0x00007ffe8a750000 - 0x00007ffe8a780000 	C:\Windows\SYSTEM32\ncrypt.dll
0x00007ffe8a700000 - 0x00007ffe8a73f000 	C:\Windows\SYSTEM32\NTASN1.dll

dbghelp: loaded successfully - version: 4.0.5 - missing functions: none
symbol engine: initialized successfully - sym options: 0x614 - pdb path: .;E:\sts\spring-tool-suite-4-4.8.1.RELEASE-e4.17.0-win32.win32.x86_64\sts-4.8.1.RELEASE\plugins\org.eclipse.justj.openjdk.hotspot.jre.full.win32.x86_64_15.0.0.v20201014-1246\jre\bin;C:\Windows\SYSTEM32;C:\Program Files\SentinelOne\Sentinel Agent 24.1.5.277;C:\Windows\WinSxS\amd64_microsoft.windows.common-controls_6595b64144ccf1df_6.0.26100.3624_none_3e086962e3345f24;E:\sts\spring-tool-suite-4-4.8.1.RELEASE-e4.17.0-win32.win32.x86_64\sts-4.8.1.RELEASE\plugins\org.eclipse.justj.openjdk.hotspot.jre.full.win32.x86_64_15.0.0.v20201014-1246\jre\bin\server

VM Arguments:
jvm_args: -Dcom.sun.management.jmxremote -Dcom.sun.management.jmxremote.port=51768 -Dcom.sun.management.jmxremote.authenticate=false -Dcom.sun.management.jmxremote.ssl=false -Djava.rmi.server.hostname=localhost -Dspring.jmx.enabled=true -Dspring.application.admin.enabled=true -XX:TieredStopAtLevel=1 -Dspring.boot.project.name=form_update-1 -Dfile.encoding=UTF-8 -XX:+ShowCodeDetailsInExceptionMessages -agentpath:C:\Program Files\SentinelOne\Sentinel Agent 24.1.5.277\SentinelJava64.dll=extendedCapabilities 
java_command: com.example.demo.FormUpdate1Application --spring.output.ansi.enabled=always
java_class_path (initial): D:\ganesh\form_update-1\target\classes;C:\Users\Administrator\.m2\repository\org\springframework\boot\spring-boot-starter-data-jpa\2.7.9\spring-boot-starter-data-jpa-2.7.9.jar;C:\Users\Administrator\.m2\repository\org\springframework\boot\spring-boot-starter-aop\2.7.9\spring-boot-starter-aop-2.7.9.jar;C:\Users\Administrator\.m2\repository\org\springframework\spring-aop\5.3.25\spring-aop-5.3.25.jar;C:\Users\Administrator\.m2\repository\org\aspectj\aspectjweaver\1.9.7\aspectjweaver-1.9.7.jar;C:\Users\Administrator\.m2\repository\org\springframework\boot\spring-boot-starter-jdbc\2.7.9\spring-boot-starter-jdbc-2.7.9.jar;C:\Users\Administrator\.m2\repository\com\zaxxer\HikariCP\4.0.3\HikariCP-4.0.3.jar;C:\Users\Administrator\.m2\repository\org\springframework\spring-jdbc\5.3.25\spring-jdbc-5.3.25.jar;C:\Users\Administrator\.m2\repository\jakarta\transaction\jakarta.transaction-api\1.3.3\jakarta.transaction-api-1.3.3.jar;C:\Users\Administrator\.m2\repository\jakarta\persistence\jakarta.persistence-api\2.2.3\jakarta.persistence-api-2.2.3.jar;C:\Users\Administrator\.m2\repository\org\hibernate\hibernate-core\5.6.15.Final\hibernate-core-5.6.15.Final.jar;C:\Users\Administrator\.m2\repository\org\jboss\logging\jboss-logging\3.4.3.Final\jboss-logging-3.4.3.Final.jar;C:\Users\Administrator\.m2\repository\net\bytebuddy\byte-buddy\1.12.23\byte-buddy-1.12.23.jar;C:\Users\Administrator\.m2\repository\antlr\antlr\2.7.7\antlr-2.7.7.jar;C:\Users\Administrator\.m2\repository\org\jboss\jandex\2.4.2.Final\jandex-2.4.2.Final.jar;C:\Users\Administrator\.m2\repository\com\fasterxml\classmate\1.5.1\classmate-1.5.1.jar;C:\Users\Administrator\.m2\repository\org\hibernate\common\hibernate-commons-annotations\5.1.2.Final\hibernate-commons-annotations-5.1.2.Final.jar;C:\Users\Administrator\.m2\repository\org\glassfish\jaxb\jaxb-runtime\2.3.8\jaxb-runtime-2.3.8.jar;C:\Users\Administrator\.m2\repository\org\glassfish\jaxb\txw2\2.3.8\txw2-2.3.8.jar;C:\Users\Administrator\
Launcher Type: SUN_STANDARD

[Global flags]
     intx CICompilerCount                          = 15                                        {product} {ergonomic}
     uint ConcGCThreads                            = 6                                         {product} {ergonomic}
     uint G1ConcRefinementThreads                  = 23                                        {product} {ergonomic}
   size_t G1HeapRegionSize                         = 2097152                                   {product} {ergonomic}
    uintx GCDrainStackTargetSize                   = 64                                        {product} {ergonomic}
   size_t InitialHeapSize                          = 264241152                                 {product} {ergonomic}
     bool ManagementServer                         = true                                      {product} {command line}
   size_t MarkStackSize                            = 4194304                                   {product} {ergonomic}
   size_t MaxHeapSize                              = 4213178368                                {product} {ergonomic}
   size_t MaxNewSize                               = 2527068160                                {product} {ergonomic}
   size_t MinHeapDeltaBytes                        = 2097152                                   {product} {ergonomic}
   size_t MinHeapSize                              = 8388608                                   {product} {ergonomic}
    uintx NonNMethodCodeHeapSize                   = 13893620                               {pd product} {ergonomic}
    uintx NonProfiledCodeHeapSize                  = 237764620                              {pd product} {ergonomic}
    uintx ProfiledCodeHeapSize                     = 0                                      {pd product} {ergonomic}
    uintx ReservedCodeCacheSize                    = 251658240                              {pd product} {ergonomic}
     bool SegmentedCodeCache                       = true                                      {product} {ergonomic}
     bool ShowCodeDetailsInExceptionMessages       = true                                   {manageable} {command line}
   size_t SoftMaxHeapSize                          = 4213178368                             {manageable} {ergonomic}
     intx TieredStopAtLevel                        = 1                                         {product} {command line}
     bool UseCompressedClassPointers               = true                                 {lp64_product} {ergonomic}
     bool UseCompressedOops                        = true                                 {lp64_product} {ergonomic}
     bool UseG1GC                                  = true                                      {product} {ergonomic}
     bool UseLargePagesIndividualAllocation        = false                                  {pd product} {ergonomic}

Logging:
Log output configuration:
 #0: stdout all=warning uptime,level,tags
 #1: stderr all=off uptime,level,tags

Environment Variables:
PATH=E:/sts/spring-tool-suite-4-4.8.1.RELEASE-e4.17.0-win32.win32.x86_64/sts-4.8.1.RELEASE//plugins/org.eclipse.justj.openjdk.hotspot.jre.full.win32.x86_64_15.0.0.v20201014-1246/jre/bin/server;E:/sts/spring-tool-suite-4-4.8.1.RELEASE-e4.17.0-win32.win32.x86_64/sts-4.8.1.RELEASE//plugins/org.eclipse.justj.openjdk.hotspot.jre.full.win32.x86_64_15.0.0.v20201014-1246/jre/bin;C:\Program Files (x86)\Common Files\Oracle\Java\java8path;C:\Program Files (x86)\Common Files\Oracle\Java\javapath;C:\Windows\system32;C:\Windows;C:\Windows\System32\Wbem;C:\Windows\System32\WindowsPowerShell\v1.0\;C:\Windows\System32\OpenSSH\;C:\Program Files\dotnet\;C:\Program Files (x86)\NVIDIA Corporation\PhysX\Common;C:\Program Files\Git\cmd;C:\Program Files\MySQL\MySQL Shell 8.0\bin\;C:\Users\Administrator\AppData\Local\Microsoft\WindowsApps;;E:\sts\spring-tool-suite-4-4.8.1.RELEASE-e4.17.0-win32.win32.x86_64\sts-4.8.1.RELEASE;
USERNAME=Administrator
OS=Windows_NT
PROCESSOR_IDENTIFIER=Intel64 Family 6 Model 183 Stepping 1, GenuineIntel



---------------  S Y S T E M  ---------------

OS:
 Windows 10 , 64 bit Build 26100 (10.0.26100.3775)
OS uptime: 5 days 20:10 hours
HyperV virtualization detected

CPU: total 32 (initial active 32) (16 cores per cpu, 2 threads per core) family 6 model 183 stepping 1, cmov, cx8, fxsr, mmx, sse, sse2, sse3, ssse3, sse4.1, sse4.2, popcnt, vzeroupper, avx, avx2, aes, clmul, erms, 3dnowpref, lzcnt, ht, tsc, tscinvbit, bmi1, bmi2, adx, sha, fma, clflush, clflushopt, clwb

Memory: 4k page, system-wide physical 16070M (908M free)
TotalPageFile size 33478M (AvailPageFile size 7532M)
current process WorkingSet (physical memory assigned to process): 268M, peak: 270M
current process commit charge ("private bytes"): 328M, peak: 397M

vm_info: OpenJDK 64-Bit Server VM (15+36-1562) for windows-amd64 JRE (15+36-1562), built on Aug 11 2020 22:33:04 by "mach5one" with unknown MS VC++:1925

END.
