#
# A fatal error has been detected by the Java Runtime Environment:
#
#  EXCEPTION_ACCESS_VIOLATION (0xc0000005) at pc=0x00000260a61f0830, pid=26940, tid=2920
#
# JRE version: OpenJDK Runtime Environment (15.0+36) (build 15+36-1562)
# Java VM: OpenJDK 64-Bit Server VM (15+36-1562, mixed mode, tiered, compressed oops, g1 gc, windows-amd64)
# Problematic frame:
# j  javax.servlet.http.HttpServletRequestWrapper._getHttpServletRequest()Ljavax/servlet/http/HttpServletRequest;+1
#
# No core dump will be written. Minidumps are not enabled by default on client versions of Windows
#
# If you would like to submit a bug report, please visit:
#   https://bugreport.java.com/bugreport/crash.jsp
#

---------------  S U M M A R Y ------------

Command Line: -Dcom.sun.management.jmxremote -Dcom.sun.management.jmxremote.port=49989 -Dcom.sun.management.jmxremote.authenticate=false -Dcom.sun.management.jmxremote.ssl=false -Djava.rmi.server.hostname=localhost -Dspring.jmx.enabled=true -Dspring.application.admin.enabled=true -XX:TieredStopAtLevel=1 -Dspring.boot.project.name=form_update-1 -Dfile.encoding=UTF-8 -XX:+ShowCodeDetailsInExceptionMessages -agentpath:C:\Program Files\SentinelOne\Sentinel Agent 24.1.5.277\SentinelJava64.dll=extendedCapabilities com.example.demo.FormUpdate1Application --spring.output.ansi.enabled=always

Host: Intel(R) Core(TM) i9-14900, 32 cores, 15G,  Windows 10 , 64 bit Build 26100 (10.0.26100.3775)
Time: Thu Apr 24 10:38:41 2025 India Standard Time elapsed time: 61551.491814 seconds (0d 17h 5m 51s)

---------------  T H R E A D  ---------------

Current thread (0x00000260c819b120):  JavaThread "http-nio-8081-exec-9" daemon [_thread_in_Java, id=2920, stack(0x0000006eaff00000,0x0000006eb0000000)]

Stack: [0x0000006eaff00000,0x0000006eb0000000],  sp=0x0000006eafffbe68,  free space=1007k
Native frames: (J=compiled Java code, j=interpreted, Vv=VM code, C=native code)
C  0x00000260a61f0830


siginfo: EXCEPTION_ACCESS_VIOLATION (0xc0000005), reading address 0x0000000000001308


Register to memory mapping:

RIP=0x00000260a61f0830 is at code_begin+272 in an Interpreter codelet
checkcast  192 checkcast  [0x00000260a61f0720, 0x00000260a61f0980]  608 bytes
RAX=0x0000000800424e58 is a pointer to class: 
javax.servlet.http.HttpServletRequest {0x0000000800424e60}
RBX=0x0 is NULL
RCX=0x00000260c9c40a48 is pointing into metadata
RDX=0x0000000000001300 is an unknown value
RSP=0x0000006eafffbe68 is pointing into the stack for thread: 0x00000260c819b120
RBP=0x0000006eafffbeb0 is pointing into the stack for thread: 0x00000260c819b120
RSI=0x0000000000000001 is an unknown value
RDI=0x0000006eafffc360 is pointing into the stack for thread: 0x00000260c819b120
R8 =0x0000006eafffc370 is pointing into the stack for thread: 0x00000260c819b120
R9 =0x0000000000000001 is an unknown value
R10=0x00007ffe220511c0 jvm.dll
R11=0x00000260a7bbe040 is at entry_point+32 in (nmethod*)0x00000260a7bbde90
R12=0x0 is NULL
R13=0x00000260c9c40cd4 is pointing into metadata
R14=0x0000006eafffbec0 is pointing into the stack for thread: 0x00000260c819b120
R15=0x00000260c819b120 is a thread


Registers:
RAX=0x0000000800424e58, RBX=0x0000000000000000, RCX=0x00000260c9c40a48, RDX=0x0000000000001300
RSP=0x0000006eafffbe68, RBP=0x0000006eafffbeb0, RSI=0x0000000000000001, RDI=0x0000006eafffc360
R8 =0x0000006eafffc370, R9 =0x0000000000000001, R10=0x00007ffe220511c0, R11=0x00000260a7bbe040
R12=0x0000000000000000, R13=0x00000260c9c40cd4, R14=0x0000006eafffbec0, R15=0x00000260c819b120
RIP=0x00000260a61f0830, EFLAGS=0x0000000000010246

Top of Stack: (sp=0x0000006eafffbe68)
0x0000006eafffbe68:   0000006eafffbe68 00000260c9c40cd1
0x0000006eafffbe78:   0000006eafffbec0 00000260c9c42d20
0x0000006eafffbe88:   00000260cb4a1840 0000000706e04080
0x0000006eafffbe98:   00000260c9c40cf0 0000000000000000
0x0000006eafffbea8:   0000006eafffbec0 0000006eafffbf10
0x0000006eafffbeb8:   00000260a61d9ee0 00000260c3730a18
0x0000006eafffbec8:   0000006eafffbec8 00000260c9c40ee1
0x0000006eafffbed8:   0000006eafffbf28 00000260c9c42d20
0x0000006eafffbee8:   00000260cb3107d8 0000000706e04080
0x0000006eafffbef8:   00000260c9c40f10 0000006eafffbec0
0x0000006eafffbf08:   0000006eafffbf20 0000006eafffc100
0x0000006eafffbf18:   00000260a61d0f90 000000070d3988d0
0x0000006eafffbf28:   00000260c3730a18 00007ffe21de7e28
0x0000006eafffbf38:   0000005000000000 0000000000000000
0x0000006eafffbf48:   0000000000000000 0000000000000000
0x0000006eafffbf58:   0000000000000000 0000000000000000 

Instructions: (pc=0x00000260a61f0830)
0x00000260a61f0730:   49 08 48 8b 49 08 48 8b 51 08 41 0f b7 5d 01 0f
0x00000260a61f0740:   cb c1 eb 10 80 7c 1a 04 07 0f 84 d0 00 00 00 50
0x00000260a61f0750:   e8 05 00 00 00 e9 aa 00 00 00 48 8d 44 24 08 4c
0x00000260a61f0760:   89 6d c0 49 8b cf c5 f8 77 49 89 af 18 03 00 00
0x00000260a61f0770:   49 89 87 08 03 00 00 48 83 ec 20 f7 c4 0f 00 00
0x00000260a61f0780:   00 0f 84 1a 00 00 00 48 83 ec 08 49 ba 00 c1 8e
0x00000260a61f0790:   21 fe 7f 00 00 41 ff d2 48 83 c4 08 e9 0d 00 00
0x00000260a61f07a0:   00 49 ba 00 c1 8e 21 fe 7f 00 00 41 ff d2 48 83
0x00000260a61f07b0:   c4 20 49 ba 00 00 00 00 00 00 00 00 4d 89 97 08
0x00000260a61f07c0:   03 00 00 49 ba 00 00 00 00 00 00 00 00 4d 89 97
0x00000260a61f07d0:   18 03 00 00 49 ba 00 00 00 00 00 00 00 00 4d 89
0x00000260a61f07e0:   97 10 03 00 00 c5 f8 77 49 81 7f 08 00 00 00 00
0x00000260a61f07f0:   0f 84 05 00 00 00 e9 85 06 fe ff 4c 8b 6d c0 4c
0x00000260a61f0800:   8b 75 c8 c3 49 8b 87 68 03 00 00 49 ba 00 00 00
0x00000260a61f0810:   00 00 00 00 00 4d 89 97 68 03 00 00 5a eb 11 48
0x00000260a61f0820:   8b d0 66 8b 5c d9 48 48 8b 49 28 48 8b 44 d9 08
0x00000260a61f0830:   8b 5a 08 49 ba 00 00 00 00 08 00 00 00 49 03 da
0x00000260a61f0840:   48 8b 4d d8 48 85 c9 0f 84 8a 00 00 00 48 8b 79
0x00000260a61f0850:   18 48 3b fb 0f 85 0f 00 00 00 48 83 41 20 01 48
0x00000260a61f0860:   83 59 20 00 e9 66 00 00 00 48 85 ff 0f 84 37 00
0x00000260a61f0870:   00 00 48 8b 79 28 48 3b fb 0f 85 0f 00 00 00 48
0x00000260a61f0880:   83 41 30 01 48 83 59 30 00 e9 41 00 00 00 48 85
0x00000260a61f0890:   ff 0f 85 38 00 00 00 48 89 59 28 bf 01 00 00 00
0x00000260a61f08a0:   48 89 79 30 e9 26 00 00 00 48 3b 59 28 0f 85 0f
0x00000260a61f08b0:   00 00 00 48 83 41 30 01 48 83 59 30 00 e9 0d 00
0x00000260a61f08c0:   00 00 48 89 59 18 bf 01 00 00 00 48 89 79 20 48
0x00000260a61f08d0:   83 c1 38 48 89 4d d8 48 3b d8 0f 84 5b 00 00 00
0x00000260a61f08e0:   8b 48 14 48 3b 04 0b 0f 84 4e 00 00 00 83 f9 20
0x00000260a61f08f0:   0f 85 22 00 00 00 50 48 8b c0 57 48 8b 7b 28 8b
0x00000260a61f0900:   0f 48 83 c7 08 48 85 c0 f2 48 af 5f 58 75 09 48
0x00000260a61f0910:   89 43 20 e9 23 00 00 00 48 8b 4d d8 48 85 c9 0f
0x00000260a61f0920:   84 10 00 00 00 48 83 41 d0 ff 0f 88 05 00 00 00 


Stack slot to memory mapping:
stack at sp + 0 slots: 0x0000006eafffbe68 is pointing into the stack for thread: 0x00000260c819b120
stack at sp + 1 slots: 0x00000260c9c40cd1 is pointing into metadata
stack at sp + 2 slots: 0x0000006eafffbec0 is pointing into the stack for thread: 0x00000260c819b120
stack at sp + 3 slots: 0x00000260c9c42d20 is pointing into metadata
stack at sp + 4 slots: 0x00000260cb4a1840 is pointing into metadata
stack at sp + 5 slots: 0x0000000706e04080 is an oop: java.lang.Class 
{0x0000000706e04080} - klass: 'java/lang/Class'
stack at sp + 6 slots: {method} {0x00000260c9c40cf8} '_getHttpServletRequest' '()Ljavax/servlet/http/HttpServletRequest;' in 'javax/servlet/http/HttpServletRequestWrapper'
stack at sp + 7 slots: 0x0 is NULL

checkcast  192 checkcast  [0x00000260a61f0720, 0x00000260a61f0980]  608 bytes
[MachCode]
  0x00000260a61f0720: 5848 85c0 | 0f84 1902 | 0000 488b | 4de8 488b | 4908 488b | 4908 488b | 5108 410f | b75d 010f 
  0x00000260a61f0740: cbc1 eb10 | 807c 1a04 | 070f 84d0 | 0000 0050 | e805 0000 | 00e9 aa00 | 0000 488d | 4424 084c 
  0x00000260a61f0760: 896d c049 | 8bcf c5f8 | 7749 89af | 1803 0000 | 4989 8708 | 0300 0048 | 83ec 20f7 | c40f 0000 
  0x00000260a61f0780: 000f 841a | 0000 0048 | 83ec 0849 | ba00 c18e | 21fe 7f00 | 0041 ffd2 | 4883 c408 | e90d 0000 
  0x00000260a61f07a0: 0049 ba00 | c18e 21fe | 7f00 0041 | ffd2 4883 | c420 49ba | 0000 0000 | 0000 0000 | 4d89 9708 
  0x00000260a61f07c0: 0300 0049 | ba00 0000 | 0000 0000 | 004d 8997 | 1803 0000 | 49ba 0000 | 0000 0000 | 0000 4d89 
  0x00000260a61f07e0: 9710 0300 | 00c5 f877 | 4981 7f08 | 0000 0000 | 0f84 0500 | 0000 e985 | 06fe ff4c | 8b6d c04c 
  0x00000260a61f0800: 8b75 c8c3 | 498b 8768 | 0300 0049 | ba00 0000 | 0000 0000 | 004d 8997 | 6803 0000 | 5aeb 1148 
  0x00000260a61f0820: 8bd0 668b | 5cd9 4848 | 8b49 2848 | 8b44 d908 | 8b5a 0849 | ba00 0000 | 0008 0000 | 0049 03da 
  0x00000260a61f0840: 488b 4dd8 | 4885 c90f | 848a 0000 | 0048 8b79 | 1848 3bfb | 0f85 0f00 | 0000 4883 | 4120 0148 
  0x00000260a61f0860: 8359 2000 | e966 0000 | 0048 85ff | 0f84 3700 | 0000 488b | 7928 483b | fb0f 850f | 0000 0048 
  0x00000260a61f0880: 8341 3001 | 4883 5930 | 00e9 4100 | 0000 4885 | ff0f 8538 | 0000 0048 | 8959 28bf | 0100 0000 
  0x00000260a61f08a0: 4889 7930 | e926 0000 | 0048 3b59 | 280f 850f | 0000 0048 | 8341 3001 | 4883 5930 | 00e9 0d00 
  0x00000260a61f08c0: 0000 4889 | 5918 bf01 | 0000 0048 | 8979 2048 | 83c1 3848 | 894d d848 | 3bd8 0f84 | 5b00 0000 
  0x00000260a61f08e0: 8b48 1448 | 3b04 0b0f | 844e 0000 | 0083 f920 | 0f85 2200 | 0000 5048 | 8bc0 5748 | 8b7b 288b 
  0x00000260a61f0900: 0f48 83c7 | 0848 85c0 | f248 af5f | 5875 0948 | 8943 20e9 | 2300 0000 | 488b 4dd8 | 4885 c90f 
  0x00000260a61f0920: 8410 0000 | 0048 8341 | d0ff 0f88 | 0500 0000 | 4883 41d0 | 0152 e962 | d1fe ff48 | 8bc2 e919 
  0x00000260a61f0940: 0000 0048 | 8b4d d848 | 85c9 0f84 | 0c00 0000 | 8049 0101 | 4883 c138 | 4889 4dd8 | 410f b65d 
  0x00000260a61f0960: 0349 83c5 | 0349 bac0 | 1105 22fe | 7f00 0041 | ff24 da0f | 1f44 0000 | 0000 0000 | 0000 0000 
[/MachCode]

---------------  P R O C E S S  ---------------

Threads class SMR info:
_java_thread_list=0x00000260c467ec20, length=34, elements={
0x00000260c3f5c130, 0x00000260c3f5f2c0, 0x00000260c3f76690, 0x00000260c3f77f60,
0x00000260c3f7cfd0, 0x00000260c3f9be50, 0x00000260c3fa0760, 0x00000260c3efa6c0,
0x00000260c418c4b0, 0x00000260c47e2010, 0x00000260c47cbd10, 0x00000260c47c09a0,
0x00000260c531b230, 0x00000260c531dd80, 0x00000260c531b700, 0x00000260c531a890,
0x00000260c531e720, 0x00000260c531ebf0, 0x00000260c531ff30, 0x00000260c531f0c0,
0x00000260c53208d0, 0x00000260c531d3e0, 0x00000260c5321270, 0x00000260c5321740,
0x00000260c5321c10, 0x00000260c53220e0, 0x00000260c819dc70, 0x00000260c819ce00,
0x00000260c819c930, 0x00000260c819b120, 0x00000260c819eae0, 0x00000260c819e140,
0x00000260c819e610, 0x00000260c819d7a0
}

Java Threads: ( => current thread )
  0x00000260c3f5c130 JavaThread "Reference Handler" daemon [_thread_blocked, id=22988, stack(0x0000006eacc00000,0x0000006eacd00000)]
  0x00000260c3f5f2c0 JavaThread "Finalizer" daemon [_thread_blocked, id=36788, stack(0x0000006eacd00000,0x0000006eace00000)]
  0x00000260c3f76690 JavaThread "Signal Dispatcher" daemon [_thread_blocked, id=37672, stack(0x0000006eace00000,0x0000006eacf00000)]
  0x00000260c3f77f60 JavaThread "Attach Listener" daemon [_thread_blocked, id=5112, stack(0x0000006eacf00000,0x0000006ead000000)]
  0x00000260c3f7cfd0 JavaThread "Service Thread" daemon [_thread_blocked, id=34648, stack(0x0000006ead000000,0x0000006ead100000)]
  0x00000260c3f9be50 JavaThread "C1 CompilerThread0" daemon [_thread_blocked, id=40924, stack(0x0000006ead100000,0x0000006ead200000)]
  0x00000260c3fa0760 JavaThread "Sweeper thread" daemon [_thread_blocked, id=26248, stack(0x0000006ead200000,0x0000006ead300000)]
  0x00000260c3efa6c0 JavaThread "Common-Cleaner" daemon [_thread_blocked, id=16356, stack(0x0000006ead300000,0x0000006ead400000)]
  0x00000260c418c4b0 JavaThread "Notification Thread" daemon [_thread_blocked, id=18868, stack(0x0000006ead400000,0x0000006ead500000)]
  0x00000260c47e2010 JavaThread "RMI TCP Accept-0" daemon [_thread_in_native, id=41196, stack(0x0000006ead500000,0x0000006ead600000)]
  0x00000260c47cbd10 JavaThread "RMI TCP Accept-49989" daemon [_thread_in_native, id=24968, stack(0x0000006ead600000,0x0000006ead700000)]
  0x00000260c47c09a0 JavaThread "RMI TCP Accept-0" daemon [_thread_in_native, id=33352, stack(0x0000006ead700000,0x0000006ead800000)]
  0x00000260c531b230 JavaThread "RMI Scheduler(0)" daemon [_thread_blocked, id=38104, stack(0x0000006eae100000,0x0000006eae200000)]
  0x00000260c531dd80 JavaThread "RMI TCP Connection(idle)" daemon [_thread_blocked, id=27640, stack(0x0000006eae200000,0x0000006eae300000)]
  0x00000260c531b700 JavaThread "JMX server connection timeout 35" daemon [_thread_blocked, id=20384, stack(0x0000006eae300000,0x0000006eae400000)]
  0x00000260c531a890 JavaThread "Catalina-utility-1" [_thread_blocked, id=15432, stack(0x0000006eae400000,0x0000006eae500000)]
  0x00000260c531e720 JavaThread "Catalina-utility-2" [_thread_blocked, id=37352, stack(0x0000006eaec00000,0x0000006eaed00000)]
  0x00000260c531ebf0 JavaThread "container-0" [_thread_blocked, id=36084, stack(0x0000006eaed00000,0x0000006eaee00000)]
  0x00000260c531ff30 JavaThread "mysql-cj-abandoned-connection-cleanup" daemon [_thread_blocked, id=40072, stack(0x0000006eaee00000,0x0000006eaef00000)]
  0x00000260c531f0c0 JavaThread "HikariPool-1 housekeeper" daemon [_thread_blocked, id=15176, stack(0x0000006eaf400000,0x0000006eaf500000)]
  0x00000260c53208d0 JavaThread "File Watcher" daemon [_thread_blocked, id=28956, stack(0x0000006eaf600000,0x0000006eaf700000)]
  0x00000260c531d3e0 JavaThread "http-nio-8081-exec-1" daemon [_thread_blocked, id=38400, stack(0x0000006eaf700000,0x0000006eaf800000)]
  0x00000260c5321270 JavaThread "http-nio-8081-exec-2" daemon [_thread_blocked, id=17192, stack(0x0000006eaf800000,0x0000006eaf900000)]
  0x00000260c5321740 JavaThread "http-nio-8081-exec-3" daemon [_thread_blocked, id=10916, stack(0x0000006eaf900000,0x0000006eafa00000)]
  0x00000260c5321c10 JavaThread "http-nio-8081-exec-4" daemon [_thread_blocked, id=34908, stack(0x0000006eafa00000,0x0000006eafb00000)]
  0x00000260c53220e0 JavaThread "http-nio-8081-exec-5" daemon [_thread_blocked, id=30828, stack(0x0000006eafb00000,0x0000006eafc00000)]
  0x00000260c819dc70 JavaThread "http-nio-8081-exec-6" daemon [_thread_blocked, id=38688, stack(0x0000006eafc00000,0x0000006eafd00000)]
  0x00000260c819ce00 JavaThread "http-nio-8081-exec-7" daemon [_thread_blocked, id=30188, stack(0x0000006eafd00000,0x0000006eafe00000)]
  0x00000260c819c930 JavaThread "http-nio-8081-exec-8" daemon [_thread_blocked, id=40984, stack(0x0000006eafe00000,0x0000006eaff00000)]
=>0x00000260c819b120 JavaThread "http-nio-8081-exec-9" daemon [_thread_in_Java, id=2920, stack(0x0000006eaff00000,0x0000006eb0000000)]
  0x00000260c819eae0 JavaThread "http-nio-8081-exec-10" daemon [_thread_blocked, id=34056, stack(0x0000006eb0000000,0x0000006eb0100000)]
  0x00000260c819e140 JavaThread "http-nio-8081-Poller" daemon [_thread_in_native, id=3764, stack(0x0000006eb0100000,0x0000006eb0200000)]
  0x00000260c819e610 JavaThread "http-nio-8081-Acceptor" daemon [_thread_in_native, id=20748, stack(0x0000006eb0200000,0x0000006eb0300000)]
  0x00000260c819d7a0 JavaThread "DestroyJavaVM" [_thread_blocked, id=37368, stack(0x0000006eac500000,0x0000006eac600000)]

Other Threads:
  0x00000260c3f35310 VMThread "VM Thread" [stack: 0x0000006eacb00000,0x0000006eacc00000] [id=31228]
  0x00000260a28211d0 WatcherThread [stack: 0x0000006ead800000,0x0000006ead900000] [id=29564]
  0x00000260a2874d80 GCTaskThread "GC Thread#0" [stack: 0x0000006eac600000,0x0000006eac700000] [id=20740]
  0x00000260c4646060 GCTaskThread "GC Thread#1" [stack: 0x0000006ead900000,0x0000006eada00000] [id=16148]
  0x00000260c46466c0 GCTaskThread "GC Thread#2" [stack: 0x0000006eada00000,0x0000006eadb00000] [id=14296]
  0x00000260c46479e0 GCTaskThread "GC Thread#3" [stack: 0x0000006eadb00000,0x0000006eadc00000] [id=15676]
  0x00000260c4648370 GCTaskThread "GC Thread#4" [stack: 0x0000006eadc00000,0x0000006eadd00000] [id=41540]
  0x00000260c4646d20 GCTaskThread "GC Thread#5" [stack: 0x0000006eadd00000,0x0000006eade00000] [id=31296]
  0x00000260c46469f0 GCTaskThread "GC Thread#6" [stack: 0x0000006eae500000,0x0000006eae600000] [id=30324]
  0x00000260c4648040 GCTaskThread "GC Thread#7" [stack: 0x0000006eae600000,0x0000006eae700000] [id=2952]
  0x00000260c5880ae0 GCTaskThread "GC Thread#8" [stack: 0x0000006eaef00000,0x0000006eaf000000] [id=25620]
  0x00000260c587db10 GCTaskThread "GC Thread#9" [stack: 0x0000006eaf000000,0x0000006eaf100000] [id=41804]
  0x00000260c587de40 GCTaskThread "GC Thread#10" [stack: 0x0000006eaf100000,0x0000006eaf200000] [id=29084]
  0x00000260c587fe20 GCTaskThread "GC Thread#11" [stack: 0x0000006eaf200000,0x0000006eaf300000] [id=21736]
  0x00000260a2889f90 ConcurrentGCThread "G1 Main Marker" [stack: 0x0000006eac700000,0x0000006eac800000] [id=11892]
  0x00000260a288a6d0 ConcurrentGCThread "G1 Conc#0" [stack: 0x0000006eac800000,0x0000006eac900000] [id=38252]
  0x00000260c4647380 ConcurrentGCThread "G1 Conc#1" [stack: 0x0000006eae700000,0x0000006eae800000] [id=38812]
  0x00000260c46476b0 ConcurrentGCThread "G1 Conc#2" [stack: 0x0000006eae800000,0x0000006eae900000] [id=33180]
  0x00000260c46489d0 ConcurrentGCThread "G1 Conc#3" [stack: 0x0000006eae900000,0x0000006eaea00000] [id=27952]
  0x00000260c4645070 ConcurrentGCThread "G1 Conc#4" [stack: 0x0000006eaea00000,0x0000006eaeb00000] [id=30980]
  0x00000260c46456d0 ConcurrentGCThread "G1 Conc#5" [stack: 0x0000006eaeb00000,0x0000006eaec00000] [id=14396]
  0x00000260bfc924e0 ConcurrentGCThread "G1 Refine#0" [stack: 0x0000006eac900000,0x0000006eaca00000] [id=37936]
  0x00000260bfc94c50 ConcurrentGCThread "G1 Young RemSet Sampling" [stack: 0x0000006eaca00000,0x0000006eacb00000] [id=26460]

Threads with active compile tasks:

VM state: not at safepoint (normal execution)

VM Mutex/Monitor currently owned by a thread: None

Heap address: 0x0000000704e00000, size: 4018 MB, Compressed Oops mode: Zero based, Oop shift amount: 3
CDS disabled.
Compressed class space mapped at: 0x0000000800000000-0x0000000840000000, size: 1073741824
Narrow klass base: 0x0000000800000000, Narrow klass shift: 0, Narrow klass range: 0x40000000

GC Precious Log:
 CPUs: 32 total, 32 available
 Memory: 16070M
 Large Page Support: Disabled
 NUMA Support: Disabled
 Compressed Oops: Enabled (Zero based)
 Heap Region Size: 2M
 Heap Min Capacity: 8M
 Heap Initial Capacity: 252M
 Heap Max Capacity: 4018M
 Pre-touch: Disabled
 Parallel Workers: 23
 Concurrent Workers: 6
 Concurrent Refinement Workers: 23
 Periodic GC: Disabled

Heap:
 garbage-first heap   total 122880K, used 35951K [0x0000000704e00000, 0x0000000800000000)
  region size 2048K, 4 young (8192K), 1 survivors (2048K)
 Metaspace       used 73937K, capacity 74644K, committed 74752K, reserved 1114112K
  class space    used 9179K, capacity 9381K, committed 9472K, reserved 1048576K

Heap Regions: E=young(eden), S=young(survivor), O=old, HS=humongous(starts), HC=humongous(continues), CS=collection set, F=free, OA=open archive, CA=closed archive, TAMS=top-at-mark-start (previous, next)
|   0|0x0000000704e00000, 0x0000000705000000, 0x0000000705000000|100%| O|  |TAMS 0x0000000705000000, 0x0000000704e00000| Untracked 
|   1|0x0000000705000000, 0x0000000705200000, 0x0000000705200000|100%| O|  |TAMS 0x0000000705200000, 0x0000000705000000| Untracked 
|   2|0x0000000705200000, 0x0000000705400000, 0x0000000705400000|100%| O|  |TAMS 0x0000000705400000, 0x0000000705200000| Untracked 
|   3|0x0000000705400000, 0x000000070542cc00, 0x0000000705600000|  8%| O|  |TAMS 0x000000070542cc00, 0x0000000705400000| Untracked 
|   4|0x0000000705600000, 0x0000000705800000, 0x0000000705800000|100%| O|  |TAMS 0x0000000705800000, 0x0000000705600000| Untracked 
|   5|0x0000000705800000, 0x0000000705a00000, 0x0000000705a00000|100%| O|  |TAMS 0x0000000705a00000, 0x0000000705800000| Untracked 
|   6|0x0000000705a00000, 0x0000000705c00000, 0x0000000705c00000|100%| O|  |TAMS 0x0000000705c00000, 0x0000000705a00000| Untracked 
|   7|0x0000000705c00000, 0x0000000705e00000, 0x0000000705e00000|100%| O|  |TAMS 0x0000000705e00000, 0x0000000705c00000| Untracked 
|   8|0x0000000705e00000, 0x0000000706000000, 0x0000000706000000|100%| O|  |TAMS 0x0000000705e00000, 0x0000000705e00000| Untracked 
|   9|0x0000000706000000, 0x0000000706200000, 0x0000000706200000|100%| O|  |TAMS 0x0000000706000000, 0x0000000706000000| Untracked 
|  10|0x0000000706200000, 0x0000000706232400, 0x0000000706400000|  9%| O|  |TAMS 0x0000000706200000, 0x0000000706200000| Untracked 
|  11|0x0000000706400000, 0x0000000706600000, 0x0000000706600000|100%| O|  |TAMS 0x0000000706400000, 0x0000000706400000| Untracked 
|  12|0x0000000706600000, 0x0000000706800000, 0x0000000706800000|100%| O|  |TAMS 0x0000000706600000, 0x0000000706600000| Untracked 
|  13|0x0000000706800000, 0x0000000706a00000, 0x0000000706a00000|100%| O|  |TAMS 0x0000000706800000, 0x0000000706800000| Untracked 
|  14|0x0000000706a00000, 0x0000000706c00000, 0x0000000706c00000|100%| O|  |TAMS 0x0000000706a00000, 0x0000000706a00000| Untracked 
|  15|0x0000000706c00000, 0x0000000706e00000, 0x0000000706e00000|100%| O|  |TAMS 0x0000000706c00000, 0x0000000706c00000| Untracked 
|  16|0x0000000706e00000, 0x0000000706f71c00, 0x0000000707000000| 72%| O|  |TAMS 0x0000000706e00000, 0x0000000706e00000| Untracked 
|  17|0x0000000707000000, 0x0000000707000000, 0x0000000707200000|  0%| F|  |TAMS 0x0000000707000000, 0x0000000707000000| Untracked 
|  18|0x0000000707200000, 0x0000000707200000, 0x0000000707400000|  0%| F|  |TAMS 0x0000000707200000, 0x0000000707200000| Untracked 
|  19|0x0000000707400000, 0x0000000707400000, 0x0000000707600000|  0%| F|  |TAMS 0x0000000707400000, 0x0000000707400000| Untracked 
|  20|0x0000000707600000, 0x0000000707600000, 0x0000000707800000|  0%| F|  |TAMS 0x0000000707600000, 0x0000000707600000| Untracked 
|  21|0x0000000707800000, 0x0000000707800000, 0x0000000707a00000|  0%| F|  |TAMS 0x0000000707800000, 0x0000000707800000| Untracked 
|  22|0x0000000707a00000, 0x0000000707a00000, 0x0000000707c00000|  0%| F|  |TAMS 0x0000000707a00000, 0x0000000707a00000| Untracked 
|  23|0x0000000707c00000, 0x0000000707c00000, 0x0000000707e00000|  0%| F|  |TAMS 0x0000000707c00000, 0x0000000707c00000| Untracked 
|  24|0x0000000707e00000, 0x0000000707f4b108, 0x0000000708000000| 64%| S|CS|TAMS 0x0000000707e00000, 0x0000000707e00000| Complete 
|  25|0x0000000708000000, 0x0000000708000000, 0x0000000708200000|  0%| F|  |TAMS 0x0000000708000000, 0x0000000708000000| Untracked 
|  26|0x0000000708200000, 0x0000000708200000, 0x0000000708400000|  0%| F|  |TAMS 0x0000000708200000, 0x0000000708200000| Untracked 
|  27|0x0000000708400000, 0x0000000708400000, 0x0000000708600000|  0%| F|  |TAMS 0x0000000708400000, 0x0000000708400000| Untracked 
|  28|0x0000000708600000, 0x0000000708600000, 0x0000000708800000|  0%| F|  |TAMS 0x0000000708600000, 0x0000000708600000| Untracked 
|  29|0x0000000708800000, 0x0000000708800000, 0x0000000708a00000|  0%| F|  |TAMS 0x0000000708800000, 0x0000000708800000| Untracked 
|  30|0x0000000708a00000, 0x0000000708a00000, 0x0000000708c00000|  0%| F|  |TAMS 0x0000000708a00000, 0x0000000708a00000| Untracked 
|  31|0x0000000708c00000, 0x0000000708c00000, 0x0000000708e00000|  0%| F|  |TAMS 0x0000000708c00000, 0x0000000708c00000| Untracked 
|  32|0x0000000708e00000, 0x0000000708e00000, 0x0000000709000000|  0%| F|  |TAMS 0x0000000708e00000, 0x0000000708e00000| Untracked 
|  33|0x0000000709000000, 0x0000000709000000, 0x0000000709200000|  0%| F|  |TAMS 0x0000000709000000, 0x0000000709000000| Untracked 
|  34|0x0000000709200000, 0x0000000709200000, 0x0000000709400000|  0%| F|  |TAMS 0x0000000709200000, 0x0000000709200000| Untracked 
|  35|0x0000000709400000, 0x0000000709400000, 0x0000000709600000|  0%| F|  |TAMS 0x0000000709400000, 0x0000000709400000| Untracked 
|  36|0x0000000709600000, 0x0000000709600000, 0x0000000709800000|  0%| F|  |TAMS 0x0000000709600000, 0x0000000709600000| Untracked 
|  37|0x0000000709800000, 0x0000000709800000, 0x0000000709a00000|  0%| F|  |TAMS 0x0000000709800000, 0x0000000709800000| Untracked 
|  38|0x0000000709a00000, 0x0000000709a00000, 0x0000000709c00000|  0%| F|  |TAMS 0x0000000709a00000, 0x0000000709a00000| Untracked 
|  39|0x0000000709c00000, 0x0000000709c00000, 0x0000000709e00000|  0%| F|  |TAMS 0x0000000709c00000, 0x0000000709c00000| Untracked 
|  40|0x0000000709e00000, 0x0000000709e00000, 0x000000070a000000|  0%| F|  |TAMS 0x0000000709e00000, 0x0000000709e00000| Untracked 
|  41|0x000000070a000000, 0x000000070a000000, 0x000000070a200000|  0%| F|  |TAMS 0x000000070a000000, 0x000000070a000000| Untracked 
|  42|0x000000070a200000, 0x000000070a200000, 0x000000070a400000|  0%| F|  |TAMS 0x000000070a200000, 0x000000070a200000| Untracked 
|  43|0x000000070a400000, 0x000000070a400000, 0x000000070a600000|  0%| F|  |TAMS 0x000000070a400000, 0x000000070a400000| Untracked 
|  44|0x000000070a600000, 0x000000070a600000, 0x000000070a800000|  0%| F|  |TAMS 0x000000070a600000, 0x000000070a600000| Untracked 
|  45|0x000000070a800000, 0x000000070a800000, 0x000000070aa00000|  0%| F|  |TAMS 0x000000070a800000, 0x000000070a800000| Untracked 
|  46|0x000000070aa00000, 0x000000070aa00000, 0x000000070ac00000|  0%| F|  |TAMS 0x000000070aa00000, 0x000000070aa00000| Untracked 
|  47|0x000000070ac00000, 0x000000070ac00000, 0x000000070ae00000|  0%| F|  |TAMS 0x000000070ac00000, 0x000000070ac00000| Untracked 
|  48|0x000000070ae00000, 0x000000070ae00000, 0x000000070b000000|  0%| F|  |TAMS 0x000000070ae00000, 0x000000070ae00000| Untracked 
|  49|0x000000070b000000, 0x000000070b000000, 0x000000070b200000|  0%| F|  |TAMS 0x000000070b000000, 0x000000070b000000| Untracked 
|  50|0x000000070b200000, 0x000000070b200000, 0x000000070b400000|  0%| F|  |TAMS 0x000000070b200000, 0x000000070b200000| Untracked 
|  51|0x000000070b400000, 0x000000070b400000, 0x000000070b600000|  0%| F|  |TAMS 0x000000070b400000, 0x000000070b400000| Untracked 
|  52|0x000000070b600000, 0x000000070b600000, 0x000000070b800000|  0%| F|  |TAMS 0x000000070b600000, 0x000000070b600000| Untracked 
|  53|0x000000070b800000, 0x000000070b800000, 0x000000070ba00000|  0%| F|  |TAMS 0x000000070b800000, 0x000000070b800000| Untracked 
|  54|0x000000070ba00000, 0x000000070ba00000, 0x000000070bc00000|  0%| F|  |TAMS 0x000000070ba00000, 0x000000070ba00000| Untracked 
|  55|0x000000070bc00000, 0x000000070bc00000, 0x000000070be00000|  0%| F|  |TAMS 0x000000070bc00000, 0x000000070bc00000| Untracked 
|  65|0x000000070d000000, 0x000000070d000000, 0x000000070d200000|  0%| F|  |TAMS 0x000000070d000000, 0x000000070d000000| Untracked 
|  66|0x000000070d200000, 0x000000070d3b6620, 0x000000070d400000| 85%| E|  |TAMS 0x000000070d200000, 0x000000070d200000| Complete 
|  67|0x000000070d400000, 0x000000070d600000, 0x000000070d600000|100%| E|CS|TAMS 0x000000070d400000, 0x000000070d400000| Complete 
| 125|0x0000000714800000, 0x0000000714a00000, 0x0000000714a00000|100%| E|CS|TAMS 0x0000000714800000, 0x0000000714800000| Complete 

Card table byte_map: [0x00000260b6cd0000,0x00000260b74b0000] _byte_map_base: 0x00000260b34a9000

Marking Bits (Prev, Next): (CMBitMap*) 0x00000260a2876470, (CMBitMap*) 0x00000260a2876430
 Prev Bits: [0x00000260bbb60000, 0x00000260bfa28000)
 Next Bits: [0x00000260b7c90000, 0x00000260bbb58000)

Polling page: 0x00000260a0770000

Metaspace:

Usage:
  Non-class:     63.73 MB capacity,    63.24 MB (>99%) used,   412.66 KB ( <1%) free+waste,    92.50 KB ( <1%) overhead. 
      Class:      9.16 MB capacity,     8.96 MB ( 98%) used,   167.66 KB (  2%) free+waste,    34.06 KB ( <1%) overhead. 
       Both:     72.89 MB capacity,    72.20 MB (>99%) used,   580.32 KB ( <1%) free+waste,   126.56 KB ( <1%) overhead. 

Virtual space:
  Non-class space:       64.00 MB reserved,      63.75 MB (>99%) committed 
      Class space:        1.00 GB reserved,       9.25 MB ( <1%) committed 
             Both:        1.06 GB reserved,      73.00 MB (  7%) committed 

Chunk freelists:
   Non-Class:  17.00 KB
       Class:  1.00 KB
        Both:  18.00 KB

MaxMetaspaceSize: 17179869184.00 GB
CompressedClassSpaceSize: 1.00 GB

CodeHeap 'non-profiled nmethods': size=232192Kb used=13269Kb max_used=13269Kb free=218923Kb
 bounds [0x00000260a6f10000, 0x00000260a7c10000, 0x00000260b51d0000]
CodeHeap 'non-nmethods': size=13568Kb used=1341Kb max_used=1341Kb free=12227Kb
 bounds [0x00000260a61d0000, 0x00000260a6440000, 0x00000260a6f10000]
 total_blobs=7872 nmethods=7230 adapters=568
 compilation: enabled
              stopped_count=0, restarted_count=0
 full_count=0

Compilation events (20 events):
Event: 61544.106 Thread 0x00000260c3f9be50 nmethod 7239 0x00000260a7bff810 code [0x00000260a7bff9a0, 0x00000260a7bffa38]
Event: 61544.112 Thread 0x00000260c3f9be50 7240       1       java.util.Calendar::getDisplayName (165 bytes)
Event: 61544.113 Thread 0x00000260c3f9be50 nmethod 7240 0x00000260a7bffb10 code [0x00000260a7bffd20, 0x00000260a7c00208]
Event: 61544.113 Thread 0x00000260c3f9be50 7241       1       java.util.Calendar::checkDisplayNameParams (67 bytes)
Event: 61544.113 Thread 0x00000260c3f9be50 nmethod 7241 0x00000260a7c00510 code [0x00000260a7c006c0, 0x00000260a7c00978]
Event: 61551.470 Thread 0x00000260c3f9be50 7242       1       org.apache.coyote.http11.Http11InputBuffer::parseHeader (984 bytes)
Event: 61551.472 Thread 0x00000260c3f9be50 nmethod 7242 0x00000260a7c00b10 code [0x00000260a7c00f00, 0x00000260a7c022d8]
Event: 61551.472 Thread 0x00000260c3f9be50 7243       1       org.apache.tomcat.util.buf.ByteChunk::setBytes (31 bytes)
Event: 61551.472 Thread 0x00000260c3f9be50 nmethod 7243 0x00000260a7c02e90 code [0x00000260a7c03020, 0x00000260a7c03138]
Event: 61551.472 Thread 0x00000260c3f9be50 7244       1       org.apache.tomcat.util.http.parser.Cookie$ByteBuffer::hasRemaining (17 bytes)
Event: 61551.472 Thread 0x00000260c3f9be50 nmethod 7244 0x00000260a7c03190 code [0x00000260a7c03320, 0x00000260a7c033f8]
Event: 61551.472 Thread 0x00000260c3f9be50 7245       1       org.apache.catalina.connector.Request::getContext (8 bytes)
Event: 61551.473 Thread 0x00000260c3f9be50 nmethod 7245 0x00000260a7c03490 code [0x00000260a7c03620, 0x00000260a7c036f8]
Event: 61551.473 Thread 0x00000260c3f9be50 7248       1       org.springframework.core.MethodParameter::clone (9 bytes)
Event: 61551.473 Thread 0x00000260c3f9be50 nmethod 7248 0x00000260a7c03790 code [0x00000260a7c03920, 0x00000260a7c03a68]
Event: 61551.473 Thread 0x00000260c3f9be50 7247       1       org.apache.tomcat.util.buf.MessageBytes::toString (79 bytes)
Event: 61551.474 Thread 0x00000260c3f9be50 nmethod 7247 0x00000260a7c03b10 code [0x00000260a7c03cc0, 0x00000260a7c03fb8]
Event: 61551.474 Thread 0x00000260c3f9be50 7246       1       org.apache.coyote.Request::method (5 bytes)
Event: 61551.474 Thread 0x00000260c3f9be50 nmethod 7246 0x00000260a7c04110 code [0x00000260a7c042a0, 0x00000260a7c04358]
Event: 61551.474 Thread 0x00000260c3f9be50 7250       1       java.util.concurrent.ConcurrentLinkedDeque::skipDeletedPredecessors (87 bytes)

GC Heap History (20 events):
Event: 27803.674 GC heap before
{Heap before GC invocations=29 (full 0):
 garbage-first heap   total 122880K, used 99223K [0x0000000704e00000, 0x0000000800000000)
  region size 2048K, 35 young (71680K), 2 survivors (4096K)
 Metaspace       used 73910K, capacity 74570K, committed 74752K, reserved 1114112K
  class space    used 9175K, capacity 9379K, committed 9472K, reserved 1048576K
}
Event: 27803.688 GC heap after
{Heap after GC invocations=30 (full 0):
 garbage-first heap   total 122880K, used 31616K [0x0000000704e00000, 0x0000000800000000)
  region size 2048K, 2 young (4096K), 2 survivors (4096K)
 Metaspace       used 73910K, capacity 74570K, committed 74752K, reserved 1114112K
  class space    used 9175K, capacity 9379K, committed 9472K, reserved 1048576K
}
Event: 31604.646 GC heap before
{Heap before GC invocations=30 (full 0):
 garbage-first heap   total 122880K, used 101248K [0x0000000704e00000, 0x0000000800000000)
  region size 2048K, 36 young (73728K), 2 survivors (4096K)
 Metaspace       used 73910K, capacity 74570K, committed 74752K, reserved 1114112K
  class space    used 9175K, capacity 9379K, committed 9472K, reserved 1048576K
}
Event: 31604.664 GC heap after
{Heap after GC invocations=31 (full 0):
 garbage-first heap   total 122880K, used 31286K [0x0000000704e00000, 0x0000000800000000)
  region size 2048K, 2 young (4096K), 2 survivors (4096K)
 Metaspace       used 73910K, capacity 74570K, committed 74752K, reserved 1114112K
  class space    used 9175K, capacity 9379K, committed 9472K, reserved 1048576K
}
Event: 35401.267 GC heap before
{Heap before GC invocations=31 (full 0):
 garbage-first heap   total 122880K, used 100918K [0x0000000704e00000, 0x0000000800000000)
  region size 2048K, 36 young (73728K), 2 survivors (4096K)
 Metaspace       used 73910K, capacity 74570K, committed 74752K, reserved 1114112K
  class space    used 9175K, capacity 9379K, committed 9472K, reserved 1048576K
}
Event: 35401.285 GC heap after
{Heap after GC invocations=32 (full 0):
 garbage-first heap   total 122880K, used 31649K [0x0000000704e00000, 0x0000000800000000)
  region size 2048K, 2 young (4096K), 2 survivors (4096K)
 Metaspace       used 73910K, capacity 74570K, committed 74752K, reserved 1114112K
  class space    used 9175K, capacity 9379K, committed 9472K, reserved 1048576K
}
Event: 39116.200 GC heap before
{Heap before GC invocations=32 (full 0):
 garbage-first heap   total 122880K, used 101281K [0x0000000704e00000, 0x0000000800000000)
  region size 2048K, 36 young (73728K), 2 survivors (4096K)
 Metaspace       used 73910K, capacity 74570K, committed 74752K, reserved 1114112K
  class space    used 9175K, capacity 9379K, committed 9472K, reserved 1048576K
}
Event: 39116.213 GC heap after
{Heap after GC invocations=33 (full 0):
 garbage-first heap   total 122880K, used 31701K [0x0000000704e00000, 0x0000000800000000)
  region size 2048K, 2 young (4096K), 2 survivors (4096K)
 Metaspace       used 73910K, capacity 74570K, committed 74752K, reserved 1114112K
  class space    used 9175K, capacity 9379K, committed 9472K, reserved 1048576K
}
Event: 42877.126 GC heap before
{Heap before GC invocations=33 (full 0):
 garbage-first heap   total 122880K, used 101333K [0x0000000704e00000, 0x0000000800000000)
  region size 2048K, 36 young (73728K), 2 survivors (4096K)
 Metaspace       used 73910K, capacity 74570K, committed 74752K, reserved 1114112K
  class space    used 9175K, capacity 9379K, committed 9472K, reserved 1048576K
}
Event: 42877.150 GC heap after
{Heap after GC invocations=34 (full 0):
 garbage-first heap   total 122880K, used 31708K [0x0000000704e00000, 0x0000000800000000)
  region size 2048K, 2 young (4096K), 2 survivors (4096K)
 Metaspace       used 73910K, capacity 74570K, committed 74752K, reserved 1114112K
  class space    used 9175K, capacity 9379K, committed 9472K, reserved 1048576K
}
Event: 46672.319 GC heap before
{Heap before GC invocations=34 (full 0):
 garbage-first heap   total 122880K, used 101340K [0x0000000704e00000, 0x0000000800000000)
  region size 2048K, 36 young (73728K), 2 survivors (4096K)
 Metaspace       used 73910K, capacity 74570K, committed 74752K, reserved 1114112K
  class space    used 9175K, capacity 9379K, committed 9472K, reserved 1048576K
}
Event: 46672.330 GC heap after
{Heap after GC invocations=35 (full 0):
 garbage-first heap   total 122880K, used 31527K [0x0000000704e00000, 0x0000000800000000)
  region size 2048K, 2 young (4096K), 2 survivors (4096K)
 Metaspace       used 73910K, capacity 74570K, committed 74752K, reserved 1114112K
  class space    used 9175K, capacity 9379K, committed 9472K, reserved 1048576K
}
Event: 50440.970 GC heap before
{Heap before GC invocations=35 (full 0):
 garbage-first heap   total 122880K, used 101159K [0x0000000704e00000, 0x0000000800000000)
  region size 2048K, 36 young (73728K), 2 survivors (4096K)
 Metaspace       used 73910K, capacity 74570K, committed 74752K, reserved 1114112K
  class space    used 9175K, capacity 9379K, committed 9472K, reserved 1048576K
}
Event: 50440.979 GC heap after
{Heap after GC invocations=36 (full 0):
 garbage-first heap   total 122880K, used 31360K [0x0000000704e00000, 0x0000000800000000)
  region size 2048K, 2 young (4096K), 2 survivors (4096K)
 Metaspace       used 73910K, capacity 74570K, committed 74752K, reserved 1114112K
  class space    used 9175K, capacity 9379K, committed 9472K, reserved 1048576K
}
Event: 54195.331 GC heap before
{Heap before GC invocations=36 (full 0):
 garbage-first heap   total 122880K, used 100992K [0x0000000704e00000, 0x0000000800000000)
  region size 2048K, 36 young (73728K), 2 survivors (4096K)
 Metaspace       used 73910K, capacity 74570K, committed 74752K, reserved 1114112K
  class space    used 9175K, capacity 9379K, committed 9472K, reserved 1048576K
}
Event: 54195.342 GC heap after
{Heap after GC invocations=37 (full 0):
 garbage-first heap   total 122880K, used 31584K [0x0000000704e00000, 0x0000000800000000)
  region size 2048K, 1 young (2048K), 1 survivors (2048K)
 Metaspace       used 73910K, capacity 74570K, committed 74752K, reserved 1114112K
  class space    used 9175K, capacity 9379K, committed 9472K, reserved 1048576K
}
Event: 57948.216 GC heap before
{Heap before GC invocations=37 (full 0):
 garbage-first heap   total 122880K, used 101216K [0x0000000704e00000, 0x0000000800000000)
  region size 2048K, 35 young (71680K), 1 survivors (2048K)
 Metaspace       used 73910K, capacity 74570K, committed 74752K, reserved 1114112K
  class space    used 9175K, capacity 9379K, committed 9472K, reserved 1048576K
}
Event: 57948.234 GC heap after
{Heap after GC invocations=38 (full 0):
 garbage-first heap   total 122880K, used 31593K [0x0000000704e00000, 0x0000000800000000)
  region size 2048K, 1 young (2048K), 1 survivors (2048K)
 Metaspace       used 73910K, capacity 74570K, committed 74752K, reserved 1114112K
  class space    used 9175K, capacity 9379K, committed 9472K, reserved 1048576K
}
Event: 61543.983 GC heap before
{Heap before GC invocations=38 (full 0):
 garbage-first heap   total 122880K, used 99177K [0x0000000704e00000, 0x0000000800000000)
  region size 2048K, 35 young (71680K), 1 survivors (2048K)
 Metaspace       used 73929K, capacity 74634K, committed 74752K, reserved 1114112K
  class space    used 9178K, capacity 9379K, committed 9472K, reserved 1048576K
}
Event: 61543.992 GC heap after
{Heap after GC invocations=39 (full 0):
 garbage-first heap   total 122880K, used 31855K [0x0000000704e00000, 0x0000000800000000)
  region size 2048K, 1 young (2048K), 1 survivors (2048K)
 Metaspace       used 73929K, capacity 74634K, committed 74752K, reserved 1114112K
  class space    used 9178K, capacity 9379K, committed 9472K, reserved 1048576K
}

Deoptimization events (8 events):
Event: 1.519 Thread 0x00000260c51af990 DEOPT PACKING pc=0x00000260a7241a7c sp=0x0000006eadffca50
Event: 1.519 Thread 0x00000260c51af990 DEOPT UNPACKING pc=0x00000260a621e23f sp=0x0000006eadffbfa8 mode 0
Event: 2.197 Thread 0x00000260c531a890 DEOPT PACKING pc=0x00000260a718d828 sp=0x0000006eae4fef10
Event: 2.197 Thread 0x00000260c531a890 DEOPT UNPACKING pc=0x00000260a621e23f sp=0x0000006eae4fe378 mode 3
Event: 3.122 Thread 0x00000260c51af990 DEOPT PACKING pc=0x00000260a71940c9 sp=0x0000006eadffcec0
Event: 3.122 Thread 0x00000260c51af990 DEOPT UNPACKING pc=0x00000260a621e23f sp=0x0000006eadffc3d8 mode 3
Event: 23.902 Thread 0x00000260c5321740 DEOPT PACKING pc=0x00000260a7075964 sp=0x0000006eaf9fba90
Event: 23.902 Thread 0x00000260c5321740 DEOPT UNPACKING pc=0x00000260a621e23f sp=0x0000006eaf9fafe8 mode 0

Classes unloaded (0 events):
No events

Classes redefined (0 events):
No events

Internal exceptions (20 events):
Event: 18.760 Thread 0x00000260c531d3e0 Exception <a 'java/lang/ClassNotFoundException'{0x000000070b595888}: org/springframework/web/servlet/tags/form/AbstractSingleCheckedElementTagBeanInfo> (0x000000070b595888) 
thrown [./open/src/hotspot/share/classfile/systemDictionary.cpp, line 295]
Event: 18.760 Thread 0x00000260c531d3e0 Exception <a 'java/lang/ClassNotFoundException'{0x000000070b59e9d8}: org/springframework/web/servlet/tags/form/AbstractCheckedElementTagBeanInfo> (0x000000070b59e9d8) 
thrown [./open/src/hotspot/share/classfile/systemDictionary.cpp, line 295]
Event: 18.763 Thread 0x00000260c531d3e0 Exception <a 'java/lang/ClassNotFoundException'{0x000000070b5a7878}: org/springframework/web/servlet/tags/form/AbstractCheckedElementTagCustomizer> (0x000000070b5a7878) 
thrown [./open/src/hotspot/share/classfile/systemDictionary.cpp, line 295]
Event: 18.764 Thread 0x00000260c531d3e0 Exception <a 'java/lang/ClassNotFoundException'{0x000000070b5b6910}: org/springframework/web/servlet/tags/form/AbstractSingleCheckedElementTagCustomizer> (0x000000070b5b6910) 
thrown [./open/src/hotspot/share/classfile/systemDictionary.cpp, line 295]
Event: 18.765 Thread 0x00000260c531d3e0 Exception <a 'java/lang/ClassNotFoundException'{0x000000070b5c6900}: org/springframework/web/servlet/tags/form/RadioButtonTagCustomizer> (0x000000070b5c6900) 
thrown [./open/src/hotspot/share/classfile/systemDictionary.cpp, line 295]
Event: 18.766 Thread 0x00000260c531d3e0 Exception <a 'java/lang/ClassNotFoundException'{0x000000070b206038}: org/apache/taglibs/standard/tag/rt/core/IfTagBeanInfo> (0x000000070b206038) 
thrown [./open/src/hotspot/share/classfile/systemDictionary.cpp, line 295]
Event: 18.767 Thread 0x00000260c531d3e0 Exception <a 'java/lang/ClassNotFoundException'{0x000000070b20def0}: javax/servlet/jsp/jstl/core/ConditionalTagSupportBeanInfo> (0x000000070b20def0) 
thrown [./open/src/hotspot/share/classfile/systemDictionary.cpp, line 295]
Event: 18.767 Thread 0x00000260c531d3e0 Exception <a 'java/lang/ClassNotFoundException'{0x000000070b215e80}: javax/servlet/jsp/jstl/core/ConditionalTagSupportCustomizer> (0x000000070b215e80) 
thrown [./open/src/hotspot/share/classfile/systemDictionary.cpp, line 295]
Event: 18.768 Thread 0x00000260c531d3e0 Exception <a 'java/lang/ClassNotFoundException'{0x000000070b2236d8}: org/apache/taglibs/standard/tag/rt/core/IfTagCustomizer> (0x000000070b2236d8) 
thrown [./open/src/hotspot/share/classfile/systemDictionary.cpp, line 295]
Event: 19.085 Thread 0x00000260c531d3e0 Exception <a 'java/lang/ArrayIndexOutOfBoundsException'{0x0000000709d4ad08}: Index 50175 out of bounds for length 50175> (0x0000000709d4ad08) 
thrown [./open/src/hotspot/share/interpreter/interpreterRuntime.cpp, line 443]
Event: 19.551 Thread 0x00000260c531d3e0 Exception <a 'java/lang/ClassNotFoundException'{0x00000007089c9a50}: java/lang/ObjectCustomizer> (0x00000007089c9a50) 
thrown [./open/src/hotspot/share/classfile/systemDictionary.cpp, line 295]
Event: 19.552 Thread 0x00000260c531d3e0 Exception <a 'java/lang/ClassNotFoundException'{0x00000007089d6910}: com/example/demo/entity/FormEntityCustomizer> (0x00000007089d6910) 
thrown [./open/src/hotspot/share/classfile/systemDictionary.cpp, line 295]
Event: 19.634 Thread 0x00000260c531d3e0 Exception <a 'java/lang/NullPointerException'{0x00000007149189d0}> (0x00000007149189d0) 
thrown [./open/src/hotspot/share/interpreter/linkResolver.cpp, line 1457]
Event: 23.863 Thread 0x00000260c5321740 Exception <a 'java/lang/NoSuchMethodError'{0x000000070d4a1670}: 'java.lang.Object java.lang.invoke.DirectMethodHandle$Holder.invokeStatic(java.lang.Object, int, int)'> (0x000000070d4a1670) 
thrown [./open/src/hotspot/share/interpreter/linkResolver.cpp, line 782]
Event: 50.596 Thread 0x00000260c819dc70 Exception <a 'java/lang/ArrayIndexOutOfBoundsException'{0x000000070b945140}> (0x000000070b945140) 
thrown [./open/src/hotspot/share/runtime/sharedRuntime.cpp, line 585]
Event: 50.660 Thread 0x00000260c819dc70 Exception <a 'java/lang/NullPointerException'{0x000000070b357940}> (0x000000070b357940) 
thrown [./open/src/hotspot/share/interpreter/linkResolver.cpp, line 1457]
Event: 61539.975 Thread 0x00000260c819c930 Exception <a 'java/lang/ClassNotFoundException'{0x0000000708581390}: java/lang/ObjectCustomizer> (0x0000000708581390) 
thrown [./open/src/hotspot/share/classfile/systemDictionary.cpp, line 295]
Event: 61539.986 Thread 0x00000260c819c930 Exception <a 'java/lang/ClassNotFoundException'{0x000000070858dfe0}: com/example/demo/entity/FormEntityCustomizer> (0x000000070858dfe0) 
thrown [./open/src/hotspot/share/classfile/systemDictionary.cpp, line 295]
Event: 61543.795 Thread 0x00000260c819ce00 Exception <a 'java/lang/ArrayIndexOutOfBoundsException'{0x000000070825f900}> (0x000000070825f900) 
thrown [./open/src/hotspot/share/runtime/sharedRuntime.cpp, line 585]
Event: 61544.108 Thread 0x00000260c819ce00 Exception <a 'java/lang/NullPointerException'{0x000000070d27b368}> (0x000000070d27b368) 
thrown [./open/src/hotspot/share/interpreter/linkResolver.cpp, line 1457]

Events (20 events):
Event: 61551.472 Executing VM operation: get/set locals
Event: 61551.472 Executing VM operation: get/set locals done
Event: 61551.472 Executing VM operation: get/set locals
Event: 61551.472 Executing VM operation: get/set locals done
Event: 61551.472 Executing VM operation: get/set locals
Event: 61551.472 Executing VM operation: get/set locals done
Event: 61551.472 Executing VM operation: get/set locals
Event: 61551.472 Executing VM operation: get/set locals done
Event: 61551.472 Executing VM operation: get/set locals
Event: 61551.473 Executing VM operation: get/set locals done
Event: 61551.473 Executing VM operation: get/set locals
Event: 61551.473 Executing VM operation: get/set locals done
Event: 61551.475 Executing VM operation: get/set locals
Event: 61551.476 Executing VM operation: get/set locals done
Event: 61551.476 Executing VM operation: get/set locals
Event: 61551.476 Executing VM operation: get/set locals done
Event: 61551.477 Executing VM operation: get/set locals
Event: 61551.477 Executing VM operation: get/set locals done
Event: 61551.477 Executing VM operation: get/set locals
Event: 61551.477 Executing VM operation: get/set locals done


Dynamic libraries:
0x00007ff7180a0000 - 0x00007ff7180ad000 	E:\sts\spring-tool-suite-4-4.8.1.RELEASE-e4.17.0-win32.win32.x86_64\sts-4.8.1.RELEASE\plugins\org.eclipse.justj.openjdk.hotspot.jre.full.win32.x86_64_15.0.0.v20201014-1246\jre\bin\javaw.exe
0x00000260a0480000 - 0x00000260a06e0000 	C:\Windows\SYSTEM32\ntd1l.dll
0x00000260a0050000 - 0x00000260a0117000 	C:\Windows\System32\kern3l32.dll
0x00007ffe8dc80000 - 0x00007ffe8dee0000 	C:\Windows\SYSTEM32\ntdll.dll
0x00007ffe8c730000 - 0x00007ffe8c7f7000 	C:\Windows\System32\KERNEL32.DLL
0x00007ffe8b2a0000 - 0x00007ffe8b66a000 	C:\Windows\System32\KERNELBASE.dll
0x00007ffe890e0000 - 0x00007ffe894f6000 	C:\Program Files\SentinelOne\Sentinel Agent 24.1.5.277\InProcessClient64.dll
0x00007ffe8d2e0000 - 0x00007ffe8d392000 	C:\Windows\System32\ADVAPI32.dll
0x00007ffe8c920000 - 0x00007ffe8c9c9000 	C:\Windows\System32\msvcrt.dll
0x00007ffe8d1c0000 - 0x00007ffe8d266000 	C:\Windows\System32\sechost.dll
0x00007ffe8bdc0000 - 0x00007ffe8bed6000 	C:\Windows\System32\RPCRT4.dll
0x00007ffe8b840000 - 0x00007ffe8b98b000 	C:\Windows\System32\ucrtbase.dll
0x00007ffe7d420000 - 0x00007ffe7d439000 	E:\sts\spring-tool-suite-4-4.8.1.RELEASE-e4.17.0-win32.win32.x86_64\sts-4.8.1.RELEASE\plugins\org.eclipse.justj.openjdk.hotspot.jre.full.win32.x86_64_15.0.0.v20201014-1246\jre\bin\VCRUNTIME140.dll
0x00007ffe6ecf0000 - 0x00007ffe6ed08000 	E:\sts\spring-tool-suite-4-4.8.1.RELEASE-e4.17.0-win32.win32.x86_64\sts-4.8.1.RELEASE\plugins\org.eclipse.justj.openjdk.hotspot.jre.full.win32.x86_64_15.0.0.v20201014-1246\jre\bin\jli.dll
0x00007ffe8cef0000 - 0x00007ffe8d0bc000 	C:\Windows\System32\USER32.dll
0x00007ffe8ba50000 - 0x00007ffe8ba77000 	C:\Windows\System32\win32u.dll
0x00007ffe7adc0000 - 0x00007ffe7b057000 	C:\Windows\WinSxS\amd64_microsoft.windows.common-controls_6595b64144ccf1df_6.0.26100.3624_none_3e086962e3345f24\COMCTL32.dll
0x00007ffe8d3f0000 - 0x00007ffe8d41a000 	C:\Windows\System32\GDI32.dll
0x00007ffe8b700000 - 0x00007ffe8b831000 	C:\Windows\System32\gdi32full.dll
0x00007ffe8afe0000 - 0x00007ffe8b083000 	C:\Windows\System32\msvcp_win.dll
0x00007ffe89080000 - 0x00007ffe8908b000 	C:\Windows\SYSTEM32\VERSION.dll
0x00007ffe89070000 - 0x00007ffe8907c000 	C:\Windows\SYSTEM32\FLTLIB.DLL
0x00007ffe8c8e0000 - 0x00007ffe8c90f000 	C:\Windows\System32\IMM32.DLL
0x00007ffe77000000 - 0x00007ffe7700c000 	E:\sts\spring-tool-suite-4-4.8.1.RELEASE-e4.17.0-win32.win32.x86_64\sts-4.8.1.RELEASE\plugins\org.eclipse.justj.openjdk.hotspot.jre.full.win32.x86_64_15.0.0.v20201014-1246\jre\bin\vcruntime140_1.dll
0x00007ffe4c6e0000 - 0x00007ffe4c771000 	E:\sts\spring-tool-suite-4-4.8.1.RELEASE-e4.17.0-win32.win32.x86_64\sts-4.8.1.RELEASE\plugins\org.eclipse.justj.openjdk.hotspot.jre.full.win32.x86_64_15.0.0.v20201014-1246\jre\bin\msvcp140.dll
0x00007ffe215a0000 - 0x00007ffe220fc000 	E:\sts\spring-tool-suite-4-4.8.1.RELEASE-e4.17.0-win32.win32.x86_64\sts-4.8.1.RELEASE\plugins\org.eclipse.justj.openjdk.hotspot.jre.full.win32.x86_64_15.0.0.v20201014-1246\jre\bin\server\jvm.dll
0x00000260a0750000 - 0x00000260a0758000 	C:\Windows\System32\PSAPI.DLL
0x00007ffe69a80000 - 0x00007ffe69a8a000 	C:\Windows\SYSTEM32\WSOCK32.dll
0x00007ffe8bbe0000 - 0x00007ffe8bc54000 	C:\Windows\System32\WS2_32.dll
0x00007ffe81970000 - 0x00007ffe819a6000 	C:\Windows\SYSTEM32\WINMM.dll
0x00007ffe89d50000 - 0x00007ffe89d6a000 	C:\Windows\SYSTEM32\kernel.appcore.dll
0x00007ffe85980000 - 0x00007ffe8598a000 	E:\sts\spring-tool-suite-4-4.8.1.RELEASE-e4.17.0-win32.win32.x86_64\sts-4.8.1.RELEASE\plugins\org.eclipse.justj.openjdk.hotspot.jre.full.win32.x86_64_15.0.0.v20201014-1246\jre\bin\jimage.dll
0x00007ffe88270000 - 0x00007ffe884b1000 	C:\Windows\SYSTEM32\DBGHELP.DLL
0x00007ffe8d830000 - 0x00007ffe8dbb2000 	C:\Windows\System32\combase.dll
0x00007ffe8c650000 - 0x00007ffe8c726000 	C:\Windows\System32\OLEAUT32.dll
0x00007ffe7ad80000 - 0x00007ffe7adb9000 	C:\Windows\SYSTEM32\dbgcore.DLL
0x00007ffe8b090000 - 0x00007ffe8b129000 	C:\Windows\System32\bcryptPrimitives.dll
0x00007ffe08ff0000 - 0x00007ffe0909d000 	C:\Program Files\SentinelOne\Sentinel Agent 24.1.5.277\SentinelJava64.dll
0x00007ffe8d270000 - 0x00007ffe8d2d4000 	C:\Windows\System32\SHLWAPI.dll
0x00007ffe8d420000 - 0x00007ffe8d5b6000 	C:\Windows\System32\ole32.dll
0x00007ffe7c820000 - 0x00007ffe7c845000 	E:\sts\spring-tool-suite-4-4.8.1.RELEASE-e4.17.0-win32.win32.x86_64\sts-4.8.1.RELEASE\plugins\org.eclipse.justj.openjdk.hotspot.jre.full.win32.x86_64_15.0.0.v20201014-1246\jre\bin\java.dll
0x00007ffe84be0000 - 0x00007ffe84bf8000 	E:\sts\spring-tool-suite-4-4.8.1.RELEASE-e4.17.0-win32.win32.x86_64\sts-4.8.1.RELEASE\plugins\org.eclipse.justj.openjdk.hotspot.jre.full.win32.x86_64_15.0.0.v20201014-1246\jre\bin\zip.dll
0x00007ffe8bee0000 - 0x00007ffe8c609000 	C:\Windows\System32\SHELL32.dll
0x00007ffe8b130000 - 0x00007ffe8b298000 	C:\Windows\System32\wintypes.dll
0x00007ffe886a0000 - 0x00007ffe88ef2000 	C:\Windows\SYSTEM32\windows.storage.dll
0x00007ffe8bcd0000 - 0x00007ffe8bdbd000 	C:\Windows\System32\SHCORE.dll
0x00007ffe8ad70000 - 0x00007ffe8ad9f000 	C:\Windows\SYSTEM32\profapi.dll
0x00007ffe7d4a0000 - 0x00007ffe7d4b9000 	E:\sts\spring-tool-suite-4-4.8.1.RELEASE-e4.17.0-win32.win32.x86_64\sts-4.8.1.RELEASE\plugins\org.eclipse.justj.openjdk.hotspot.jre.full.win32.x86_64_15.0.0.v20201014-1246\jre\bin\net.dll
0x00007ffe84700000 - 0x00007ffe8481d000 	C:\Windows\SYSTEM32\WINHTTP.dll
0x00007ffe8a250000 - 0x00007ffe8a2ba000 	C:\Windows\system32\mswsock.dll
0x00007ffe7d330000 - 0x00007ffe7d342000 	E:\sts\spring-tool-suite-4-4.8.1.RELEASE-e4.17.0-win32.win32.x86_64\sts-4.8.1.RELEASE\plugins\org.eclipse.justj.openjdk.hotspot.jre.full.win32.x86_64_15.0.0.v20201014-1246\jre\bin\nio.dll
0x00007ffe76640000 - 0x00007ffe76649000 	E:\sts\spring-tool-suite-4-4.8.1.RELEASE-e4.17.0-win32.win32.x86_64\sts-4.8.1.RELEASE\plugins\org.eclipse.justj.openjdk.hotspot.jre.full.win32.x86_64_15.0.0.v20201014-1246\jre\bin\management.dll
0x00007ffe76070000 - 0x00007ffe7607b000 	E:\sts\spring-tool-suite-4-4.8.1.RELEASE-e4.17.0-win32.win32.x86_64\sts-4.8.1.RELEASE\plugins\org.eclipse.justj.openjdk.hotspot.jre.full.win32.x86_64_15.0.0.v20201014-1246\jre\bin\management_ext.dll
0x00007ffe58a10000 - 0x00007ffe58a28000 	C:\Windows\system32\napinsp.dll
0x00007ffe89760000 - 0x00007ffe89885000 	C:\Windows\SYSTEM32\DNSAPI.dll
0x00007ffe896d0000 - 0x00007ffe89703000 	C:\Windows\SYSTEM32\IPHLPAPI.DLL
0x00007ffe8c9d0000 - 0x00007ffe8c9da000 	C:\Windows\System32\NSI.dll
0x00007ffe58f50000 - 0x00007ffe58f62000 	C:\Windows\System32\winrnr.dll
0x00007ffe58f10000 - 0x00007ffe58f40000 	C:\Windows\system32\nlansp_c.dll
0x00007ffe58ef0000 - 0x00007ffe58f06000 	C:\Windows\system32\wshbth.dll
0x00007ffe83bc0000 - 0x00007ffe83bcb000 	C:\Windows\System32\rasadhlp.dll
0x00007ffe84f40000 - 0x00007ffe84fc5000 	C:\Windows\System32\fwpuclnt.dll
0x00007ffe8a600000 - 0x00007ffe8a61c000 	C:\Windows\SYSTEM32\CRYPTSP.dll
0x00007ffe89cb0000 - 0x00007ffe89cea000 	C:\Windows\system32\rsaenh.dll
0x00007ffe8a2f0000 - 0x00007ffe8a31b000 	C:\Windows\SYSTEM32\USERENV.dll
0x00007ffe8ad40000 - 0x00007ffe8ad66000 	C:\Windows\SYSTEM32\bcrypt.dll
0x00007ffe8a480000 - 0x00007ffe8a48c000 	C:\Windows\SYSTEM32\CRYPTBASE.dll
0x00007ffe84ba0000 - 0x00007ffe84bbf000 	C:\Windows\SYSTEM32\dhcpcsvc6.DLL
0x00007ffe84b70000 - 0x00007ffe84b95000 	C:\Windows\SYSTEM32\dhcpcsvc.DLL
0x00007ffe85950000 - 0x00007ffe85960000 	E:\sts\spring-tool-suite-4-4.8.1.RELEASE-e4.17.0-win32.win32.x86_64\sts-4.8.1.RELEASE\plugins\org.eclipse.justj.openjdk.hotspot.jre.full.win32.x86_64_15.0.0.v20201014-1246\jre\bin\verify.dll
0x00007ffe85770000 - 0x00007ffe8577d000 	E:\sts\spring-tool-suite-4-4.8.1.RELEASE-e4.17.0-win32.win32.x86_64\sts-4.8.1.RELEASE\plugins\org.eclipse.justj.openjdk.hotspot.jre.full.win32.x86_64_15.0.0.v20201014-1246\jre\bin\sunmscapi.dll
0x00007ffe8ae60000 - 0x00007ffe8afd7000 	C:\Windows\System32\CRYPT32.dll
0x00007ffe8a750000 - 0x00007ffe8a780000 	C:\Windows\SYSTEM32\ncrypt.dll
0x00007ffe8a700000 - 0x00007ffe8a73f000 	C:\Windows\SYSTEM32\NTASN1.dll

dbghelp: loaded successfully - version: 4.0.5 - missing functions: none
symbol engine: initialized successfully - sym options: 0x614 - pdb path: .;E:\sts\spring-tool-suite-4-4.8.1.RELEASE-e4.17.0-win32.win32.x86_64\sts-4.8.1.RELEASE\plugins\org.eclipse.justj.openjdk.hotspot.jre.full.win32.x86_64_15.0.0.v20201014-1246\jre\bin;C:\Windows\SYSTEM32;C:\Program Files\SentinelOne\Sentinel Agent 24.1.5.277;C:\Windows\WinSxS\amd64_microsoft.windows.common-controls_6595b64144ccf1df_6.0.26100.3624_none_3e086962e3345f24;E:\sts\spring-tool-suite-4-4.8.1.RELEASE-e4.17.0-win32.win32.x86_64\sts-4.8.1.RELEASE\plugins\org.eclipse.justj.openjdk.hotspot.jre.full.win32.x86_64_15.0.0.v20201014-1246\jre\bin\server

VM Arguments:
jvm_args: -Dcom.sun.management.jmxremote -Dcom.sun.management.jmxremote.port=49989 -Dcom.sun.management.jmxremote.authenticate=false -Dcom.sun.management.jmxremote.ssl=false -Djava.rmi.server.hostname=localhost -Dspring.jmx.enabled=true -Dspring.application.admin.enabled=true -XX:TieredStopAtLevel=1 -Dspring.boot.project.name=form_update-1 -Dfile.encoding=UTF-8 -XX:+ShowCodeDetailsInExceptionMessages -agentpath:C:\Program Files\SentinelOne\Sentinel Agent 24.1.5.277\SentinelJava64.dll=extendedCapabilities 
java_command: com.example.demo.FormUpdate1Application --spring.output.ansi.enabled=always
java_class_path (initial): D:\ganesh\form_update-1\target\classes;C:\Users\Administrator\.m2\repository\org\springframework\boot\spring-boot-starter-data-jpa\2.7.9\spring-boot-starter-data-jpa-2.7.9.jar;C:\Users\Administrator\.m2\repository\org\springframework\boot\spring-boot-starter-aop\2.7.9\spring-boot-starter-aop-2.7.9.jar;C:\Users\Administrator\.m2\repository\org\springframework\spring-aop\5.3.25\spring-aop-5.3.25.jar;C:\Users\Administrator\.m2\repository\org\aspectj\aspectjweaver\1.9.7\aspectjweaver-1.9.7.jar;C:\Users\Administrator\.m2\repository\org\springframework\boot\spring-boot-starter-jdbc\2.7.9\spring-boot-starter-jdbc-2.7.9.jar;C:\Users\Administrator\.m2\repository\com\zaxxer\HikariCP\4.0.3\HikariCP-4.0.3.jar;C:\Users\Administrator\.m2\repository\org\springframework\spring-jdbc\5.3.25\spring-jdbc-5.3.25.jar;C:\Users\Administrator\.m2\repository\jakarta\transaction\jakarta.transaction-api\1.3.3\jakarta.transaction-api-1.3.3.jar;C:\Users\Administrator\.m2\repository\jakarta\persistence\jakarta.persistence-api\2.2.3\jakarta.persistence-api-2.2.3.jar;C:\Users\Administrator\.m2\repository\org\hibernate\hibernate-core\5.6.15.Final\hibernate-core-5.6.15.Final.jar;C:\Users\Administrator\.m2\repository\org\jboss\logging\jboss-logging\3.4.3.Final\jboss-logging-3.4.3.Final.jar;C:\Users\Administrator\.m2\repository\net\bytebuddy\byte-buddy\1.12.23\byte-buddy-1.12.23.jar;C:\Users\Administrator\.m2\repository\antlr\antlr\2.7.7\antlr-2.7.7.jar;C:\Users\Administrator\.m2\repository\org\jboss\jandex\2.4.2.Final\jandex-2.4.2.Final.jar;C:\Users\Administrator\.m2\repository\com\fasterxml\classmate\1.5.1\classmate-1.5.1.jar;C:\Users\Administrator\.m2\repository\org\hibernate\common\hibernate-commons-annotations\5.1.2.Final\hibernate-commons-annotations-5.1.2.Final.jar;C:\Users\Administrator\.m2\repository\org\glassfish\jaxb\jaxb-runtime\2.3.8\jaxb-runtime-2.3.8.jar;C:\Users\Administrator\.m2\repository\org\glassfish\jaxb\txw2\2.3.8\txw2-2.3.8.jar;C:\Users\Administrator\
Launcher Type: SUN_STANDARD

[Global flags]
     intx CICompilerCount                          = 15                                        {product} {ergonomic}
     uint ConcGCThreads                            = 6                                         {product} {ergonomic}
     uint G1ConcRefinementThreads                  = 23                                        {product} {ergonomic}
   size_t G1HeapRegionSize                         = 2097152                                   {product} {ergonomic}
    uintx GCDrainStackTargetSize                   = 64                                        {product} {ergonomic}
   size_t InitialHeapSize                          = 264241152                                 {product} {ergonomic}
     bool ManagementServer                         = true                                      {product} {command line}
   size_t MarkStackSize                            = 4194304                                   {product} {ergonomic}
   size_t MaxHeapSize                              = 4213178368                                {product} {ergonomic}
   size_t MaxNewSize                               = 2527068160                                {product} {ergonomic}
   size_t MinHeapDeltaBytes                        = 2097152                                   {product} {ergonomic}
   size_t MinHeapSize                              = 8388608                                   {product} {ergonomic}
    uintx NonNMethodCodeHeapSize                   = 13893620                               {pd product} {ergonomic}
    uintx NonProfiledCodeHeapSize                  = 237764620                              {pd product} {ergonomic}
    uintx ProfiledCodeHeapSize                     = 0                                      {pd product} {ergonomic}
    uintx ReservedCodeCacheSize                    = 251658240                              {pd product} {ergonomic}
     bool SegmentedCodeCache                       = true                                      {product} {ergonomic}
     bool ShowCodeDetailsInExceptionMessages       = true                                   {manageable} {command line}
   size_t SoftMaxHeapSize                          = 4213178368                             {manageable} {ergonomic}
     intx TieredStopAtLevel                        = 1                                         {product} {command line}
     bool UseCompressedClassPointers               = true                                 {lp64_product} {ergonomic}
     bool UseCompressedOops                        = true                                 {lp64_product} {ergonomic}
     bool UseG1GC                                  = true                                      {product} {ergonomic}
     bool UseLargePagesIndividualAllocation        = false                                  {pd product} {ergonomic}

Logging:
Log output configuration:
 #0: stdout all=warning uptime,level,tags
 #1: stderr all=off uptime,level,tags

Environment Variables:
PATH=E:/sts/spring-tool-suite-4-4.8.1.RELEASE-e4.17.0-win32.win32.x86_64/sts-4.8.1.RELEASE//plugins/org.eclipse.justj.openjdk.hotspot.jre.full.win32.x86_64_15.0.0.v20201014-1246/jre/bin/server;E:/sts/spring-tool-suite-4-4.8.1.RELEASE-e4.17.0-win32.win32.x86_64/sts-4.8.1.RELEASE//plugins/org.eclipse.justj.openjdk.hotspot.jre.full.win32.x86_64_15.0.0.v20201014-1246/jre/bin;C:\Program Files (x86)\Common Files\Oracle\Java\java8path;C:\Program Files (x86)\Common Files\Oracle\Java\javapath;C:\Windows\system32;C:\Windows;C:\Windows\System32\Wbem;C:\Windows\System32\WindowsPowerShell\v1.0\;C:\Windows\System32\OpenSSH\;C:\Program Files\dotnet\;C:\Program Files (x86)\NVIDIA Corporation\PhysX\Common;C:\Program Files\Git\cmd;C:\Program Files\MySQL\MySQL Shell 8.0\bin\;C:\Users\Administrator\AppData\Local\Microsoft\WindowsApps;;E:\sts\spring-tool-suite-4-4.8.1.RELEASE-e4.17.0-win32.win32.x86_64\sts-4.8.1.RELEASE;
USERNAME=Administrator
OS=Windows_NT
PROCESSOR_IDENTIFIER=Intel64 Family 6 Model 183 Stepping 1, GenuineIntel



---------------  S Y S T E M  ---------------

OS:
 Windows 10 , 64 bit Build 26100 (10.0.26100.3775)
OS uptime: 7 days 19:20 hours
HyperV virtualization detected

CPU: total 32 (initial active 32) (16 cores per cpu, 2 threads per core) family 6 model 183 stepping 1, cmov, cx8, fxsr, mmx, sse, sse2, sse3, ssse3, sse4.1, sse4.2, popcnt, vzeroupper, avx, avx2, aes, clmul, erms, 3dnowpref, lzcnt, ht, tsc, tscinvbit, bmi1, bmi2, adx, sha, fma, clflush, clflushopt, clwb

Memory: 4k page, system-wide physical 16070M (1443M free)
TotalPageFile size 33478M (AvailPageFile size 2404M)
current process WorkingSet (physical memory assigned to process): 94M, peak: 287M
current process commit charge ("private bytes"): 350M, peak: 397M

vm_info: OpenJDK 64-Bit Server VM (15+36-1562) for windows-amd64 JRE (15+36-1562), built on Aug 11 2020 22:33:04 by "mach5one" with unknown MS VC++:1925

END.
