#
# A fatal error has been detected by the Java Runtime Environment:
#
#  EXCEPTION_ACCESS_VIOLATION (0xc0000005) at pc=0x000001b6507b0830, pid=11632, tid=37104
#
# JRE version: OpenJDK Runtime Environment (15.0+36) (build 15+36-1562)
# Java VM: OpenJDK 64-Bit Server VM (15+36-1562, mixed mode, tiered, compressed oops, g1 gc, windows-amd64)
# Problematic frame:
# j  javax.servlet.http.HttpServletRequestWrapper._getHttpServletRequest()Ljavax/servlet/http/HttpServletRequest;+1
#
# No core dump will be written. Minidumps are not enabled by default on client versions of Windows
#
# If you would like to submit a bug report, please visit:
#   https://bugreport.java.com/bugreport/crash.jsp
#

---------------  S U M M A R Y ------------

Command Line: -Dcom.sun.management.jmxremote -Dcom.sun.management.jmxremote.port=51557 -Dcom.sun.management.jmxremote.authenticate=false -Dcom.sun.management.jmxremote.ssl=false -Djava.rmi.server.hostname=localhost -Dspring.jmx.enabled=true -Dspring.application.admin.enabled=true -XX:TieredStopAtLevel=1 -Dspring.boot.project.name=form_update-1 -Dfile.encoding=UTF-8 -XX:+ShowCodeDetailsInExceptionMessages -agentpath:C:\Program Files\SentinelOne\Sentinel Agent 24.1.5.277\SentinelJava64.dll=extendedCapabilities com.example.demo.FormUpdate1Application --spring.output.ansi.enabled=always

Host: Intel(R) Core(TM) i9-14900, 32 cores, 15G,  Windows 10 , 64 bit Build 26100 (10.0.26100.3775)
Time: Tue Apr 22 11:26:33 2025 India Standard Time elapsed time: 329.862481 seconds (0d 0h 5m 29s)

---------------  T H R E A D  ---------------

Current thread (0x000001b66f8c7850):  JavaThread "http-nio-8081-exec-5" daemon [_thread_in_Java, id=37104, stack(0x00000019e9e00000,0x00000019e9f00000)]

Stack: [0x00000019e9e00000,0x00000019e9f00000],  sp=0x00000019e9efbdc8,  free space=1007k
Native frames: (J=compiled Java code, j=interpreted, Vv=VM code, C=native code)
C  0x000001b6507b0830


siginfo: EXCEPTION_ACCESS_VIOLATION (0xc0000005), reading address 0x0000000082845a48


Register to memory mapping:

RIP=0x000001b6507b0830 is at code_begin+272 in an Interpreter codelet
checkcast  192 checkcast  [0x000001b6507b0720, 0x000001b6507b0980]  608 bytes
RAX=0x0000000800424e58 is a pointer to class: 
javax.servlet.http.HttpServletRequest {0x0000000800424e60}
RBX=0x0 is NULL
RCX=0x000001b67421fc30 is pointing into metadata
RDX=0x0000000082845a40 is an unknown value
RSP=0x00000019e9efbdc8 is pointing into the stack for thread: 0x000001b66f8c7850
RBP=0x00000019e9efbe10 is pointing into the stack for thread: 0x000001b66f8c7850
RSI=0x0000000000000001 is an unknown value
RDI=0x00000019e9efc2c0 is pointing into the stack for thread: 0x000001b66f8c7850
R8 =0x00000019e9efc2d0 is pointing into the stack for thread: 0x000001b66f8c7850
R9 =0x0000000000000001 is an unknown value
R10=0x00007ffe1a5711c0 jvm.dll
R11=0x00000019e9efc028 is pointing into the stack for thread: 0x000001b66f8c7850
R12=0x0 is NULL
R13=0x000001b67421febc is pointing into metadata
R14=0x00000019e9efbe20 is pointing into the stack for thread: 0x000001b66f8c7850
R15=0x000001b66f8c7850 is a thread


Registers:
RAX=0x0000000800424e58, RBX=0x0000000000000000, RCX=0x000001b67421fc30, RDX=0x0000000082845a40
RSP=0x00000019e9efbdc8, RBP=0x00000019e9efbe10, RSI=0x0000000000000001, RDI=0x00000019e9efc2c0
R8 =0x00000019e9efc2d0, R9 =0x0000000000000001, R10=0x00007ffe1a5711c0, R11=0x00000019e9efc028
R12=0x0000000000000000, R13=0x000001b67421febc, R14=0x00000019e9efbe20, R15=0x000001b66f8c7850
RIP=0x000001b6507b0830, EFLAGS=0x0000000000010246

Top of Stack: (sp=0x00000019e9efbdc8)
0x00000019e9efbdc8:   00000019e9efbdc8 000001b67421feb9
0x00000019e9efbdd8:   00000019e9efbe20 000001b674221f68
0x00000019e9efbde8:   000001b67595fd08 0000000707994d88
0x00000019e9efbdf8:   000001b67421fed8 0000000000000000
0x00000019e9efbe08:   00000019e9efbe20 00000019e9efbe70
0x00000019e9efbe18:   000001b650799ee0 00007ffe19d5543b
0x00000019e9efbe28:   00000019e9efbe28 000001b674220129
0x00000019e9efbe38:   00000019e9efbe88 000001b674221f68
0x00000019e9efbe48:   000001b6758ff710 0000000707994d88
0x00000019e9efbe58:   000001b674220158 00000019e9efbe20
0x00000019e9efbe68:   00000019e9efbe80 00000019e9efc060
0x00000019e9efbe78:   000001b650790f90 00000007097f5a28
0x00000019e9efbe88:   00007ffe19d5543b 000001b64cddd670
0x00000019e9efbe98:   0000000000000100 000001b64cdeefa0
0x00000019e9efbea8:   000001b64cdebbe0 0000000709400000
0x00000019e9efbeb8:   000001b6726df730 0000000000000100 

Instructions: (pc=0x000001b6507b0830)
0x000001b6507b0730:   49 08 48 8b 49 08 48 8b 51 08 41 0f b7 5d 01 0f
0x000001b6507b0740:   cb c1 eb 10 80 7c 1a 04 07 0f 84 d0 00 00 00 50
0x000001b6507b0750:   e8 05 00 00 00 e9 aa 00 00 00 48 8d 44 24 08 4c
0x000001b6507b0760:   89 6d c0 49 8b cf c5 f8 77 49 89 af 18 03 00 00
0x000001b6507b0770:   49 89 87 08 03 00 00 48 83 ec 20 f7 c4 0f 00 00
0x000001b6507b0780:   00 0f 84 1a 00 00 00 48 83 ec 08 49 ba 00 c1 e0
0x000001b6507b0790:   19 fe 7f 00 00 41 ff d2 48 83 c4 08 e9 0d 00 00
0x000001b6507b07a0:   00 49 ba 00 c1 e0 19 fe 7f 00 00 41 ff d2 48 83
0x000001b6507b07b0:   c4 20 49 ba 00 00 00 00 00 00 00 00 4d 89 97 08
0x000001b6507b07c0:   03 00 00 49 ba 00 00 00 00 00 00 00 00 4d 89 97
0x000001b6507b07d0:   18 03 00 00 49 ba 00 00 00 00 00 00 00 00 4d 89
0x000001b6507b07e0:   97 10 03 00 00 c5 f8 77 49 81 7f 08 00 00 00 00
0x000001b6507b07f0:   0f 84 05 00 00 00 e9 85 06 fe ff 4c 8b 6d c0 4c
0x000001b6507b0800:   8b 75 c8 c3 49 8b 87 68 03 00 00 49 ba 00 00 00
0x000001b6507b0810:   00 00 00 00 00 4d 89 97 68 03 00 00 5a eb 11 48
0x000001b6507b0820:   8b d0 66 8b 5c d9 48 48 8b 49 28 48 8b 44 d9 08
0x000001b6507b0830:   8b 5a 08 49 ba 00 00 00 00 08 00 00 00 49 03 da
0x000001b6507b0840:   48 8b 4d d8 48 85 c9 0f 84 8a 00 00 00 48 8b 79
0x000001b6507b0850:   18 48 3b fb 0f 85 0f 00 00 00 48 83 41 20 01 48
0x000001b6507b0860:   83 59 20 00 e9 66 00 00 00 48 85 ff 0f 84 37 00
0x000001b6507b0870:   00 00 48 8b 79 28 48 3b fb 0f 85 0f 00 00 00 48
0x000001b6507b0880:   83 41 30 01 48 83 59 30 00 e9 41 00 00 00 48 85
0x000001b6507b0890:   ff 0f 85 38 00 00 00 48 89 59 28 bf 01 00 00 00
0x000001b6507b08a0:   48 89 79 30 e9 26 00 00 00 48 3b 59 28 0f 85 0f
0x000001b6507b08b0:   00 00 00 48 83 41 30 01 48 83 59 30 00 e9 0d 00
0x000001b6507b08c0:   00 00 48 89 59 18 bf 01 00 00 00 48 89 79 20 48
0x000001b6507b08d0:   83 c1 38 48 89 4d d8 48 3b d8 0f 84 5b 00 00 00
0x000001b6507b08e0:   8b 48 14 48 3b 04 0b 0f 84 4e 00 00 00 83 f9 20
0x000001b6507b08f0:   0f 85 22 00 00 00 50 48 8b c0 57 48 8b 7b 28 8b
0x000001b6507b0900:   0f 48 83 c7 08 48 85 c0 f2 48 af 5f 58 75 09 48
0x000001b6507b0910:   89 43 20 e9 23 00 00 00 48 8b 4d d8 48 85 c9 0f
0x000001b6507b0920:   84 10 00 00 00 48 83 41 d0 ff 0f 88 05 00 00 00 


Stack slot to memory mapping:
stack at sp + 0 slots: 0x00000019e9efbdc8 is pointing into the stack for thread: 0x000001b66f8c7850
stack at sp + 1 slots: 0x000001b67421feb9 is pointing into metadata
stack at sp + 2 slots: 0x00000019e9efbe20 is pointing into the stack for thread: 0x000001b66f8c7850
stack at sp + 3 slots: 0x000001b674221f68 is pointing into metadata
stack at sp + 4 slots: 0x000001b67595fd08 is pointing into metadata
stack at sp + 5 slots: 0x0000000707994d88 is an oop: java.lang.Class 
{0x0000000707994d88} - klass: 'java/lang/Class'
stack at sp + 6 slots: {method} {0x000001b67421fee0} '_getHttpServletRequest' '()Ljavax/servlet/http/HttpServletRequest;' in 'javax/servlet/http/HttpServletRequestWrapper'
stack at sp + 7 slots: 0x0 is NULL

checkcast  192 checkcast  [0x000001b6507b0720, 0x000001b6507b0980]  608 bytes
[MachCode]
  0x000001b6507b0720: 5848 85c0 | 0f84 1902 | 0000 488b | 4de8 488b | 4908 488b | 4908 488b | 5108 410f | b75d 010f 
  0x000001b6507b0740: cbc1 eb10 | 807c 1a04 | 070f 84d0 | 0000 0050 | e805 0000 | 00e9 aa00 | 0000 488d | 4424 084c 
  0x000001b6507b0760: 896d c049 | 8bcf c5f8 | 7749 89af | 1803 0000 | 4989 8708 | 0300 0048 | 83ec 20f7 | c40f 0000 
  0x000001b6507b0780: 000f 841a | 0000 0048 | 83ec 0849 | ba00 c1e0 | 19fe 7f00 | 0041 ffd2 | 4883 c408 | e90d 0000 
  0x000001b6507b07a0: 0049 ba00 | c1e0 19fe | 7f00 0041 | ffd2 4883 | c420 49ba | 0000 0000 | 0000 0000 | 4d89 9708 
  0x000001b6507b07c0: 0300 0049 | ba00 0000 | 0000 0000 | 004d 8997 | 1803 0000 | 49ba 0000 | 0000 0000 | 0000 4d89 
  0x000001b6507b07e0: 9710 0300 | 00c5 f877 | 4981 7f08 | 0000 0000 | 0f84 0500 | 0000 e985 | 06fe ff4c | 8b6d c04c 
  0x000001b6507b0800: 8b75 c8c3 | 498b 8768 | 0300 0049 | ba00 0000 | 0000 0000 | 004d 8997 | 6803 0000 | 5aeb 1148 
  0x000001b6507b0820: 8bd0 668b | 5cd9 4848 | 8b49 2848 | 8b44 d908 | 8b5a 0849 | ba00 0000 | 0008 0000 | 0049 03da 
  0x000001b6507b0840: 488b 4dd8 | 4885 c90f | 848a 0000 | 0048 8b79 | 1848 3bfb | 0f85 0f00 | 0000 4883 | 4120 0148 
  0x000001b6507b0860: 8359 2000 | e966 0000 | 0048 85ff | 0f84 3700 | 0000 488b | 7928 483b | fb0f 850f | 0000 0048 
  0x000001b6507b0880: 8341 3001 | 4883 5930 | 00e9 4100 | 0000 4885 | ff0f 8538 | 0000 0048 | 8959 28bf | 0100 0000 
  0x000001b6507b08a0: 4889 7930 | e926 0000 | 0048 3b59 | 280f 850f | 0000 0048 | 8341 3001 | 4883 5930 | 00e9 0d00 
  0x000001b6507b08c0: 0000 4889 | 5918 bf01 | 0000 0048 | 8979 2048 | 83c1 3848 | 894d d848 | 3bd8 0f84 | 5b00 0000 
  0x000001b6507b08e0: 8b48 1448 | 3b04 0b0f | 844e 0000 | 0083 f920 | 0f85 2200 | 0000 5048 | 8bc0 5748 | 8b7b 288b 
  0x000001b6507b0900: 0f48 83c7 | 0848 85c0 | f248 af5f | 5875 0948 | 8943 20e9 | 2300 0000 | 488b 4dd8 | 4885 c90f 
  0x000001b6507b0920: 8410 0000 | 0048 8341 | d0ff 0f88 | 0500 0000 | 4883 41d0 | 0152 e962 | d1fe ff48 | 8bc2 e919 
  0x000001b6507b0940: 0000 0048 | 8b4d d848 | 85c9 0f84 | 0c00 0000 | 8049 0101 | 4883 c138 | 4889 4dd8 | 410f b65d 
  0x000001b6507b0960: 0349 83c5 | 0349 bac0 | 1157 1afe | 7f00 0041 | ff24 da0f | 1f44 0000 | 0000 0000 | 0000 0000 
[/MachCode]

---------------  P R O C E S S  ---------------

Threads class SMR info:
_java_thread_list=0x000001b67279ed50, length=35, elements={
0x000001b66e505020, 0x000001b66e507a10, 0x000001b66e4f0a30, 0x000001b66e4f12f0,
0x000001b66e4f1bb0, 0x000001b66e4f2470, 0x000001b66e5237e0, 0x000001b66e4bbb90,
0x000001b66e71d620, 0x000001b66ed43ac0, 0x000001b66ed5cac0, 0x000001b66ed4f990,
0x000001b66f8c0000, 0x000001b66f8c0e70, 0x000001b66f8c4360, 0x000001b66f8c4830,
0x000001b66f8c51d0, 0x000001b66f8c1810, 0x000001b66f8c56a0, 0x000001b66f8c5b70,
0x000001b66f8c7380, 0x000001b66f8c6040, 0x000001b66f8c69e0, 0x000001b66f8c6eb0,
0x000001b66f8c6510, 0x000001b66f8c7850, 0x000001b672930030, 0x000001b67292f1c0,
0x000001b672930ea0, 0x000001b672931840, 0x000001b672931d10, 0x000001b67292fb60,
0x000001b6729321e0, 0x000001b672930500, 0x000001b67292f690
}

Java Threads: ( => current thread )
  0x000001b66e505020 JavaThread "Reference Handler" daemon [_thread_blocked, id=27024, stack(0x00000019e6e00000,0x00000019e6f00000)]
  0x000001b66e507a10 JavaThread "Finalizer" daemon [_thread_blocked, id=13460, stack(0x00000019e6f00000,0x00000019e7000000)]
  0x000001b66e4f0a30 JavaThread "Signal Dispatcher" daemon [_thread_blocked, id=37232, stack(0x00000019e7000000,0x00000019e7100000)]
  0x000001b66e4f12f0 JavaThread "Attach Listener" daemon [_thread_blocked, id=24956, stack(0x00000019e7100000,0x00000019e7200000)]
  0x000001b66e4f1bb0 JavaThread "Service Thread" daemon [_thread_blocked, id=20640, stack(0x00000019e7200000,0x00000019e7300000)]
  0x000001b66e4f2470 JavaThread "C1 CompilerThread0" daemon [_thread_blocked, id=4376, stack(0x00000019e7300000,0x00000019e7400000)]
  0x000001b66e5237e0 JavaThread "Sweeper thread" daemon [_thread_blocked, id=6480, stack(0x00000019e7400000,0x00000019e7500000)]
  0x000001b66e4bbb90 JavaThread "Common-Cleaner" daemon [_thread_blocked, id=17340, stack(0x00000019e7500000,0x00000019e7600000)]
  0x000001b66e71d620 JavaThread "Notification Thread" daemon [_thread_blocked, id=25424, stack(0x00000019e7600000,0x00000019e7700000)]
  0x000001b66ed43ac0 JavaThread "RMI TCP Accept-0" daemon [_thread_in_native, id=10228, stack(0x00000019e7700000,0x00000019e7800000)]
  0x000001b66ed5cac0 JavaThread "RMI TCP Accept-51557" daemon [_thread_in_native, id=17392, stack(0x00000019e7800000,0x00000019e7900000)]
  0x000001b66ed4f990 JavaThread "RMI TCP Accept-0" daemon [_thread_in_native, id=25568, stack(0x00000019e7900000,0x00000019e7a00000)]
  0x000001b66f8c0000 JavaThread "RMI Scheduler(0)" daemon [_thread_blocked, id=37200, stack(0x00000019e8300000,0x00000019e8400000)]
  0x000001b66f8c0e70 JavaThread "JMX server connection timeout 35" daemon [_thread_blocked, id=14188, stack(0x00000019e8500000,0x00000019e8600000)]
  0x000001b66f8c4360 JavaThread "Catalina-utility-1" [_thread_blocked, id=12428, stack(0x00000019e8600000,0x00000019e8700000)]
  0x000001b66f8c4830 JavaThread "Catalina-utility-2" [_thread_blocked, id=15484, stack(0x00000019e8e00000,0x00000019e8f00000)]
  0x000001b66f8c51d0 JavaThread "container-0" [_thread_blocked, id=29480, stack(0x00000019e8f00000,0x00000019e9000000)]
  0x000001b66f8c1810 JavaThread "mysql-cj-abandoned-connection-cleanup" daemon [_thread_blocked, id=20524, stack(0x00000019e9000000,0x00000019e9100000)]
  0x000001b66f8c56a0 JavaThread "HikariPool-1 housekeeper" daemon [_thread_blocked, id=31880, stack(0x00000019e9600000,0x00000019e9700000)]
  0x000001b66f8c5b70 JavaThread "File Watcher" daemon [_thread_blocked, id=29552, stack(0x00000019e9800000,0x00000019e9900000)]
  0x000001b66f8c7380 JavaThread "Live Reload Server" daemon [_thread_in_native, id=15288, stack(0x00000019e9a00000,0x00000019e9b00000)]
  0x000001b66f8c6040 JavaThread "http-nio-8081-exec-1" daemon [_thread_blocked, id=37972, stack(0x00000019e9900000,0x00000019e9a00000)]
  0x000001b66f8c69e0 JavaThread "http-nio-8081-exec-2" daemon [_thread_blocked, id=7236, stack(0x00000019e9b00000,0x00000019e9c00000)]
  0x000001b66f8c6eb0 JavaThread "http-nio-8081-exec-3" daemon [_thread_blocked, id=3060, stack(0x00000019e9c00000,0x00000019e9d00000)]
  0x000001b66f8c6510 JavaThread "http-nio-8081-exec-4" daemon [_thread_blocked, id=16820, stack(0x00000019e9d00000,0x00000019e9e00000)]
=>0x000001b66f8c7850 JavaThread "http-nio-8081-exec-5" daemon [_thread_in_Java, id=37104, stack(0x00000019e9e00000,0x00000019e9f00000)]
  0x000001b672930030 JavaThread "http-nio-8081-exec-6" daemon [_thread_blocked, id=35788, stack(0x00000019e9f00000,0x00000019ea000000)]
  0x000001b67292f1c0 JavaThread "http-nio-8081-exec-7" daemon [_thread_blocked, id=19140, stack(0x00000019ea000000,0x00000019ea100000)]
  0x000001b672930ea0 JavaThread "http-nio-8081-exec-8" daemon [_thread_blocked, id=4544, stack(0x00000019ea100000,0x00000019ea200000)]
  0x000001b672931840 JavaThread "http-nio-8081-exec-9" daemon [_thread_blocked, id=37780, stack(0x00000019ea200000,0x00000019ea300000)]
  0x000001b672931d10 JavaThread "http-nio-8081-exec-10" daemon [_thread_blocked, id=28600, stack(0x00000019ea300000,0x00000019ea400000)]
  0x000001b67292fb60 JavaThread "http-nio-8081-Poller" daemon [_thread_in_native, id=32324, stack(0x00000019ea400000,0x00000019ea500000)]
  0x000001b6729321e0 JavaThread "http-nio-8081-Acceptor" daemon [_thread_in_native, id=9688, stack(0x00000019ea500000,0x00000019ea600000)]
  0x000001b672930500 JavaThread "DestroyJavaVM" [_thread_blocked, id=12000, stack(0x00000019e6700000,0x00000019e6800000)]
  0x000001b67292f690 JavaThread "RMI TCP Connection(13)-127.0.0.1" daemon [_thread_in_native, id=8276, stack(0x00000019eab00000,0x00000019eac00000)]

Other Threads:
  0x000001b66a32e740 VMThread "VM Thread" [stack: 0x00000019e6d00000,0x00000019e6e00000] [id=15508]
  0x000001b66ed48150 WatcherThread [stack: 0x00000019e7a00000,0x00000019e7b00000] [id=26320]
  0x000001b64ce35ac0 GCTaskThread "GC Thread#0" [stack: 0x00000019e6800000,0x00000019e6900000] [id=19204]
  0x000001b66ebd1200 GCTaskThread "GC Thread#1" [stack: 0x00000019e7b00000,0x00000019e7c00000] [id=22704]
  0x000001b66ebcf880 GCTaskThread "GC Thread#2" [stack: 0x00000019e7c00000,0x00000019e7d00000] [id=14856]
  0x000001b66ebd1860 GCTaskThread "GC Thread#3" [stack: 0x00000019e7d00000,0x00000019e7e00000] [id=32380]
  0x000001b66ebcfbb0 GCTaskThread "GC Thread#4" [stack: 0x00000019e7e00000,0x00000019e7f00000] [id=2952]
  0x000001b66ebcf220 GCTaskThread "GC Thread#5" [stack: 0x00000019e7f00000,0x00000019e8000000] [id=15644]
  0x000001b66ebd1ec0 GCTaskThread "GC Thread#6" [stack: 0x00000019e8700000,0x00000019e8800000] [id=14504]
  0x000001b66ebd0ed0 GCTaskThread "GC Thread#7" [stack: 0x00000019e8800000,0x00000019e8900000] [id=9528]
  0x000001b66fe6f020 GCTaskThread "GC Thread#8" [stack: 0x00000019e9100000,0x00000019e9200000] [id=11672]
  0x000001b66fe6cd10 GCTaskThread "GC Thread#9" [stack: 0x00000019e9200000,0x00000019e9300000] [id=32884]
  0x000001b66fe6e9c0 GCTaskThread "GC Thread#10" [stack: 0x00000019e9300000,0x00000019e9400000] [id=22152]
  0x000001b66fe6d040 GCTaskThread "GC Thread#11" [stack: 0x00000019e9400000,0x00000019e9500000] [id=33852]
  0x000001b64ce4acb0 ConcurrentGCThread "G1 Main Marker" [stack: 0x00000019e6900000,0x00000019e6a00000] [id=29516]
  0x000001b64ce4d8f0 ConcurrentGCThread "G1 Conc#0" [stack: 0x00000019e6a00000,0x00000019e6b00000] [id=15912]
  0x000001b66ebd0540 ConcurrentGCThread "G1 Conc#1" [stack: 0x00000019e8900000,0x00000019e8a00000] [id=17372]
  0x000001b66ebcf550 ConcurrentGCThread "G1 Conc#2" [stack: 0x00000019e8a00000,0x00000019e8b00000] [id=19632]
  0x000001b66ebce890 ConcurrentGCThread "G1 Conc#3" [stack: 0x00000019e8b00000,0x00000019e8c00000] [id=2240]
  0x000001b66ebceef0 ConcurrentGCThread "G1 Conc#4" [stack: 0x00000019e8c00000,0x00000019e8d00000] [id=23736]
  0x000001b66ebd0870 ConcurrentGCThread "G1 Conc#5" [stack: 0x00000019e8d00000,0x00000019e8e00000] [id=38240]
  0x000001b66a22eca0 ConcurrentGCThread "G1 Refine#0" [stack: 0x00000019e6b00000,0x00000019e6c00000] [id=1576]
  0x000001b66a230400 ConcurrentGCThread "G1 Young RemSet Sampling" [stack: 0x00000019e6c00000,0x00000019e6d00000] [id=34432]

Threads with active compile tasks:

VM state: not at safepoint (normal execution)

VM Mutex/Monitor currently owned by a thread: None

Heap address: 0x0000000704e00000, size: 4018 MB, Compressed Oops mode: Zero based, Oop shift amount: 3
CDS disabled.
Compressed class space mapped at: 0x0000000800000000-0x0000000840000000, size: 1073741824
Narrow klass base: 0x0000000800000000, Narrow klass shift: 0, Narrow klass range: 0x40000000

GC Precious Log:
 CPUs: 32 total, 32 available
 Memory: 16070M
 Large Page Support: Disabled
 NUMA Support: Disabled
 Compressed Oops: Enabled (Zero based)
 Heap Region Size: 2M
 Heap Min Capacity: 8M
 Heap Initial Capacity: 252M
 Heap Max Capacity: 4018M
 Pre-touch: Disabled
 Parallel Workers: 23
 Concurrent Workers: 6
 Concurrent Refinement Workers: 23
 Periodic GC: Disabled

Heap:
 garbage-first heap   total 102400K, used 55553K [0x0000000704e00000, 0x0000000800000000)
  region size 2048K, 17 young (34816K), 4 survivors (8192K)
 Metaspace       used 72766K, capacity 73391K, committed 73600K, reserved 1114112K
  class space    used 9013K, capacity 9220K, committed 9344K, reserved 1048576K

Heap Regions: E=young(eden), S=young(survivor), O=old, HS=humongous(starts), HC=humongous(continues), CS=collection set, F=free, OA=open archive, CA=closed archive, TAMS=top-at-mark-start (previous, next)
|   0|0x0000000704e00000, 0x0000000705000000, 0x0000000705000000|100%| O|  |TAMS 0x0000000705000000, 0x0000000704e00000| Untracked 
|   1|0x0000000705000000, 0x0000000705200000, 0x0000000705200000|100%| O|  |TAMS 0x0000000705200000, 0x0000000705000000| Untracked 
|   2|0x0000000705200000, 0x0000000705400000, 0x0000000705400000|100%| O|  |TAMS 0x0000000705400000, 0x0000000705200000| Untracked 
|   3|0x0000000705400000, 0x0000000705437000, 0x0000000705600000| 10%| O|  |TAMS 0x0000000705437000, 0x0000000705400000| Untracked 
|   4|0x0000000705600000, 0x0000000705800000, 0x0000000705800000|100%| O|  |TAMS 0x0000000705800000, 0x0000000705600000| Untracked 
|   5|0x0000000705800000, 0x0000000705a00000, 0x0000000705a00000|100%| O|  |TAMS 0x0000000705a00000, 0x0000000705800000| Untracked 
|   6|0x0000000705a00000, 0x0000000705c00000, 0x0000000705c00000|100%| O|  |TAMS 0x0000000705c00000, 0x0000000705a00000| Untracked 
|   7|0x0000000705c00000, 0x0000000705e00000, 0x0000000705e00000|100%| O|  |TAMS 0x0000000705d9a800, 0x0000000705c00000| Untracked 
|   8|0x0000000705e00000, 0x0000000706000000, 0x0000000706000000|100%| O|  |TAMS 0x0000000705e00000, 0x0000000705e00000| Untracked 
|   9|0x0000000706000000, 0x0000000706077e00, 0x0000000706200000| 23%| O|  |TAMS 0x0000000706000000, 0x0000000706000000| Untracked 
|  10|0x0000000706200000, 0x0000000706400000, 0x0000000706400000|100%| O|  |TAMS 0x0000000706200000, 0x0000000706200000| Untracked 
|  11|0x0000000706400000, 0x00000007064a8000, 0x0000000706600000| 32%| O|  |TAMS 0x0000000706400000, 0x0000000706400000| Untracked 
|  12|0x0000000706600000, 0x0000000706600000, 0x0000000706800000|  0%| F|  |TAMS 0x0000000706600000, 0x0000000706600000| Untracked 
|  13|0x0000000706800000, 0x0000000706800000, 0x0000000706a00000|  0%| F|  |TAMS 0x0000000706800000, 0x0000000706800000| Untracked 
|  14|0x0000000706a00000, 0x0000000706a00000, 0x0000000706c00000|  0%| F|  |TAMS 0x0000000706a00000, 0x0000000706a00000| Untracked 
|  15|0x0000000706c00000, 0x0000000706c00000, 0x0000000706e00000|  0%| F|  |TAMS 0x0000000706c00000, 0x0000000706c00000| Untracked 
|  16|0x0000000706e00000, 0x0000000706e00000, 0x0000000707000000|  0%| F|  |TAMS 0x0000000706e00000, 0x0000000706e00000| Untracked 
|  17|0x0000000707000000, 0x0000000707000000, 0x0000000707200000|  0%| F|  |TAMS 0x0000000707000000, 0x0000000707000000| Untracked 
|  18|0x0000000707200000, 0x0000000707200000, 0x0000000707400000|  0%| F|  |TAMS 0x0000000707200000, 0x0000000707200000| Untracked 
|  19|0x0000000707400000, 0x00000007074e9940, 0x0000000707600000| 45%| S|CS|TAMS 0x0000000707400000, 0x0000000707400000| Complete 
|  20|0x0000000707600000, 0x0000000707800000, 0x0000000707800000|100%| S|CS|TAMS 0x0000000707600000, 0x0000000707600000| Complete 
|  21|0x0000000707800000, 0x0000000707a00000, 0x0000000707a00000|100%| S|CS|TAMS 0x0000000707800000, 0x0000000707800000| Complete 
|  22|0x0000000707a00000, 0x0000000707c00000, 0x0000000707c00000|100%| S|CS|TAMS 0x0000000707a00000, 0x0000000707a00000| Complete 
|  23|0x0000000707c00000, 0x0000000707c00000, 0x0000000707e00000|  0%| F|  |TAMS 0x0000000707c00000, 0x0000000707c00000| Untracked 
|  24|0x0000000707e00000, 0x0000000707e00000, 0x0000000708000000|  0%| F|  |TAMS 0x0000000707e00000, 0x0000000707e00000| Untracked 
|  25|0x0000000708000000, 0x0000000708000000, 0x0000000708200000|  0%| F|  |TAMS 0x0000000708000000, 0x0000000708000000| Untracked 
|  26|0x0000000708200000, 0x0000000708200000, 0x0000000708400000|  0%| F|  |TAMS 0x0000000708200000, 0x0000000708200000| Untracked 
|  27|0x0000000708400000, 0x0000000708400000, 0x0000000708600000|  0%| F|  |TAMS 0x0000000708400000, 0x0000000708400000| Untracked 
|  28|0x0000000708600000, 0x0000000708600000, 0x0000000708800000|  0%| F|  |TAMS 0x0000000708600000, 0x0000000708600000| Untracked 
|  29|0x0000000708800000, 0x0000000708800000, 0x0000000708a00000|  0%| F|  |TAMS 0x0000000708800000, 0x0000000708800000| Untracked 
|  30|0x0000000708a00000, 0x0000000708a00000, 0x0000000708c00000|  0%| F|  |TAMS 0x0000000708a00000, 0x0000000708a00000| Untracked 
|  31|0x0000000708c00000, 0x0000000708c00000, 0x0000000708e00000|  0%| F|  |TAMS 0x0000000708c00000, 0x0000000708c00000| Untracked 
|  32|0x0000000708e00000, 0x0000000708e00000, 0x0000000709000000|  0%| F|  |TAMS 0x0000000708e00000, 0x0000000708e00000| Untracked 
|  33|0x0000000709000000, 0x0000000709000000, 0x0000000709200000|  0%| F|  |TAMS 0x0000000709000000, 0x0000000709000000| Untracked 
|  34|0x0000000709200000, 0x0000000709200000, 0x0000000709400000|  0%| F|  |TAMS 0x0000000709200000, 0x0000000709200000| Untracked 
|  35|0x0000000709400000, 0x000000070941ff18, 0x0000000709600000|  6%| E|  |TAMS 0x0000000709400000, 0x0000000709400000| Complete 
|  36|0x0000000709600000, 0x0000000709800000, 0x0000000709800000|100%| E|CS|TAMS 0x0000000709600000, 0x0000000709600000| Complete 
|  37|0x0000000709800000, 0x0000000709a00000, 0x0000000709a00000|100%| E|CS|TAMS 0x0000000709800000, 0x0000000709800000| Complete 
|  38|0x0000000709a00000, 0x0000000709c00000, 0x0000000709c00000|100%| E|CS|TAMS 0x0000000709a00000, 0x0000000709a00000| Complete 
|  39|0x0000000709c00000, 0x0000000709e00000, 0x0000000709e00000|100%| E|CS|TAMS 0x0000000709c00000, 0x0000000709c00000| Complete 
|  40|0x0000000709e00000, 0x000000070a000000, 0x000000070a000000|100%| E|CS|TAMS 0x0000000709e00000, 0x0000000709e00000| Complete 
|  41|0x000000070a000000, 0x000000070a200000, 0x000000070a200000|100%| E|CS|TAMS 0x000000070a000000, 0x000000070a000000| Complete 
|  42|0x000000070a200000, 0x000000070a400000, 0x000000070a400000|100%| E|CS|TAMS 0x000000070a200000, 0x000000070a200000| Complete 
|  43|0x000000070a400000, 0x000000070a600000, 0x000000070a600000|100%| E|CS|TAMS 0x000000070a400000, 0x000000070a400000| Complete 
|  44|0x000000070a600000, 0x000000070a800000, 0x000000070a800000|100%| E|CS|TAMS 0x000000070a600000, 0x000000070a600000| Complete 
|  45|0x000000070a800000, 0x000000070aa00000, 0x000000070aa00000|100%| E|CS|TAMS 0x000000070a800000, 0x000000070a800000| Complete 
|  46|0x000000070aa00000, 0x000000070ac00000, 0x000000070ac00000|100%| E|CS|TAMS 0x000000070aa00000, 0x000000070aa00000| Complete 
| 125|0x0000000714800000, 0x0000000714a00000, 0x0000000714a00000|100%| E|CS|TAMS 0x0000000714800000, 0x0000000714800000| Complete 
|2007|0x00000007ffc00000, 0x00000007ffe00000, 0x00000007ffe00000|100%| O|  |TAMS 0x00000007ffe00000, 0x00000007ffc00000| Untracked 
|2008|0x00000007ffe00000, 0x0000000800000000, 0x0000000800000000|100%| O|  |TAMS 0x0000000800000000, 0x00000007ffe00000| Untracked 

Card table byte_map: [0x000001b661290000,0x000001b661a70000] _byte_map_base: 0x000001b65da69000

Marking Bits (Prev, Next): (CMBitMap*) 0x000001b64ce37190, (CMBitMap*) 0x000001b64ce37150
 Prev Bits: [0x000001b666120000, 0x000001b669fe8000)
 Next Bits: [0x000001b662250000, 0x000001b666118000)

Polling page: 0x000001b64ad80000

Metaspace:

Usage:
  Non-class:     62.67 MB capacity,    62.26 MB (>99%) used,   326.10 KB ( <1%) free+waste,    91.56 KB ( <1%) overhead. 
      Class:      9.00 MB capacity,     8.80 MB ( 98%) used,   173.09 KB (  2%) free+waste,    33.81 KB ( <1%) overhead. 
       Both:     71.67 MB capacity,    71.06 MB (>99%) used,   499.19 KB ( <1%) free+waste,   125.38 KB ( <1%) overhead. 

Virtual space:
  Non-class space:       64.00 MB reserved,      62.75 MB ( 98%) committed 
      Class space:        1.00 GB reserved,       9.12 MB ( <1%) committed 
             Both:        1.06 GB reserved,      71.88 MB (  7%) committed 

Chunk freelists:
   Non-Class:  21.00 KB
       Class:  28.00 KB
        Both:  49.00 KB

MaxMetaspaceSize: 17179869184.00 GB
CompressedClassSpaceSize: 1.00 GB

CodeHeap 'non-profiled nmethods': size=232192Kb used=10437Kb max_used=10437Kb free=221754Kb
 bounds [0x000001b6514d0000, 0x000001b651f10000, 0x000001b65f790000]
CodeHeap 'non-nmethods': size=13568Kb used=1335Kb max_used=1335Kb free=12232Kb
 bounds [0x000001b650790000, 0x000001b650a00000, 0x000001b6514d0000]
 total_blobs=6496 nmethods=5860 adapters=563
 compilation: enabled
              stopped_count=0, restarted_count=0
 full_count=0

Compilation events (20 events):
Event: 321.851 Thread 0x000001b66e4f2470 5851       1       org.springframework.core.convert.Property::getObjectType (5 bytes)
Event: 321.851 Thread 0x000001b66e4f2470 nmethod 5851 0x000001b651eff510 code [0x000001b651eff6a0, 0x000001b651eff758]
Event: 321.852 Thread 0x000001b66e4f2470 5852       1       java.util.Calendar::getBaseStyle (6 bytes)
Event: 321.852 Thread 0x000001b66e4f2470 nmethod 5852 0x000001b651eff810 code [0x000001b651eff9a0, 0x000001b651effa58]
Event: 321.852 Thread 0x000001b66e4f2470 5853       1       org.apache.tomcat.util.buf.ByteChunk::recycle (10 bytes)
Event: 321.852 Thread 0x000001b66e4f2470 nmethod 5853 0x000001b651effb10 code [0x000001b651effca0, 0x000001b651effd98]
Event: 329.853 Thread 0x000001b66e4f2470 5854       1       org.apache.tomcat.util.http.parser.Cookie$ByteBuffer::get (17 bytes)
Event: 329.853 Thread 0x000001b66e4f2470 nmethod 5854 0x000001b651effe10 code [0x000001b651efffa0, 0x000001b651f00098]
Event: 329.853 Thread 0x000001b66e4f2470 5855       1       org.apache.tomcat.util.http.MimeHeaders::getName (26 bytes)
Event: 329.853 Thread 0x000001b66e4f2470 nmethod 5855 0x000001b651f00190 code [0x000001b651f00320, 0x000001b651f00458]
Event: 329.856 Thread 0x000001b66e4f2470 5856       1       java.util.regex.Matcher::match (154 bytes)
Event: 329.857 Thread 0x000001b66e4f2470 nmethod 5856 0x000001b651f00590 code [0x000001b651f00740, 0x000001b651f00958]
Event: 329.857 Thread 0x000001b66e4f2470 5857       1       org.springframework.util.MimeType::isWildcardType (10 bytes)
Event: 329.857 Thread 0x000001b66e4f2470 nmethod 5857 0x000001b651f00b10 code [0x000001b651f00ca0, 0x000001b651f00d88]
Event: 329.857 Thread 0x000001b66e4f2470 5858       1       org.apache.jasper.JspCompilationContext::isPathSeparator (18 bytes)
Event: 329.857 Thread 0x000001b66e4f2470 nmethod 5858 0x000001b651f00e10 code [0x000001b651f00fa0, 0x000001b651f01058]
Event: 329.858 Thread 0x000001b66e4f2470 5859       1       sun.util.calendar.CalendarDate::isNormalized (5 bytes)
Event: 329.858 Thread 0x000001b66e4f2470 nmethod 5859 0x000001b651f01110 code [0x000001b651f012a0, 0x000001b651f01358]
Event: 329.859 Thread 0x000001b66e4f2470 5860       1       java.util.Calendar::getZone (5 bytes)
Event: 329.859 Thread 0x000001b66e4f2470 nmethod 5860 0x000001b651f01410 code [0x000001b651f015a0, 0x000001b651f01658]

GC Heap History (20 events):
Event: 0.905 GC heap before
{Heap before GC invocations=6 (full 0):
 garbage-first heap   total 155648K, used 95538K [0x0000000704e00000, 0x0000000800000000)
  region size 2048K, 45 young (92160K), 2 survivors (4096K)
 Metaspace       used 29930K, capacity 30301K, committed 30592K, reserved 1077248K
  class space    used 3543K, capacity 3668K, committed 3712K, reserved 1048576K
}
Event: 0.908 GC heap after
{Heap after GC invocations=7 (full 0):
 garbage-first heap   total 155648K, used 11866K [0x0000000704e00000, 0x0000000800000000)
  region size 2048K, 3 young (6144K), 3 survivors (6144K)
 Metaspace       used 29930K, capacity 30301K, committed 30592K, reserved 1077248K
  class space    used 3543K, capacity 3668K, committed 3712K, reserved 1048576K
}
Event: 1.138 GC heap before
{Heap before GC invocations=7 (full 0):
 garbage-first heap   total 155648K, used 58970K [0x0000000704e00000, 0x0000000800000000)
  region size 2048K, 27 young (55296K), 3 survivors (6144K)
 Metaspace       used 35311K, capacity 35790K, committed 35840K, reserved 1081344K
  class space    used 4304K, capacity 4467K, committed 4480K, reserved 1048576K
}
Event: 1.142 GC heap after
{Heap after GC invocations=8 (full 0):
 garbage-first heap   total 155648K, used 15007K [0x0000000704e00000, 0x0000000800000000)
  region size 2048K, 5 young (10240K), 5 survivors (10240K)
 Metaspace       used 35311K, capacity 35790K, committed 35840K, reserved 1081344K
  class space    used 4304K, capacity 4467K, committed 4480K, reserved 1048576K
}
Event: 1.217 GC heap before
{Heap before GC invocations=9 (full 0):
 garbage-first heap   total 69632K, used 64159K [0x0000000704e00000, 0x0000000800000000)
  region size 2048K, 30 young (61440K), 5 survivors (10240K)
 Metaspace       used 37167K, capacity 37614K, committed 37760K, reserved 1083392K
  class space    used 4489K, capacity 4627K, committed 4736K, reserved 1048576K
}
Event: 1.220 GC heap after
{Heap after GC invocations=10 (full 0):
 garbage-first heap   total 81920K, used 16805K [0x0000000704e00000, 0x0000000800000000)
  region size 2048K, 4 young (8192K), 4 survivors (8192K)
 Metaspace       used 37167K, capacity 37614K, committed 37760K, reserved 1083392K
  class space    used 4489K, capacity 4627K, committed 4736K, reserved 1048576K
}
Event: 1.229 GC heap before
{Heap before GC invocations=10 (full 0):
 garbage-first heap   total 81920K, used 55717K [0x0000000704e00000, 0x0000000800000000)
  region size 2048K, 24 young (49152K), 4 survivors (8192K)
 Metaspace       used 37175K, capacity 37614K, committed 37760K, reserved 1083392K
  class space    used 4490K, capacity 4627K, committed 4736K, reserved 1048576K
}
Event: 1.230 GC heap after
{Heap after GC invocations=11 (full 0):
 garbage-first heap   total 98304K, used 17098K [0x0000000704e00000, 0x0000000800000000)
  region size 2048K, 2 young (4096K), 2 survivors (4096K)
 Metaspace       used 37175K, capacity 37614K, committed 37760K, reserved 1083392K
  class space    used 4490K, capacity 4627K, committed 4736K, reserved 1048576K
}
Event: 1.487 GC heap before
{Heap before GC invocations=11 (full 0):
 garbage-first heap   total 98304K, used 70346K [0x0000000704e00000, 0x0000000800000000)
  region size 2048K, 28 young (57344K), 2 survivors (4096K)
 Metaspace       used 43380K, capacity 43949K, committed 44160K, reserved 1087488K
  class space    used 5296K, capacity 5458K, committed 5504K, reserved 1048576K
}
Event: 1.490 GC heap after
{Heap after GC invocations=12 (full 0):
 garbage-first heap   total 98304K, used 18548K [0x0000000704e00000, 0x0000000800000000)
  region size 2048K, 2 young (4096K), 2 survivors (4096K)
 Metaspace       used 43380K, capacity 43949K, committed 44160K, reserved 1087488K
  class space    used 5296K, capacity 5458K, committed 5504K, reserved 1048576K
}
Event: 1.738 GC heap before
{Heap before GC invocations=12 (full 0):
 garbage-first heap   total 98304K, used 69748K [0x0000000704e00000, 0x0000000800000000)
  region size 2048K, 28 young (57344K), 2 survivors (4096K)
 Metaspace       used 51372K, capacity 51929K, committed 52224K, reserved 1095680K
  class space    used 6419K, capacity 6581K, committed 6656K, reserved 1048576K
}
Event: 1.741 GC heap after
{Heap after GC invocations=13 (full 0):
 garbage-first heap   total 98304K, used 21309K [0x0000000704e00000, 0x0000000800000000)
  region size 2048K, 4 young (8192K), 4 survivors (8192K)
 Metaspace       used 51372K, capacity 51929K, committed 52224K, reserved 1095680K
  class space    used 6419K, capacity 6581K, committed 6656K, reserved 1048576K
}
Event: 2.002 GC heap before
{Heap before GC invocations=13 (full 0):
 garbage-first heap   total 98304K, used 70461K [0x0000000704e00000, 0x0000000800000000)
  region size 2048K, 28 young (57344K), 4 survivors (8192K)
 Metaspace       used 57741K, capacity 58345K, committed 58624K, reserved 1099776K
  class space    used 7358K, capacity 7560K, committed 7680K, reserved 1048576K
}
Event: 2.006 GC heap after
{Heap after GC invocations=14 (full 0):
 garbage-first heap   total 98304K, used 24111K [0x0000000704e00000, 0x0000000800000000)
  region size 2048K, 3 young (6144K), 3 survivors (6144K)
 Metaspace       used 57741K, capacity 58345K, committed 58624K, reserved 1099776K
  class space    used 7358K, capacity 7560K, committed 7680K, reserved 1048576K
}
Event: 2.068 GC heap before
{Heap before GC invocations=14 (full 0):
 garbage-first heap   total 98304K, used 32303K [0x0000000704e00000, 0x0000000800000000)
  region size 2048K, 9 young (18432K), 3 survivors (6144K)
 Metaspace       used 59457K, capacity 60044K, committed 60160K, reserved 1101824K
  class space    used 7589K, capacity 7785K, committed 7808K, reserved 1048576K
}
Event: 2.071 GC heap after
{Heap after GC invocations=15 (full 0):
 garbage-first heap   total 118784K, used 24900K [0x0000000704e00000, 0x0000000800000000)
  region size 2048K, 2 young (4096K), 2 survivors (4096K)
 Metaspace       used 59457K, capacity 60044K, committed 60160K, reserved 1101824K
  class space    used 7589K, capacity 7785K, committed 7808K, reserved 1048576K
}
Event: 5.649 GC heap before
{Heap before GC invocations=16 (full 0):
 garbage-first heap   total 102400K, used 82244K [0x0000000704e00000, 0x0000000800000000)
  region size 2048K, 30 young (61440K), 2 survivors (4096K)
 Metaspace       used 63960K, capacity 64614K, committed 64896K, reserved 1105920K
  class space    used 8220K, capacity 8449K, committed 8576K, reserved 1048576K
}
Event: 5.651 GC heap after
{Heap after GC invocations=17 (full 0):
 garbage-first heap   total 102400K, used 28065K [0x0000000704e00000, 0x0000000800000000)
  region size 2048K, 4 young (8192K), 4 survivors (8192K)
 Metaspace       used 63960K, capacity 64614K, committed 64896K, reserved 1105920K
  class space    used 8220K, capacity 8449K, committed 8576K, reserved 1048576K
}
Event: 5.934 GC heap before
{Heap before GC invocations=17 (full 0):
 garbage-first heap   total 102400K, used 77217K [0x0000000704e00000, 0x0000000800000000)
  region size 2048K, 29 young (59392K), 4 survivors (8192K)
 Metaspace       used 71332K, capacity 72006K, committed 72192K, reserved 1112064K
  class space    used 8897K, capacity 9121K, committed 9216K, reserved 1048576K
}
Event: 5.937 GC heap after
{Heap after GC invocations=18 (full 0):
 garbage-first heap   total 102400K, used 30977K [0x0000000704e00000, 0x0000000800000000)
  region size 2048K, 4 young (8192K), 4 survivors (8192K)
 Metaspace       used 71332K, capacity 72006K, committed 72192K, reserved 1112064K
  class space    used 8897K, capacity 9121K, committed 9216K, reserved 1048576K
}

Deoptimization events (8 events):
Event: 0.892 Thread 0x000001b66f749c40 DEOPT PACKING pc=0x000001b651808c7c sp=0x00000019e81fcfe0
Event: 0.892 Thread 0x000001b66f749c40 DEOPT UNPACKING pc=0x000001b6507de23f sp=0x00000019e81fc538 mode 0
Event: 1.349 Thread 0x000001b66f8c4360 DEOPT PACKING pc=0x000001b65174f528 sp=0x00000019e86fed50
Event: 1.349 Thread 0x000001b66f8c4360 DEOPT UNPACKING pc=0x000001b6507de23f sp=0x00000019e86fe1b8 mode 3
Event: 2.204 Thread 0x000001b66f749c40 DEOPT PACKING pc=0x000001b6517cf6c9 sp=0x00000019e81fd450
Event: 2.204 Thread 0x000001b66f749c40 DEOPT UNPACKING pc=0x000001b6507de23f sp=0x00000019e81fc968 mode 3
Event: 2.204 Thread 0x000001b66f749c40 DEOPT PACKING pc=0x000001b651756054 sp=0x00000019e81fd410
Event: 2.204 Thread 0x000001b66f749c40 DEOPT UNPACKING pc=0x000001b6507de23f sp=0x00000019e81fc968 mode 3

Classes unloaded (0 events):
No events

Classes redefined (0 events):
No events

Internal exceptions (20 events):
Event: 5.750 Thread 0x000001b66f8c6040 Exception <a 'java/lang/ClassNotFoundException'{0x0000000709b773c8}: org/springframework/web/servlet/tags/HtmlEscapingAwareTagBeanInfo> (0x0000000709b773c8) 
thrown [./open/src/hotspot/share/classfile/systemDictionary.cpp, line 295]
Event: 5.750 Thread 0x000001b66f8c6040 Exception <a 'java/lang/ClassNotFoundException'{0x0000000709b7fef0}: org/springframework/web/servlet/tags/RequestContextAwareTagBeanInfo> (0x0000000709b7fef0) 
thrown [./open/src/hotspot/share/classfile/systemDictionary.cpp, line 295]
Event: 5.750 Thread 0x000001b66f8c6040 Exception <a 'java/lang/ClassNotFoundException'{0x0000000709b88a18}: org/springframework/web/servlet/tags/RequestContextAwareTagCustomizer> (0x0000000709b88a18) 
thrown [./open/src/hotspot/share/classfile/systemDictionary.cpp, line 295]
Event: 5.751 Thread 0x000001b66f8c6040 Exception <a 'java/lang/ClassNotFoundException'{0x0000000709b9f630}: org/springframework/web/servlet/tags/HtmlEscapingAwareTagCustomizer> (0x0000000709b9f630) 
thrown [./open/src/hotspot/share/classfile/systemDictionary.cpp, line 295]
Event: 5.751 Thread 0x000001b66f8c6040 Exception <a 'java/lang/ClassNotFoundException'{0x0000000709bac910}: org/springframework/web/servlet/tags/form/AbstractFormTagCustomizer> (0x0000000709bac910) 
thrown [./open/src/hotspot/share/classfile/systemDictionary.cpp, line 295]
Event: 5.751 Thread 0x000001b66f8c6040 Exception <a 'java/lang/ClassNotFoundException'{0x0000000709bb8e18}: org/springframework/web/servlet/tags/form/AbstractDataBoundFormElementTagCustomizer> (0x0000000709bb8e18) 
thrown [./open/src/hotspot/share/classfile/systemDictionary.cpp, line 295]
Event: 5.752 Thread 0x000001b66f8c6040 Exception <a 'java/lang/ClassNotFoundException'{0x0000000709bcbc50}: org/springframework/web/servlet/tags/form/AbstractHtmlElementTagCustomizer> (0x0000000709bcbc50) 
thrown [./open/src/hotspot/share/classfile/systemDictionary.cpp, line 295]
Event: 5.752 Thread 0x000001b66f8c6040 Exception <a 'java/lang/ClassNotFoundException'{0x0000000709be60b8}: org/springframework/web/servlet/tags/form/FormTagCustomizer> (0x0000000709be60b8) 
thrown [./open/src/hotspot/share/classfile/systemDictionary.cpp, line 295]
Event: 5.753 Thread 0x000001b66f8c6040 Exception <a 'java/lang/ClassNotFoundException'{0x000000070980b878}: org/springframework/web/servlet/tags/form/InputTagBeanInfo> (0x000000070980b878) 
thrown [./open/src/hotspot/share/classfile/systemDictionary.cpp, line 295]
Event: 5.753 Thread 0x000001b66f8c6040 Exception <a 'java/lang/ClassNotFoundException'{0x0000000709814488}: org/springframework/web/servlet/tags/form/AbstractHtmlInputElementTagBeanInfo> (0x0000000709814488) 
thrown [./open/src/hotspot/share/classfile/systemDictionary.cpp, line 295]
Event: 5.753 Thread 0x000001b66f8c6040 Exception <a 'java/lang/ClassNotFoundException'{0x000000070981d490}: org/springframework/web/servlet/tags/form/AbstractHtmlInputElementTagCustomizer> (0x000000070981d490) 
thrown [./open/src/hotspot/share/classfile/systemDictionary.cpp, line 295]
Event: 5.753 Thread 0x000001b66f8c6040 Exception <a 'java/lang/ClassNotFoundException'{0x000000070982fdc0}: org/springframework/web/servlet/tags/form/InputTagCustomizer> (0x000000070982fdc0) 
thrown [./open/src/hotspot/share/classfile/systemDictionary.cpp, line 295]
Event: 5.754 Thread 0x000001b66f8c6040 Exception <a 'java/lang/ClassNotFoundException'{0x0000000709861af8}: org/springframework/web/servlet/tags/form/RadioButtonTagBeanInfo> (0x0000000709861af8) 
thrown [./open/src/hotspot/share/classfile/systemDictionary.cpp, line 295]
Event: 5.754 Thread 0x000001b66f8c6040 Exception <a 'java/lang/ClassNotFoundException'{0x000000070986a918}: org/springframework/web/servlet/tags/form/AbstractSingleCheckedElementTagBeanInfo> (0x000000070986a918) 
thrown [./open/src/hotspot/share/classfile/systemDictionary.cpp, line 295]
Event: 5.754 Thread 0x000001b66f8c6040 Exception <a 'java/lang/ClassNotFoundException'{0x00000007098737b8}: org/springframework/web/servlet/tags/form/AbstractCheckedElementTagBeanInfo> (0x00000007098737b8) 
thrown [./open/src/hotspot/share/classfile/systemDictionary.cpp, line 295]
Event: 5.754 Thread 0x000001b66f8c6040 Exception <a 'java/lang/ClassNotFoundException'{0x000000070987c9a8}: org/springframework/web/servlet/tags/form/AbstractCheckedElementTagCustomizer> (0x000000070987c9a8) 
thrown [./open/src/hotspot/share/classfile/systemDictionary.cpp, line 295]
Event: 5.755 Thread 0x000001b66f8c6040 Exception <a 'java/lang/ClassNotFoundException'{0x000000070988bce8}: org/springframework/web/servlet/tags/form/AbstractSingleCheckedElementTagCustomizer> (0x000000070988bce8) 
thrown [./open/src/hotspot/share/classfile/systemDictionary.cpp, line 295]
Event: 5.755 Thread 0x000001b66f8c6040 Exception <a 'java/lang/ClassNotFoundException'{0x000000070989bc48}: org/springframework/web/servlet/tags/form/RadioButtonTagCustomizer> (0x000000070989bc48) 
thrown [./open/src/hotspot/share/classfile/systemDictionary.cpp, line 295]
Event: 5.887 Thread 0x000001b66f8c6040 Exception <a 'java/lang/ArrayIndexOutOfBoundsException'{0x00000007083f54c8}> (0x00000007083f54c8) 
thrown [./open/src/hotspot/share/runtime/sharedRuntime.cpp, line 585]
Event: 6.067 Thread 0x000001b66f8c6040 Exception <a 'java/lang/NullPointerException'{0x0000000709fe2db8}> (0x0000000709fe2db8) 
thrown [./open/src/hotspot/share/interpreter/linkResolver.cpp, line 1457]

Events (20 events):
Event: 321.851 Executing VM operation: get/set locals
Event: 321.851 Executing VM operation: get/set locals done
Event: 321.851 Executing VM operation: get/set locals
Event: 321.851 Executing VM operation: get/set locals done
Event: 321.851 Executing VM operation: get/set locals
Event: 321.851 Executing VM operation: get/set locals done
Event: 329.854 Executing VM operation: get/set locals
Event: 329.854 Executing VM operation: get/set locals done
Event: 329.855 Executing VM operation: get/set locals
Event: 329.855 Executing VM operation: get/set locals done
Event: 329.855 Executing VM operation: get/set locals
Event: 329.855 Executing VM operation: get/set locals done
Event: 329.855 Executing VM operation: get/set locals
Event: 329.856 Executing VM operation: get/set locals done
Event: 329.856 Executing VM operation: get/set locals
Event: 329.856 Executing VM operation: get/set locals done
Event: 329.859 Executing VM operation: get/set locals
Event: 329.859 Executing VM operation: get/set locals done
Event: 329.859 Executing VM operation: get/set locals
Event: 329.860 Executing VM operation: get/set locals done


Dynamic libraries:
0x00007ff6a8070000 - 0x00007ff6a807d000 	E:\sts\spring-tool-suite-4-4.8.1.RELEASE-e4.17.0-win32.win32.x86_64\sts-4.8.1.RELEASE\plugins\org.eclipse.justj.openjdk.hotspot.jre.full.win32.x86_64_15.0.0.v20201014-1246\jre\bin\javaw.exe
0x000001b64a9e0000 - 0x000001b64ac40000 	C:\Windows\SYSTEM32\ntd1l.dll
0x000001b64ac50000 - 0x000001b64ad17000 	C:\Windows\System32\kern3l32.dll
0x00007ffe8dc80000 - 0x00007ffe8dee0000 	C:\Windows\SYSTEM32\ntdll.dll
0x00007ffe8c730000 - 0x00007ffe8c7f7000 	C:\Windows\System32\KERNEL32.DLL
0x00007ffe8b2a0000 - 0x00007ffe8b66a000 	C:\Windows\System32\KERNELBASE.dll
0x00007ffe890e0000 - 0x00007ffe894f6000 	C:\Program Files\SentinelOne\Sentinel Agent 24.1.5.277\InProcessClient64.dll
0x00007ffe8d2e0000 - 0x00007ffe8d392000 	C:\Windows\System32\ADVAPI32.dll
0x00007ffe8c920000 - 0x00007ffe8c9c9000 	C:\Windows\System32\msvcrt.dll
0x00007ffe8d1c0000 - 0x00007ffe8d266000 	C:\Windows\System32\sechost.dll
0x00007ffe8bdc0000 - 0x00007ffe8bed6000 	C:\Windows\System32\RPCRT4.dll
0x00007ffe8b840000 - 0x00007ffe8b98b000 	C:\Windows\System32\ucrtbase.dll
0x00007ffe77e00000 - 0x00007ffe77e18000 	E:\sts\spring-tool-suite-4-4.8.1.RELEASE-e4.17.0-win32.win32.x86_64\sts-4.8.1.RELEASE\plugins\org.eclipse.justj.openjdk.hotspot.jre.full.win32.x86_64_15.0.0.v20201014-1246\jre\bin\jli.dll
0x00007ffe790c0000 - 0x00007ffe790d9000 	E:\sts\spring-tool-suite-4-4.8.1.RELEASE-e4.17.0-win32.win32.x86_64\sts-4.8.1.RELEASE\plugins\org.eclipse.justj.openjdk.hotspot.jre.full.win32.x86_64_15.0.0.v20201014-1246\jre\bin\VCRUNTIME140.dll
0x00007ffe8cef0000 - 0x00007ffe8d0bc000 	C:\Windows\System32\USER32.dll
0x00007ffe8ba50000 - 0x00007ffe8ba77000 	C:\Windows\System32\win32u.dll
0x00007ffe8d3f0000 - 0x00007ffe8d41a000 	C:\Windows\System32\GDI32.dll
0x00007ffe7adc0000 - 0x00007ffe7b057000 	C:\Windows\WinSxS\amd64_microsoft.windows.common-controls_6595b64144ccf1df_6.0.26100.3624_none_3e086962e3345f24\COMCTL32.dll
0x00007ffe8b700000 - 0x00007ffe8b831000 	C:\Windows\System32\gdi32full.dll
0x00007ffe8afe0000 - 0x00007ffe8b083000 	C:\Windows\System32\msvcp_win.dll
0x00007ffe89080000 - 0x00007ffe8908b000 	C:\Windows\SYSTEM32\VERSION.dll
0x00007ffe89070000 - 0x00007ffe8907c000 	C:\Windows\SYSTEM32\FLTLIB.DLL
0x00007ffe8c8e0000 - 0x00007ffe8c90f000 	C:\Windows\System32\IMM32.DLL
0x00007ffe7fc90000 - 0x00007ffe7fc9c000 	E:\sts\spring-tool-suite-4-4.8.1.RELEASE-e4.17.0-win32.win32.x86_64\sts-4.8.1.RELEASE\plugins\org.eclipse.justj.openjdk.hotspot.jre.full.win32.x86_64_15.0.0.v20201014-1246\jre\bin\vcruntime140_1.dll
0x00007ffe6ee30000 - 0x00007ffe6eec1000 	E:\sts\spring-tool-suite-4-4.8.1.RELEASE-e4.17.0-win32.win32.x86_64\sts-4.8.1.RELEASE\plugins\org.eclipse.justj.openjdk.hotspot.jre.full.win32.x86_64_15.0.0.v20201014-1246\jre\bin\msvcp140.dll
0x00007ffe19ac0000 - 0x00007ffe1a61c000 	E:\sts\spring-tool-suite-4-4.8.1.RELEASE-e4.17.0-win32.win32.x86_64\sts-4.8.1.RELEASE\plugins\org.eclipse.justj.openjdk.hotspot.jre.full.win32.x86_64_15.0.0.v20201014-1246\jre\bin\server\jvm.dll
0x000001b64ad50000 - 0x000001b64ad58000 	C:\Windows\System32\PSAPI.DLL
0x00007ffe69a80000 - 0x00007ffe69a8a000 	C:\Windows\SYSTEM32\WSOCK32.dll
0x00007ffe8bbe0000 - 0x00007ffe8bc54000 	C:\Windows\System32\WS2_32.dll
0x00007ffe81970000 - 0x00007ffe819a6000 	C:\Windows\SYSTEM32\WINMM.dll
0x00007ffe89d50000 - 0x00007ffe89d6a000 	C:\Windows\SYSTEM32\kernel.appcore.dll
0x00007ffe858f0000 - 0x00007ffe858fa000 	E:\sts\spring-tool-suite-4-4.8.1.RELEASE-e4.17.0-win32.win32.x86_64\sts-4.8.1.RELEASE\plugins\org.eclipse.justj.openjdk.hotspot.jre.full.win32.x86_64_15.0.0.v20201014-1246\jre\bin\jimage.dll
0x00007ffe88270000 - 0x00007ffe884b1000 	C:\Windows\SYSTEM32\DBGHELP.DLL
0x00007ffe8d830000 - 0x00007ffe8dbb2000 	C:\Windows\System32\combase.dll
0x00007ffe8c650000 - 0x00007ffe8c726000 	C:\Windows\System32\OLEAUT32.dll
0x00007ffe7ad80000 - 0x00007ffe7adb9000 	C:\Windows\SYSTEM32\dbgcore.DLL
0x00007ffe8b090000 - 0x00007ffe8b129000 	C:\Windows\System32\bcryptPrimitives.dll
0x00007ffe08ff0000 - 0x00007ffe0909d000 	C:\Program Files\SentinelOne\Sentinel Agent 24.1.5.277\SentinelJava64.dll
0x00007ffe8d270000 - 0x00007ffe8d2d4000 	C:\Windows\System32\SHLWAPI.dll
0x00007ffe8d420000 - 0x00007ffe8d5b6000 	C:\Windows\System32\ole32.dll
0x00007ffe789d0000 - 0x00007ffe789f5000 	E:\sts\spring-tool-suite-4-4.8.1.RELEASE-e4.17.0-win32.win32.x86_64\sts-4.8.1.RELEASE\plugins\org.eclipse.justj.openjdk.hotspot.jre.full.win32.x86_64_15.0.0.v20201014-1246\jre\bin\java.dll
0x00007ffe85700000 - 0x00007ffe85718000 	E:\sts\spring-tool-suite-4-4.8.1.RELEASE-e4.17.0-win32.win32.x86_64\sts-4.8.1.RELEASE\plugins\org.eclipse.justj.openjdk.hotspot.jre.full.win32.x86_64_15.0.0.v20201014-1246\jre\bin\zip.dll
0x00007ffe8bee0000 - 0x00007ffe8c609000 	C:\Windows\System32\SHELL32.dll
0x00007ffe8b130000 - 0x00007ffe8b298000 	C:\Windows\System32\wintypes.dll
0x00007ffe886a0000 - 0x00007ffe88ef2000 	C:\Windows\SYSTEM32\windows.storage.dll
0x00007ffe8bcd0000 - 0x00007ffe8bdbd000 	C:\Windows\System32\SHCORE.dll
0x00007ffe8ad70000 - 0x00007ffe8ad9f000 	C:\Windows\SYSTEM32\profapi.dll
0x00007ffe7d530000 - 0x00007ffe7d549000 	E:\sts\spring-tool-suite-4-4.8.1.RELEASE-e4.17.0-win32.win32.x86_64\sts-4.8.1.RELEASE\plugins\org.eclipse.justj.openjdk.hotspot.jre.full.win32.x86_64_15.0.0.v20201014-1246\jre\bin\net.dll
0x00007ffe84700000 - 0x00007ffe8481d000 	C:\Windows\SYSTEM32\WINHTTP.dll
0x00007ffe8a250000 - 0x00007ffe8a2ba000 	C:\Windows\system32\mswsock.dll
0x00007ffe7d330000 - 0x00007ffe7d342000 	E:\sts\spring-tool-suite-4-4.8.1.RELEASE-e4.17.0-win32.win32.x86_64\sts-4.8.1.RELEASE\plugins\org.eclipse.justj.openjdk.hotspot.jre.full.win32.x86_64_15.0.0.v20201014-1246\jre\bin\nio.dll
0x00007ffe7d170000 - 0x00007ffe7d179000 	E:\sts\spring-tool-suite-4-4.8.1.RELEASE-e4.17.0-win32.win32.x86_64\sts-4.8.1.RELEASE\plugins\org.eclipse.justj.openjdk.hotspot.jre.full.win32.x86_64_15.0.0.v20201014-1246\jre\bin\management.dll
0x00007ffe7d000000 - 0x00007ffe7d00b000 	E:\sts\spring-tool-suite-4-4.8.1.RELEASE-e4.17.0-win32.win32.x86_64\sts-4.8.1.RELEASE\plugins\org.eclipse.justj.openjdk.hotspot.jre.full.win32.x86_64_15.0.0.v20201014-1246\jre\bin\management_ext.dll
0x00007ffe58a10000 - 0x00007ffe58a28000 	C:\Windows\system32\napinsp.dll
0x00007ffe89760000 - 0x00007ffe89885000 	C:\Windows\SYSTEM32\DNSAPI.dll
0x00007ffe896d0000 - 0x00007ffe89703000 	C:\Windows\SYSTEM32\IPHLPAPI.DLL
0x00007ffe8c9d0000 - 0x00007ffe8c9da000 	C:\Windows\System32\NSI.dll
0x00007ffe58f50000 - 0x00007ffe58f62000 	C:\Windows\System32\winrnr.dll
0x00007ffe58f10000 - 0x00007ffe58f40000 	C:\Windows\system32\nlansp_c.dll
0x00007ffe58ef0000 - 0x00007ffe58f06000 	C:\Windows\system32\wshbth.dll
0x00007ffe83bc0000 - 0x00007ffe83bcb000 	C:\Windows\System32\rasadhlp.dll
0x00007ffe84f40000 - 0x00007ffe84fc5000 	C:\Windows\System32\fwpuclnt.dll
0x00007ffe8a600000 - 0x00007ffe8a61c000 	C:\Windows\SYSTEM32\CRYPTSP.dll
0x00007ffe89cb0000 - 0x00007ffe89cea000 	C:\Windows\system32\rsaenh.dll
0x00007ffe8a2f0000 - 0x00007ffe8a31b000 	C:\Windows\SYSTEM32\USERENV.dll
0x00007ffe8ad40000 - 0x00007ffe8ad66000 	C:\Windows\SYSTEM32\bcrypt.dll
0x00007ffe8a480000 - 0x00007ffe8a48c000 	C:\Windows\SYSTEM32\CRYPTBASE.dll
0x00007ffe84ba0000 - 0x00007ffe84bbf000 	C:\Windows\SYSTEM32\dhcpcsvc6.DLL
0x00007ffe84b70000 - 0x00007ffe84b95000 	C:\Windows\SYSTEM32\dhcpcsvc.DLL
0x00007ffe85730000 - 0x00007ffe85740000 	E:\sts\spring-tool-suite-4-4.8.1.RELEASE-e4.17.0-win32.win32.x86_64\sts-4.8.1.RELEASE\plugins\org.eclipse.justj.openjdk.hotspot.jre.full.win32.x86_64_15.0.0.v20201014-1246\jre\bin\verify.dll
0x00007ffe85720000 - 0x00007ffe8572d000 	E:\sts\spring-tool-suite-4-4.8.1.RELEASE-e4.17.0-win32.win32.x86_64\sts-4.8.1.RELEASE\plugins\org.eclipse.justj.openjdk.hotspot.jre.full.win32.x86_64_15.0.0.v20201014-1246\jre\bin\sunmscapi.dll
0x00007ffe8ae60000 - 0x00007ffe8afd7000 	C:\Windows\System32\CRYPT32.dll
0x00007ffe8a750000 - 0x00007ffe8a780000 	C:\Windows\SYSTEM32\ncrypt.dll
0x00007ffe8a700000 - 0x00007ffe8a73f000 	C:\Windows\SYSTEM32\NTASN1.dll

dbghelp: loaded successfully - version: 4.0.5 - missing functions: none
symbol engine: initialized successfully - sym options: 0x614 - pdb path: .;E:\sts\spring-tool-suite-4-4.8.1.RELEASE-e4.17.0-win32.win32.x86_64\sts-4.8.1.RELEASE\plugins\org.eclipse.justj.openjdk.hotspot.jre.full.win32.x86_64_15.0.0.v20201014-1246\jre\bin;C:\Windows\SYSTEM32;C:\Program Files\SentinelOne\Sentinel Agent 24.1.5.277;C:\Windows\WinSxS\amd64_microsoft.windows.common-controls_6595b64144ccf1df_6.0.26100.3624_none_3e086962e3345f24;E:\sts\spring-tool-suite-4-4.8.1.RELEASE-e4.17.0-win32.win32.x86_64\sts-4.8.1.RELEASE\plugins\org.eclipse.justj.openjdk.hotspot.jre.full.win32.x86_64_15.0.0.v20201014-1246\jre\bin\server

VM Arguments:
jvm_args: -Dcom.sun.management.jmxremote -Dcom.sun.management.jmxremote.port=51557 -Dcom.sun.management.jmxremote.authenticate=false -Dcom.sun.management.jmxremote.ssl=false -Djava.rmi.server.hostname=localhost -Dspring.jmx.enabled=true -Dspring.application.admin.enabled=true -XX:TieredStopAtLevel=1 -Dspring.boot.project.name=form_update-1 -Dfile.encoding=UTF-8 -XX:+ShowCodeDetailsInExceptionMessages -agentpath:C:\Program Files\SentinelOne\Sentinel Agent 24.1.5.277\SentinelJava64.dll=extendedCapabilities 
java_command: com.example.demo.FormUpdate1Application --spring.output.ansi.enabled=always
java_class_path (initial): D:\ganesh\form_update-1\target\classes;C:\Users\Administrator\.m2\repository\org\springframework\boot\spring-boot-starter-data-jpa\2.7.9\spring-boot-starter-data-jpa-2.7.9.jar;C:\Users\Administrator\.m2\repository\org\springframework\boot\spring-boot-starter-aop\2.7.9\spring-boot-starter-aop-2.7.9.jar;C:\Users\Administrator\.m2\repository\org\springframework\spring-aop\5.3.25\spring-aop-5.3.25.jar;C:\Users\Administrator\.m2\repository\org\aspectj\aspectjweaver\1.9.7\aspectjweaver-1.9.7.jar;C:\Users\Administrator\.m2\repository\org\springframework\boot\spring-boot-starter-jdbc\2.7.9\spring-boot-starter-jdbc-2.7.9.jar;C:\Users\Administrator\.m2\repository\com\zaxxer\HikariCP\4.0.3\HikariCP-4.0.3.jar;C:\Users\Administrator\.m2\repository\org\springframework\spring-jdbc\5.3.25\spring-jdbc-5.3.25.jar;C:\Users\Administrator\.m2\repository\jakarta\transaction\jakarta.transaction-api\1.3.3\jakarta.transaction-api-1.3.3.jar;C:\Users\Administrator\.m2\repository\jakarta\persistence\jakarta.persistence-api\2.2.3\jakarta.persistence-api-2.2.3.jar;C:\Users\Administrator\.m2\repository\org\hibernate\hibernate-core\5.6.15.Final\hibernate-core-5.6.15.Final.jar;C:\Users\Administrator\.m2\repository\org\jboss\logging\jboss-logging\3.4.3.Final\jboss-logging-3.4.3.Final.jar;C:\Users\Administrator\.m2\repository\net\bytebuddy\byte-buddy\1.12.23\byte-buddy-1.12.23.jar;C:\Users\Administrator\.m2\repository\antlr\antlr\2.7.7\antlr-2.7.7.jar;C:\Users\Administrator\.m2\repository\org\jboss\jandex\2.4.2.Final\jandex-2.4.2.Final.jar;C:\Users\Administrator\.m2\repository\com\fasterxml\classmate\1.5.1\classmate-1.5.1.jar;C:\Users\Administrator\.m2\repository\org\hibernate\common\hibernate-commons-annotations\5.1.2.Final\hibernate-commons-annotations-5.1.2.Final.jar;C:\Users\Administrator\.m2\repository\org\glassfish\jaxb\jaxb-runtime\2.3.8\jaxb-runtime-2.3.8.jar;C:\Users\Administrator\.m2\repository\org\glassfish\jaxb\txw2\2.3.8\txw2-2.3.8.jar;C:\Users\Administrator\
Launcher Type: SUN_STANDARD

[Global flags]
     intx CICompilerCount                          = 15                                        {product} {ergonomic}
     uint ConcGCThreads                            = 6                                         {product} {ergonomic}
     uint G1ConcRefinementThreads                  = 23                                        {product} {ergonomic}
   size_t G1HeapRegionSize                         = 2097152                                   {product} {ergonomic}
    uintx GCDrainStackTargetSize                   = 64                                        {product} {ergonomic}
   size_t InitialHeapSize                          = 264241152                                 {product} {ergonomic}
     bool ManagementServer                         = true                                      {product} {command line}
   size_t MarkStackSize                            = 4194304                                   {product} {ergonomic}
   size_t MaxHeapSize                              = 4213178368                                {product} {ergonomic}
   size_t MaxNewSize                               = 2527068160                                {product} {ergonomic}
   size_t MinHeapDeltaBytes                        = 2097152                                   {product} {ergonomic}
   size_t MinHeapSize                              = 8388608                                   {product} {ergonomic}
    uintx NonNMethodCodeHeapSize                   = 13893620                               {pd product} {ergonomic}
    uintx NonProfiledCodeHeapSize                  = 237764620                              {pd product} {ergonomic}
    uintx ProfiledCodeHeapSize                     = 0                                      {pd product} {ergonomic}
    uintx ReservedCodeCacheSize                    = 251658240                              {pd product} {ergonomic}
     bool SegmentedCodeCache                       = true                                      {product} {ergonomic}
     bool ShowCodeDetailsInExceptionMessages       = true                                   {manageable} {command line}
   size_t SoftMaxHeapSize                          = 4213178368                             {manageable} {ergonomic}
     intx TieredStopAtLevel                        = 1                                         {product} {command line}
     bool UseCompressedClassPointers               = true                                 {lp64_product} {ergonomic}
     bool UseCompressedOops                        = true                                 {lp64_product} {ergonomic}
     bool UseG1GC                                  = true                                      {product} {ergonomic}
     bool UseLargePagesIndividualAllocation        = false                                  {pd product} {ergonomic}

Logging:
Log output configuration:
 #0: stdout all=warning uptime,level,tags
 #1: stderr all=off uptime,level,tags

Environment Variables:
PATH=E:/sts/spring-tool-suite-4-4.8.1.RELEASE-e4.17.0-win32.win32.x86_64/sts-4.8.1.RELEASE//plugins/org.eclipse.justj.openjdk.hotspot.jre.full.win32.x86_64_15.0.0.v20201014-1246/jre/bin/server;E:/sts/spring-tool-suite-4-4.8.1.RELEASE-e4.17.0-win32.win32.x86_64/sts-4.8.1.RELEASE//plugins/org.eclipse.justj.openjdk.hotspot.jre.full.win32.x86_64_15.0.0.v20201014-1246/jre/bin;C:\Program Files (x86)\Common Files\Oracle\Java\java8path;C:\Program Files (x86)\Common Files\Oracle\Java\javapath;C:\Windows\system32;C:\Windows;C:\Windows\System32\Wbem;C:\Windows\System32\WindowsPowerShell\v1.0\;C:\Windows\System32\OpenSSH\;C:\Program Files\dotnet\;C:\Program Files (x86)\NVIDIA Corporation\PhysX\Common;C:\Program Files\Git\cmd;C:\Program Files\MySQL\MySQL Shell 8.0\bin\;C:\Users\Administrator\AppData\Local\Microsoft\WindowsApps;;E:\sts\spring-tool-suite-4-4.8.1.RELEASE-e4.17.0-win32.win32.x86_64\sts-4.8.1.RELEASE;
USERNAME=Administrator
OS=Windows_NT
PROCESSOR_IDENTIFIER=Intel64 Family 6 Model 183 Stepping 1, GenuineIntel



---------------  S Y S T E M  ---------------

OS:
 Windows 10 , 64 bit Build 26100 (10.0.26100.3775)
OS uptime: 5 days 20:07 hours
HyperV virtualization detected

CPU: total 32 (initial active 32) (16 cores per cpu, 2 threads per core) family 6 model 183 stepping 1, cmov, cx8, fxsr, mmx, sse, sse2, sse3, ssse3, sse4.1, sse4.2, popcnt, vzeroupper, avx, avx2, aes, clmul, erms, 3dnowpref, lzcnt, ht, tsc, tscinvbit, bmi1, bmi2, adx, sha, fma, clflush, clflushopt, clwb

Memory: 4k page, system-wide physical 16070M (1056M free)
TotalPageFile size 33478M (AvailPageFile size 7591M)
current process WorkingSet (physical memory assigned to process): 264M, peak: 269M
current process commit charge ("private bytes"): 325M, peak: 397M

vm_info: OpenJDK 64-Bit Server VM (15+36-1562) for windows-amd64 JRE (15+36-1562), built on Aug 11 2020 22:33:04 by "mach5one" with unknown MS VC++:1925

END.
