#
# A fatal error has been detected by the Java Runtime Environment:
#
#  EXCEPTION_ACCESS_VIOLATION (0xc0000005) at pc=0x0000015ad26927da, pid=30464, tid=35360
#
# JRE version: OpenJDK Runtime Environment (15.0+36) (build 15+36-1562)
# Java VM: OpenJDK 64-Bit Server VM (15+36-1562, mixed mode, tiered, compressed oops, g1 gc, windows-amd64)
# Problematic frame:
# j  javax.servlet.ServletRequestWrapper.setRequest(Ljavax/servlet/ServletRequest;)V+0
#
# No core dump will be written. Minidumps are not enabled by default on client versions of Windows
#
# If you would like to submit a bug report, please visit:
#   https://bugreport.java.com/bugreport/crash.jsp
#

---------------  S U M M A R Y ------------

Command Line: -Dcom.sun.management.jmxremote -Dcom.sun.management.jmxremote.port=52242 -Dcom.sun.management.jmxremote.authenticate=false -Dcom.sun.management.jmxremote.ssl=false -Djava.rmi.server.hostname=localhost -Dspring.jmx.enabled=true -Dspring.application.admin.enabled=true -XX:TieredStopAtLevel=1 -Dspring.boot.project.name=form_update-1 -Dfile.encoding=UTF-8 -XX:+ShowCodeDetailsInExceptionMessages -agentpath:C:\Program Files\SentinelOne\Sentinel Agent 24.1.5.277\SentinelJava64.dll=extendedCapabilities com.example.demo.FormUpdate1Application --spring.output.ansi.enabled=always

Host: Intel(R) Core(TM) i9-14900, 32 cores, 15G,  Windows 10 , 64 bit Build 26100 (10.0.26100.3775)
Time: Thu Apr 24 14:37:25 2025 India Standard Time elapsed time: 11.634938 seconds (0d 0h 0m 11s)

---------------  T H R E A D  ---------------

Current thread (0x0000015af1e1cbb0):  JavaThread "http-nio-8081-exec-1" daemon [_thread_in_Java, id=35360, stack(0x00000052e7e00000,0x00000052e7f00000)]

Stack: [0x00000052e7e00000,0x00000052e7f00000],  sp=0x00000052e7efbf28,  free space=1007k
Native frames: (J=compiled Java code, j=interpreted, Vv=VM code, C=native code)
C  0x0000015ad26927da


siginfo: EXCEPTION_ACCESS_VIOLATION (0xc0000005), reading address 0x0000015b097f87df


Register to memory mapping:

RIP=0x0000015ad26927da is at code_begin+570 in an Interpreter codelet
fast_aputfield  211 fast_aputfield  [0x0000015ad26925a0, 0x0000015ad2692880]  736 bytes
RAX=3774488333 is a compressed pointer to object: org.apache.catalina.core.ApplicationHttpRequest 
{0x0000000707d0f868} - klass: 'org/apache/catalina/core/ApplicationHttpRequest'
RBX=0x0000015ae00b9000 is an unknown value
RCX=0x00000052e7efbfe0 is pointing into the stack for thread: 0x0000015af1e1cbb0
RDX=0x00000052e7efbfec is pointing into the stack for thread: 0x0000015af1e1cbb0
RSP=0x00000052e7efbf28 is pointing into the stack for thread: 0x0000015af1e1cbb0
RBP=0x00000052e7efbf70 is pointing into the stack for thread: 0x0000015af1e1cbb0
RSI=0x0000000000000001 is an unknown value
RDI=0x00000052e7efc3c0 is pointing into the stack for thread: 0x0000015af1e1cbb0
R8 =0x0000015b097f87df is an unknown value
R9 =0x0000000000000001 is an unknown value
R10=0x00007ffe220511c0 jvm.dll
R11=0x00000052e7efc128 is pointing into the stack for thread: 0x0000015af1e1cbb0
R12=0x0 is NULL
R13=0x0000015af6872526 is pointing into metadata
R14=0x00000052e7efbf88 is pointing into the stack for thread: 0x0000015af1e1cbb0
R15=0x0000015af1e1cbb0 is a thread


Registers:
RAX=0x00000000e0fa1f0d, RBX=0x0000015ae00b9000, RCX=0x00000052e7efbfe0, RDX=0x00000052e7efbfec
RSP=0x00000052e7efbf28, RBP=0x00000052e7efbf70, RSI=0x0000000000000001, RDI=0x00000052e7efc3c0
R8 =0x0000015b097f87df, R9 =0x0000000000000001, R10=0x00007ffe220511c0, R11=0x00000052e7efc128
R12=0x0000000000000000, R13=0x0000015af6872526, R14=0x00000052e7efbf88, R15=0x0000015af1e1cbb0
RIP=0x0000015ad26927da, EFLAGS=0x0000000000010202

Top of Stack: (sp=0x00000052e7efbf28)
0x00000052e7efbf28:   00000052e7efbf28 0000015af6872510
0x00000052e7efbf38:   00000052e7efbf88 0000015af687a3c0
0x00000052e7efbf48:   0000015af7f4b120 0000000707dd00b0
0x00000052e7efbf58:   0000015af6872550 0000000000000000
0x00000052e7efbf68:   00000052e7efbf80 00000052e7efc160
0x00000052e7efbf78:   0000015ad2670f90 0000000707d0f868
0x00000052e7efbf88:   00000052e7efbfe0 00000052e7efbfe8
0x00000052e7efbf98:   0000015af441fc80 0000015af09f1898
0x00000052e7efbfa8:   0000015af09f1898 0000015af4b49320
0x00000052e7efbfb8:   0000015accbc2620 0000000000000001
0x00000052e7efbfc8:   00007ffe21ca104c 0000015af09f0130
0x00000052e7efbfd8:   0000000000000000 0000000800011a50
0x00000052e7efbfe8:   e0fa1f0d00000000 0000000800011a50
0x00000052e7efbff8:   0000000000000000 000000000000000f
0x00000052e7efc008:   00007ffe21c991a3 0000015af441fc70
0x00000052e7efc018:   00007ffe21abf52a 0000000800011a50 

Instructions: (pc=0x0000015ad26927da)
0x0000015ad26926da:   00 00 00 0f 84 1a 00 00 00 48 83 ec 08 49 ba 70
0x0000015ad26926ea:   c6 83 21 fe 7f 00 00 41 ff d2 48 83 c4 08 e9 0d
0x0000015ad26926fa:   00 00 00 49 ba 70 c6 83 21 fe 7f 00 00 41 ff d2
0x0000015ad269270a:   48 83 c4 20 5b 5a f0 83 44 24 c0 00 e9 48 01 00
0x0000015ad269271a:   00 48 8d 14 19 41 80 7f 30 00 0f 84 79 00 00 00
0x0000015ad269272a:   8b 1a 48 c1 e3 03 48 83 fb 00 0f 84 69 00 00 00
0x0000015ad269273a:   4d 8b 47 38 49 83 f8 00 0f 84 14 00 00 00 49 83
0x0000015ad269274a:   e8 08 4d 89 47 38 4d 03 47 48 49 89 18 e9 47 00
0x0000015ad269275a:   00 00 50 52 53 49 8b d7 48 8b cb 48 83 ec 20 f7
0x0000015ad269276a:   c4 0f 00 00 00 0f 84 1a 00 00 00 48 83 ec 08 49
0x0000015ad269277a:   ba 90 c6 83 21 fe 7f 00 00 41 ff d2 48 83 c4 08
0x0000015ad269278a:   e9 0d 00 00 00 49 ba 90 c6 83 21 fe 7f 00 00 41
0x0000015ad269279a:   ff d2 48 83 c4 20 5b 5a 58 48 8b d8 48 c1 e8 03
0x0000015ad26927aa:   89 02 4c 8b c2 4c 33 c3 49 c1 e8 15 0f 84 a7 00
0x0000015ad26927ba:   00 00 48 83 fb 00 0f 84 9d 00 00 00 4c 8b c2 49
0x0000015ad26927ca:   c1 e8 09 48 bb 00 90 0b e0 5a 01 00 00 4c 03 c3
0x0000015ad26927da:   41 80 38 08 0f 84 7f 00 00 00 f0 83 44 24 c0 00
0x0000015ad26927ea:   41 80 38 00 0f 84 6f 00 00 00 41 c6 00 00 41 81
0x0000015ad26927fa:   7f 68 00 00 00 00 0f 84 18 00 00 00 41 83 6f 68
0x0000015ad269280a:   08 49 8b 5f 78 4d 63 57 68 49 03 da 4c 89 03 e9
0x0000015ad269281a:   45 00 00 00 52 53 49 8b d7 49 8b c8 48 83 ec 20
0x0000015ad269282a:   f7 c4 0f 00 00 00 0f 84 1a 00 00 00 48 83 ec 08
0x0000015ad269283a:   49 ba 70 c6 83 21 fe 7f 00 00 41 ff d2 48 83 c4
0x0000015ad269284a:   08 e9 0d 00 00 00 49 ba 70 c6 83 21 fe 7f 00 00
0x0000015ad269285a:   41 ff d2 48 83 c4 20 5b 5a 41 0f b6 5d 03 49 83
0x0000015ad269286a:   c5 03 49 ba c0 19 05 22 fe 7f 00 00 41 ff 24 da
0x0000015ad269287a:   66 0f 1f 44 00 00 80 00 00 00 00 00 00 00 b0 0f
0x0000015ad269288a:   df 21 fe 7f 00 00 d4 00 00 00 00 00 00 00 00 00
0x0000015ad269289a:   00 00 00 00 00 00 8b 04 24 48 83 c4 08 41 0f b7
0x0000015ad26928aa:   5d 01 48 8b 4d d0 c1 e3 02 8b 54 d9 38 48 8b 5c
0x0000015ad26928ba:   d9 30 c1 ea 15 83 e2 01 59 48 3b 01 85 d2 0f 84
0x0000015ad26928ca:   0e 00 00 00 88 04 19 f0 83 44 24 c0 00 e9 03 00 


Stack slot to memory mapping:
stack at sp + 0 slots: 0x00000052e7efbf28 is pointing into the stack for thread: 0x0000015af1e1cbb0
stack at sp + 1 slots: 0x0000015af6872510 is pointing into metadata
stack at sp + 2 slots: 0x00000052e7efbf88 is pointing into the stack for thread: 0x0000015af1e1cbb0
stack at sp + 3 slots: 0x0000015af687a3c0 is pointing into metadata
stack at sp + 4 slots: 0x0000015af7f4b120 is pointing into metadata
stack at sp + 5 slots: 0x0000000707dd00b0 is an oop: java.lang.Class 
{0x0000000707dd00b0} - klass: 'java/lang/Class'
stack at sp + 6 slots: {method} {0x0000015af6872558} 'setRequest' '(Ljavax/servlet/ServletRequest;)V' in 'javax/servlet/ServletRequestWrapper'
stack at sp + 7 slots: 0x0 is NULL

fast_aputfield  211 fast_aputfield  [0x0000015ad26925a0, 0x0000015ad2692880]  736 bytes
[MachCode]
  0x0000015ad26925a0: 5841 0fb7 | 5d01 488b | 4dd0 c1e3 | 028b 54d9 | 3848 8b5c | d930 c1ea | 1583 e201 | 5948 3b01 
  0x0000015ad26925c0: 85d2 0f84 | 5301 0000 | 488d 1419 | 4180 7f30 | 000f 8479 | 0000 008b | 1a48 c1e3 | 0348 83fb 
  0x0000015ad26925e0: 000f 8469 | 0000 004d | 8b47 3849 | 83f8 000f | 8414 0000 | 0049 83e8 | 084d 8947 | 384d 0347 
  0x0000015ad2692600: 4849 8918 | e947 0000 | 0050 5253 | 498b d748 | 8bcb 4883 | ec20 f7c4 | 0f00 0000 | 0f84 1a00 
  0x0000015ad2692620: 0000 4883 | ec08 49ba | 90c6 8321 | fe7f 0000 | 41ff d248 | 83c4 08e9 | 0d00 0000 | 49ba 90c6 
  0x0000015ad2692640: 8321 fe7f | 0000 41ff | d248 83c4 | 205b 5a58 | 488b d848 | c1e8 0389 | 024c 8bc2 | 4c33 c349 
  0x0000015ad2692660: c1e8 150f | 84a7 0000 | 0048 83fb | 000f 849d | 0000 004c | 8bc2 49c1 | e809 48bb | 0090 0be0 
  0x0000015ad2692680: 5a01 0000 | 4c03 c341 | 8038 080f | 847f 0000 | 00f0 8344 | 24c0 0041 | 8038 000f | 846f 0000 
  0x0000015ad26926a0: 0041 c600 | 0041 817f | 6800 0000 | 000f 8418 | 0000 0041 | 836f 6808 | 498b 5f78 | 4d63 5768 
  0x0000015ad26926c0: 4903 da4c | 8903 e945 | 0000 0052 | 5349 8bd7 | 498b c848 | 83ec 20f7 | c40f 0000 | 000f 841a 
  0x0000015ad26926e0: 0000 0048 | 83ec 0849 | ba70 c683 | 21fe 7f00 | 0041 ffd2 | 4883 c408 | e90d 0000 | 0049 ba70 
  0x0000015ad2692700: c683 21fe | 7f00 0041 | ffd2 4883 | c420 5b5a | f083 4424 | c000 e948 | 0100 0048 | 8d14 1941 
  0x0000015ad2692720: 807f 3000 | 0f84 7900 | 0000 8b1a | 48c1 e303 | 4883 fb00 | 0f84 6900 | 0000 4d8b | 4738 4983 
  0x0000015ad2692740: f800 0f84 | 1400 0000 | 4983 e808 | 4d89 4738 | 4d03 4748 | 4989 18e9 | 4700 0000 | 5052 5349 
  0x0000015ad2692760: 8bd7 488b | cb48 83ec | 20f7 c40f | 0000 000f | 841a 0000 | 0048 83ec | 0849 ba90 | c683 21fe 
  0x0000015ad2692780: 7f00 0041 | ffd2 4883 | c408 e90d | 0000 0049 | ba90 c683 | 21fe 7f00 | 0041 ffd2 | 4883 c420 
  0x0000015ad26927a0: 5b5a 5848 | 8bd8 48c1 | e803 8902 | 4c8b c24c | 33c3 49c1 | e815 0f84 | a700 0000 | 4883 fb00 
  0x0000015ad26927c0: 0f84 9d00 | 0000 4c8b | c249 c1e8 | 0948 bb00 | 900b e05a | 0100 004c | 03c3 4180 | 3808 0f84 
  0x0000015ad26927e0: 7f00 0000 | f083 4424 | c000 4180 | 3800 0f84 | 6f00 0000 | 41c6 0000 | 4181 7f68 | 0000 0000 
  0x0000015ad2692800: 0f84 1800 | 0000 4183 | 6f68 0849 | 8b5f 784d | 6357 6849 | 03da 4c89 | 03e9 4500 | 0000 5253 
  0x0000015ad2692820: 498b d749 | 8bc8 4883 | ec20 f7c4 | 0f00 0000 | 0f84 1a00 | 0000 4883 | ec08 49ba | 70c6 8321 
  0x0000015ad2692840: fe7f 0000 | 41ff d248 | 83c4 08e9 | 0d00 0000 | 49ba 70c6 | 8321 fe7f | 0000 41ff | d248 83c4 
  0x0000015ad2692860: 205b 5a41 | 0fb6 5d03 | 4983 c503 | 49ba c019 | 0522 fe7f | 0000 41ff | 24da 660f | 1f44 0000 
[/MachCode]

---------------  P R O C E S S  ---------------

Threads class SMR info:
_java_thread_list=0x0000015af24cc380, length=35, elements={
0x0000015af0af11c0, 0x0000015af0af4510, 0x0000015af0b69530, 0x0000015af0b6aa10,
0x0000015af0b6d4d0, 0x0000015af0b60990, 0x0000015af0b79480, 0x0000015af0c8afc0,
0x0000015af0d3b5e0, 0x0000015af13888b0, 0x0000015af13cf4b0, 0x0000015af13c6cf0,
0x0000015af1d211b0, 0x0000015af1589d70, 0x0000015af1588f00, 0x0000015af15893d0,
0x0000015af1e1a530, 0x0000015af1e196c0, 0x0000015af1e179e0, 0x0000015af1e1b870,
0x0000015af1e18380, 0x0000015af1e1e3c0, 0x0000015af1e1cbb0, 0x0000015af1e1d550,
0x0000015af1e1e890, 0x0000015af1e1da20, 0x0000015af1e1def0, 0x0000015af1e1ed60,
0x0000015af4e0f8c0, 0x0000015af4e0fd90, 0x0000015af4e12410, 0x0000015af4e13280,
0x0000015af4e11f40, 0x0000015af4e128e0, 0x0000015af4e10260
}

Java Threads: ( => current thread )
  0x0000015af0af11c0 JavaThread "Reference Handler" daemon [_thread_blocked, id=30028, stack(0x00000052e5300000,0x00000052e5400000)]
  0x0000015af0af4510 JavaThread "Finalizer" daemon [_thread_blocked, id=25776, stack(0x00000052e5400000,0x00000052e5500000)]
  0x0000015af0b69530 JavaThread "Signal Dispatcher" daemon [_thread_blocked, id=39768, stack(0x00000052e5500000,0x00000052e5600000)]
  0x0000015af0b6aa10 JavaThread "Attach Listener" daemon [_thread_blocked, id=21208, stack(0x00000052e5600000,0x00000052e5700000)]
  0x0000015af0b6d4d0 JavaThread "Service Thread" daemon [_thread_blocked, id=22100, stack(0x00000052e5700000,0x00000052e5800000)]
  0x0000015af0b60990 JavaThread "C1 CompilerThread0" daemon [_thread_blocked, id=14892, stack(0x00000052e5800000,0x00000052e5900000)]
  0x0000015af0b79480 JavaThread "Sweeper thread" daemon [_thread_blocked, id=41264, stack(0x00000052e5900000,0x00000052e5a00000)]
  0x0000015af0c8afc0 JavaThread "Common-Cleaner" daemon [_thread_blocked, id=13652, stack(0x00000052e5a00000,0x00000052e5b00000)]
  0x0000015af0d3b5e0 JavaThread "Notification Thread" daemon [_thread_blocked, id=39600, stack(0x00000052e5b00000,0x00000052e5c00000)]
  0x0000015af13888b0 JavaThread "RMI TCP Accept-0" daemon [_thread_in_native, id=4056, stack(0x00000052e5c00000,0x00000052e5d00000)]
  0x0000015af13cf4b0 JavaThread "RMI TCP Accept-52242" daemon [_thread_in_native, id=33212, stack(0x00000052e5d00000,0x00000052e5e00000)]
  0x0000015af13c6cf0 JavaThread "RMI TCP Accept-0" daemon [_thread_in_native, id=13660, stack(0x00000052e5e00000,0x00000052e5f00000)]
  0x0000015af1d211b0 JavaThread "RMI TCP Connection(1)-127.0.0.1" daemon [_thread_in_native, id=21044, stack(0x00000052e6700000,0x00000052e6800000)]
  0x0000015af1589d70 JavaThread "RMI Scheduler(0)" daemon [_thread_blocked, id=4588, stack(0x00000052e6800000,0x00000052e6900000)]
  0x0000015af1588f00 JavaThread "RMI TCP Connection(2)-127.0.0.1" daemon [_thread_in_native, id=41644, stack(0x00000052e6900000,0x00000052e6a00000)]
  0x0000015af15893d0 JavaThread "JMX server connection timeout 35" daemon [_thread_blocked, id=41144, stack(0x00000052e6a00000,0x00000052e6b00000)]
  0x0000015af1e1a530 JavaThread "Catalina-utility-1" [_thread_blocked, id=39488, stack(0x00000052e6b00000,0x00000052e6c00000)]
  0x0000015af1e196c0 JavaThread "Catalina-utility-2" [_thread_blocked, id=9084, stack(0x00000052e7300000,0x00000052e7400000)]
  0x0000015af1e179e0 JavaThread "container-0" [_thread_blocked, id=5304, stack(0x00000052e7400000,0x00000052e7500000)]
  0x0000015af1e1b870 JavaThread "mysql-cj-abandoned-connection-cleanup" daemon [_thread_blocked, id=22092, stack(0x00000052e7500000,0x00000052e7600000)]
  0x0000015af1e18380 JavaThread "HikariPool-1 housekeeper" daemon [_thread_blocked, id=18420, stack(0x00000052e7b00000,0x00000052e7c00000)]
  0x0000015af1e1e3c0 JavaThread "File Watcher" daemon [_thread_blocked, id=24944, stack(0x00000052e7d00000,0x00000052e7e00000)]
=>0x0000015af1e1cbb0 JavaThread "http-nio-8081-exec-1" daemon [_thread_in_Java, id=35360, stack(0x00000052e7e00000,0x00000052e7f00000)]
  0x0000015af1e1d550 JavaThread "http-nio-8081-exec-2" daemon [_thread_blocked, id=22604, stack(0x00000052e7f00000,0x00000052e8000000)]
  0x0000015af1e1e890 JavaThread "http-nio-8081-exec-3" daemon [_thread_blocked, id=33352, stack(0x00000052e8000000,0x00000052e8100000)]
  0x0000015af1e1da20 JavaThread "http-nio-8081-exec-4" daemon [_thread_blocked, id=31000, stack(0x00000052e8100000,0x00000052e8200000)]
  0x0000015af1e1def0 JavaThread "http-nio-8081-exec-5" daemon [_thread_blocked, id=32860, stack(0x00000052e8200000,0x00000052e8300000)]
  0x0000015af1e1ed60 JavaThread "http-nio-8081-exec-6" daemon [_thread_blocked, id=20252, stack(0x00000052e8300000,0x00000052e8400000)]
  0x0000015af4e0f8c0 JavaThread "http-nio-8081-exec-7" daemon [_thread_blocked, id=21884, stack(0x00000052e8400000,0x00000052e8500000)]
  0x0000015af4e0fd90 JavaThread "http-nio-8081-exec-8" daemon [_thread_blocked, id=33072, stack(0x00000052e8500000,0x00000052e8600000)]
  0x0000015af4e12410 JavaThread "http-nio-8081-exec-9" daemon [_thread_blocked, id=26520, stack(0x00000052e8600000,0x00000052e8700000)]
  0x0000015af4e13280 JavaThread "http-nio-8081-exec-10" daemon [_thread_blocked, id=30164, stack(0x00000052e8700000,0x00000052e8800000)]
  0x0000015af4e11f40 JavaThread "http-nio-8081-Poller" daemon [_thread_in_native, id=20984, stack(0x00000052e8800000,0x00000052e8900000)]
  0x0000015af4e128e0 JavaThread "http-nio-8081-Acceptor" daemon [_thread_in_native, id=37116, stack(0x00000052e8900000,0x00000052e8a00000)]
  0x0000015af4e10260 JavaThread "DestroyJavaVM" [_thread_blocked, id=22900, stack(0x00000052e4c00000,0x00000052e4d00000)]

Other Threads:
  0x0000015af0b17c30 VMThread "VM Thread" [stack: 0x00000052e5200000,0x00000052e5300000] [id=30616]
  0x0000015af13d14d0 WatcherThread [stack: 0x00000052e5f00000,0x00000052e6000000] [id=32704]
  0x0000015acd53c5b0 GCTaskThread "GC Thread#0" [stack: 0x00000052e4d00000,0x00000052e4e00000] [id=26876]
  0x0000015af0d35b80 GCTaskThread "GC Thread#1" [stack: 0x00000052e6000000,0x00000052e6100000] [id=15268]
  0x0000015af1bc2f50 GCTaskThread "GC Thread#2" [stack: 0x00000052e6100000,0x00000052e6200000] [id=29016]
  0x0000015af1bc6580 GCTaskThread "GC Thread#3" [stack: 0x00000052e6200000,0x00000052e6300000] [id=27920]
  0x0000015af1bc2c20 GCTaskThread "GC Thread#4" [stack: 0x00000052e6300000,0x00000052e6400000] [id=16356]
  0x0000015af1bc6250 GCTaskThread "GC Thread#5" [stack: 0x00000052e6400000,0x00000052e6500000] [id=40872]
  0x0000015af1bc4f30 GCTaskThread "GC Thread#6" [stack: 0x00000052e6c00000,0x00000052e6d00000] [id=22024]
  0x0000015af1bc35b0 GCTaskThread "GC Thread#7" [stack: 0x00000052e6d00000,0x00000052e6e00000] [id=39592]
  0x0000015af24d88f0 GCTaskThread "GC Thread#8" [stack: 0x00000052e7600000,0x00000052e7700000] [id=21400]
  0x0000015af24d9c10 GCTaskThread "GC Thread#9" [stack: 0x00000052e7700000,0x00000052e7800000] [id=15580]
  0x0000015af24db8c0 GCTaskThread "GC Thread#10" [stack: 0x00000052e7800000,0x00000052e7900000] [id=41548]
  0x0000015af24d9f40 GCTaskThread "GC Thread#11" [stack: 0x00000052e7900000,0x00000052e7a00000] [id=7788]
  0x0000015aec783f50 ConcurrentGCThread "G1 Main Marker" [stack: 0x00000052e4e00000,0x00000052e4f00000] [id=27372]
  0x0000015acd54e510 ConcurrentGCThread "G1 Conc#0" [stack: 0x00000052e4f00000,0x00000052e5000000] [id=5852]
  0x0000015af1bc38e0 ConcurrentGCThread "G1 Conc#1" [stack: 0x00000052e6e00000,0x00000052e6f00000] [id=37648]
  0x0000015af1bc3c10 ConcurrentGCThread "G1 Conc#2" [stack: 0x00000052e6f00000,0x00000052e7000000] [id=41584]
  0x0000015af1bc3f40 ConcurrentGCThread "G1 Conc#3" [stack: 0x00000052e7000000,0x00000052e7100000] [id=37884]
  0x0000015af1bc58c0 ConcurrentGCThread "G1 Conc#4" [stack: 0x00000052e7100000,0x00000052e7200000] [id=40756]
  0x0000015af1bc5bf0 ConcurrentGCThread "G1 Conc#5" [stack: 0x00000052e7200000,0x00000052e7300000] [id=34800]
  0x0000015aec8a74e0 ConcurrentGCThread "G1 Refine#0" [stack: 0x00000052e5000000,0x00000052e5100000] [id=12352]
  0x0000015aec8aa9a0 ConcurrentGCThread "G1 Young RemSet Sampling" [stack: 0x00000052e5100000,0x00000052e5200000] [id=37676]

Threads with active compile tasks:

VM state: not at safepoint (normal execution)

VM Mutex/Monitor currently owned by a thread: None

Heap address: 0x0000000704e00000, size: 4018 MB, Compressed Oops mode: Zero based, Oop shift amount: 3
CDS disabled.
Compressed class space mapped at: 0x0000000800000000-0x0000000840000000, size: 1073741824
Narrow klass base: 0x0000000800000000, Narrow klass shift: 0, Narrow klass range: 0x40000000

GC Precious Log:
 CPUs: 32 total, 32 available
 Memory: 16070M
 Large Page Support: Disabled
 NUMA Support: Disabled
 Compressed Oops: Enabled (Zero based)
 Heap Region Size: 2M
 Heap Min Capacity: 8M
 Heap Initial Capacity: 252M
 Heap Max Capacity: 4018M
 Pre-touch: Disabled
 Parallel Workers: 23
 Concurrent Workers: 6
 Concurrent Refinement Workers: 23
 Periodic GC: Disabled

Heap:
 garbage-first heap   total 98304K, used 69714K [0x0000000704e00000, 0x0000000800000000)
  region size 2048K, 25 young (51200K), 4 survivors (8192K)
 Metaspace       used 72765K, capacity 73492K, committed 73636K, reserved 1114112K
  class space    used 8990K, capacity 9214K, committed 9216K, reserved 1048576K

Heap Regions: E=young(eden), S=young(survivor), O=old, HS=humongous(starts), HC=humongous(continues), CS=collection set, F=free, OA=open archive, CA=closed archive, TAMS=top-at-mark-start (previous, next)
|   0|0x0000000704e00000, 0x0000000705000000, 0x0000000705000000|100%| O|  |TAMS 0x0000000705000000, 0x0000000704e00000| Untracked 
|   1|0x0000000705000000, 0x0000000705200000, 0x0000000705200000|100%| O|  |TAMS 0x0000000705200000, 0x0000000705000000| Untracked 
|   2|0x0000000705200000, 0x0000000705400000, 0x0000000705400000|100%| O|  |TAMS 0x0000000705400000, 0x0000000705200000| Untracked 
|   3|0x0000000705400000, 0x00000007054cf800, 0x0000000705600000| 40%| O|  |TAMS 0x00000007054cf800, 0x0000000705400000| Untracked 
|   4|0x0000000705600000, 0x0000000705800000, 0x0000000705800000|100%| O|  |TAMS 0x0000000705800000, 0x0000000705600000| Untracked 
|   5|0x0000000705800000, 0x0000000705a00000, 0x0000000705a00000|100%| O|  |TAMS 0x0000000705a00000, 0x0000000705800000| Untracked 
|   6|0x0000000705a00000, 0x0000000705c00000, 0x0000000705c00000|100%| O|  |TAMS 0x0000000705c00000, 0x0000000705a00000| Untracked 
|   7|0x0000000705c00000, 0x0000000705d7ea00, 0x0000000705e00000| 74%| O|  |TAMS 0x0000000705d7ea00, 0x0000000705c00000| Untracked 
|   8|0x0000000705e00000, 0x0000000706000000, 0x0000000706000000|100%| O|  |TAMS 0x0000000705e00000, 0x0000000705e00000| Untracked 
|   9|0x0000000706000000, 0x0000000706200000, 0x0000000706200000|100%| O|  |TAMS 0x0000000706000000, 0x0000000706000000| Untracked 
|  10|0x0000000706200000, 0x0000000706400000, 0x0000000706400000|100%| O|  |TAMS 0x0000000706200000, 0x0000000706200000| Untracked 
|  11|0x0000000706400000, 0x0000000706600000, 0x0000000706600000|100%| O|  |TAMS 0x0000000706400000, 0x0000000706400000| Untracked 
|  12|0x0000000706600000, 0x000000070679b000, 0x0000000706800000| 80%| O|  |TAMS 0x0000000706600000, 0x0000000706600000| Untracked 
|  13|0x0000000706800000, 0x0000000706800000, 0x0000000706a00000|  0%| F|  |TAMS 0x0000000706800000, 0x0000000706800000| Untracked 
|  14|0x0000000706a00000, 0x0000000706a00000, 0x0000000706c00000|  0%| F|  |TAMS 0x0000000706a00000, 0x0000000706a00000| Untracked 
|  15|0x0000000706c00000, 0x0000000706c00000, 0x0000000706e00000|  0%| F|  |TAMS 0x0000000706c00000, 0x0000000706c00000| Untracked 
|  16|0x0000000706e00000, 0x0000000706e00000, 0x0000000707000000|  0%| F|  |TAMS 0x0000000706e00000, 0x0000000706e00000| Untracked 
|  17|0x0000000707000000, 0x000000070702b720, 0x0000000707200000|  8%| S|CS|TAMS 0x0000000707000000, 0x0000000707000000| Complete 
|  18|0x0000000707200000, 0x0000000707400000, 0x0000000707400000|100%| S|CS|TAMS 0x0000000707200000, 0x0000000707200000| Complete 
|  19|0x0000000707400000, 0x0000000707600000, 0x0000000707600000|100%| S|CS|TAMS 0x0000000707400000, 0x0000000707400000| Complete 
|  20|0x0000000707600000, 0x0000000707600000, 0x0000000707800000|  0%| F|  |TAMS 0x0000000707600000, 0x0000000707600000| Untracked 
|  21|0x0000000707800000, 0x0000000707800000, 0x0000000707a00000|  0%| F|  |TAMS 0x0000000707800000, 0x0000000707800000| Untracked 
|  22|0x0000000707a00000, 0x0000000707a00000, 0x0000000707c00000|  0%| F|  |TAMS 0x0000000707a00000, 0x0000000707a00000| Untracked 
|  23|0x0000000707c00000, 0x0000000707e00000, 0x0000000707e00000|100%| S|CS|TAMS 0x0000000707c00000, 0x0000000707c00000| Complete 
|  24|0x0000000707e00000, 0x0000000707e00000, 0x0000000708000000|  0%| F|  |TAMS 0x0000000707e00000, 0x0000000707e00000| Untracked 
|  25|0x0000000708000000, 0x0000000708000000, 0x0000000708200000|  0%| F|  |TAMS 0x0000000708000000, 0x0000000708000000| Untracked 
|  26|0x0000000708200000, 0x0000000708200000, 0x0000000708400000|  0%| F|  |TAMS 0x0000000708200000, 0x0000000708200000| Untracked 
|  27|0x0000000708400000, 0x0000000708461d48, 0x0000000708600000| 19%| E|  |TAMS 0x0000000708400000, 0x0000000708400000| Complete 
|  28|0x0000000708600000, 0x0000000708800000, 0x0000000708800000|100%| E|CS|TAMS 0x0000000708600000, 0x0000000708600000| Complete 
|  29|0x0000000708800000, 0x0000000708a00000, 0x0000000708a00000|100%| E|CS|TAMS 0x0000000708800000, 0x0000000708800000| Complete 
|  30|0x0000000708a00000, 0x0000000708c00000, 0x0000000708c00000|100%| E|CS|TAMS 0x0000000708a00000, 0x0000000708a00000| Complete 
|  31|0x0000000708c00000, 0x0000000708e00000, 0x0000000708e00000|100%| E|CS|TAMS 0x0000000708c00000, 0x0000000708c00000| Complete 
|  32|0x0000000708e00000, 0x0000000709000000, 0x0000000709000000|100%| E|CS|TAMS 0x0000000708e00000, 0x0000000708e00000| Complete 
|  33|0x0000000709000000, 0x0000000709200000, 0x0000000709200000|100%| E|CS|TAMS 0x0000000709000000, 0x0000000709000000| Complete 
|  34|0x0000000709200000, 0x0000000709400000, 0x0000000709400000|100%| E|CS|TAMS 0x0000000709200000, 0x0000000709200000| Complete 
|  35|0x0000000709400000, 0x0000000709600000, 0x0000000709600000|100%| E|CS|TAMS 0x0000000709400000, 0x0000000709400000| Complete 
|  36|0x0000000709600000, 0x0000000709800000, 0x0000000709800000|100%| E|CS|TAMS 0x0000000709600000, 0x0000000709600000| Complete 
|  37|0x0000000709800000, 0x0000000709a00000, 0x0000000709a00000|100%| E|CS|TAMS 0x0000000709800000, 0x0000000709800000| Complete 
|  38|0x0000000709a00000, 0x0000000709c00000, 0x0000000709c00000|100%| E|CS|TAMS 0x0000000709a00000, 0x0000000709a00000| Complete 
|  39|0x0000000709c00000, 0x0000000709e00000, 0x0000000709e00000|100%| E|CS|TAMS 0x0000000709c00000, 0x0000000709c00000| Complete 
|  40|0x0000000709e00000, 0x000000070a000000, 0x000000070a000000|100%| E|CS|TAMS 0x0000000709e00000, 0x0000000709e00000| Complete 
|  41|0x000000070a000000, 0x000000070a200000, 0x000000070a200000|100%| E|CS|TAMS 0x000000070a000000, 0x000000070a000000| Complete 
|  42|0x000000070a200000, 0x000000070a400000, 0x000000070a400000|100%| E|CS|TAMS 0x000000070a200000, 0x000000070a200000| Complete 
|  43|0x000000070a400000, 0x000000070a600000, 0x000000070a600000|100%| E|CS|TAMS 0x000000070a400000, 0x000000070a400000| Complete 
|  52|0x000000070b600000, 0x000000070b800000, 0x000000070b800000|100%| E|  |TAMS 0x000000070b600000, 0x000000070b600000| Complete 
|  53|0x000000070b800000, 0x000000070ba00000, 0x000000070ba00000|100%| E|CS|TAMS 0x000000070b800000, 0x000000070b800000| Complete 
|  54|0x000000070ba00000, 0x000000070bc00000, 0x000000070bc00000|100%| E|CS|TAMS 0x000000070ba00000, 0x000000070ba00000| Complete 
| 125|0x0000000714800000, 0x0000000714a00000, 0x0000000714a00000|100%| E|CS|TAMS 0x0000000714800000, 0x0000000714800000| Complete 

Card table byte_map: [0x0000015ae38e0000,0x0000015ae40c0000] _byte_map_base: 0x0000015ae00b9000

Marking Bits (Prev, Next): (CMBitMap*) 0x0000015acd53dde0, (CMBitMap*) 0x0000015acd53dda0
 Prev Bits: [0x0000015ae8770000, 0x0000015aec638000)
 Next Bits: [0x0000015ae48a0000, 0x0000015ae8768000)

Polling page: 0x0000015ad2640000

Metaspace:

Usage:
  Non-class:     62.77 MB capacity,    62.28 MB (>99%) used,   412.34 KB ( <1%) free+waste,    90.94 KB ( <1%) overhead. 
      Class:      9.00 MB capacity,     8.78 MB ( 98%) used,   189.94 KB (  2%) free+waste,    33.44 KB ( <1%) overhead. 
       Both:     71.77 MB capacity,    71.06 MB (>99%) used,   602.27 KB ( <1%) free+waste,   124.38 KB ( <1%) overhead. 

Virtual space:
  Non-class space:       64.00 MB reserved,      62.91 MB ( 98%) committed 
      Class space:        1.00 GB reserved,       9.00 MB ( <1%) committed 
             Both:        1.06 GB reserved,      71.91 MB (  7%) committed 

Chunk freelists:
   Non-Class:  14.00 KB
       Class:  2.00 KB
        Both:  16.00 KB

MaxMetaspaceSize: 17179869184.00 GB
CompressedClassSpaceSize: 1.00 GB

CodeHeap 'non-profiled nmethods': size=232192Kb used=10001Kb max_used=10001Kb free=222190Kb
 bounds [0x0000015ad33b0000, 0x0000015ad3d80000, 0x0000015ae1670000]
CodeHeap 'non-nmethods': size=13568Kb used=1332Kb max_used=1332Kb free=12235Kb
 bounds [0x0000015ad2670000, 0x0000015ad28e0000, 0x0000015ad33b0000]
 total_blobs=6210 nmethods=5578 adapters=559
 compilation: enabled
              stopped_count=0, restarted_count=0
 full_count=0

Compilation events (20 events):
Event: 11.628 Thread 0x0000015af0b60990 5569       1       org.apache.jasper.runtime.JspWriterImpl::min (9 bytes)
Event: 11.628 Thread 0x0000015af0b60990 nmethod 5569 0x0000015ad3d70a90 code [0x0000015ad3d70c20, 0x0000015ad3d70cd8]
Event: 11.629 Thread 0x0000015af0b60990 5570   !   1       org.springframework.web.servlet.tags.form.TagWriter$SafeWriter::append (25 bytes)
Event: 11.629 Thread 0x0000015af0b60990 nmethod 5570 0x0000015ad3d70d90 code [0x0000015ad3d70f60, 0x0000015ad3d71188]
Event: 11.629 Thread 0x0000015af0b60990 5571       1       org.springframework.web.servlet.tags.form.TagWriter$SafeWriter::getWriterToUse (38 bytes)
Event: 11.630 Thread 0x0000015af0b60990 nmethod 5571 0x0000015ad3d71390 code [0x0000015ad3d71540, 0x0000015ad3d71718]
Event: 11.630 Thread 0x0000015af0b60990 5572       1       org.springframework.core.MethodParameter::<init> (99 bytes)
Event: 11.630 Thread 0x0000015af0b60990 nmethod 5572 0x0000015ad3d71810 code [0x0000015ad3d719e0, 0x0000015ad3d71f68]
Event: 11.632 Thread 0x0000015af0b60990 5573       1       java.util.concurrent.locks.ReentrantReadWriteLock$ReadLock::lock (9 bytes)
Event: 11.632 Thread 0x0000015af0b60990 nmethod 5573 0x0000015ad3d72090 code [0x0000015ad3d72240, 0x0000015ad3d72398]
Event: 11.632 Thread 0x0000015af0b60990 5574       1       java.util.concurrent.locks.AbstractQueuedSynchronizer::acquireShared (20 bytes)
Event: 11.632 Thread 0x0000015af0b60990 nmethod 5574 0x0000015ad3d72490 code [0x0000015ad3d72640, 0x0000015ad3d72798]
Event: 11.632 Thread 0x0000015af0b60990 5575       1       java.util.concurrent.locks.ReentrantReadWriteLock$Sync::tryAcquireShared (177 bytes)
Event: 11.632 Thread 0x0000015af0b60990 nmethod 5575 0x0000015ad3d72810 code [0x0000015ad3d72a20, 0x0000015ad3d73088]
Event: 11.632 Thread 0x0000015af0b60990 5576       1       java.util.concurrent.locks.ReentrantReadWriteLock$Sync::sharedCount (5 bytes)
Event: 11.632 Thread 0x0000015af0b60990 nmethod 5576 0x0000015ad3d73490 code [0x0000015ad3d73620, 0x0000015ad3d736b8]
Event: 11.632 Thread 0x0000015af0b60990 5577       1       java.util.concurrent.locks.ReentrantReadWriteLock$ReadLock::unlock (10 bytes)
Event: 11.632 Thread 0x0000015af0b60990 nmethod 5577 0x0000015ad3d73790 code [0x0000015ad3d73940, 0x0000015ad3d73a78]
Event: 11.632 Thread 0x0000015af0b60990 5578       1       java.util.concurrent.locks.ReentrantReadWriteLock$Sync::tryReleaseShared (146 bytes)
Event: 11.632 Thread 0x0000015af0b60990 nmethod 5578 0x0000015ad3d73b90 code [0x0000015ad3d73d80, 0x0000015ad3d741e8]

GC Heap History (20 events):
Event: 1.634 GC heap before
{Heap before GC invocations=10 (full 0):
 garbage-first heap   total 49152K, used 34563K [0x0000000704e00000, 0x0000000800000000)
  region size 2048K, 12 young (24576K), 1 survivors (2048K)
 Metaspace       used 31091K, capacity 31491K, committed 31744K, reserved 1077248K
  class space    used 3715K, capacity 3829K, committed 3840K, reserved 1048576K
}
Event: 1.635 GC heap after
{Heap after GC invocations=11 (full 0):
 garbage-first heap   total 49152K, used 12966K [0x0000000704e00000, 0x0000000800000000)
  region size 2048K, 2 young (4096K), 2 survivors (4096K)
 Metaspace       used 31091K, capacity 31491K, committed 31744K, reserved 1077248K
  class space    used 3715K, capacity 3829K, committed 3840K, reserved 1048576K
}
Event: 1.755 GC heap before
{Heap before GC invocations=11 (full 0):
 garbage-first heap   total 49152K, used 33446K [0x0000000704e00000, 0x0000000800000000)
  region size 2048K, 12 young (24576K), 2 survivors (4096K)
 Metaspace       used 33210K, capacity 33633K, committed 33920K, reserved 1079296K
  class space    used 4037K, capacity 4172K, committed 4224K, reserved 1048576K
}
Event: 1.758 GC heap after
{Heap after GC invocations=12 (full 0):
 garbage-first heap   total 49152K, used 14682K [0x0000000704e00000, 0x0000000800000000)
  region size 2048K, 2 young (4096K), 2 survivors (4096K)
 Metaspace       used 33210K, capacity 33633K, committed 33920K, reserved 1079296K
  class space    used 4037K, capacity 4172K, committed 4224K, reserved 1048576K
}
Event: 1.900 GC heap before
{Heap before GC invocations=12 (full 0):
 garbage-first heap   total 49152K, used 33114K [0x0000000704e00000, 0x0000000800000000)
  region size 2048K, 12 young (24576K), 2 survivors (4096K)
 Metaspace       used 35452K, capacity 35918K, committed 35968K, reserved 1081344K
  class space    used 4326K, capacity 4467K, committed 4480K, reserved 1048576K
}
Event: 1.902 GC heap after
{Heap after GC invocations=13 (full 0):
 garbage-first heap   total 49152K, used 16191K [0x0000000704e00000, 0x0000000800000000)
  region size 2048K, 2 young (4096K), 2 survivors (4096K)
 Metaspace       used 35452K, capacity 35918K, committed 35968K, reserved 1081344K
  class space    used 4326K, capacity 4467K, committed 4480K, reserved 1048576K
}
Event: 1.904 GC heap before
{Heap before GC invocations=13 (full 0):
 garbage-first heap   total 49152K, used 32575K [0x0000000704e00000, 0x0000000800000000)
  region size 2048K, 11 young (22528K), 2 survivors (4096K)
 Metaspace       used 35452K, capacity 35918K, committed 35968K, reserved 1081344K
  class space    used 4326K, capacity 4467K, committed 4480K, reserved 1048576K
}
Event: 1.906 GC heap after
{Heap after GC invocations=14 (full 0):
 garbage-first heap   total 153600K, used 16356K [0x0000000704e00000, 0x0000000800000000)
  region size 2048K, 1 young (2048K), 1 survivors (2048K)
 Metaspace       used 35452K, capacity 35918K, committed 35968K, reserved 1081344K
  class space    used 4326K, capacity 4467K, committed 4480K, reserved 1048576K
}
Event: 2.160 GC heap before
{Heap before GC invocations=14 (full 0):
 garbage-first heap   total 153600K, used 104420K [0x0000000704e00000, 0x0000000800000000)
  region size 2048K, 45 young (92160K), 1 survivors (2048K)
 Metaspace       used 39431K, capacity 39948K, committed 40320K, reserved 1085440K
  class space    used 4738K, capacity 4874K, committed 4992K, reserved 1048576K
}
Event: 2.161 GC heap after
{Heap after GC invocations=15 (full 0):
 garbage-first heap   total 153600K, used 18245K [0x0000000704e00000, 0x0000000800000000)
  region size 2048K, 2 young (4096K), 2 survivors (4096K)
 Metaspace       used 39431K, capacity 39948K, committed 40320K, reserved 1085440K
  class space    used 4738K, capacity 4874K, committed 4992K, reserved 1048576K
}
Event: 2.394 GC heap before
{Heap before GC invocations=15 (full 0):
 garbage-first heap   total 153600K, used 57157K [0x0000000704e00000, 0x0000000800000000)
  region size 2048K, 22 young (45056K), 2 survivors (4096K)
 Metaspace       used 44419K, capacity 44947K, committed 45016K, reserved 1089536K
  class space    used 5466K, capacity 5619K, committed 5632K, reserved 1048576K
}
Event: 2.397 GC heap after
{Heap after GC invocations=16 (full 0):
 garbage-first heap   total 153600K, used 19772K [0x0000000704e00000, 0x0000000800000000)
  region size 2048K, 3 young (6144K), 3 survivors (6144K)
 Metaspace       used 44419K, capacity 44947K, committed 45016K, reserved 1089536K
  class space    used 5466K, capacity 5619K, committed 5632K, reserved 1048576K
}
Event: 2.654 GC heap before
{Heap before GC invocations=17 (full 0):
 garbage-first heap   total 81920K, used 62780K [0x0000000704e00000, 0x0000000800000000)
  region size 2048K, 24 young (49152K), 3 survivors (6144K)
 Metaspace       used 50882K, capacity 51417K, committed 51492K, reserved 1093632K
  class space    used 6374K, capacity 6517K, committed 6528K, reserved 1048576K
}
Event: 2.657 GC heap after
{Heap after GC invocations=18 (full 0):
 garbage-first heap   total 81920K, used 22402K [0x0000000704e00000, 0x0000000800000000)
  region size 2048K, 3 young (6144K), 3 survivors (6144K)
 Metaspace       used 50882K, capacity 51417K, committed 51492K, reserved 1093632K
  class space    used 6374K, capacity 6517K, committed 6528K, reserved 1048576K
}
Event: 2.882 GC heap before
{Heap before GC invocations=18 (full 0):
 garbage-first heap   total 81920K, used 63362K [0x0000000704e00000, 0x0000000800000000)
  region size 2048K, 23 young (47104K), 3 survivors (6144K)
 Metaspace       used 56456K, capacity 57025K, committed 57252K, reserved 1099776K
  class space    used 7224K, capacity 7397K, committed 7424K, reserved 1048576K
}
Event: 2.885 GC heap after
{Heap after GC invocations=19 (full 0):
 garbage-first heap   total 98304K, used 24429K [0x0000000704e00000, 0x0000000800000000)
  region size 2048K, 3 young (6144K), 3 survivors (6144K)
 Metaspace       used 56456K, capacity 57025K, committed 57252K, reserved 1099776K
  class space    used 7224K, capacity 7397K, committed 7424K, reserved 1048576K
}
Event: 3.201 GC heap before
{Heap before GC invocations=19 (full 0):
 garbage-first heap   total 98304K, used 75629K [0x0000000704e00000, 0x0000000800000000)
  region size 2048K, 28 young (57344K), 3 survivors (6144K)
 Metaspace       used 61666K, capacity 62238K, committed 62372K, reserved 1103872K
  class space    used 7911K, capacity 8110K, committed 8192K, reserved 1048576K
}
Event: 3.205 GC heap after
{Heap after GC invocations=20 (full 0):
 garbage-first heap   total 98304K, used 27801K [0x0000000704e00000, 0x0000000800000000)
  region size 2048K, 3 young (6144K), 3 survivors (6144K)
 Metaspace       used 61666K, capacity 62238K, committed 62372K, reserved 1103872K
  class space    used 7911K, capacity 8110K, committed 8192K, reserved 1048576K
}
Event: 11.279 GC heap before
{Heap before GC invocations=20 (full 0):
 garbage-first heap   total 98304K, used 74905K [0x0000000704e00000, 0x0000000800000000)
  region size 2048K, 27 young (55296K), 3 survivors (6144K)
 Metaspace       used 67283K, capacity 67915K, committed 68004K, reserved 1107968K
  class space    used 8495K, capacity 8699K, committed 8704K, reserved 1048576K
}
Event: 11.282 GC heap after
{Heap after GC invocations=21 (full 0):
 garbage-first heap   total 98304K, used 30802K [0x0000000704e00000, 0x0000000800000000)
  region size 2048K, 4 young (8192K), 4 survivors (8192K)
 Metaspace       used 67283K, capacity 67915K, committed 68004K, reserved 1107968K
  class space    used 8495K, capacity 8699K, committed 8704K, reserved 1048576K
}

Deoptimization events (4 events):
Event: 1.555 Thread 0x0000015af1c8b620 DEOPT PACKING pc=0x0000015ad36ed07c sp=0x00000052e66fcca0
Event: 1.555 Thread 0x0000015af1c8b620 DEOPT UNPACKING pc=0x0000015ad26be23f sp=0x00000052e66fc1f8 mode 0
Event: 3.104 Thread 0x0000015af1c8b620 DEOPT PACKING pc=0x0000015ad36b9fc9 sp=0x00000052e66fd110
Event: 3.104 Thread 0x0000015af1c8b620 DEOPT UNPACKING pc=0x0000015ad26be23f sp=0x00000052e66fc628 mode 3

Classes unloaded (0 events):
No events

Classes redefined (0 events):
No events

Internal exceptions (20 events):
Event: 11.234 Thread 0x0000015af1e1cbb0 Exception <a 'java/lang/ClassNotFoundException'{0x00000007085f2e48}: org/springframework/web/servlet/tags/form/AbstractDataBoundFormElementTagCustomizer> (0x00000007085f2e48) 
thrown [./open/src/hotspot/share/classfile/systemDictionary.cpp, line 295]
Event: 11.234 Thread 0x0000015af1e1cbb0 Exception <a 'java/lang/ClassNotFoundException'{0x0000000708205f00}: org/springframework/web/servlet/tags/form/AbstractHtmlElementTagCustomizer> (0x0000000708205f00) 
thrown [./open/src/hotspot/share/classfile/systemDictionary.cpp, line 295]
Event: 11.235 Thread 0x0000015af1e1cbb0 Exception <a 'java/lang/ClassNotFoundException'{0x00000007082202d8}: org/springframework/web/servlet/tags/form/FormTagCustomizer> (0x00000007082202d8) 
thrown [./open/src/hotspot/share/classfile/systemDictionary.cpp, line 295]
Event: 11.236 Thread 0x0000015af1e1cbb0 Exception <a 'java/lang/ClassNotFoundException'{0x0000000708245f28}: org/springframework/web/servlet/tags/form/InputTagBeanInfo> (0x0000000708245f28) 
thrown [./open/src/hotspot/share/classfile/systemDictionary.cpp, line 295]
Event: 11.236 Thread 0x0000015af1e1cbb0 Exception <a 'java/lang/ClassNotFoundException'{0x000000070824eb38}: org/springframework/web/servlet/tags/form/AbstractHtmlInputElementTagBeanInfo> (0x000000070824eb38) 
thrown [./open/src/hotspot/share/classfile/systemDictionary.cpp, line 295]
Event: 11.236 Thread 0x0000015af1e1cbb0 Exception <a 'java/lang/ClassNotFoundException'{0x0000000708257b40}: org/springframework/web/servlet/tags/form/AbstractHtmlInputElementTagCustomizer> (0x0000000708257b40) 
thrown [./open/src/hotspot/share/classfile/systemDictionary.cpp, line 295]
Event: 11.236 Thread 0x0000015af1e1cbb0 Exception <a 'java/lang/ClassNotFoundException'{0x000000070826a430}: org/springframework/web/servlet/tags/form/InputTagCustomizer> (0x000000070826a430) 
thrown [./open/src/hotspot/share/classfile/systemDictionary.cpp, line 295]
Event: 11.237 Thread 0x0000015af1e1cbb0 Exception <a 'java/lang/ClassNotFoundException'{0x00000007082a3450}: org/springframework/web/servlet/tags/form/RadioButtonTagBeanInfo> (0x00000007082a3450) 
thrown [./open/src/hotspot/share/classfile/systemDictionary.cpp, line 295]
Event: 11.237 Thread 0x0000015af1e1cbb0 Exception <a 'java/lang/ClassNotFoundException'{0x00000007082ac270}: org/springframework/web/servlet/tags/form/AbstractSingleCheckedElementTagBeanInfo> (0x00000007082ac270) 
thrown [./open/src/hotspot/share/classfile/systemDictionary.cpp, line 295]
Event: 11.238 Thread 0x0000015af1e1cbb0 Exception <a 'java/lang/ClassNotFoundException'{0x00000007082b5110}: org/springframework/web/servlet/tags/form/AbstractCheckedElementTagBeanInfo> (0x00000007082b5110) 
thrown [./open/src/hotspot/share/classfile/systemDictionary.cpp, line 295]
Event: 11.238 Thread 0x0000015af1e1cbb0 Exception <a 'java/lang/ClassNotFoundException'{0x00000007082be210}: org/springframework/web/servlet/tags/form/AbstractCheckedElementTagCustomizer> (0x00000007082be210) 
thrown [./open/src/hotspot/share/classfile/systemDictionary.cpp, line 295]
Event: 11.238 Thread 0x0000015af1e1cbb0 Exception <a 'java/lang/ClassNotFoundException'{0x00000007082cd2a8}: org/springframework/web/servlet/tags/form/AbstractSingleCheckedElementTagCustomizer> (0x00000007082cd2a8) 
thrown [./open/src/hotspot/share/classfile/systemDictionary.cpp, line 295]
Event: 11.238 Thread 0x0000015af1e1cbb0 Exception <a 'java/lang/ClassNotFoundException'{0x00000007082dd298}: org/springframework/web/servlet/tags/form/RadioButtonTagCustomizer> (0x00000007082dd298) 
thrown [./open/src/hotspot/share/classfile/systemDictionary.cpp, line 295]
Event: 11.239 Thread 0x0000015af1e1cbb0 Exception <a 'java/lang/ClassNotFoundException'{0x00000007083151b0}: org/apache/taglibs/standard/tag/rt/core/IfTagBeanInfo> (0x00000007083151b0) 
thrown [./open/src/hotspot/share/classfile/systemDictionary.cpp, line 295]
Event: 11.239 Thread 0x0000015af1e1cbb0 Exception <a 'java/lang/ClassNotFoundException'{0x000000070831d068}: javax/servlet/jsp/jstl/core/ConditionalTagSupportBeanInfo> (0x000000070831d068) 
thrown [./open/src/hotspot/share/classfile/systemDictionary.cpp, line 295]
Event: 11.239 Thread 0x0000015af1e1cbb0 Exception <a 'java/lang/ClassNotFoundException'{0x0000000708324ff8}: javax/servlet/jsp/jstl/core/ConditionalTagSupportCustomizer> (0x0000000708324ff8) 
thrown [./open/src/hotspot/share/classfile/systemDictionary.cpp, line 295]
Event: 11.240 Thread 0x0000015af1e1cbb0 Exception <a 'java/lang/ClassNotFoundException'{0x0000000708332850}: org/apache/taglibs/standard/tag/rt/core/IfTagCustomizer> (0x0000000708332850) 
thrown [./open/src/hotspot/share/classfile/systemDictionary.cpp, line 295]
Event: 11.406 Thread 0x0000015af1e1cbb0 Exception <a 'java/lang/ArrayIndexOutOfBoundsException'{0x0000000709a93590}: Index 50188 out of bounds for length 50188> (0x0000000709a93590) 
thrown [./open/src/hotspot/share/interpreter/interpreterRuntime.cpp, line 443]
Event: 11.619 Thread 0x0000015af1e1cbb0 Exception <a 'java/lang/ClassNotFoundException'{0x00000007086cb710}: java/lang/ObjectCustomizer> (0x00000007086cb710) 
thrown [./open/src/hotspot/share/classfile/systemDictionary.cpp, line 295]
Event: 11.620 Thread 0x0000015af1e1cbb0 Exception <a 'java/lang/ClassNotFoundException'{0x00000007086d8380}: com/example/demo/entity/FormEntityCustomizer> (0x00000007086d8380) 
thrown [./open/src/hotspot/share/classfile/systemDictionary.cpp, line 295]

Events (20 events):
Event: 11.629 Executing VM operation: get/set locals
Event: 11.629 Executing VM operation: get/set locals done
Event: 11.629 Executing VM operation: get/set locals
Event: 11.630 Executing VM operation: get/set locals done
Event: 11.630 Executing VM operation: get/set locals
Event: 11.630 Executing VM operation: get/set locals done
Event: 11.630 Executing VM operation: get/set locals
Event: 11.630 Executing VM operation: get/set locals done
Event: 11.630 Executing VM operation: get/set locals
Event: 11.630 Executing VM operation: get/set locals done
Event: 11.633 loading class sun/nio/cs/ISO_8859_1$Encoder
Event: 11.633 loading class sun/nio/cs/ISO_8859_1$Encoder done
Event: 11.633 loading class sun/nio/cs/Surrogate$Parser
Event: 11.633 loading class sun/nio/cs/Surrogate$Parser done
Event: 11.633 loading class sun/nio/cs/Surrogate
Event: 11.633 loading class sun/nio/cs/Surrogate done
Event: 11.633 Executing VM operation: get/set locals
Event: 11.633 Executing VM operation: get/set locals done
Event: 11.633 Executing VM operation: get/set locals
Event: 11.633 Executing VM operation: get/set locals done


Dynamic libraries:
0x00007ff7180a0000 - 0x00007ff7180ad000 	E:\sts\spring-tool-suite-4-4.8.1.RELEASE-e4.17.0-win32.win32.x86_64\sts-4.8.1.RELEASE\plugins\org.eclipse.justj.openjdk.hotspot.jre.full.win32.x86_64_15.0.0.v20201014-1246\jre\bin\javaw.exe
0x0000015acd1d0000 - 0x0000015acd430000 	C:\Windows\SYSTEM32\ntd1l.dll
0x0000015accdb0000 - 0x0000015acce77000 	C:\Windows\System32\kern3l32.dll
0x00007ffe8dc80000 - 0x00007ffe8dee0000 	C:\Windows\SYSTEM32\ntdll.dll
0x00007ffe8c730000 - 0x00007ffe8c7f7000 	C:\Windows\System32\KERNEL32.DLL
0x00007ffe8b2a0000 - 0x00007ffe8b66a000 	C:\Windows\System32\KERNELBASE.dll
0x00007ffe890e0000 - 0x00007ffe894f6000 	C:\Program Files\SentinelOne\Sentinel Agent 24.1.5.277\InProcessClient64.dll
0x00007ffe8d2e0000 - 0x00007ffe8d392000 	C:\Windows\System32\ADVAPI32.dll
0x00007ffe8c920000 - 0x00007ffe8c9c9000 	C:\Windows\System32\msvcrt.dll
0x00007ffe8d1c0000 - 0x00007ffe8d266000 	C:\Windows\System32\sechost.dll
0x00007ffe8bdc0000 - 0x00007ffe8bed6000 	C:\Windows\System32\RPCRT4.dll
0x00007ffe8b840000 - 0x00007ffe8b98b000 	C:\Windows\System32\ucrtbase.dll
0x00007ffe7d420000 - 0x00007ffe7d439000 	E:\sts\spring-tool-suite-4-4.8.1.RELEASE-e4.17.0-win32.win32.x86_64\sts-4.8.1.RELEASE\plugins\org.eclipse.justj.openjdk.hotspot.jre.full.win32.x86_64_15.0.0.v20201014-1246\jre\bin\VCRUNTIME140.dll
0x00007ffe7bd10000 - 0x00007ffe7bd28000 	E:\sts\spring-tool-suite-4-4.8.1.RELEASE-e4.17.0-win32.win32.x86_64\sts-4.8.1.RELEASE\plugins\org.eclipse.justj.openjdk.hotspot.jre.full.win32.x86_64_15.0.0.v20201014-1246\jre\bin\jli.dll
0x00007ffe8cef0000 - 0x00007ffe8d0bc000 	C:\Windows\System32\USER32.dll
0x00007ffe8ba50000 - 0x00007ffe8ba77000 	C:\Windows\System32\win32u.dll
0x00007ffe7adc0000 - 0x00007ffe7b057000 	C:\Windows\WinSxS\amd64_microsoft.windows.common-controls_6595b64144ccf1df_6.0.26100.3624_none_3e086962e3345f24\COMCTL32.dll
0x00007ffe8d3f0000 - 0x00007ffe8d41a000 	C:\Windows\System32\GDI32.dll
0x00007ffe8b700000 - 0x00007ffe8b831000 	C:\Windows\System32\gdi32full.dll
0x00007ffe8afe0000 - 0x00007ffe8b083000 	C:\Windows\System32\msvcp_win.dll
0x00007ffe89080000 - 0x00007ffe8908b000 	C:\Windows\SYSTEM32\VERSION.dll
0x00007ffe89070000 - 0x00007ffe8907c000 	C:\Windows\SYSTEM32\FLTLIB.DLL
0x00007ffe8c8e0000 - 0x00007ffe8c90f000 	C:\Windows\System32\IMM32.DLL
0x00007ffe7d1d0000 - 0x00007ffe7d1dc000 	E:\sts\spring-tool-suite-4-4.8.1.RELEASE-e4.17.0-win32.win32.x86_64\sts-4.8.1.RELEASE\plugins\org.eclipse.justj.openjdk.hotspot.jre.full.win32.x86_64_15.0.0.v20201014-1246\jre\bin\vcruntime140_1.dll
0x00007ffe4c6e0000 - 0x00007ffe4c771000 	E:\sts\spring-tool-suite-4-4.8.1.RELEASE-e4.17.0-win32.win32.x86_64\sts-4.8.1.RELEASE\plugins\org.eclipse.justj.openjdk.hotspot.jre.full.win32.x86_64_15.0.0.v20201014-1246\jre\bin\msvcp140.dll
0x00007ffe215a0000 - 0x00007ffe220fc000 	E:\sts\spring-tool-suite-4-4.8.1.RELEASE-e4.17.0-win32.win32.x86_64\sts-4.8.1.RELEASE\plugins\org.eclipse.justj.openjdk.hotspot.jre.full.win32.x86_64_15.0.0.v20201014-1246\jre\bin\server\jvm.dll
0x0000015accae0000 - 0x0000015accae8000 	C:\Windows\System32\PSAPI.DLL
0x00007ffe69a80000 - 0x00007ffe69a8a000 	C:\Windows\SYSTEM32\WSOCK32.dll
0x00007ffe8bbe0000 - 0x00007ffe8bc54000 	C:\Windows\System32\WS2_32.dll
0x00007ffe81970000 - 0x00007ffe819a6000 	C:\Windows\SYSTEM32\WINMM.dll
0x00007ffe89d50000 - 0x00007ffe89d6a000 	C:\Windows\SYSTEM32\kernel.appcore.dll
0x00007ffe85980000 - 0x00007ffe8598a000 	E:\sts\spring-tool-suite-4-4.8.1.RELEASE-e4.17.0-win32.win32.x86_64\sts-4.8.1.RELEASE\plugins\org.eclipse.justj.openjdk.hotspot.jre.full.win32.x86_64_15.0.0.v20201014-1246\jre\bin\jimage.dll
0x00007ffe88270000 - 0x00007ffe884b1000 	C:\Windows\SYSTEM32\DBGHELP.DLL
0x00007ffe8d830000 - 0x00007ffe8dbb2000 	C:\Windows\System32\combase.dll
0x00007ffe8c650000 - 0x00007ffe8c726000 	C:\Windows\System32\OLEAUT32.dll
0x00007ffe7ad80000 - 0x00007ffe7adb9000 	C:\Windows\SYSTEM32\dbgcore.DLL
0x00007ffe8b090000 - 0x00007ffe8b129000 	C:\Windows\System32\bcryptPrimitives.dll
0x00007ffe08ff0000 - 0x00007ffe0909d000 	C:\Program Files\SentinelOne\Sentinel Agent 24.1.5.277\SentinelJava64.dll
0x00007ffe8d270000 - 0x00007ffe8d2d4000 	C:\Windows\System32\SHLWAPI.dll
0x00007ffe8d420000 - 0x00007ffe8d5b6000 	C:\Windows\System32\ole32.dll
0x00007ffe7c820000 - 0x00007ffe7c845000 	E:\sts\spring-tool-suite-4-4.8.1.RELEASE-e4.17.0-win32.win32.x86_64\sts-4.8.1.RELEASE\plugins\org.eclipse.justj.openjdk.hotspot.jre.full.win32.x86_64_15.0.0.v20201014-1246\jre\bin\java.dll
0x00007ffe84be0000 - 0x00007ffe84bf8000 	E:\sts\spring-tool-suite-4-4.8.1.RELEASE-e4.17.0-win32.win32.x86_64\sts-4.8.1.RELEASE\plugins\org.eclipse.justj.openjdk.hotspot.jre.full.win32.x86_64_15.0.0.v20201014-1246\jre\bin\zip.dll
0x00007ffe8bee0000 - 0x00007ffe8c609000 	C:\Windows\System32\SHELL32.dll
0x00007ffe8b130000 - 0x00007ffe8b298000 	C:\Windows\System32\wintypes.dll
0x00007ffe886a0000 - 0x00007ffe88ef2000 	C:\Windows\SYSTEM32\windows.storage.dll
0x00007ffe8bcd0000 - 0x00007ffe8bdbd000 	C:\Windows\System32\SHCORE.dll
0x00007ffe8ad70000 - 0x00007ffe8ad9f000 	C:\Windows\SYSTEM32\profapi.dll
0x00007ffe7d4a0000 - 0x00007ffe7d4b9000 	E:\sts\spring-tool-suite-4-4.8.1.RELEASE-e4.17.0-win32.win32.x86_64\sts-4.8.1.RELEASE\plugins\org.eclipse.justj.openjdk.hotspot.jre.full.win32.x86_64_15.0.0.v20201014-1246\jre\bin\net.dll
0x00007ffe84700000 - 0x00007ffe8481d000 	C:\Windows\SYSTEM32\WINHTTP.dll
0x00007ffe8a250000 - 0x00007ffe8a2ba000 	C:\Windows\system32\mswsock.dll
0x00007ffe7d330000 - 0x00007ffe7d342000 	E:\sts\spring-tool-suite-4-4.8.1.RELEASE-e4.17.0-win32.win32.x86_64\sts-4.8.1.RELEASE\plugins\org.eclipse.justj.openjdk.hotspot.jre.full.win32.x86_64_15.0.0.v20201014-1246\jre\bin\nio.dll
0x00007ffe7b870000 - 0x00007ffe7b879000 	E:\sts\spring-tool-suite-4-4.8.1.RELEASE-e4.17.0-win32.win32.x86_64\sts-4.8.1.RELEASE\plugins\org.eclipse.justj.openjdk.hotspot.jre.full.win32.x86_64_15.0.0.v20201014-1246\jre\bin\management.dll
0x00007ffe7b860000 - 0x00007ffe7b86b000 	E:\sts\spring-tool-suite-4-4.8.1.RELEASE-e4.17.0-win32.win32.x86_64\sts-4.8.1.RELEASE\plugins\org.eclipse.justj.openjdk.hotspot.jre.full.win32.x86_64_15.0.0.v20201014-1246\jre\bin\management_ext.dll
0x00007ffe58a10000 - 0x00007ffe58a28000 	C:\Windows\system32\napinsp.dll
0x00007ffe89760000 - 0x00007ffe89885000 	C:\Windows\SYSTEM32\DNSAPI.dll
0x00007ffe896d0000 - 0x00007ffe89703000 	C:\Windows\SYSTEM32\IPHLPAPI.DLL
0x00007ffe8c9d0000 - 0x00007ffe8c9da000 	C:\Windows\System32\NSI.dll
0x00007ffe58f50000 - 0x00007ffe58f62000 	C:\Windows\System32\winrnr.dll
0x00007ffe58f10000 - 0x00007ffe58f40000 	C:\Windows\system32\nlansp_c.dll
0x00007ffe58ef0000 - 0x00007ffe58f06000 	C:\Windows\system32\wshbth.dll
0x00007ffe83bc0000 - 0x00007ffe83bcb000 	C:\Windows\System32\rasadhlp.dll
0x00007ffe84f40000 - 0x00007ffe84fc5000 	C:\Windows\System32\fwpuclnt.dll
0x00007ffe8a600000 - 0x00007ffe8a61c000 	C:\Windows\SYSTEM32\CRYPTSP.dll
0x00007ffe89cb0000 - 0x00007ffe89cea000 	C:\Windows\system32\rsaenh.dll
0x00007ffe8a2f0000 - 0x00007ffe8a31b000 	C:\Windows\SYSTEM32\USERENV.dll
0x00007ffe8ad40000 - 0x00007ffe8ad66000 	C:\Windows\SYSTEM32\bcrypt.dll
0x00007ffe8a480000 - 0x00007ffe8a48c000 	C:\Windows\SYSTEM32\CRYPTBASE.dll
0x00007ffe84ba0000 - 0x00007ffe84bbf000 	C:\Windows\SYSTEM32\dhcpcsvc6.DLL
0x00007ffe84b70000 - 0x00007ffe84b95000 	C:\Windows\SYSTEM32\dhcpcsvc.DLL
0x00007ffe85950000 - 0x00007ffe85960000 	E:\sts\spring-tool-suite-4-4.8.1.RELEASE-e4.17.0-win32.win32.x86_64\sts-4.8.1.RELEASE\plugins\org.eclipse.justj.openjdk.hotspot.jre.full.win32.x86_64_15.0.0.v20201014-1246\jre\bin\verify.dll
0x00007ffe85770000 - 0x00007ffe8577d000 	E:\sts\spring-tool-suite-4-4.8.1.RELEASE-e4.17.0-win32.win32.x86_64\sts-4.8.1.RELEASE\plugins\org.eclipse.justj.openjdk.hotspot.jre.full.win32.x86_64_15.0.0.v20201014-1246\jre\bin\sunmscapi.dll
0x00007ffe8ae60000 - 0x00007ffe8afd7000 	C:\Windows\System32\CRYPT32.dll
0x00007ffe8a750000 - 0x00007ffe8a780000 	C:\Windows\SYSTEM32\ncrypt.dll
0x00007ffe8a700000 - 0x00007ffe8a73f000 	C:\Windows\SYSTEM32\NTASN1.dll

dbghelp: loaded successfully - version: 4.0.5 - missing functions: none
symbol engine: initialized successfully - sym options: 0x614 - pdb path: .;E:\sts\spring-tool-suite-4-4.8.1.RELEASE-e4.17.0-win32.win32.x86_64\sts-4.8.1.RELEASE\plugins\org.eclipse.justj.openjdk.hotspot.jre.full.win32.x86_64_15.0.0.v20201014-1246\jre\bin;C:\Windows\SYSTEM32;C:\Program Files\SentinelOne\Sentinel Agent 24.1.5.277;C:\Windows\WinSxS\amd64_microsoft.windows.common-controls_6595b64144ccf1df_6.0.26100.3624_none_3e086962e3345f24;E:\sts\spring-tool-suite-4-4.8.1.RELEASE-e4.17.0-win32.win32.x86_64\sts-4.8.1.RELEASE\plugins\org.eclipse.justj.openjdk.hotspot.jre.full.win32.x86_64_15.0.0.v20201014-1246\jre\bin\server

VM Arguments:
jvm_args: -Dcom.sun.management.jmxremote -Dcom.sun.management.jmxremote.port=52242 -Dcom.sun.management.jmxremote.authenticate=false -Dcom.sun.management.jmxremote.ssl=false -Djava.rmi.server.hostname=localhost -Dspring.jmx.enabled=true -Dspring.application.admin.enabled=true -XX:TieredStopAtLevel=1 -Dspring.boot.project.name=form_update-1 -Dfile.encoding=UTF-8 -XX:+ShowCodeDetailsInExceptionMessages -agentpath:C:\Program Files\SentinelOne\Sentinel Agent 24.1.5.277\SentinelJava64.dll=extendedCapabilities 
java_command: com.example.demo.FormUpdate1Application --spring.output.ansi.enabled=always
java_class_path (initial): D:\ganesh\form_update-1\target\classes;C:\Users\Administrator\.m2\repository\org\springframework\boot\spring-boot-starter-data-jpa\2.7.9\spring-boot-starter-data-jpa-2.7.9.jar;C:\Users\Administrator\.m2\repository\org\springframework\boot\spring-boot-starter-aop\2.7.9\spring-boot-starter-aop-2.7.9.jar;C:\Users\Administrator\.m2\repository\org\springframework\spring-aop\5.3.25\spring-aop-5.3.25.jar;C:\Users\Administrator\.m2\repository\org\aspectj\aspectjweaver\1.9.7\aspectjweaver-1.9.7.jar;C:\Users\Administrator\.m2\repository\org\springframework\boot\spring-boot-starter-jdbc\2.7.9\spring-boot-starter-jdbc-2.7.9.jar;C:\Users\Administrator\.m2\repository\com\zaxxer\HikariCP\4.0.3\HikariCP-4.0.3.jar;C:\Users\Administrator\.m2\repository\org\springframework\spring-jdbc\5.3.25\spring-jdbc-5.3.25.jar;C:\Users\Administrator\.m2\repository\jakarta\transaction\jakarta.transaction-api\1.3.3\jakarta.transaction-api-1.3.3.jar;C:\Users\Administrator\.m2\repository\jakarta\persistence\jakarta.persistence-api\2.2.3\jakarta.persistence-api-2.2.3.jar;C:\Users\Administrator\.m2\repository\org\hibernate\hibernate-core\5.6.15.Final\hibernate-core-5.6.15.Final.jar;C:\Users\Administrator\.m2\repository\org\jboss\logging\jboss-logging\3.4.3.Final\jboss-logging-3.4.3.Final.jar;C:\Users\Administrator\.m2\repository\net\bytebuddy\byte-buddy\1.12.23\byte-buddy-1.12.23.jar;C:\Users\Administrator\.m2\repository\antlr\antlr\2.7.7\antlr-2.7.7.jar;C:\Users\Administrator\.m2\repository\org\jboss\jandex\2.4.2.Final\jandex-2.4.2.Final.jar;C:\Users\Administrator\.m2\repository\com\fasterxml\classmate\1.5.1\classmate-1.5.1.jar;C:\Users\Administrator\.m2\repository\org\hibernate\common\hibernate-commons-annotations\5.1.2.Final\hibernate-commons-annotations-5.1.2.Final.jar;C:\Users\Administrator\.m2\repository\org\glassfish\jaxb\jaxb-runtime\2.3.8\jaxb-runtime-2.3.8.jar;C:\Users\Administrator\.m2\repository\org\glassfish\jaxb\txw2\2.3.8\txw2-2.3.8.jar;C:\Users\Administrator\
Launcher Type: SUN_STANDARD

[Global flags]
     intx CICompilerCount                          = 15                                        {product} {ergonomic}
     uint ConcGCThreads                            = 6                                         {product} {ergonomic}
     uint G1ConcRefinementThreads                  = 23                                        {product} {ergonomic}
   size_t G1HeapRegionSize                         = 2097152                                   {product} {ergonomic}
    uintx GCDrainStackTargetSize                   = 64                                        {product} {ergonomic}
   size_t InitialHeapSize                          = 264241152                                 {product} {ergonomic}
     bool ManagementServer                         = true                                      {product} {command line}
   size_t MarkStackSize                            = 4194304                                   {product} {ergonomic}
   size_t MaxHeapSize                              = 4213178368                                {product} {ergonomic}
   size_t MaxNewSize                               = 2527068160                                {product} {ergonomic}
   size_t MinHeapDeltaBytes                        = 2097152                                   {product} {ergonomic}
   size_t MinHeapSize                              = 8388608                                   {product} {ergonomic}
    uintx NonNMethodCodeHeapSize                   = 13893620                               {pd product} {ergonomic}
    uintx NonProfiledCodeHeapSize                  = 237764620                              {pd product} {ergonomic}
    uintx ProfiledCodeHeapSize                     = 0                                      {pd product} {ergonomic}
    uintx ReservedCodeCacheSize                    = 251658240                              {pd product} {ergonomic}
     bool SegmentedCodeCache                       = true                                      {product} {ergonomic}
     bool ShowCodeDetailsInExceptionMessages       = true                                   {manageable} {command line}
   size_t SoftMaxHeapSize                          = 4213178368                             {manageable} {ergonomic}
     intx TieredStopAtLevel                        = 1                                         {product} {command line}
     bool UseCompressedClassPointers               = true                                 {lp64_product} {ergonomic}
     bool UseCompressedOops                        = true                                 {lp64_product} {ergonomic}
     bool UseG1GC                                  = true                                      {product} {ergonomic}
     bool UseLargePagesIndividualAllocation        = false                                  {pd product} {ergonomic}

Logging:
Log output configuration:
 #0: stdout all=warning uptime,level,tags
 #1: stderr all=off uptime,level,tags

Environment Variables:
PATH=E:/sts/spring-tool-suite-4-4.8.1.RELEASE-e4.17.0-win32.win32.x86_64/sts-4.8.1.RELEASE//plugins/org.eclipse.justj.openjdk.hotspot.jre.full.win32.x86_64_15.0.0.v20201014-1246/jre/bin/server;E:/sts/spring-tool-suite-4-4.8.1.RELEASE-e4.17.0-win32.win32.x86_64/sts-4.8.1.RELEASE//plugins/org.eclipse.justj.openjdk.hotspot.jre.full.win32.x86_64_15.0.0.v20201014-1246/jre/bin;C:\Program Files (x86)\Common Files\Oracle\Java\java8path;C:\Program Files (x86)\Common Files\Oracle\Java\javapath;C:\Windows\system32;C:\Windows;C:\Windows\System32\Wbem;C:\Windows\System32\WindowsPowerShell\v1.0\;C:\Windows\System32\OpenSSH\;C:\Program Files\dotnet\;C:\Program Files (x86)\NVIDIA Corporation\PhysX\Common;C:\Program Files\Git\cmd;C:\Program Files\MySQL\MySQL Shell 8.0\bin\;C:\Users\Administrator\AppData\Local\Microsoft\WindowsApps;;E:\sts\spring-tool-suite-4-4.8.1.RELEASE-e4.17.0-win32.win32.x86_64\sts-4.8.1.RELEASE;
USERNAME=Administrator
OS=Windows_NT
PROCESSOR_IDENTIFIER=Intel64 Family 6 Model 183 Stepping 1, GenuineIntel



---------------  S Y S T E M  ---------------

OS:
 Windows 10 , 64 bit Build 26100 (10.0.26100.3775)
OS uptime: 7 days 23:18 hours
HyperV virtualization detected

CPU: total 32 (initial active 32) (16 cores per cpu, 2 threads per core) family 6 model 183 stepping 1, cmov, cx8, fxsr, mmx, sse, sse2, sse3, ssse3, sse4.1, sse4.2, popcnt, vzeroupper, avx, avx2, aes, clmul, erms, 3dnowpref, lzcnt, ht, tsc, tscinvbit, bmi1, bmi2, adx, sha, fma, clflush, clflushopt, clwb

Memory: 4k page, system-wide physical 16070M (1190M free)
TotalPageFile size 33478M (AvailPageFile size 1981M)
current process WorkingSet (physical memory assigned to process): 264M, peak: 264M
current process commit charge ("private bytes"): 322M, peak: 398M

vm_info: OpenJDK 64-Bit Server VM (15+36-1562) for windows-amd64 JRE (15+36-1562), built on Aug 11 2020 22:33:04 by "mach5one" with unknown MS VC++:1925

END.
